[0.420s] DEBUG:colcon:Command line arguments: ['/usr/bin/colcon', 'build']
[0.421s] DEBUG:colcon:Parsed command line arguments: Namespace(log_base=None, log_level=None, verb_name='build', build_base='build', install_base='install', merge_install=False, symlink_install=False, test_result_base=None, continue_on_error=False, executor='parallel', parallel_workers=4, event_handlers=None, ignore_user_meta=False, metas=['./colcon.meta'], base_paths=['.'], packages_ignore=None, packages_ignore_regex=None, paths=None, packages_up_to=None, packages_up_to_regex=None, packages_above=None, packages_above_and_dependencies=None, packages_above_depth=None, packages_select_by_dep=None, packages_skip_by_dep=None, packages_skip_up_to=None, packages_select_build_failed=False, packages_skip_build_finished=False, packages_select_test_failures=False, packages_skip_test_passed=False, packages_select=None, packages_skip=None, packages_select_regex=None, packages_skip_regex=None, packages_start=None, packages_end=None, allow_overriding=[], cmake_args=None, cmake_target=None, cmake_target_skip_unavailable=False, cmake_clean_cache=False, cmake_clean_first=False, cmake_force_configure=False, ament_cmake_args=None, catkin_cmake_args=None, catkin_skip_building_tests=False, verb_parser=<colcon_defaults.argument_parser.defaults.DefaultArgumentsDecorator object at 0xffffbddf7700>, verb_extension=<colcon_core.verb.build.BuildVerb object at 0xffffbdd3c2b0>, main=<bound method BuildVerb.main of <colcon_core.verb.build.BuildVerb object at 0xffffbdd3c2b0>>)
[1.096s] Level 1:colcon.colcon_core.package_discovery:discover_packages(colcon_meta) check parameters
[1.097s] Level 1:colcon.colcon_core.package_discovery:discover_packages(recursive) check parameters
[1.097s] Level 1:colcon.colcon_core.package_discovery:discover_packages(ignore) check parameters
[1.097s] Level 1:colcon.colcon_core.package_discovery:discover_packages(path) check parameters
[1.097s] Level 1:colcon.colcon_core.package_discovery:discover_packages(colcon_meta) discover
[1.097s] Level 1:colcon.colcon_core.package_discovery:discover_packages(recursive) discover
[1.097s] INFO:colcon.colcon_core.package_discovery:Crawling recursively for packages in '/home/an/an_ws'
[1.098s] Level 1:colcon.colcon_core.package_identification:_identify(.) by extensions ['ignore', 'ignore_ament_install']
[1.099s] Level 1:colcon.colcon_core.package_identification:_identify(.) by extension 'ignore'
[1.099s] Level 1:colcon.colcon_core.package_identification:_identify(.) by extension 'ignore_ament_install'
[1.099s] Level 1:colcon.colcon_core.package_identification:_identify(.) by extensions ['colcon_pkg']
[1.099s] Level 1:colcon.colcon_core.package_identification:_identify(.) by extension 'colcon_pkg'
[1.099s] Level 1:colcon.colcon_core.package_identification:_identify(.) by extensions ['colcon_meta']
[1.100s] Level 1:colcon.colcon_core.package_identification:_identify(.) by extension 'colcon_meta'
[1.100s] Level 1:colcon.colcon_core.package_identification:_identify(.) by extensions ['ros']
[1.100s] Level 1:colcon.colcon_core.package_identification:_identify(.) by extension 'ros'
[1.143s] Level 1:colcon.colcon_core.package_identification:_identify(.) by extensions ['cmake', 'python']
[1.144s] Level 1:colcon.colcon_core.package_identification:_identify(.) by extension 'cmake'
[1.144s] Level 1:colcon.colcon_core.package_identification:_identify(.) by extension 'python'
[1.144s] Level 1:colcon.colcon_core.package_identification:_identify(.) by extensions ['python_setup_py']
[1.144s] Level 1:colcon.colcon_core.package_identification:_identify(.) by extension 'python_setup_py'
[1.145s] Level 1:colcon.colcon_core.package_identification:_identify(build) by extensions ['ignore', 'ignore_ament_install']
[1.145s] Level 1:colcon.colcon_core.package_identification:_identify(build) by extension 'ignore'
[1.145s] Level 1:colcon.colcon_core.package_identification:_identify(build) ignored
[1.146s] Level 1:colcon.colcon_core.package_identification:_identify(install) by extensions ['ignore', 'ignore_ament_install']
[1.146s] Level 1:colcon.colcon_core.package_identification:_identify(install) by extension 'ignore'
[1.146s] Level 1:colcon.colcon_core.package_identification:_identify(install) ignored
[1.147s] Level 1:colcon.colcon_core.package_identification:_identify(log) by extensions ['ignore', 'ignore_ament_install']
[1.147s] Level 1:colcon.colcon_core.package_identification:_identify(log) by extension 'ignore'
[1.148s] Level 1:colcon.colcon_core.package_identification:_identify(log) ignored
[1.148s] Level 1:colcon.colcon_core.package_identification:_identify(src) by extensions ['ignore', 'ignore_ament_install']
[1.148s] Level 1:colcon.colcon_core.package_identification:_identify(src) by extension 'ignore'
[1.148s] Level 1:colcon.colcon_core.package_identification:_identify(src) by extension 'ignore_ament_install'
[1.149s] Level 1:colcon.colcon_core.package_identification:_identify(src) by extensions ['colcon_pkg']
[1.149s] Level 1:colcon.colcon_core.package_identification:_identify(src) by extension 'colcon_pkg'
[1.149s] Level 1:colcon.colcon_core.package_identification:_identify(src) by extensions ['colcon_meta']
[1.149s] Level 1:colcon.colcon_core.package_identification:_identify(src) by extension 'colcon_meta'
[1.149s] Level 1:colcon.colcon_core.package_identification:_identify(src) by extensions ['ros']
[1.149s] Level 1:colcon.colcon_core.package_identification:_identify(src) by extension 'ros'
[1.150s] Level 1:colcon.colcon_core.package_identification:_identify(src) by extensions ['cmake', 'python']
[1.150s] Level 1:colcon.colcon_core.package_identification:_identify(src) by extension 'cmake'
[1.150s] Level 1:colcon.colcon_core.package_identification:_identify(src) by extension 'python'
[1.150s] Level 1:colcon.colcon_core.package_identification:_identify(src) by extensions ['python_setup_py']
[1.150s] Level 1:colcon.colcon_core.package_identification:_identify(src) by extension 'python_setup_py'
[1.151s] Level 1:colcon.colcon_core.package_identification:_identify(src/diffdrive_esp32) by extensions ['ignore', 'ignore_ament_install']
[1.151s] Level 1:colcon.colcon_core.package_identification:_identify(src/diffdrive_esp32) by extension 'ignore'
[1.151s] Level 1:colcon.colcon_core.package_identification:_identify(src/diffdrive_esp32) by extension 'ignore_ament_install'
[1.151s] Level 1:colcon.colcon_core.package_identification:_identify(src/diffdrive_esp32) by extensions ['colcon_pkg']
[1.151s] Level 1:colcon.colcon_core.package_identification:_identify(src/diffdrive_esp32) by extension 'colcon_pkg'
[1.152s] Level 1:colcon.colcon_core.package_identification:_identify(src/diffdrive_esp32) by extensions ['colcon_meta']
[1.152s] Level 1:colcon.colcon_core.package_identification:_identify(src/diffdrive_esp32) by extension 'colcon_meta'
[1.152s] Level 1:colcon.colcon_core.package_identification:_identify(src/diffdrive_esp32) by extensions ['ros']
[1.152s] Level 1:colcon.colcon_core.package_identification:_identify(src/diffdrive_esp32) by extension 'ros'
[1.168s] DEBUG:colcon.colcon_core.package_identification:Package 'src/diffdrive_esp32' with type 'ros.ament_cmake' and name 'diffdrive_esp32'
[1.168s] Level 1:colcon.colcon_core.package_identification:_identify(src/mpu6050) by extensions ['ignore', 'ignore_ament_install']
[1.169s] Level 1:colcon.colcon_core.package_identification:_identify(src/mpu6050) by extension 'ignore'
[1.169s] Level 1:colcon.colcon_core.package_identification:_identify(src/mpu6050) by extension 'ignore_ament_install'
[1.169s] Level 1:colcon.colcon_core.package_identification:_identify(src/mpu6050) by extensions ['colcon_pkg']
[1.169s] Level 1:colcon.colcon_core.package_identification:_identify(src/mpu6050) by extension 'colcon_pkg'
[1.170s] Level 1:colcon.colcon_core.package_identification:_identify(src/mpu6050) by extensions ['colcon_meta']
[1.170s] Level 1:colcon.colcon_core.package_identification:_identify(src/mpu6050) by extension 'colcon_meta'
[1.170s] Level 1:colcon.colcon_core.package_identification:_identify(src/mpu6050) by extensions ['ros']
[1.170s] Level 1:colcon.colcon_core.package_identification:_identify(src/mpu6050) by extension 'ros'
[1.173s] DEBUG:colcon.colcon_core.package_identification:Package 'src/mpu6050' with type 'ros.ament_cmake' and name 'mpu6050'
[1.174s] Level 1:colcon.colcon_core.package_identification:_identify(src/rtf_lds_lidar-master) by extensions ['ignore', 'ignore_ament_install']
[1.174s] Level 1:colcon.colcon_core.package_identification:_identify(src/rtf_lds_lidar-master) by extension 'ignore'
[1.174s] Level 1:colcon.colcon_core.package_identification:_identify(src/rtf_lds_lidar-master) by extension 'ignore_ament_install'
[1.175s] Level 1:colcon.colcon_core.package_identification:_identify(src/rtf_lds_lidar-master) by extensions ['colcon_pkg']
[1.175s] Level 1:colcon.colcon_core.package_identification:_identify(src/rtf_lds_lidar-master) by extension 'colcon_pkg'
[1.175s] Level 1:colcon.colcon_core.package_identification:_identify(src/rtf_lds_lidar-master) by extensions ['colcon_meta']
[1.175s] Level 1:colcon.colcon_core.package_identification:_identify(src/rtf_lds_lidar-master) by extension 'colcon_meta'
[1.175s] Level 1:colcon.colcon_core.package_identification:_identify(src/rtf_lds_lidar-master) by extensions ['ros']
[1.175s] Level 1:colcon.colcon_core.package_identification:_identify(src/rtf_lds_lidar-master) by extension 'ros'
[1.178s] DEBUG:colcon.colcon_core.package_identification:Package 'src/rtf_lds_lidar-master' with type 'ros.ament_cmake' and name 'rtf_lds_driver'
[1.179s] Level 1:colcon.colcon_core.package_identification:_identify(src/turtlebot3_controller) by extensions ['ignore', 'ignore_ament_install']
[1.179s] Level 1:colcon.colcon_core.package_identification:_identify(src/turtlebot3_controller) by extension 'ignore'
[1.179s] Level 1:colcon.colcon_core.package_identification:_identify(src/turtlebot3_controller) by extension 'ignore_ament_install'
[1.180s] Level 1:colcon.colcon_core.package_identification:_identify(src/turtlebot3_controller) by extensions ['colcon_pkg']
[1.180s] Level 1:colcon.colcon_core.package_identification:_identify(src/turtlebot3_controller) by extension 'colcon_pkg'
[1.180s] Level 1:colcon.colcon_core.package_identification:_identify(src/turtlebot3_controller) by extensions ['colcon_meta']
[1.180s] Level 1:colcon.colcon_core.package_identification:_identify(src/turtlebot3_controller) by extension 'colcon_meta'
[1.180s] Level 1:colcon.colcon_core.package_identification:_identify(src/turtlebot3_controller) by extensions ['ros']
[1.180s] Level 1:colcon.colcon_core.package_identification:_identify(src/turtlebot3_controller) by extension 'ros'
[1.185s] DEBUG:colcon.colcon_core.package_identification:Package 'src/turtlebot3_controller' with type 'ros.ament_cmake' and name 'turtlebot3_controller'
[1.185s] Level 1:colcon.colcon_core.package_identification:_identify(src/turtlebot3_description) by extensions ['ignore', 'ignore_ament_install']
[1.186s] Level 1:colcon.colcon_core.package_identification:_identify(src/turtlebot3_description) by extension 'ignore'
[1.186s] Level 1:colcon.colcon_core.package_identification:_identify(src/turtlebot3_description) by extension 'ignore_ament_install'
[1.186s] Level 1:colcon.colcon_core.package_identification:_identify(src/turtlebot3_description) by extensions ['colcon_pkg']
[1.186s] Level 1:colcon.colcon_core.package_identification:_identify(src/turtlebot3_description) by extension 'colcon_pkg'
[1.186s] Level 1:colcon.colcon_core.package_identification:_identify(src/turtlebot3_description) by extensions ['colcon_meta']
[1.186s] Level 1:colcon.colcon_core.package_identification:_identify(src/turtlebot3_description) by extension 'colcon_meta'
[1.187s] Level 1:colcon.colcon_core.package_identification:_identify(src/turtlebot3_description) by extensions ['ros']
[1.187s] Level 1:colcon.colcon_core.package_identification:_identify(src/turtlebot3_description) by extension 'ros'
[1.189s] DEBUG:colcon.colcon_core.package_identification:Package 'src/turtlebot3_description' with type 'ros.ament_cmake' and name 'turtlebot3_description'
[1.189s] Level 1:colcon.colcon_core.package_discovery:discover_packages(recursive) using defaults
[1.189s] Level 1:colcon.colcon_core.package_discovery:discover_packages(ignore) discover
[1.189s] Level 1:colcon.colcon_core.package_discovery:discover_packages(ignore) using defaults
[1.189s] Level 1:colcon.colcon_core.package_discovery:discover_packages(path) discover
[1.189s] Level 1:colcon.colcon_core.package_discovery:discover_packages(path) using defaults
[1.267s] Level 1:colcon.colcon_core.package_discovery:discover_packages(prefix_path) check parameters
[1.267s] Level 1:colcon.colcon_core.package_discovery:discover_packages(prefix_path) discover
[1.276s] DEBUG:colcon.colcon_installed_package_information.package_discovery:Found 0 installed packages in /home/an/bao_ws/install
[1.278s] DEBUG:colcon.colcon_installed_package_information.package_discovery:Found 1 installed packages in /home/an/ros2_ws/install
[1.280s] DEBUG:colcon.colcon_installed_package_information.package_discovery:Found 5 installed packages in /home/an/an_ws/install
[1.287s] DEBUG:colcon.colcon_installed_package_information.package_discovery:Found 229 installed packages in /opt/ros/humble
[1.293s] Level 1:colcon.colcon_core.package_discovery:discover_packages(prefix_path) using defaults
[1.461s] Level 5:colcon.colcon_core.verb:set package 'diffdrive_esp32' build argument 'cmake_args' from command line to 'None'
[1.461s] Level 5:colcon.colcon_core.verb:set package 'diffdrive_esp32' build argument 'cmake_target' from command line to 'None'
[1.461s] Level 5:colcon.colcon_core.verb:set package 'diffdrive_esp32' build argument 'cmake_target_skip_unavailable' from command line to 'False'
[1.461s] Level 5:colcon.colcon_core.verb:set package 'diffdrive_esp32' build argument 'cmake_clean_cache' from command line to 'False'
[1.462s] Level 5:colcon.colcon_core.verb:set package 'diffdrive_esp32' build argument 'cmake_clean_first' from command line to 'False'
[1.462s] Level 5:colcon.colcon_core.verb:set package 'diffdrive_esp32' build argument 'cmake_force_configure' from command line to 'False'
[1.462s] Level 5:colcon.colcon_core.verb:set package 'diffdrive_esp32' build argument 'ament_cmake_args' from command line to 'None'
[1.462s] Level 5:colcon.colcon_core.verb:set package 'diffdrive_esp32' build argument 'catkin_cmake_args' from command line to 'None'
[1.462s] Level 5:colcon.colcon_core.verb:set package 'diffdrive_esp32' build argument 'catkin_skip_building_tests' from command line to 'False'
[1.462s] DEBUG:colcon.colcon_core.verb:Building package 'diffdrive_esp32' with the following arguments: {'ament_cmake_args': None, 'build_base': '/home/an/an_ws/build/diffdrive_esp32', 'catkin_cmake_args': None, 'catkin_skip_building_tests': False, 'cmake_args': None, 'cmake_clean_cache': False, 'cmake_clean_first': False, 'cmake_force_configure': False, 'cmake_target': None, 'cmake_target_skip_unavailable': False, 'install_base': '/home/an/an_ws/install/diffdrive_esp32', 'merge_install': False, 'path': '/home/an/an_ws/src/diffdrive_esp32', 'symlink_install': False, 'test_result_base': None}
[1.464s] Level 5:colcon.colcon_core.verb:set package 'mpu6050' build argument 'cmake_args' from command line to 'None'
[1.464s] Level 5:colcon.colcon_core.verb:set package 'mpu6050' build argument 'cmake_target' from command line to 'None'
[1.464s] Level 5:colcon.colcon_core.verb:set package 'mpu6050' build argument 'cmake_target_skip_unavailable' from command line to 'False'
[1.464s] Level 5:colcon.colcon_core.verb:set package 'mpu6050' build argument 'cmake_clean_cache' from command line to 'False'
[1.464s] Level 5:colcon.colcon_core.verb:set package 'mpu6050' build argument 'cmake_clean_first' from command line to 'False'
[1.464s] Level 5:colcon.colcon_core.verb:set package 'mpu6050' build argument 'cmake_force_configure' from command line to 'False'
[1.464s] Level 5:colcon.colcon_core.verb:set package 'mpu6050' build argument 'ament_cmake_args' from command line to 'None'
[1.464s] Level 5:colcon.colcon_core.verb:set package 'mpu6050' build argument 'catkin_cmake_args' from command line to 'None'
[1.464s] Level 5:colcon.colcon_core.verb:set package 'mpu6050' build argument 'catkin_skip_building_tests' from command line to 'False'
[1.465s] DEBUG:colcon.colcon_core.verb:Building package 'mpu6050' with the following arguments: {'ament_cmake_args': None, 'build_base': '/home/an/an_ws/build/mpu6050', 'catkin_cmake_args': None, 'catkin_skip_building_tests': False, 'cmake_args': None, 'cmake_clean_cache': False, 'cmake_clean_first': False, 'cmake_force_configure': False, 'cmake_target': None, 'cmake_target_skip_unavailable': False, 'install_base': '/home/an/an_ws/install/mpu6050', 'merge_install': False, 'path': '/home/an/an_ws/src/mpu6050', 'symlink_install': False, 'test_result_base': None}
[1.466s] Level 5:colcon.colcon_core.verb:set package 'rtf_lds_driver' build argument 'cmake_args' from command line to 'None'
[1.466s] Level 5:colcon.colcon_core.verb:set package 'rtf_lds_driver' build argument 'cmake_target' from command line to 'None'
[1.466s] Level 5:colcon.colcon_core.verb:set package 'rtf_lds_driver' build argument 'cmake_target_skip_unavailable' from command line to 'False'
[1.466s] Level 5:colcon.colcon_core.verb:set package 'rtf_lds_driver' build argument 'cmake_clean_cache' from command line to 'False'
[1.467s] Level 5:colcon.colcon_core.verb:set package 'rtf_lds_driver' build argument 'cmake_clean_first' from command line to 'False'
[1.467s] Level 5:colcon.colcon_core.verb:set package 'rtf_lds_driver' build argument 'cmake_force_configure' from command line to 'False'
[1.467s] Level 5:colcon.colcon_core.verb:set package 'rtf_lds_driver' build argument 'ament_cmake_args' from command line to 'None'
[1.467s] Level 5:colcon.colcon_core.verb:set package 'rtf_lds_driver' build argument 'catkin_cmake_args' from command line to 'None'
[1.467s] Level 5:colcon.colcon_core.verb:set package 'rtf_lds_driver' build argument 'catkin_skip_building_tests' from command line to 'False'
[1.467s] DEBUG:colcon.colcon_core.verb:Building package 'rtf_lds_driver' with the following arguments: {'ament_cmake_args': None, 'build_base': '/home/an/an_ws/build/rtf_lds_driver', 'catkin_cmake_args': None, 'catkin_skip_building_tests': False, 'cmake_args': None, 'cmake_clean_cache': False, 'cmake_clean_first': False, 'cmake_force_configure': False, 'cmake_target': None, 'cmake_target_skip_unavailable': False, 'install_base': '/home/an/an_ws/install/rtf_lds_driver', 'merge_install': False, 'path': '/home/an/an_ws/src/rtf_lds_lidar-master', 'symlink_install': False, 'test_result_base': None}
[1.469s] Level 5:colcon.colcon_core.verb:set package 'turtlebot3_controller' build argument 'cmake_args' from command line to 'None'
[1.469s] Level 5:colcon.colcon_core.verb:set package 'turtlebot3_controller' build argument 'cmake_target' from command line to 'None'
[1.469s] Level 5:colcon.colcon_core.verb:set package 'turtlebot3_controller' build argument 'cmake_target_skip_unavailable' from command line to 'False'
[1.469s] Level 5:colcon.colcon_core.verb:set package 'turtlebot3_controller' build argument 'cmake_clean_cache' from command line to 'False'
[1.469s] Level 5:colcon.colcon_core.verb:set package 'turtlebot3_controller' build argument 'cmake_clean_first' from command line to 'False'
[1.469s] Level 5:colcon.colcon_core.verb:set package 'turtlebot3_controller' build argument 'cmake_force_configure' from command line to 'False'
[1.469s] Level 5:colcon.colcon_core.verb:set package 'turtlebot3_controller' build argument 'ament_cmake_args' from command line to 'None'
[1.469s] Level 5:colcon.colcon_core.verb:set package 'turtlebot3_controller' build argument 'catkin_cmake_args' from command line to 'None'
[1.470s] Level 5:colcon.colcon_core.verb:set package 'turtlebot3_controller' build argument 'catkin_skip_building_tests' from command line to 'False'
[1.470s] DEBUG:colcon.colcon_core.verb:Building package 'turtlebot3_controller' with the following arguments: {'ament_cmake_args': None, 'build_base': '/home/an/an_ws/build/turtlebot3_controller', 'catkin_cmake_args': None, 'catkin_skip_building_tests': False, 'cmake_args': None, 'cmake_clean_cache': False, 'cmake_clean_first': False, 'cmake_force_configure': False, 'cmake_target': None, 'cmake_target_skip_unavailable': False, 'install_base': '/home/an/an_ws/install/turtlebot3_controller', 'merge_install': False, 'path': '/home/an/an_ws/src/turtlebot3_controller', 'symlink_install': False, 'test_result_base': None}
[1.471s] Level 5:colcon.colcon_core.verb:set package 'turtlebot3_description' build argument 'cmake_args' from command line to 'None'
[1.471s] Level 5:colcon.colcon_core.verb:set package 'turtlebot3_description' build argument 'cmake_target' from command line to 'None'
[1.471s] Level 5:colcon.colcon_core.verb:set package 'turtlebot3_description' build argument 'cmake_target_skip_unavailable' from command line to 'False'
[1.472s] Level 5:colcon.colcon_core.verb:set package 'turtlebot3_description' build argument 'cmake_clean_cache' from command line to 'False'
[1.472s] Level 5:colcon.colcon_core.verb:set package 'turtlebot3_description' build argument 'cmake_clean_first' from command line to 'False'
[1.472s] Level 5:colcon.colcon_core.verb:set package 'turtlebot3_description' build argument 'cmake_force_configure' from command line to 'False'
[1.472s] Level 5:colcon.colcon_core.verb:set package 'turtlebot3_description' build argument 'ament_cmake_args' from command line to 'None'
[1.472s] Level 5:colcon.colcon_core.verb:set package 'turtlebot3_description' build argument 'catkin_cmake_args' from command line to 'None'
[1.472s] Level 5:colcon.colcon_core.verb:set package 'turtlebot3_description' build argument 'catkin_skip_building_tests' from command line to 'False'
[1.472s] DEBUG:colcon.colcon_core.verb:Building package 'turtlebot3_description' with the following arguments: {'ament_cmake_args': None, 'build_base': '/home/an/an_ws/build/turtlebot3_description', 'catkin_cmake_args': None, 'catkin_skip_building_tests': False, 'cmake_args': None, 'cmake_clean_cache': False, 'cmake_clean_first': False, 'cmake_force_configure': False, 'cmake_target': None, 'cmake_target_skip_unavailable': False, 'install_base': '/home/an/an_ws/install/turtlebot3_description', 'merge_install': False, 'path': '/home/an/an_ws/src/turtlebot3_description', 'symlink_install': False, 'test_result_base': None}
[1.473s] INFO:colcon.colcon_core.executor:Executing jobs using 'parallel' executor
[1.476s] DEBUG:colcon.colcon_parallel_executor.executor.parallel:run_until_complete
[1.477s] INFO:colcon.colcon_ros.task.ament_cmake.build:Building ROS package in '/home/an/an_ws/src/diffdrive_esp32' with build type 'ament_cmake'
[1.478s] INFO:colcon.colcon_cmake.task.cmake.build:Building CMake package in '/home/an/an_ws/src/diffdrive_esp32'
[1.486s] INFO:colcon.colcon_core.plugin_system:Skipping extension 'colcon_core.shell.bat': Not used on non-Windows systems
[1.488s] INFO:colcon.colcon_core.shell:Skip shell extension 'powershell' for command environment: Not usable outside of PowerShell
[1.488s] DEBUG:colcon.colcon_core.shell:Skip shell extension 'dsv' for command environment
[1.509s] INFO:colcon.colcon_ros.task.ament_cmake.build:Building ROS package in '/home/an/an_ws/src/mpu6050' with build type 'ament_cmake'
[1.510s] INFO:colcon.colcon_cmake.task.cmake.build:Building CMake package in '/home/an/an_ws/src/mpu6050'
[1.511s] INFO:colcon.colcon_core.shell:Skip shell extension 'powershell' for command environment: Not usable outside of PowerShell
[1.512s] DEBUG:colcon.colcon_core.shell:Skip shell extension 'dsv' for command environment
[1.533s] INFO:colcon.colcon_ros.task.ament_cmake.build:Building ROS package in '/home/an/an_ws/src/rtf_lds_lidar-master' with build type 'ament_cmake'
[1.534s] INFO:colcon.colcon_cmake.task.cmake.build:Building CMake package in '/home/an/an_ws/src/rtf_lds_lidar-master'
[1.535s] INFO:colcon.colcon_core.shell:Skip shell extension 'powershell' for command environment: Not usable outside of PowerShell
[1.535s] DEBUG:colcon.colcon_core.shell:Skip shell extension 'dsv' for command environment
[1.557s] INFO:colcon.colcon_ros.task.ament_cmake.build:Building ROS package in '/home/an/an_ws/src/turtlebot3_controller' with build type 'ament_cmake'
[1.558s] INFO:colcon.colcon_cmake.task.cmake.build:Building CMake package in '/home/an/an_ws/src/turtlebot3_controller'
[1.559s] INFO:colcon.colcon_core.shell:Skip shell extension 'powershell' for command environment: Not usable outside of PowerShell
[1.559s] DEBUG:colcon.colcon_core.shell:Skip shell extension 'dsv' for command environment
[1.600s] DEBUG:colcon.colcon_core.event_handler.log_command:Invoking command in '/home/an/an_ws/build/diffdrive_esp32': CMAKE_PREFIX_PATH=${CMAKE_PREFIX_PATH}:/home/an/ros2_ws/install/self_driving:/opt/ros/humble /usr/bin/cmake --build /home/an/an_ws/build/diffdrive_esp32 -- -j4 -l4
[1.626s] DEBUG:colcon.colcon_core.event_handler.log_command:Invoking command in '/home/an/an_ws/build/mpu6050': CMAKE_PREFIX_PATH=${CMAKE_PREFIX_PATH}:/home/an/ros2_ws/install/self_driving:/opt/ros/humble /usr/bin/cmake --build /home/an/an_ws/build/mpu6050 -- -j4 -l4
[1.641s] DEBUG:colcon.colcon_core.event_handler.log_command:Invoking command in '/home/an/an_ws/build/rtf_lds_driver': CMAKE_PREFIX_PATH=${CMAKE_PREFIX_PATH}:/home/an/ros2_ws/install/self_driving:/opt/ros/humble /usr/bin/cmake --build /home/an/an_ws/build/rtf_lds_driver -- -j4 -l4
[1.675s] DEBUG:colcon.colcon_core.event_handler.log_command:Invoking command in '/home/an/an_ws/build/turtlebot3_controller': CMAKE_PREFIX_PATH=${CMAKE_PREFIX_PATH}:/home/an/ros2_ws/install/self_driving:/opt/ros/humble /usr/bin/cmake --build /home/an/an_ws/build/turtlebot3_controller -- -j4 -l4
[1.988s] DEBUG:colcon.colcon_core.event_handler.log_command:Invoked command in '/home/an/an_ws/build/diffdrive_esp32' returned '0': CMAKE_PREFIX_PATH=${CMAKE_PREFIX_PATH}:/home/an/ros2_ws/install/self_driving:/opt/ros/humble /usr/bin/cmake --build /home/an/an_ws/build/diffdrive_esp32 -- -j4 -l4
[2.048s] DEBUG:colcon.colcon_core.event_handler.log_command:Invoked command in '/home/an/an_ws/build/mpu6050' returned '0': CMAKE_PREFIX_PATH=${CMAKE_PREFIX_PATH}:/home/an/ros2_ws/install/self_driving:/opt/ros/humble /usr/bin/cmake --build /home/an/an_ws/build/mpu6050 -- -j4 -l4
[2.071s] DEBUG:colcon.colcon_core.event_handler.log_command:Invoked command in '/home/an/an_ws/build/rtf_lds_driver' returned '0': CMAKE_PREFIX_PATH=${CMAKE_PREFIX_PATH}:/home/an/ros2_ws/install/self_driving:/opt/ros/humble /usr/bin/cmake --build /home/an/an_ws/build/rtf_lds_driver -- -j4 -l4
[2.081s] DEBUG:colcon.colcon_core.event_handler.log_command:Invoked command in '/home/an/an_ws/build/turtlebot3_controller' returned '0': CMAKE_PREFIX_PATH=${CMAKE_PREFIX_PATH}:/home/an/ros2_ws/install/self_driving:/opt/ros/humble /usr/bin/cmake --build /home/an/an_ws/build/turtlebot3_controller -- -j4 -l4
[2.167s] DEBUG:colcon.colcon_core.event_handler.log_command:Invoking command in '/home/an/an_ws/build/diffdrive_esp32': CMAKE_PREFIX_PATH=${CMAKE_PREFIX_PATH}:/home/an/ros2_ws/install/self_driving:/opt/ros/humble /usr/bin/cmake --install /home/an/an_ws/build/diffdrive_esp32
[2.226s] DEBUG:colcon.colcon_core.event_handler.log_command:Invoking command in '/home/an/an_ws/build/rtf_lds_driver': CMAKE_PREFIX_PATH=${CMAKE_PREFIX_PATH}:/home/an/ros2_ws/install/self_driving:/opt/ros/humble /usr/bin/cmake --install /home/an/an_ws/build/rtf_lds_driver
[2.246s] Level 1:colcon.colcon_core.environment:create_environment_scripts_only(diffdrive_esp32)
[2.265s] DEBUG:colcon.colcon_core.event_handler.log_command:Invoking command in '/home/an/an_ws/build/turtlebot3_controller': CMAKE_PREFIX_PATH=${CMAKE_PREFIX_PATH}:/home/an/ros2_ws/install/self_driving:/opt/ros/humble /usr/bin/cmake --install /home/an/an_ws/build/turtlebot3_controller
[2.266s] DEBUG:colcon.colcon_core.event_handler.log_command:Invoked command in '/home/an/an_ws/build/diffdrive_esp32' returned '0': CMAKE_PREFIX_PATH=${CMAKE_PREFIX_PATH}:/home/an/ros2_ws/install/self_driving:/opt/ros/humble /usr/bin/cmake --install /home/an/an_ws/build/diffdrive_esp32
[2.277s] Level 1:colcon.colcon_core.environment:checking '/home/an/an_ws/install/diffdrive_esp32' for CMake module files
[2.288s] Level 1:colcon.colcon_core.environment:checking '/home/an/an_ws/install/diffdrive_esp32' for CMake config files
[2.298s] Level 1:colcon.colcon_core.shell:create_environment_hook('diffdrive_esp32', 'cmake_prefix_path')
[2.299s] INFO:colcon.colcon_core.shell:Creating environment hook '/home/an/an_ws/install/diffdrive_esp32/share/diffdrive_esp32/hook/cmake_prefix_path.ps1'
[2.303s] INFO:colcon.colcon_core.shell:Creating environment descriptor '/home/an/an_ws/install/diffdrive_esp32/share/diffdrive_esp32/hook/cmake_prefix_path.dsv'
[2.305s] INFO:colcon.colcon_core.shell:Creating environment hook '/home/an/an_ws/install/diffdrive_esp32/share/diffdrive_esp32/hook/cmake_prefix_path.sh'
[2.309s] Level 1:colcon.colcon_core.environment:checking '/home/an/an_ws/install/diffdrive_esp32/lib'
[2.310s] Level 1:colcon.colcon_core.shell:create_environment_hook('diffdrive_esp32', 'ld_library_path_lib')
[2.310s] INFO:colcon.colcon_core.shell:Creating environment hook '/home/an/an_ws/install/diffdrive_esp32/share/diffdrive_esp32/hook/ld_library_path_lib.ps1'
[2.312s] INFO:colcon.colcon_core.shell:Creating environment descriptor '/home/an/an_ws/install/diffdrive_esp32/share/diffdrive_esp32/hook/ld_library_path_lib.dsv'
[2.314s] INFO:colcon.colcon_core.shell:Creating environment hook '/home/an/an_ws/install/diffdrive_esp32/share/diffdrive_esp32/hook/ld_library_path_lib.sh'
[2.316s] Level 1:colcon.colcon_core.environment:checking '/home/an/an_ws/install/diffdrive_esp32/bin'
[2.317s] Level 1:colcon.colcon_core.environment:checking '/home/an/an_ws/install/diffdrive_esp32/lib/pkgconfig/diffdrive_esp32.pc'
[2.318s] Level 1:colcon.colcon_core.environment:checking '/home/an/an_ws/install/diffdrive_esp32/lib/python3.10/site-packages'
[2.319s] Level 1:colcon.colcon_core.environment:checking '/home/an/an_ws/install/diffdrive_esp32/bin'
[2.320s] INFO:colcon.colcon_core.shell:Creating package script '/home/an/an_ws/install/diffdrive_esp32/share/diffdrive_esp32/package.ps1'
[2.324s] INFO:colcon.colcon_core.shell:Creating package descriptor '/home/an/an_ws/install/diffdrive_esp32/share/diffdrive_esp32/package.dsv'
[2.327s] INFO:colcon.colcon_core.shell:Creating package script '/home/an/an_ws/install/diffdrive_esp32/share/diffdrive_esp32/package.sh'
[2.331s] INFO:colcon.colcon_core.shell:Creating package script '/home/an/an_ws/install/diffdrive_esp32/share/diffdrive_esp32/package.bash'
[2.334s] INFO:colcon.colcon_core.shell:Creating package script '/home/an/an_ws/install/diffdrive_esp32/share/diffdrive_esp32/package.zsh'
[2.337s] Level 1:colcon.colcon_core.environment:create_file_with_runtime_dependencies(/home/an/an_ws/install/diffdrive_esp32/share/colcon-core/packages/diffdrive_esp32)
[2.354s] DEBUG:colcon.colcon_core.event_handler.log_command:Invoking command in '/home/an/an_ws/build/mpu6050': CMAKE_PREFIX_PATH=${CMAKE_PREFIX_PATH}:/home/an/ros2_ws/install/self_driving:/opt/ros/humble /usr/bin/cmake --install /home/an/an_ws/build/mpu6050
[2.356s] Level 1:colcon.colcon_core.environment:create_environment_scripts_only(rtf_lds_driver)
[2.358s] Level 1:colcon.colcon_core.environment:checking '/home/an/an_ws/install/rtf_lds_driver' for CMake module files
[2.361s] DEBUG:colcon.colcon_core.event_handler.log_command:Invoked command in '/home/an/an_ws/build/rtf_lds_driver' returned '0': CMAKE_PREFIX_PATH=${CMAKE_PREFIX_PATH}:/home/an/ros2_ws/install/self_driving:/opt/ros/humble /usr/bin/cmake --install /home/an/an_ws/build/rtf_lds_driver
[2.363s] Level 1:colcon.colcon_core.environment:checking '/home/an/an_ws/install/rtf_lds_driver' for CMake config files
[2.366s] Level 1:colcon.colcon_core.shell:create_environment_hook('rtf_lds_driver', 'cmake_prefix_path')
[2.367s] INFO:colcon.colcon_core.shell:Creating environment hook '/home/an/an_ws/install/rtf_lds_driver/share/rtf_lds_driver/hook/cmake_prefix_path.ps1'
[2.370s] INFO:colcon.colcon_core.shell:Creating environment descriptor '/home/an/an_ws/install/rtf_lds_driver/share/rtf_lds_driver/hook/cmake_prefix_path.dsv'
[2.373s] INFO:colcon.colcon_core.shell:Creating environment hook '/home/an/an_ws/install/rtf_lds_driver/share/rtf_lds_driver/hook/cmake_prefix_path.sh'
[2.376s] Level 1:colcon.colcon_core.environment:checking '/home/an/an_ws/install/rtf_lds_driver/lib'
[2.377s] Level 1:colcon.colcon_core.environment:checking '/home/an/an_ws/install/rtf_lds_driver/bin'
[2.377s] Level 1:colcon.colcon_core.environment:checking '/home/an/an_ws/install/rtf_lds_driver/lib/pkgconfig/rtf_lds_driver.pc'
[2.379s] Level 1:colcon.colcon_core.environment:checking '/home/an/an_ws/install/rtf_lds_driver/lib/python3.10/site-packages'
[2.380s] Level 1:colcon.colcon_core.environment:checking '/home/an/an_ws/install/rtf_lds_driver/bin'
[2.381s] INFO:colcon.colcon_core.shell:Creating package script '/home/an/an_ws/install/rtf_lds_driver/share/rtf_lds_driver/package.ps1'
[2.386s] INFO:colcon.colcon_core.shell:Creating package descriptor '/home/an/an_ws/install/rtf_lds_driver/share/rtf_lds_driver/package.dsv'
[2.401s] INFO:colcon.colcon_core.shell:Creating package script '/home/an/an_ws/install/rtf_lds_driver/share/rtf_lds_driver/package.sh'
[2.407s] INFO:colcon.colcon_core.shell:Creating package script '/home/an/an_ws/install/rtf_lds_driver/share/rtf_lds_driver/package.bash'
[2.409s] INFO:colcon.colcon_core.shell:Creating package script '/home/an/an_ws/install/rtf_lds_driver/share/rtf_lds_driver/package.zsh'
[2.411s] Level 1:colcon.colcon_core.environment:create_file_with_runtime_dependencies(/home/an/an_ws/install/rtf_lds_driver/share/colcon-core/packages/rtf_lds_driver)
[2.416s] Level 1:colcon.colcon_core.environment:create_environment_scripts_only(turtlebot3_controller)
[2.418s] Level 1:colcon.colcon_core.environment:checking '/home/an/an_ws/install/turtlebot3_controller' for CMake module files
[2.419s] DEBUG:colcon.colcon_core.event_handler.log_command:Invoked command in '/home/an/an_ws/build/turtlebot3_controller' returned '0': CMAKE_PREFIX_PATH=${CMAKE_PREFIX_PATH}:/home/an/ros2_ws/install/self_driving:/opt/ros/humble /usr/bin/cmake --install /home/an/an_ws/build/turtlebot3_controller
[2.422s] Level 1:colcon.colcon_core.environment:checking '/home/an/an_ws/install/turtlebot3_controller' for CMake config files
[2.424s] Level 1:colcon.colcon_core.shell:create_environment_hook('turtlebot3_controller', 'cmake_prefix_path')
[2.425s] INFO:colcon.colcon_core.shell:Creating environment hook '/home/an/an_ws/install/turtlebot3_controller/share/turtlebot3_controller/hook/cmake_prefix_path.ps1'
[2.427s] INFO:colcon.colcon_core.shell:Creating environment descriptor '/home/an/an_ws/install/turtlebot3_controller/share/turtlebot3_controller/hook/cmake_prefix_path.dsv'
[2.430s] INFO:colcon.colcon_core.shell:Creating environment hook '/home/an/an_ws/install/turtlebot3_controller/share/turtlebot3_controller/hook/cmake_prefix_path.sh'
[2.434s] Level 1:colcon.colcon_core.environment:checking '/home/an/an_ws/install/turtlebot3_controller/lib'
[2.434s] Level 1:colcon.colcon_core.environment:checking '/home/an/an_ws/install/turtlebot3_controller/bin'
[2.435s] Level 1:colcon.colcon_core.environment:checking '/home/an/an_ws/install/turtlebot3_controller/lib/pkgconfig/turtlebot3_controller.pc'
[2.436s] Level 1:colcon.colcon_core.environment:checking '/home/an/an_ws/install/turtlebot3_controller/lib/python3.10/site-packages'
[2.438s] Level 1:colcon.colcon_core.environment:checking '/home/an/an_ws/install/turtlebot3_controller/bin'
[2.439s] INFO:colcon.colcon_core.shell:Creating package script '/home/an/an_ws/install/turtlebot3_controller/share/turtlebot3_controller/package.ps1'
[2.442s] INFO:colcon.colcon_core.shell:Creating package descriptor '/home/an/an_ws/install/turtlebot3_controller/share/turtlebot3_controller/package.dsv'
[2.444s] INFO:colcon.colcon_core.shell:Creating package script '/home/an/an_ws/install/turtlebot3_controller/share/turtlebot3_controller/package.sh'
[2.446s] INFO:colcon.colcon_core.shell:Creating package script '/home/an/an_ws/install/turtlebot3_controller/share/turtlebot3_controller/package.bash'
[2.448s] INFO:colcon.colcon_core.shell:Creating package script '/home/an/an_ws/install/turtlebot3_controller/share/turtlebot3_controller/package.zsh'
[2.450s] Level 1:colcon.colcon_core.environment:create_file_with_runtime_dependencies(/home/an/an_ws/install/turtlebot3_controller/share/colcon-core/packages/turtlebot3_controller)
[2.460s] Level 1:colcon.colcon_core.environment:create_environment_scripts_only(mpu6050)
[2.461s] Level 1:colcon.colcon_core.environment:checking '/home/an/an_ws/install/mpu6050' for CMake module files
[2.464s] DEBUG:colcon.colcon_core.event_handler.log_command:Invoked command in '/home/an/an_ws/build/mpu6050' returned '0': CMAKE_PREFIX_PATH=${CMAKE_PREFIX_PATH}:/home/an/ros2_ws/install/self_driving:/opt/ros/humble /usr/bin/cmake --install /home/an/an_ws/build/mpu6050
[2.467s] Level 1:colcon.colcon_core.environment:checking '/home/an/an_ws/install/mpu6050' for CMake config files
[2.471s] Level 1:colcon.colcon_core.shell:create_environment_hook('mpu6050', 'cmake_prefix_path')
[2.472s] INFO:colcon.colcon_core.shell:Creating environment hook '/home/an/an_ws/install/mpu6050/share/mpu6050/hook/cmake_prefix_path.ps1'
[2.475s] INFO:colcon.colcon_core.shell:Creating environment descriptor '/home/an/an_ws/install/mpu6050/share/mpu6050/hook/cmake_prefix_path.dsv'
[2.478s] INFO:colcon.colcon_core.shell:Creating environment hook '/home/an/an_ws/install/mpu6050/share/mpu6050/hook/cmake_prefix_path.sh'
[2.483s] Level 1:colcon.colcon_core.environment:checking '/home/an/an_ws/install/mpu6050/lib'
[2.485s] Level 1:colcon.colcon_core.shell:create_environment_hook('mpu6050', 'ld_library_path_lib')
[2.486s] INFO:colcon.colcon_core.shell:Creating environment hook '/home/an/an_ws/install/mpu6050/share/mpu6050/hook/ld_library_path_lib.ps1'
[2.488s] INFO:colcon.colcon_core.shell:Creating environment descriptor '/home/an/an_ws/install/mpu6050/share/mpu6050/hook/ld_library_path_lib.dsv'
[2.491s] INFO:colcon.colcon_core.shell:Creating environment hook '/home/an/an_ws/install/mpu6050/share/mpu6050/hook/ld_library_path_lib.sh'
[2.493s] Level 1:colcon.colcon_core.environment:checking '/home/an/an_ws/install/mpu6050/bin'
[2.494s] Level 1:colcon.colcon_core.environment:checking '/home/an/an_ws/install/mpu6050/lib/pkgconfig/mpu6050.pc'
[2.495s] Level 1:colcon.colcon_core.environment:checking '/home/an/an_ws/install/mpu6050/lib/python3.10/site-packages'
[2.496s] Level 1:colcon.colcon_core.environment:checking '/home/an/an_ws/install/mpu6050/bin'
[2.497s] INFO:colcon.colcon_core.shell:Creating package script '/home/an/an_ws/install/mpu6050/share/mpu6050/package.ps1'
[2.500s] INFO:colcon.colcon_core.shell:Creating package descriptor '/home/an/an_ws/install/mpu6050/share/mpu6050/package.dsv'
[2.502s] INFO:colcon.colcon_core.shell:Creating package script '/home/an/an_ws/install/mpu6050/share/mpu6050/package.sh'
[2.505s] INFO:colcon.colcon_core.shell:Creating package script '/home/an/an_ws/install/mpu6050/share/mpu6050/package.bash'
[2.506s] INFO:colcon.colcon_core.shell:Creating package script '/home/an/an_ws/install/mpu6050/share/mpu6050/package.zsh'
[2.508s] Level 1:colcon.colcon_core.environment:create_file_with_runtime_dependencies(/home/an/an_ws/install/mpu6050/share/colcon-core/packages/mpu6050)
[2.517s] Level 1:colcon.colcon_core.environment:create_environment_scripts_only(diffdrive_esp32)
[2.519s] Level 1:colcon.colcon_core.environment:checking '/home/an/an_ws/install/diffdrive_esp32' for CMake module files
[2.522s] Level 1:colcon.colcon_core.environment:checking '/home/an/an_ws/install/diffdrive_esp32' for CMake config files
[2.525s] Level 1:colcon.colcon_core.shell:create_environment_hook('diffdrive_esp32', 'cmake_prefix_path')
[2.526s] INFO:colcon.colcon_core.shell:Creating environment hook '/home/an/an_ws/install/diffdrive_esp32/share/diffdrive_esp32/hook/cmake_prefix_path.ps1'
[2.530s] INFO:colcon.colcon_core.shell:Creating environment descriptor '/home/an/an_ws/install/diffdrive_esp32/share/diffdrive_esp32/hook/cmake_prefix_path.dsv'
[2.532s] INFO:colcon.colcon_core.shell:Creating environment hook '/home/an/an_ws/install/diffdrive_esp32/share/diffdrive_esp32/hook/cmake_prefix_path.sh'
[2.536s] Level 1:colcon.colcon_core.environment:checking '/home/an/an_ws/install/diffdrive_esp32/lib'
[2.536s] Level 1:colcon.colcon_core.shell:create_environment_hook('diffdrive_esp32', 'ld_library_path_lib')
[2.538s] INFO:colcon.colcon_core.shell:Creating environment hook '/home/an/an_ws/install/diffdrive_esp32/share/diffdrive_esp32/hook/ld_library_path_lib.ps1'
[2.541s] INFO:colcon.colcon_core.shell:Creating environment descriptor '/home/an/an_ws/install/diffdrive_esp32/share/diffdrive_esp32/hook/ld_library_path_lib.dsv'
[2.543s] INFO:colcon.colcon_core.shell:Creating environment hook '/home/an/an_ws/install/diffdrive_esp32/share/diffdrive_esp32/hook/ld_library_path_lib.sh'
[2.545s] Level 1:colcon.colcon_core.environment:checking '/home/an/an_ws/install/diffdrive_esp32/bin'
[2.546s] Level 1:colcon.colcon_core.environment:checking '/home/an/an_ws/install/diffdrive_esp32/lib/pkgconfig/diffdrive_esp32.pc'
[2.547s] Level 1:colcon.colcon_core.environment:checking '/home/an/an_ws/install/diffdrive_esp32/lib/python3.10/site-packages'
[2.548s] Level 1:colcon.colcon_core.environment:checking '/home/an/an_ws/install/diffdrive_esp32/bin'
[2.550s] INFO:colcon.colcon_core.shell:Creating package script '/home/an/an_ws/install/diffdrive_esp32/share/diffdrive_esp32/package.ps1'
[2.552s] INFO:colcon.colcon_core.shell:Creating package descriptor '/home/an/an_ws/install/diffdrive_esp32/share/diffdrive_esp32/package.dsv'
[2.555s] INFO:colcon.colcon_core.shell:Creating package script '/home/an/an_ws/install/diffdrive_esp32/share/diffdrive_esp32/package.sh'
[2.558s] INFO:colcon.colcon_core.shell:Creating package script '/home/an/an_ws/install/diffdrive_esp32/share/diffdrive_esp32/package.bash'
[2.560s] INFO:colcon.colcon_core.shell:Creating package script '/home/an/an_ws/install/diffdrive_esp32/share/diffdrive_esp32/package.zsh'
[2.562s] Level 1:colcon.colcon_core.environment:create_file_with_runtime_dependencies(/home/an/an_ws/install/diffdrive_esp32/share/colcon-core/packages/diffdrive_esp32)
[2.566s] INFO:colcon.colcon_ros.task.ament_cmake.build:Building ROS package in '/home/an/an_ws/src/turtlebot3_description' with build type 'ament_cmake'
[2.566s] INFO:colcon.colcon_cmake.task.cmake.build:Building CMake package in '/home/an/an_ws/src/turtlebot3_description'
[2.567s] INFO:colcon.colcon_core.shell:Skip shell extension 'powershell' for command environment: Not usable outside of PowerShell
[2.568s] DEBUG:colcon.colcon_core.shell:Skip shell extension 'dsv' for command environment
[2.596s] Level 1:colcon.colcon_core.environment:create_environment_scripts_only(rtf_lds_driver)
[2.597s] Level 1:colcon.colcon_core.environment:checking '/home/an/an_ws/install/rtf_lds_driver' for CMake module files
[2.601s] Level 1:colcon.colcon_core.environment:checking '/home/an/an_ws/install/rtf_lds_driver' for CMake config files
[2.604s] Level 1:colcon.colcon_core.shell:create_environment_hook('rtf_lds_driver', 'cmake_prefix_path')
[2.605s] INFO:colcon.colcon_core.shell:Creating environment hook '/home/an/an_ws/install/rtf_lds_driver/share/rtf_lds_driver/hook/cmake_prefix_path.ps1'
[2.607s] INFO:colcon.colcon_core.shell:Creating environment descriptor '/home/an/an_ws/install/rtf_lds_driver/share/rtf_lds_driver/hook/cmake_prefix_path.dsv'
[2.609s] INFO:colcon.colcon_core.shell:Creating environment hook '/home/an/an_ws/install/rtf_lds_driver/share/rtf_lds_driver/hook/cmake_prefix_path.sh'
[2.612s] Level 1:colcon.colcon_core.environment:checking '/home/an/an_ws/install/rtf_lds_driver/lib'
[2.612s] Level 1:colcon.colcon_core.environment:checking '/home/an/an_ws/install/rtf_lds_driver/bin'
[2.612s] Level 1:colcon.colcon_core.environment:checking '/home/an/an_ws/install/rtf_lds_driver/lib/pkgconfig/rtf_lds_driver.pc'
[2.613s] Level 1:colcon.colcon_core.environment:checking '/home/an/an_ws/install/rtf_lds_driver/lib/python3.10/site-packages'
[2.614s] Level 1:colcon.colcon_core.environment:checking '/home/an/an_ws/install/rtf_lds_driver/bin'
[2.616s] INFO:colcon.colcon_core.shell:Creating package script '/home/an/an_ws/install/rtf_lds_driver/share/rtf_lds_driver/package.ps1'
[2.618s] INFO:colcon.colcon_core.shell:Creating package descriptor '/home/an/an_ws/install/rtf_lds_driver/share/rtf_lds_driver/package.dsv'
[2.620s] INFO:colcon.colcon_core.shell:Creating package script '/home/an/an_ws/install/rtf_lds_driver/share/rtf_lds_driver/package.sh'
[2.622s] INFO:colcon.colcon_core.shell:Creating package script '/home/an/an_ws/install/rtf_lds_driver/share/rtf_lds_driver/package.bash'
[2.624s] INFO:colcon.colcon_core.shell:Creating package script '/home/an/an_ws/install/rtf_lds_driver/share/rtf_lds_driver/package.zsh'
[2.626s] Level 1:colcon.colcon_core.environment:create_file_with_runtime_dependencies(/home/an/an_ws/install/rtf_lds_driver/share/colcon-core/packages/rtf_lds_driver)
[2.630s] Level 1:colcon.colcon_core.environment:create_environment_scripts_only(turtlebot3_controller)
[2.631s] Level 1:colcon.colcon_core.environment:checking '/home/an/an_ws/install/turtlebot3_controller' for CMake module files
[2.635s] Level 1:colcon.colcon_core.environment:checking '/home/an/an_ws/install/turtlebot3_controller' for CMake config files
[2.637s] Level 1:colcon.colcon_core.shell:create_environment_hook('turtlebot3_controller', 'cmake_prefix_path')
[2.639s] INFO:colcon.colcon_core.shell:Creating environment hook '/home/an/an_ws/install/turtlebot3_controller/share/turtlebot3_controller/hook/cmake_prefix_path.ps1'
[2.641s] INFO:colcon.colcon_core.shell:Creating environment descriptor '/home/an/an_ws/install/turtlebot3_controller/share/turtlebot3_controller/hook/cmake_prefix_path.dsv'
[2.643s] INFO:colcon.colcon_core.shell:Creating environment hook '/home/an/an_ws/install/turtlebot3_controller/share/turtlebot3_controller/hook/cmake_prefix_path.sh'
[2.646s] Level 1:colcon.colcon_core.environment:checking '/home/an/an_ws/install/turtlebot3_controller/lib'
[2.647s] Level 1:colcon.colcon_core.environment:checking '/home/an/an_ws/install/turtlebot3_controller/bin'
[2.647s] Level 1:colcon.colcon_core.environment:checking '/home/an/an_ws/install/turtlebot3_controller/lib/pkgconfig/turtlebot3_controller.pc'
[2.648s] Level 1:colcon.colcon_core.environment:checking '/home/an/an_ws/install/turtlebot3_controller/lib/python3.10/site-packages'
[2.649s] Level 1:colcon.colcon_core.environment:checking '/home/an/an_ws/install/turtlebot3_controller/bin'
[2.650s] INFO:colcon.colcon_core.shell:Creating package script '/home/an/an_ws/install/turtlebot3_controller/share/turtlebot3_controller/package.ps1'
[2.653s] INFO:colcon.colcon_core.shell:Creating package descriptor '/home/an/an_ws/install/turtlebot3_controller/share/turtlebot3_controller/package.dsv'
[2.655s] INFO:colcon.colcon_core.shell:Creating package script '/home/an/an_ws/install/turtlebot3_controller/share/turtlebot3_controller/package.sh'
[2.657s] INFO:colcon.colcon_core.shell:Creating package script '/home/an/an_ws/install/turtlebot3_controller/share/turtlebot3_controller/package.bash'
[2.659s] INFO:colcon.colcon_core.shell:Creating package script '/home/an/an_ws/install/turtlebot3_controller/share/turtlebot3_controller/package.zsh'
[2.661s] Level 1:colcon.colcon_core.environment:create_file_with_runtime_dependencies(/home/an/an_ws/install/turtlebot3_controller/share/colcon-core/packages/turtlebot3_controller)
[2.681s] DEBUG:colcon.colcon_core.event_handler.log_command:Invoking command in '/home/an/an_ws/build/turtlebot3_description': CMAKE_PREFIX_PATH=${CMAKE_PREFIX_PATH}:/home/an/ros2_ws/install/self_driving:/opt/ros/humble /usr/bin/cmake --build /home/an/an_ws/build/turtlebot3_description -- -j4 -l4
[2.703s] Level 1:colcon.colcon_core.environment:create_environment_scripts_only(mpu6050)
[2.704s] Level 1:colcon.colcon_core.environment:checking '/home/an/an_ws/install/mpu6050' for CMake module files
[2.707s] Level 1:colcon.colcon_core.environment:checking '/home/an/an_ws/install/mpu6050' for CMake config files
[2.710s] Level 1:colcon.colcon_core.shell:create_environment_hook('mpu6050', 'cmake_prefix_path')
[2.711s] INFO:colcon.colcon_core.shell:Creating environment hook '/home/an/an_ws/install/mpu6050/share/mpu6050/hook/cmake_prefix_path.ps1'
[2.713s] INFO:colcon.colcon_core.shell:Creating environment descriptor '/home/an/an_ws/install/mpu6050/share/mpu6050/hook/cmake_prefix_path.dsv'
[2.715s] INFO:colcon.colcon_core.shell:Creating environment hook '/home/an/an_ws/install/mpu6050/share/mpu6050/hook/cmake_prefix_path.sh'
[2.717s] Level 1:colcon.colcon_core.environment:checking '/home/an/an_ws/install/mpu6050/lib'
[2.718s] Level 1:colcon.colcon_core.shell:create_environment_hook('mpu6050', 'ld_library_path_lib')
[2.719s] INFO:colcon.colcon_core.shell:Creating environment hook '/home/an/an_ws/install/mpu6050/share/mpu6050/hook/ld_library_path_lib.ps1'
[2.721s] INFO:colcon.colcon_core.shell:Creating environment descriptor '/home/an/an_ws/install/mpu6050/share/mpu6050/hook/ld_library_path_lib.dsv'
[2.723s] INFO:colcon.colcon_core.shell:Creating environment hook '/home/an/an_ws/install/mpu6050/share/mpu6050/hook/ld_library_path_lib.sh'
[2.725s] Level 1:colcon.colcon_core.environment:checking '/home/an/an_ws/install/mpu6050/bin'
[2.725s] Level 1:colcon.colcon_core.environment:checking '/home/an/an_ws/install/mpu6050/lib/pkgconfig/mpu6050.pc'
[2.726s] Level 1:colcon.colcon_core.environment:checking '/home/an/an_ws/install/mpu6050/lib/python3.10/site-packages'
[2.727s] Level 1:colcon.colcon_core.environment:checking '/home/an/an_ws/install/mpu6050/bin'
[2.729s] INFO:colcon.colcon_core.shell:Creating package script '/home/an/an_ws/install/mpu6050/share/mpu6050/package.ps1'
[2.732s] INFO:colcon.colcon_core.shell:Creating package descriptor '/home/an/an_ws/install/mpu6050/share/mpu6050/package.dsv'
[2.735s] INFO:colcon.colcon_core.shell:Creating package script '/home/an/an_ws/install/mpu6050/share/mpu6050/package.sh'
[2.738s] INFO:colcon.colcon_core.shell:Creating package script '/home/an/an_ws/install/mpu6050/share/mpu6050/package.bash'
[2.740s] INFO:colcon.colcon_core.shell:Creating package script '/home/an/an_ws/install/mpu6050/share/mpu6050/package.zsh'
[2.742s] Level 1:colcon.colcon_core.environment:create_file_with_runtime_dependencies(/home/an/an_ws/install/mpu6050/share/colcon-core/packages/mpu6050)
[2.822s] DEBUG:colcon.colcon_core.event_handler.log_command:Invoked command in '/home/an/an_ws/build/turtlebot3_description' returned '0': CMAKE_PREFIX_PATH=${CMAKE_PREFIX_PATH}:/home/an/ros2_ws/install/self_driving:/opt/ros/humble /usr/bin/cmake --build /home/an/an_ws/build/turtlebot3_description -- -j4 -l4
[2.949s] DEBUG:colcon.colcon_core.event_handler.log_command:Invoking command in '/home/an/an_ws/build/turtlebot3_description': CMAKE_PREFIX_PATH=${CMAKE_PREFIX_PATH}:/home/an/ros2_ws/install/self_driving:/opt/ros/humble /usr/bin/cmake --install /home/an/an_ws/build/turtlebot3_description
[3.000s] Level 1:colcon.colcon_core.environment:create_environment_scripts_only(turtlebot3_description)
[3.001s] Level 1:colcon.colcon_core.environment:checking '/home/an/an_ws/install/turtlebot3_description' for CMake module files
[3.005s] DEBUG:colcon.colcon_core.event_handler.log_command:Invoked command in '/home/an/an_ws/build/turtlebot3_description' returned '0': CMAKE_PREFIX_PATH=${CMAKE_PREFIX_PATH}:/home/an/ros2_ws/install/self_driving:/opt/ros/humble /usr/bin/cmake --install /home/an/an_ws/build/turtlebot3_description
[3.006s] Level 1:colcon.colcon_core.environment:checking '/home/an/an_ws/install/turtlebot3_description' for CMake config files
[3.010s] Level 1:colcon.colcon_core.shell:create_environment_hook('turtlebot3_description', 'cmake_prefix_path')
[3.011s] INFO:colcon.colcon_core.shell:Creating environment hook '/home/an/an_ws/install/turtlebot3_description/share/turtlebot3_description/hook/cmake_prefix_path.ps1'
[3.012s] INFO:colcon.colcon_core.shell:Creating environment descriptor '/home/an/an_ws/install/turtlebot3_description/share/turtlebot3_description/hook/cmake_prefix_path.dsv'
[3.014s] INFO:colcon.colcon_core.shell:Creating environment hook '/home/an/an_ws/install/turtlebot3_description/share/turtlebot3_description/hook/cmake_prefix_path.sh'
[3.017s] Level 1:colcon.colcon_core.environment:checking '/home/an/an_ws/install/turtlebot3_description/bin'
[3.017s] Level 1:colcon.colcon_core.environment:checking '/home/an/an_ws/install/turtlebot3_description/lib/pkgconfig/turtlebot3_description.pc'
[3.018s] Level 1:colcon.colcon_core.environment:checking '/home/an/an_ws/install/turtlebot3_description/lib/python3.10/site-packages'
[3.019s] Level 1:colcon.colcon_core.environment:checking '/home/an/an_ws/install/turtlebot3_description/bin'
[3.020s] INFO:colcon.colcon_core.shell:Creating package script '/home/an/an_ws/install/turtlebot3_description/share/turtlebot3_description/package.ps1'
[3.022s] INFO:colcon.colcon_core.shell:Creating package descriptor '/home/an/an_ws/install/turtlebot3_description/share/turtlebot3_description/package.dsv'
[3.024s] INFO:colcon.colcon_core.shell:Creating package script '/home/an/an_ws/install/turtlebot3_description/share/turtlebot3_description/package.sh'
[3.026s] INFO:colcon.colcon_core.shell:Creating package script '/home/an/an_ws/install/turtlebot3_description/share/turtlebot3_description/package.bash'
[3.027s] INFO:colcon.colcon_core.shell:Creating package script '/home/an/an_ws/install/turtlebot3_description/share/turtlebot3_description/package.zsh'
[3.029s] Level 1:colcon.colcon_core.environment:create_file_with_runtime_dependencies(/home/an/an_ws/install/turtlebot3_description/share/colcon-core/packages/turtlebot3_description)
[3.146s] Level 1:colcon.colcon_core.environment:create_environment_scripts_only(turtlebot3_description)
[3.148s] Level 1:colcon.colcon_core.environment:checking '/home/an/an_ws/install/turtlebot3_description' for CMake module files
[3.152s] Level 1:colcon.colcon_core.environment:checking '/home/an/an_ws/install/turtlebot3_description' for CMake config files
[3.156s] Level 1:colcon.colcon_core.shell:create_environment_hook('turtlebot3_description', 'cmake_prefix_path')
[3.157s] INFO:colcon.colcon_core.shell:Creating environment hook '/home/an/an_ws/install/turtlebot3_description/share/turtlebot3_description/hook/cmake_prefix_path.ps1'
[3.159s] INFO:colcon.colcon_core.shell:Creating environment descriptor '/home/an/an_ws/install/turtlebot3_description/share/turtlebot3_description/hook/cmake_prefix_path.dsv'
[3.160s] INFO:colcon.colcon_core.shell:Creating environment hook '/home/an/an_ws/install/turtlebot3_description/share/turtlebot3_description/hook/cmake_prefix_path.sh'
[3.163s] Level 1:colcon.colcon_core.environment:checking '/home/an/an_ws/install/turtlebot3_description/bin'
[3.164s] Level 1:colcon.colcon_core.environment:checking '/home/an/an_ws/install/turtlebot3_description/lib/pkgconfig/turtlebot3_description.pc'
[3.165s] Level 1:colcon.colcon_core.environment:checking '/home/an/an_ws/install/turtlebot3_description/lib/python3.10/site-packages'
[3.166s] Level 1:colcon.colcon_core.environment:checking '/home/an/an_ws/install/turtlebot3_description/bin'
[3.167s] INFO:colcon.colcon_core.shell:Creating package script '/home/an/an_ws/install/turtlebot3_description/share/turtlebot3_description/package.ps1'
[3.169s] INFO:colcon.colcon_core.shell:Creating package descriptor '/home/an/an_ws/install/turtlebot3_description/share/turtlebot3_description/package.dsv'
[3.171s] INFO:colcon.colcon_core.shell:Creating package script '/home/an/an_ws/install/turtlebot3_description/share/turtlebot3_description/package.sh'
[3.173s] INFO:colcon.colcon_core.shell:Creating package script '/home/an/an_ws/install/turtlebot3_description/share/turtlebot3_description/package.bash'
[3.175s] INFO:colcon.colcon_core.shell:Creating package script '/home/an/an_ws/install/turtlebot3_description/share/turtlebot3_description/package.zsh'
[3.177s] Level 1:colcon.colcon_core.environment:create_file_with_runtime_dependencies(/home/an/an_ws/install/turtlebot3_description/share/colcon-core/packages/turtlebot3_description)
[3.178s] DEBUG:colcon.colcon_parallel_executor.executor.parallel:closing loop
[3.179s] DEBUG:colcon.colcon_parallel_executor.executor.parallel:loop closed
[3.180s] DEBUG:colcon.colcon_parallel_executor.executor.parallel:run_until_complete finished with '0'
[3.180s] DEBUG:colcon.colcon_core.event_reactor:joining thread
[3.202s] INFO:colcon.colcon_core.plugin_system:Skipping extension 'colcon_notification.desktop_notification.notify_send': Could not find 'notify-send'
[3.203s] INFO:colcon.colcon_core.plugin_system:Skipping extension 'colcon_notification.desktop_notification.terminal_notifier': Not used on non-Darwin systems
[3.203s] INFO:colcon.colcon_core.plugin_system:Skipping extension 'colcon_notification.desktop_notification.win32': Not used on non-Windows systems
[3.203s] INFO:colcon.colcon_notification.desktop_notification:Sending desktop notification using 'notify2'
[3.206s] DEBUG:colcon.colcon_notification.desktop_notification.notify2:Failed to initialize notify2: org.freedesktop.DBus.Error.ServiceUnknown: The name org.freedesktop.Notifications was not provided by any .service files
[3.206s] DEBUG:colcon.colcon_core.event_reactor:joined thread
[3.207s] INFO:colcon.colcon_core.shell:Creating prefix script '/home/an/an_ws/install/local_setup.ps1'
[3.211s] INFO:colcon.colcon_core.shell:Creating prefix util module '/home/an/an_ws/install/_local_setup_util_ps1.py'
[3.218s] INFO:colcon.colcon_core.shell:Creating prefix chain script '/home/an/an_ws/install/setup.ps1'
[3.224s] INFO:colcon.colcon_core.shell:Creating prefix script '/home/an/an_ws/install/local_setup.sh'
[3.227s] INFO:colcon.colcon_core.shell:Creating prefix util module '/home/an/an_ws/install/_local_setup_util_sh.py'
[3.229s] INFO:colcon.colcon_core.shell:Creating prefix chain script '/home/an/an_ws/install/setup.sh'
[3.235s] INFO:colcon.colcon_core.shell:Creating prefix script '/home/an/an_ws/install/local_setup.bash'
[3.237s] INFO:colcon.colcon_core.shell:Creating prefix chain script '/home/an/an_ws/install/setup.bash'
[3.243s] INFO:colcon.colcon_core.shell:Creating prefix script '/home/an/an_ws/install/local_setup.zsh'
[3.245s] INFO:colcon.colcon_core.shell:Creating prefix chain script '/home/an/an_ws/install/setup.zsh'
