[0.103s] Invoking command in '/home/an/an_ws/build/rtf_lds_driver': CMAKE_PREFIX_PATH=${CMAKE_PREFIX_PATH}:/home/an/ros2_ws/install/self_driving:/opt/ros/humble /usr/bin/cmake --build /home/an/an_ws/build/rtf_lds_driver -- -j4 -l4
[0.553s] [100%] Built target hlds_laser_publisher
[0.656s] Invoked command in '/home/an/an_ws/build/rtf_lds_driver' returned '0': CMAKE_PREFIX_PATH=${CMAKE_PREFIX_PATH}:/home/an/ros2_ws/install/self_driving:/opt/ros/humble /usr/bin/cmake --build /home/an/an_ws/build/rtf_lds_driver -- -j4 -l4
[1.120s] Invoking command in '/home/an/an_ws/build/rtf_lds_driver': CMAKE_PREFIX_PATH=${CMAKE_PREFIX_PATH}:/home/an/ros2_ws/install/self_driving:/opt/ros/humble /usr/bin/cmake --install /home/an/an_ws/build/rtf_lds_driver
[1.129s] -- Install configuration: ""
[1.148s] -- Up-to-date: /home/an/an_ws/install/rtf_lds_driver/share/rtf_lds_driver/launch
[1.149s] -- Up-to-date: /home/an/an_ws/install/rtf_lds_driver/share/rtf_lds_driver/launch/hlds_laser.launch.py
[1.149s] -- Up-to-date: /home/an/an_ws/install/rtf_lds_driver/share/rtf_lds_driver/launch/view_hlds_laser.launch.py
[1.150s] -- Up-to-date: /home/an/an_ws/install/rtf_lds_driver/share/rtf_lds_driver/rviz
[1.150s] -- Up-to-date: /home/an/an_ws/install/rtf_lds_driver/share/rtf_lds_driver/rviz/hlds_laser.rviz
[1.151s] -- Up-to-date: /home/an/an_ws/install/rtf_lds_driver/lib/rtf_lds_driver/hlds_laser_publisher
[1.151s] -- Up-to-date: /home/an/an_ws/install/rtf_lds_driver/share/ament_index/resource_index/package_run_dependencies/rtf_lds_driver
[1.152s] -- Up-to-date: /home/an/an_ws/install/rtf_lds_driver/share/ament_index/resource_index/parent_prefix_path/rtf_lds_driver
[1.158s] -- Up-to-date: /home/an/an_ws/install/rtf_lds_driver/share/rtf_lds_driver/environment/ament_prefix_path.sh
[1.159s] -- Up-to-date: /home/an/an_ws/install/rtf_lds_driver/share/rtf_lds_driver/environment/ament_prefix_path.dsv
[1.160s] -- Up-to-date: /home/an/an_ws/install/rtf_lds_driver/share/rtf_lds_driver/environment/path.sh
[1.160s] -- Up-to-date: /home/an/an_ws/install/rtf_lds_driver/share/rtf_lds_driver/environment/path.dsv
[1.161s] -- Up-to-date: /home/an/an_ws/install/rtf_lds_driver/share/rtf_lds_driver/local_setup.bash
[1.161s] -- Up-to-date: /home/an/an_ws/install/rtf_lds_driver/share/rtf_lds_driver/local_setup.sh
[1.162s] -- Up-to-date: /home/an/an_ws/install/rtf_lds_driver/share/rtf_lds_driver/local_setup.zsh
[1.162s] -- Up-to-date: /home/an/an_ws/install/rtf_lds_driver/share/rtf_lds_driver/local_setup.dsv
[1.163s] -- Installing: /home/an/an_ws/install/rtf_lds_driver/share/rtf_lds_driver/package.dsv
[1.163s] -- Up-to-date: /home/an/an_ws/install/rtf_lds_driver/share/ament_index/resource_index/packages/rtf_lds_driver
[1.172s] -- Up-to-date: /home/an/an_ws/install/rtf_lds_driver/share/rtf_lds_driver/cmake/ament_cmake_export_dependencies-extras.cmake
[1.173s] -- Up-to-date: /home/an/an_ws/install/rtf_lds_driver/share/rtf_lds_driver/cmake/ament_cmake_export_include_directories-extras.cmake
[1.173s] -- Up-to-date: /home/an/an_ws/install/rtf_lds_driver/share/rtf_lds_driver/cmake/rtf_lds_driverConfig.cmake
[1.174s] -- Up-to-date: /home/an/an_ws/install/rtf_lds_driver/share/rtf_lds_driver/cmake/rtf_lds_driverConfig-version.cmake
[1.174s] -- Up-to-date: /home/an/an_ws/install/rtf_lds_driver/share/rtf_lds_driver/package.xml
[1.286s] Invoked command in '/home/an/an_ws/build/rtf_lds_driver' returned '0': CMAKE_PREFIX_PATH=${CMAKE_PREFIX_PATH}:/home/an/ros2_ws/install/self_driving:/opt/ros/humble /usr/bin/cmake --install /home/an/an_ws/build/rtf_lds_driver
