[0.081s] Invoking command in '/home/an/an_ws/build/turtlebot3_description': CMAKE_PREFIX_PATH=${CMAKE_PREFIX_PATH}:/home/an/ros2_ws/install/self_driving:/opt/ros/humble /usr/bin/cmake --build /home/an/an_ws/build/turtlebot3_description -- -j4 -l4
[0.224s] Invoked command in '/home/an/an_ws/build/turtlebot3_description' returned '0': CMAKE_PREFIX_PATH=${CMAKE_PREFIX_PATH}:/home/an/ros2_ws/install/self_driving:/opt/ros/humble /usr/bin/cmake --build /home/an/an_ws/build/turtlebot3_description -- -j4 -l4
[0.326s] Invoking command in '/home/an/an_ws/build/turtlebot3_description': CMAKE_PREFIX_PATH=${CMAKE_PREFIX_PATH}:/home/an/ros2_ws/install/self_driving:/opt/ros/humble /usr/bin/cmake --install /home/an/an_ws/build/turtlebot3_description
[0.352s] -- Install configuration: ""
[0.352s] -- Up-to-date: /home/an/an_ws/install/turtlebot3_description/share/turtlebot3_description/meshes
[0.353s] -- Up-to-date: /home/an/an_ws/install/turtlebot3_description/share/turtlebot3_description/meshes/lidar_link.stl
[0.354s] -- Up-to-date: /home/an/an_ws/install/turtlebot3_description/share/turtlebot3_description/meshes/base_link.stl
[0.354s] -- Up-to-date: /home/an/an_ws/install/turtlebot3_description/share/turtlebot3_description/meshes/imu_link.stl
[0.355s] -- Up-to-date: /home/an/an_ws/install/turtlebot3_description/share/turtlebot3_description/meshes/wheel_right_link.stl
[0.355s] -- Up-to-date: /home/an/an_ws/install/turtlebot3_description/share/turtlebot3_description/meshes/caster_back_left_link.stl
[0.356s] -- Up-to-date: /home/an/an_ws/install/turtlebot3_description/share/turtlebot3_description/meshes/r200_link.dae
[0.356s] -- Up-to-date: /home/an/an_ws/install/turtlebot3_description/share/turtlebot3_description/meshes/caster_back_right_link.stl
[0.357s] -- Up-to-date: /home/an/an_ws/install/turtlebot3_description/share/turtlebot3_description/meshes/TB3-RPi-camera-mount.stl
[0.357s] -- Up-to-date: /home/an/an_ws/install/turtlebot3_description/share/turtlebot3_description/meshes/wheel_left_link.stl
[0.358s] -- Up-to-date: /home/an/an_ws/install/turtlebot3_description/share/turtlebot3_description/meshes/pi_cam_v3_link.stl
[0.358s] -- Up-to-date: /home/an/an_ws/install/turtlebot3_description/share/turtlebot3_description/urdf
[0.358s] -- Up-to-date: /home/an/an_ws/install/turtlebot3_description/share/turtlebot3_description/urdf/turtlebot3.gazebo.xacro
[0.359s] -- Up-to-date: /home/an/an_ws/install/turtlebot3_description/share/turtlebot3_description/urdf/gazebo_control.xacro
[0.359s] -- Up-to-date: /home/an/an_ws/install/turtlebot3_description/share/turtlebot3_description/urdf/turtlebot3.urdf.xacro
[0.360s] -- Up-to-date: /home/an/an_ws/install/turtlebot3_description/share/turtlebot3_description/urdf/turtlebot3_ros2_control.xacro
[0.360s] -- Up-to-date: /home/an/an_ws/install/turtlebot3_description/share/turtlebot3_description/urdf/common_properties.xacro
[0.361s] -- Up-to-date: /home/an/an_ws/install/turtlebot3_description/share/turtlebot3_description/launch
[0.361s] -- Up-to-date: /home/an/an_ws/install/turtlebot3_description/share/turtlebot3_description/launch/robot_state_publisher.launch.py
[0.362s] -- Up-to-date: /home/an/an_ws/install/turtlebot3_description/share/turtlebot3_description/launch/gzserver.launch.py
[0.362s] -- Up-to-date: /home/an/an_ws/install/turtlebot3_description/share/turtlebot3_description/launch/display.launch.py
[0.362s] -- Up-to-date: /home/an/an_ws/install/turtlebot3_description/share/turtlebot3_description/launch/gazebo.launch.py
[0.363s] -- Up-to-date: /home/an/an_ws/install/turtlebot3_description/share/turtlebot3_description/rviz
[0.364s] -- Up-to-date: /home/an/an_ws/install/turtlebot3_description/share/turtlebot3_description/rviz/main.rviz
[0.364s] -- Up-to-date: /home/an/an_ws/install/turtlebot3_description/share/turtlebot3_description/rviz/display.rviz
[0.365s] -- Up-to-date: /home/an/an_ws/install/turtlebot3_description/share/turtlebot3_description/rviz/control.rviz
[0.365s] -- Up-to-date: /home/an/an_ws/install/turtlebot3_description/share/turtlebot3_description/gazebo_world
[0.365s] -- Up-to-date: /home/an/an_ws/install/turtlebot3_description/share/turtlebot3_description/gazebo_world/big_corridor
[0.366s] -- Up-to-date: /home/an/an_ws/install/turtlebot3_description/share/turtlebot3_description/gazebo_world/test_big_corridor
[0.366s] -- Up-to-date: /home/an/an_ws/install/turtlebot3_description/share/turtlebot3_description/gazebo_world/test_maze
[0.367s] -- Up-to-date: /home/an/an_ws/install/turtlebot3_description/share/turtlebot3_description/gazebo_world/maze
[0.367s] -- Up-to-date: /home/an/an_ws/install/turtlebot3_description/share/turtlebot3_description/gazebo_world/real_corridor
[0.368s] -- Up-to-date: /home/an/an_ws/install/turtlebot3_description/share/turtlebot3_description/gazebo_world/play_ground
[0.368s] -- Up-to-date: /home/an/an_ws/install/turtlebot3_description/share/turtlebot3_description/gazebo_world/room_4x4
[0.369s] -- Up-to-date: /home/an/an_ws/install/turtlebot3_description/share/turtlebot3_description/gazebo_world/small_corridor
[0.369s] -- Up-to-date: /home/an/an_ws/install/turtlebot3_description/share/turtlebot3_description/models
[0.369s] -- Up-to-date: /home/an/an_ws/install/turtlebot3_description/share/turtlebot3_description/models/sun
[0.371s] -- Up-to-date: /home/an/an_ws/install/turtlebot3_description/share/turtlebot3_description/models/sun/model.sdf
[0.371s] -- Up-to-date: /home/an/an_ws/install/turtlebot3_description/share/turtlebot3_description/models/sun/model.config
[0.372s] -- Up-to-date: /home/an/an_ws/install/turtlebot3_description/share/turtlebot3_description/models/sun/model-1_4.sdf
[0.372s] -- Up-to-date: /home/an/an_ws/install/turtlebot3_description/share/turtlebot3_description/models/sun/model-1_3.sdf
[0.373s] -- Up-to-date: /home/an/an_ws/install/turtlebot3_description/share/turtlebot3_description/models/sun/model-1_2.sdf
[0.373s] -- Up-to-date: /home/an/an_ws/install/turtlebot3_description/share/turtlebot3_description/models/ground_plane
[0.374s] -- Up-to-date: /home/an/an_ws/install/turtlebot3_description/share/turtlebot3_description/models/ground_plane/model.sdf
[0.374s] -- Up-to-date: /home/an/an_ws/install/turtlebot3_description/share/turtlebot3_description/models/ground_plane/model.config
[0.375s] -- Up-to-date: /home/an/an_ws/install/turtlebot3_description/share/turtlebot3_description/models/ground_plane/model-1_4.sdf
[0.377s] -- Up-to-date: /home/an/an_ws/install/turtlebot3_description/share/turtlebot3_description/models/ground_plane/model-1_3.sdf
[0.379s] -- Up-to-date: /home/an/an_ws/install/turtlebot3_description/share/turtlebot3_description/models/ground_plane/model-1_2.sdf
[0.380s] -- Up-to-date: /home/an/an_ws/install/turtlebot3_description/share/ament_index/resource_index/package_run_dependencies/turtlebot3_description
[0.380s] -- Up-to-date: /home/an/an_ws/install/turtlebot3_description/share/ament_index/resource_index/parent_prefix_path/turtlebot3_description
[0.381s] -- Up-to-date: /home/an/an_ws/install/turtlebot3_description/share/turtlebot3_description/environment/ament_prefix_path.sh
[0.381s] -- Up-to-date: /home/an/an_ws/install/turtlebot3_description/share/turtlebot3_description/environment/ament_prefix_path.dsv
[0.381s] -- Up-to-date: /home/an/an_ws/install/turtlebot3_description/share/turtlebot3_description/environment/path.sh
[0.382s] -- Up-to-date: /home/an/an_ws/install/turtlebot3_description/share/turtlebot3_description/environment/path.dsv
[0.383s] -- Up-to-date: /home/an/an_ws/install/turtlebot3_description/share/turtlebot3_description/local_setup.bash
[0.383s] -- Up-to-date: /home/an/an_ws/install/turtlebot3_description/share/turtlebot3_description/local_setup.sh
[0.384s] -- Up-to-date: /home/an/an_ws/install/turtlebot3_description/share/turtlebot3_description/local_setup.zsh
[0.384s] -- Up-to-date: /home/an/an_ws/install/turtlebot3_description/share/turtlebot3_description/local_setup.dsv
[0.385s] -- Installing: /home/an/an_ws/install/turtlebot3_description/share/turtlebot3_description/package.dsv
[0.385s] -- Up-to-date: /home/an/an_ws/install/turtlebot3_description/share/ament_index/resource_index/packages/turtlebot3_description
[0.386s] -- Up-to-date: /home/an/an_ws/install/turtlebot3_description/share/turtlebot3_description/cmake/turtlebot3_descriptionConfig.cmake
[0.386s] -- Up-to-date: /home/an/an_ws/install/turtlebot3_description/share/turtlebot3_description/cmake/turtlebot3_descriptionConfig-version.cmake
[0.387s] -- Up-to-date: /home/an/an_ws/install/turtlebot3_description/share/turtlebot3_description/package.xml
[0.387s] Invoked command in '/home/an/an_ws/build/turtlebot3_description' returned '0': CMAKE_PREFIX_PATH=${CMAKE_PREFIX_PATH}:/home/an/ros2_ws/install/self_driving:/opt/ros/humble /usr/bin/cmake --install /home/an/an_ws/build/turtlebot3_description
