[0.132s] Invoking command in '/home/an/an_ws/build/turtlebot3_description': CMAKE_PREFIX_PATH=${CMAKE_PREFIX_PATH}:/home/an/ros2_ws/install/self_driving:/opt/ros/humble /usr/bin/cmake --build /home/an/an_ws/build/turtlebot3_description -- -j4 -l4
[0.393s] Invoked command in '/home/an/an_ws/build/turtlebot3_description' returned '0': CMAKE_PREFIX_PATH=${CMAKE_PREFIX_PATH}:/home/an/ros2_ws/install/self_driving:/opt/ros/humble /usr/bin/cmake --build /home/an/an_ws/build/turtlebot3_description -- -j4 -l4
[0.509s] Invoking command in '/home/an/an_ws/build/turtlebot3_description': CMAKE_PREFIX_PATH=${CMAKE_PREFIX_PATH}:/home/an/ros2_ws/install/self_driving:/opt/ros/humble /usr/bin/cmake --install /home/an/an_ws/build/turtlebot3_description
[0.539s] -- Install configuration: ""
[0.542s] -- Up-to-date: /home/an/an_ws/install/turtlebot3_description/share/turtlebot3_description/meshes
[0.545s] -- Up-to-date: /home/an/an_ws/install/turtlebot3_description/share/turtlebot3_description/meshes/lidar_link.stl
[0.547s] -- Up-to-date: /home/an/an_ws/install/turtlebot3_description/share/turtlebot3_description/meshes/base_link.stl
[0.550s] -- Up-to-date: /home/an/an_ws/install/turtlebot3_description/share/turtlebot3_description/meshes/imu_link.stl
[0.553s] -- Up-to-date: /home/an/an_ws/install/turtlebot3_description/share/turtlebot3_description/meshes/wheel_right_link.stl
[0.554s] -- Up-to-date: /home/an/an_ws/install/turtlebot3_description/share/turtlebot3_description/meshes/caster_back_left_link.stl
[0.554s] -- Up-to-date: /home/an/an_ws/install/turtlebot3_description/share/turtlebot3_description/meshes/r200_link.dae
[0.554s] -- Up-to-date: /home/an/an_ws/install/turtlebot3_description/share/turtlebot3_description/meshes/caster_back_right_link.stl
[0.556s] -- Up-to-date: /home/an/an_ws/install/turtlebot3_description/share/turtlebot3_description/meshes/TB3-RPi-camera-mount.stl
[0.557s] -- Up-to-date: /home/an/an_ws/install/turtlebot3_description/share/turtlebot3_description/meshes/wheel_left_link.stl
[0.558s] -- Up-to-date: /home/an/an_ws/install/turtlebot3_description/share/turtlebot3_description/meshes/pi_cam_v3_link.stl
[0.572s] -- Up-to-date: /home/an/an_ws/install/turtlebot3_description/share/turtlebot3_description/urdf
[0.574s] -- Up-to-date: /home/an/an_ws/install/turtlebot3_description/share/turtlebot3_description/urdf/turtlebot3.gazebo.xacro
[0.574s] -- Up-to-date: /home/an/an_ws/install/turtlebot3_description/share/turtlebot3_description/urdf/gazebo_control.xacro
[0.575s] -- Up-to-date: /home/an/an_ws/install/turtlebot3_description/share/turtlebot3_description/urdf/turtlebot3.urdf.xacro
[0.575s] -- Up-to-date: /home/an/an_ws/install/turtlebot3_description/share/turtlebot3_description/urdf/turtlebot3_ros2_control.xacro
[0.576s] -- Up-to-date: /home/an/an_ws/install/turtlebot3_description/share/turtlebot3_description/urdf/common_properties.xacro
[0.576s] -- Up-to-date: /home/an/an_ws/install/turtlebot3_description/share/turtlebot3_description/launch
[0.577s] -- Up-to-date: /home/an/an_ws/install/turtlebot3_description/share/turtlebot3_description/launch/robot_state_publisher.launch.py
[0.577s] -- Up-to-date: /home/an/an_ws/install/turtlebot3_description/share/turtlebot3_description/launch/gzserver.launch.py
[0.578s] -- Up-to-date: /home/an/an_ws/install/turtlebot3_description/share/turtlebot3_description/launch/display.launch.py
[0.579s] -- Up-to-date: /home/an/an_ws/install/turtlebot3_description/share/turtlebot3_description/launch/gazebo.launch.py
[0.581s] -- Up-to-date: /home/an/an_ws/install/turtlebot3_description/share/turtlebot3_description/rviz
[0.583s] -- Up-to-date: /home/an/an_ws/install/turtlebot3_description/share/turtlebot3_description/rviz/main.rviz
[0.583s] -- Up-to-date: /home/an/an_ws/install/turtlebot3_description/share/turtlebot3_description/rviz/display.rviz
[0.584s] -- Up-to-date: /home/an/an_ws/install/turtlebot3_description/share/turtlebot3_description/rviz/control.rviz
[0.584s] -- Up-to-date: /home/an/an_ws/install/turtlebot3_description/share/turtlebot3_description/gazebo_world
[0.585s] -- Up-to-date: /home/an/an_ws/install/turtlebot3_description/share/turtlebot3_description/gazebo_world/big_corridor
[0.585s] -- Up-to-date: /home/an/an_ws/install/turtlebot3_description/share/turtlebot3_description/gazebo_world/test_big_corridor
[0.586s] -- Up-to-date: /home/an/an_ws/install/turtlebot3_description/share/turtlebot3_description/gazebo_world/test_maze
[0.586s] -- Up-to-date: /home/an/an_ws/install/turtlebot3_description/share/turtlebot3_description/gazebo_world/maze
[0.586s] -- Up-to-date: /home/an/an_ws/install/turtlebot3_description/share/turtlebot3_description/gazebo_world/real_corridor
[0.587s] -- Up-to-date: /home/an/an_ws/install/turtlebot3_description/share/turtlebot3_description/gazebo_world/play_ground
[0.587s] -- Up-to-date: /home/an/an_ws/install/turtlebot3_description/share/turtlebot3_description/gazebo_world/room_4x4
[0.587s] -- Up-to-date: /home/an/an_ws/install/turtlebot3_description/share/turtlebot3_description/gazebo_world/small_corridor
[0.588s] -- Up-to-date: /home/an/an_ws/install/turtlebot3_description/share/turtlebot3_description/models
[0.588s] -- Up-to-date: /home/an/an_ws/install/turtlebot3_description/share/turtlebot3_description/models/sun
[0.588s] -- Up-to-date: /home/an/an_ws/install/turtlebot3_description/share/turtlebot3_description/models/sun/model.sdf
[0.589s] -- Up-to-date: /home/an/an_ws/install/turtlebot3_description/share/turtlebot3_description/models/sun/model.config
[0.589s] -- Up-to-date: /home/an/an_ws/install/turtlebot3_description/share/turtlebot3_description/models/sun/model-1_4.sdf
[0.589s] -- Up-to-date: /home/an/an_ws/install/turtlebot3_description/share/turtlebot3_description/models/sun/model-1_3.sdf
[0.590s] -- Up-to-date: /home/an/an_ws/install/turtlebot3_description/share/turtlebot3_description/models/sun/model-1_2.sdf
[0.590s] -- Up-to-date: /home/an/an_ws/install/turtlebot3_description/share/turtlebot3_description/models/ground_plane
[0.591s] -- Up-to-date: /home/an/an_ws/install/turtlebot3_description/share/turtlebot3_description/models/ground_plane/model.sdf
[0.602s] -- Up-to-date: /home/an/an_ws/install/turtlebot3_description/share/turtlebot3_description/models/ground_plane/model.config
[0.603s] -- Up-to-date: /home/an/an_ws/install/turtlebot3_description/share/turtlebot3_description/models/ground_plane/model-1_4.sdf
[0.603s] -- Up-to-date: /home/an/an_ws/install/turtlebot3_description/share/turtlebot3_description/models/ground_plane/model-1_3.sdf
[0.604s] -- Up-to-date: /home/an/an_ws/install/turtlebot3_description/share/turtlebot3_description/models/ground_plane/model-1_2.sdf
[0.604s] -- Up-to-date: /home/an/an_ws/install/turtlebot3_description/share/ament_index/resource_index/package_run_dependencies/turtlebot3_description
[0.604s] -- Up-to-date: /home/an/an_ws/install/turtlebot3_description/share/ament_index/resource_index/parent_prefix_path/turtlebot3_description
[0.605s] -- Up-to-date: /home/an/an_ws/install/turtlebot3_description/share/turtlebot3_description/environment/ament_prefix_path.sh
[0.605s] -- Up-to-date: /home/an/an_ws/install/turtlebot3_description/share/turtlebot3_description/environment/ament_prefix_path.dsv
[0.606s] -- Up-to-date: /home/an/an_ws/install/turtlebot3_description/share/turtlebot3_description/environment/path.sh
[0.606s] -- Up-to-date: /home/an/an_ws/install/turtlebot3_description/share/turtlebot3_description/environment/path.dsv
[0.606s] -- Up-to-date: /home/an/an_ws/install/turtlebot3_description/share/turtlebot3_description/local_setup.bash
[0.607s] -- Up-to-date: /home/an/an_ws/install/turtlebot3_description/share/turtlebot3_description/local_setup.sh
[0.612s] -- Up-to-date: /home/an/an_ws/install/turtlebot3_description/share/turtlebot3_description/local_setup.zsh
[0.613s] -- Up-to-date: /home/an/an_ws/install/turtlebot3_description/share/turtlebot3_description/local_setup.dsv
[0.613s] -- Installing: /home/an/an_ws/install/turtlebot3_description/share/turtlebot3_description/package.dsv
[0.614s] -- Up-to-date: /home/an/an_ws/install/turtlebot3_description/share/ament_index/resource_index/packages/turtlebot3_description
[0.614s] -- Up-to-date: /home/an/an_ws/install/turtlebot3_description/share/turtlebot3_description/cmake/turtlebot3_descriptionConfig.cmake
[0.615s] -- Up-to-date: /home/an/an_ws/install/turtlebot3_description/share/turtlebot3_description/cmake/turtlebot3_descriptionConfig-version.cmake
[0.615s] -- Up-to-date: /home/an/an_ws/install/turtlebot3_description/share/turtlebot3_description/package.xml
[0.616s] Invoked command in '/home/an/an_ws/build/turtlebot3_description' returned '0': CMAKE_PREFIX_PATH=${CMAKE_PREFIX_PATH}:/home/an/ros2_ws/install/self_driving:/opt/ros/humble /usr/bin/cmake --install /home/an/an_ws/build/turtlebot3_description
