[0.115s] Invoking command in '/home/an/an_ws/build/rtf_lds_driver': CMAKE_PREFIX_PATH=${CMAKE_PREFIX_PATH}:/home/an/ros2_ws/install/self_driving:/opt/ros/humble /usr/bin/cmake --build /home/an/an_ws/build/rtf_lds_driver -- -j4 -l4
[0.388s] [35m[1mConsolidate compiler generated dependencies of target hlds_laser_publisher[0m
[0.623s] [100%] Built target hlds_laser_publisher
[0.671s] Invoked command in '/home/an/an_ws/build/rtf_lds_driver' returned '0': CMAKE_PREFIX_PATH=${CMAKE_PREFIX_PATH}:/home/an/ros2_ws/install/self_driving:/opt/ros/humble /usr/bin/cmake --build /home/an/an_ws/build/rtf_lds_driver -- -j4 -l4
[0.882s] Invoking command in '/home/an/an_ws/build/rtf_lds_driver': CMAKE_PREFIX_PATH=${CMAKE_PREFIX_PATH}:/home/an/ros2_ws/install/self_driving:/opt/ros/humble /usr/bin/cmake --install /home/an/an_ws/build/rtf_lds_driver
[0.945s] -- Install configuration: ""
[0.946s] -- Up-to-date: /home/an/an_ws/install/rtf_lds_driver/share/rtf_lds_driver/launch
[0.949s] -- Up-to-date: /home/an/an_ws/install/rtf_lds_driver/share/rtf_lds_driver/launch/hlds_laser.launch.py
[0.950s] -- Up-to-date: /home/an/an_ws/install/rtf_lds_driver/share/rtf_lds_driver/launch/view_hlds_laser.launch.py
[0.954s] -- Up-to-date: /home/an/an_ws/install/rtf_lds_driver/share/rtf_lds_driver/rviz
[0.955s] -- Up-to-date: /home/an/an_ws/install/rtf_lds_driver/share/rtf_lds_driver/rviz/hlds_laser.rviz
[0.959s] -- Up-to-date: /home/an/an_ws/install/rtf_lds_driver/lib/rtf_lds_driver/hlds_laser_publisher
[0.961s] -- Up-to-date: /home/an/an_ws/install/rtf_lds_driver/share/ament_index/resource_index/package_run_dependencies/rtf_lds_driver
[0.961s] -- Up-to-date: /home/an/an_ws/install/rtf_lds_driver/share/ament_index/resource_index/parent_prefix_path/rtf_lds_driver
[0.962s] -- Up-to-date: /home/an/an_ws/install/rtf_lds_driver/share/rtf_lds_driver/environment/ament_prefix_path.sh
[0.963s] -- Up-to-date: /home/an/an_ws/install/rtf_lds_driver/share/rtf_lds_driver/environment/ament_prefix_path.dsv
[0.964s] -- Up-to-date: /home/an/an_ws/install/rtf_lds_driver/share/rtf_lds_driver/environment/path.sh
[0.965s] -- Up-to-date: /home/an/an_ws/install/rtf_lds_driver/share/rtf_lds_driver/environment/path.dsv
[0.966s] -- Up-to-date: /home/an/an_ws/install/rtf_lds_driver/share/rtf_lds_driver/local_setup.bash
[0.966s] -- Up-to-date: /home/an/an_ws/install/rtf_lds_driver/share/rtf_lds_driver/local_setup.sh
[0.967s] -- Up-to-date: /home/an/an_ws/install/rtf_lds_driver/share/rtf_lds_driver/local_setup.zsh
[0.968s] -- Up-to-date: /home/an/an_ws/install/rtf_lds_driver/share/rtf_lds_driver/local_setup.dsv
[0.969s] -- Installing: /home/an/an_ws/install/rtf_lds_driver/share/rtf_lds_driver/package.dsv
[0.971s] -- Up-to-date: /home/an/an_ws/install/rtf_lds_driver/share/ament_index/resource_index/packages/rtf_lds_driver
[0.971s] -- Up-to-date: /home/an/an_ws/install/rtf_lds_driver/share/rtf_lds_driver/cmake/ament_cmake_export_dependencies-extras.cmake
[0.972s] -- Up-to-date: /home/an/an_ws/install/rtf_lds_driver/share/rtf_lds_driver/cmake/ament_cmake_export_include_directories-extras.cmake
[0.973s] -- Up-to-date: /home/an/an_ws/install/rtf_lds_driver/share/rtf_lds_driver/cmake/rtf_lds_driverConfig.cmake
[0.973s] -- Up-to-date: /home/an/an_ws/install/rtf_lds_driver/share/rtf_lds_driver/cmake/rtf_lds_driverConfig-version.cmake
[0.974s] -- Up-to-date: /home/an/an_ws/install/rtf_lds_driver/share/rtf_lds_driver/package.xml
[1.086s] Invoked command in '/home/an/an_ws/build/rtf_lds_driver' returned '0': CMAKE_PREFIX_PATH=${CMAKE_PREFIX_PATH}:/home/an/ros2_ws/install/self_driving:/opt/ros/humble /usr/bin/cmake --install /home/an/an_ws/build/rtf_lds_driver
