[0.123s] Invoking command in '/home/an/an_ws/build/turtlebot3_controller': CMAKE_PREFIX_PATH=${CMAKE_PREFIX_PATH}:/home/an/ros2_ws/install/self_driving:/opt/ros/humble /usr/bin/cmake --build /home/an/an_ws/build/turtlebot3_controller -- -j4 -l4
[0.632s] [100%] Built target odom_publisher
[0.747s] Invoked command in '/home/an/an_ws/build/turtlebot3_controller' returned '0': CMAKE_PREFIX_PATH=${CMAKE_PREFIX_PATH}:/home/an/ros2_ws/install/self_driving:/opt/ros/humble /usr/bin/cmake --build /home/an/an_ws/build/turtlebot3_controller -- -j4 -l4
[1.279s] Invoking command in '/home/an/an_ws/build/turtlebot3_controller': CMAKE_PREFIX_PATH=${CMAKE_PREFIX_PATH}:/home/an/ros2_ws/install/self_driving:/opt/ros/humble /usr/bin/cmake --install /home/an/an_ws/build/turtlebot3_controller
[1.360s] -- Install configuration: ""
[1.362s] -- Up-to-date: /home/an/an_ws/install/turtlebot3_controller/include/include
[1.363s] -- Up-to-date: /home/an/an_ws/install/turtlebot3_controller/include/include/turtlebot3_controller
[1.364s] -- Up-to-date: /home/an/an_ws/install/turtlebot3_controller/include/include/turtlebot3_controller/odom_publisher.hpp
[1.370s] -- Up-to-date: /home/an/an_ws/install/turtlebot3_controller/lib/turtlebot3_controller/odom_publisher
[1.377s] -- Up-to-date: /home/an/an_ws/install/turtlebot3_controller/share/turtlebot3_controller/config
[1.377s] -- Up-to-date: /home/an/an_ws/install/turtlebot3_controller/share/turtlebot3_controller/config/gazebo_ros2_ctl_use_sim.yaml
[1.380s] -- Up-to-date: /home/an/an_ws/install/turtlebot3_controller/share/turtlebot3_controller/config/ekf_old.yaml
[1.381s] -- Installing: /home/an/an_ws/install/turtlebot3_controller/share/turtlebot3_controller/config/controller.yaml
[1.382s] -- Up-to-date: /home/an/an_ws/install/turtlebot3_controller/share/turtlebot3_controller/config/ekf.yaml
[1.383s] -- Up-to-date: /home/an/an_ws/install/turtlebot3_controller/share/turtlebot3_controller/launch
[1.383s] -- Up-to-date: /home/an/an_ws/install/turtlebot3_controller/share/turtlebot3_controller/launch/diff_drive_controller.launch.py
[1.384s] -- Up-to-date: /home/an/an_ws/install/turtlebot3_controller/share/turtlebot3_controller/launch/launch_robot_controller.launch.py
[1.385s] -- Up-to-date: /home/an/an_ws/install/turtlebot3_controller/share/turtlebot3_controller/launch/tb3_bringup.launch.py
[1.386s] -- Up-to-date: /home/an/an_ws/install/turtlebot3_controller/share/turtlebot3_controller/launch/test.py
[1.386s] -- Up-to-date: /home/an/an_ws/install/turtlebot3_controller/share/ament_index/resource_index/package_run_dependencies/turtlebot3_controller
[1.387s] -- Up-to-date: /home/an/an_ws/install/turtlebot3_controller/share/ament_index/resource_index/parent_prefix_path/turtlebot3_controller
[1.388s] -- Up-to-date: /home/an/an_ws/install/turtlebot3_controller/share/turtlebot3_controller/environment/ament_prefix_path.sh
[1.388s] -- Up-to-date: /home/an/an_ws/install/turtlebot3_controller/share/turtlebot3_controller/environment/ament_prefix_path.dsv
[1.389s] -- Up-to-date: /home/an/an_ws/install/turtlebot3_controller/share/turtlebot3_controller/environment/path.sh
[1.390s] -- Up-to-date: /home/an/an_ws/install/turtlebot3_controller/share/turtlebot3_controller/environment/path.dsv
[1.391s] -- Up-to-date: /home/an/an_ws/install/turtlebot3_controller/share/turtlebot3_controller/local_setup.bash
[1.396s] -- Up-to-date: /home/an/an_ws/install/turtlebot3_controller/share/turtlebot3_controller/local_setup.sh
[1.398s] -- Up-to-date: /home/an/an_ws/install/turtlebot3_controller/share/turtlebot3_controller/local_setup.zsh
[1.404s] -- Up-to-date: /home/an/an_ws/install/turtlebot3_controller/share/turtlebot3_controller/local_setup.dsv
[1.406s] -- Installing: /home/an/an_ws/install/turtlebot3_controller/share/turtlebot3_controller/package.dsv
[1.407s] -- Up-to-date: /home/an/an_ws/install/turtlebot3_controller/share/ament_index/resource_index/packages/turtlebot3_controller
[1.428s] -- Up-to-date: /home/an/an_ws/install/turtlebot3_controller/share/turtlebot3_controller/cmake/turtlebot3_controllerConfig.cmake
[1.429s] -- Up-to-date: /home/an/an_ws/install/turtlebot3_controller/share/turtlebot3_controller/cmake/turtlebot3_controllerConfig-version.cmake
[1.429s] -- Up-to-date: /home/an/an_ws/install/turtlebot3_controller/share/turtlebot3_controller/package.xml
[1.448s] Invoked command in '/home/an/an_ws/build/turtlebot3_controller' returned '0': CMAKE_PREFIX_PATH=${CMAKE_PREFIX_PATH}:/home/an/ros2_ws/install/self_driving:/opt/ros/humble /usr/bin/cmake --install /home/an/an_ws/build/turtlebot3_controller
