[0.442s] DEBUG:colcon:Command line arguments: ['/usr/bin/colcon', 'build']
[0.442s] DEBUG:colcon:Parsed command line arguments: Namespace(log_base=None, log_level=None, verb_name='build', build_base='build', install_base='install', merge_install=False, symlink_install=False, test_result_base=None, continue_on_error=False, executor='parallel', parallel_workers=4, event_handlers=None, ignore_user_meta=False, metas=['./colcon.meta'], base_paths=['.'], packages_ignore=None, packages_ignore_regex=None, paths=None, packages_up_to=None, packages_up_to_regex=None, packages_above=None, packages_above_and_dependencies=None, packages_above_depth=None, packages_select_by_dep=None, packages_skip_by_dep=None, packages_skip_up_to=None, packages_select_build_failed=False, packages_skip_build_finished=False, packages_select_test_failures=False, packages_skip_test_passed=False, packages_select=None, packages_skip=None, packages_select_regex=None, packages_skip_regex=None, packages_start=None, packages_end=None, allow_overriding=[], cmake_args=None, cmake_target=None, cmake_target_skip_unavailable=False, cmake_clean_cache=False, cmake_clean_first=False, cmake_force_configure=False, ament_cmake_args=None, catkin_cmake_args=None, catkin_skip_building_tests=False, verb_parser=<colcon_defaults.argument_parser.defaults.DefaultArgumentsDecorator object at 0xffffb7f0b3a0>, verb_extension=<colcon_core.verb.build.BuildVerb object at 0xffffb809bf10>, main=<bound method BuildVerb.main of <colcon_core.verb.build.BuildVerb object at 0xffffb809bf10>>)
[1.147s] Level 1:colcon.colcon_core.package_discovery:discover_packages(colcon_meta) check parameters
[1.148s] Level 1:colcon.colcon_core.package_discovery:discover_packages(recursive) check parameters
[1.148s] Level 1:colcon.colcon_core.package_discovery:discover_packages(ignore) check parameters
[1.148s] Level 1:colcon.colcon_core.package_discovery:discover_packages(path) check parameters
[1.148s] Level 1:colcon.colcon_core.package_discovery:discover_packages(colcon_meta) discover
[1.149s] Level 1:colcon.colcon_core.package_discovery:discover_packages(recursive) discover
[1.149s] INFO:colcon.colcon_core.package_discovery:Crawling recursively for packages in '/home/an/an_ws'
[1.150s] Level 1:colcon.colcon_core.package_identification:_identify(.) by extensions ['ignore', 'ignore_ament_install']
[1.151s] Level 1:colcon.colcon_core.package_identification:_identify(.) by extension 'ignore'
[1.151s] Level 1:colcon.colcon_core.package_identification:_identify(.) by extension 'ignore_ament_install'
[1.152s] Level 1:colcon.colcon_core.package_identification:_identify(.) by extensions ['colcon_pkg']
[1.152s] Level 1:colcon.colcon_core.package_identification:_identify(.) by extension 'colcon_pkg'
[1.152s] Level 1:colcon.colcon_core.package_identification:_identify(.) by extensions ['colcon_meta']
[1.152s] Level 1:colcon.colcon_core.package_identification:_identify(.) by extension 'colcon_meta'
[1.152s] Level 1:colcon.colcon_core.package_identification:_identify(.) by extensions ['ros']
[1.153s] Level 1:colcon.colcon_core.package_identification:_identify(.) by extension 'ros'
[1.199s] Level 1:colcon.colcon_core.package_identification:_identify(.) by extensions ['cmake', 'python']
[1.200s] Level 1:colcon.colcon_core.package_identification:_identify(.) by extension 'cmake'
[1.200s] Level 1:colcon.colcon_core.package_identification:_identify(.) by extension 'python'
[1.201s] Level 1:colcon.colcon_core.package_identification:_identify(.) by extensions ['python_setup_py']
[1.201s] Level 1:colcon.colcon_core.package_identification:_identify(.) by extension 'python_setup_py'
[1.201s] Level 1:colcon.colcon_core.package_identification:_identify(build) by extensions ['ignore', 'ignore_ament_install']
[1.202s] Level 1:colcon.colcon_core.package_identification:_identify(build) by extension 'ignore'
[1.202s] Level 1:colcon.colcon_core.package_identification:_identify(build) ignored
[1.203s] Level 1:colcon.colcon_core.package_identification:_identify(install) by extensions ['ignore', 'ignore_ament_install']
[1.203s] Level 1:colcon.colcon_core.package_identification:_identify(install) by extension 'ignore'
[1.204s] Level 1:colcon.colcon_core.package_identification:_identify(install) ignored
[1.204s] Level 1:colcon.colcon_core.package_identification:_identify(log) by extensions ['ignore', 'ignore_ament_install']
[1.205s] Level 1:colcon.colcon_core.package_identification:_identify(log) by extension 'ignore'
[1.205s] Level 1:colcon.colcon_core.package_identification:_identify(log) ignored
[1.205s] Level 1:colcon.colcon_core.package_identification:_identify(src) by extensions ['ignore', 'ignore_ament_install']
[1.206s] Level 1:colcon.colcon_core.package_identification:_identify(src) by extension 'ignore'
[1.206s] Level 1:colcon.colcon_core.package_identification:_identify(src) by extension 'ignore_ament_install'
[1.206s] Level 1:colcon.colcon_core.package_identification:_identify(src) by extensions ['colcon_pkg']
[1.206s] Level 1:colcon.colcon_core.package_identification:_identify(src) by extension 'colcon_pkg'
[1.206s] Level 1:colcon.colcon_core.package_identification:_identify(src) by extensions ['colcon_meta']
[1.207s] Level 1:colcon.colcon_core.package_identification:_identify(src) by extension 'colcon_meta'
[1.207s] Level 1:colcon.colcon_core.package_identification:_identify(src) by extensions ['ros']
[1.207s] Level 1:colcon.colcon_core.package_identification:_identify(src) by extension 'ros'
[1.207s] Level 1:colcon.colcon_core.package_identification:_identify(src) by extensions ['cmake', 'python']
[1.207s] Level 1:colcon.colcon_core.package_identification:_identify(src) by extension 'cmake'
[1.208s] Level 1:colcon.colcon_core.package_identification:_identify(src) by extension 'python'
[1.208s] Level 1:colcon.colcon_core.package_identification:_identify(src) by extensions ['python_setup_py']
[1.208s] Level 1:colcon.colcon_core.package_identification:_identify(src) by extension 'python_setup_py'
[1.208s] Level 1:colcon.colcon_core.package_identification:_identify(src/diffdrive_esp32) by extensions ['ignore', 'ignore_ament_install']
[1.209s] Level 1:colcon.colcon_core.package_identification:_identify(src/diffdrive_esp32) by extension 'ignore'
[1.209s] Level 1:colcon.colcon_core.package_identification:_identify(src/diffdrive_esp32) by extension 'ignore_ament_install'
[1.209s] Level 1:colcon.colcon_core.package_identification:_identify(src/diffdrive_esp32) by extensions ['colcon_pkg']
[1.209s] Level 1:colcon.colcon_core.package_identification:_identify(src/diffdrive_esp32) by extension 'colcon_pkg'
[1.210s] Level 1:colcon.colcon_core.package_identification:_identify(src/diffdrive_esp32) by extensions ['colcon_meta']
[1.210s] Level 1:colcon.colcon_core.package_identification:_identify(src/diffdrive_esp32) by extension 'colcon_meta'
[1.210s] Level 1:colcon.colcon_core.package_identification:_identify(src/diffdrive_esp32) by extensions ['ros']
[1.210s] Level 1:colcon.colcon_core.package_identification:_identify(src/diffdrive_esp32) by extension 'ros'
[1.226s] DEBUG:colcon.colcon_core.package_identification:Package 'src/diffdrive_esp32' with type 'ros.ament_cmake' and name 'diffdrive_esp32'
[1.226s] Level 1:colcon.colcon_core.package_identification:_identify(src/mpu6050) by extensions ['ignore', 'ignore_ament_install']
[1.227s] Level 1:colcon.colcon_core.package_identification:_identify(src/mpu6050) by extension 'ignore'
[1.227s] Level 1:colcon.colcon_core.package_identification:_identify(src/mpu6050) by extension 'ignore_ament_install'
[1.228s] Level 1:colcon.colcon_core.package_identification:_identify(src/mpu6050) by extensions ['colcon_pkg']
[1.228s] Level 1:colcon.colcon_core.package_identification:_identify(src/mpu6050) by extension 'colcon_pkg'
[1.228s] Level 1:colcon.colcon_core.package_identification:_identify(src/mpu6050) by extensions ['colcon_meta']
[1.228s] Level 1:colcon.colcon_core.package_identification:_identify(src/mpu6050) by extension 'colcon_meta'
[1.229s] Level 1:colcon.colcon_core.package_identification:_identify(src/mpu6050) by extensions ['ros']
[1.229s] Level 1:colcon.colcon_core.package_identification:_identify(src/mpu6050) by extension 'ros'
[1.232s] DEBUG:colcon.colcon_core.package_identification:Package 'src/mpu6050' with type 'ros.ament_cmake' and name 'mpu6050'
[1.233s] Level 1:colcon.colcon_core.package_identification:_identify(src/rtf_lds_lidar-master) by extensions ['ignore', 'ignore_ament_install']
[1.233s] Level 1:colcon.colcon_core.package_identification:_identify(src/rtf_lds_lidar-master) by extension 'ignore'
[1.234s] Level 1:colcon.colcon_core.package_identification:_identify(src/rtf_lds_lidar-master) by extension 'ignore_ament_install'
[1.234s] Level 1:colcon.colcon_core.package_identification:_identify(src/rtf_lds_lidar-master) by extensions ['colcon_pkg']
[1.234s] Level 1:colcon.colcon_core.package_identification:_identify(src/rtf_lds_lidar-master) by extension 'colcon_pkg'
[1.234s] Level 1:colcon.colcon_core.package_identification:_identify(src/rtf_lds_lidar-master) by extensions ['colcon_meta']
[1.234s] Level 1:colcon.colcon_core.package_identification:_identify(src/rtf_lds_lidar-master) by extension 'colcon_meta'
[1.235s] Level 1:colcon.colcon_core.package_identification:_identify(src/rtf_lds_lidar-master) by extensions ['ros']
[1.235s] Level 1:colcon.colcon_core.package_identification:_identify(src/rtf_lds_lidar-master) by extension 'ros'
[1.238s] DEBUG:colcon.colcon_core.package_identification:Package 'src/rtf_lds_lidar-master' with type 'ros.ament_cmake' and name 'rtf_lds_driver'
[1.239s] Level 1:colcon.colcon_core.package_identification:_identify(src/turtlebot3_controller) by extensions ['ignore', 'ignore_ament_install']
[1.240s] Level 1:colcon.colcon_core.package_identification:_identify(src/turtlebot3_controller) by extension 'ignore'
[1.240s] Level 1:colcon.colcon_core.package_identification:_identify(src/turtlebot3_controller) by extension 'ignore_ament_install'
[1.241s] Level 1:colcon.colcon_core.package_identification:_identify(src/turtlebot3_controller) by extensions ['colcon_pkg']
[1.241s] Level 1:colcon.colcon_core.package_identification:_identify(src/turtlebot3_controller) by extension 'colcon_pkg'
[1.241s] Level 1:colcon.colcon_core.package_identification:_identify(src/turtlebot3_controller) by extensions ['colcon_meta']
[1.241s] Level 1:colcon.colcon_core.package_identification:_identify(src/turtlebot3_controller) by extension 'colcon_meta'
[1.242s] Level 1:colcon.colcon_core.package_identification:_identify(src/turtlebot3_controller) by extensions ['ros']
[1.242s] Level 1:colcon.colcon_core.package_identification:_identify(src/turtlebot3_controller) by extension 'ros'
[1.246s] DEBUG:colcon.colcon_core.package_identification:Package 'src/turtlebot3_controller' with type 'ros.ament_cmake' and name 'turtlebot3_controller'
[1.247s] Level 1:colcon.colcon_core.package_identification:_identify(src/turtlebot3_description) by extensions ['ignore', 'ignore_ament_install']
[1.247s] Level 1:colcon.colcon_core.package_identification:_identify(src/turtlebot3_description) by extension 'ignore'
[1.247s] Level 1:colcon.colcon_core.package_identification:_identify(src/turtlebot3_description) by extension 'ignore_ament_install'
[1.248s] Level 1:colcon.colcon_core.package_identification:_identify(src/turtlebot3_description) by extensions ['colcon_pkg']
[1.248s] Level 1:colcon.colcon_core.package_identification:_identify(src/turtlebot3_description) by extension 'colcon_pkg'
[1.248s] Level 1:colcon.colcon_core.package_identification:_identify(src/turtlebot3_description) by extensions ['colcon_meta']
[1.248s] Level 1:colcon.colcon_core.package_identification:_identify(src/turtlebot3_description) by extension 'colcon_meta'
[1.248s] Level 1:colcon.colcon_core.package_identification:_identify(src/turtlebot3_description) by extensions ['ros']
[1.249s] Level 1:colcon.colcon_core.package_identification:_identify(src/turtlebot3_description) by extension 'ros'
[1.251s] DEBUG:colcon.colcon_core.package_identification:Package 'src/turtlebot3_description' with type 'ros.ament_cmake' and name 'turtlebot3_description'
[1.251s] Level 1:colcon.colcon_core.package_discovery:discover_packages(recursive) using defaults
[1.251s] Level 1:colcon.colcon_core.package_discovery:discover_packages(ignore) discover
[1.251s] Level 1:colcon.colcon_core.package_discovery:discover_packages(ignore) using defaults
[1.251s] Level 1:colcon.colcon_core.package_discovery:discover_packages(path) discover
[1.251s] Level 1:colcon.colcon_core.package_discovery:discover_packages(path) using defaults
[1.329s] Level 1:colcon.colcon_core.package_discovery:discover_packages(prefix_path) check parameters
[1.330s] Level 1:colcon.colcon_core.package_discovery:discover_packages(prefix_path) discover
[1.340s] DEBUG:colcon.colcon_installed_package_information.package_discovery:Found 0 installed packages in /home/an/bao_ws/install
[1.342s] DEBUG:colcon.colcon_installed_package_information.package_discovery:Found 1 installed packages in /home/an/ros2_ws/install
[1.345s] DEBUG:colcon.colcon_installed_package_information.package_discovery:Found 5 installed packages in /home/an/an_ws/install
[1.352s] DEBUG:colcon.colcon_installed_package_information.package_discovery:Found 229 installed packages in /opt/ros/humble
[1.358s] Level 1:colcon.colcon_core.package_discovery:discover_packages(prefix_path) using defaults
[1.535s] Level 5:colcon.colcon_core.verb:set package 'diffdrive_esp32' build argument 'cmake_args' from command line to 'None'
[1.535s] Level 5:colcon.colcon_core.verb:set package 'diffdrive_esp32' build argument 'cmake_target' from command line to 'None'
[1.536s] Level 5:colcon.colcon_core.verb:set package 'diffdrive_esp32' build argument 'cmake_target_skip_unavailable' from command line to 'False'
[1.536s] Level 5:colcon.colcon_core.verb:set package 'diffdrive_esp32' build argument 'cmake_clean_cache' from command line to 'False'
[1.536s] Level 5:colcon.colcon_core.verb:set package 'diffdrive_esp32' build argument 'cmake_clean_first' from command line to 'False'
[1.536s] Level 5:colcon.colcon_core.verb:set package 'diffdrive_esp32' build argument 'cmake_force_configure' from command line to 'False'
[1.536s] Level 5:colcon.colcon_core.verb:set package 'diffdrive_esp32' build argument 'ament_cmake_args' from command line to 'None'
[1.536s] Level 5:colcon.colcon_core.verb:set package 'diffdrive_esp32' build argument 'catkin_cmake_args' from command line to 'None'
[1.536s] Level 5:colcon.colcon_core.verb:set package 'diffdrive_esp32' build argument 'catkin_skip_building_tests' from command line to 'False'
[1.536s] DEBUG:colcon.colcon_core.verb:Building package 'diffdrive_esp32' with the following arguments: {'ament_cmake_args': None, 'build_base': '/home/an/an_ws/build/diffdrive_esp32', 'catkin_cmake_args': None, 'catkin_skip_building_tests': False, 'cmake_args': None, 'cmake_clean_cache': False, 'cmake_clean_first': False, 'cmake_force_configure': False, 'cmake_target': None, 'cmake_target_skip_unavailable': False, 'install_base': '/home/an/an_ws/install/diffdrive_esp32', 'merge_install': False, 'path': '/home/an/an_ws/src/diffdrive_esp32', 'symlink_install': False, 'test_result_base': None}
[1.538s] Level 5:colcon.colcon_core.verb:set package 'mpu6050' build argument 'cmake_args' from command line to 'None'
[1.538s] Level 5:colcon.colcon_core.verb:set package 'mpu6050' build argument 'cmake_target' from command line to 'None'
[1.538s] Level 5:colcon.colcon_core.verb:set package 'mpu6050' build argument 'cmake_target_skip_unavailable' from command line to 'False'
[1.538s] Level 5:colcon.colcon_core.verb:set package 'mpu6050' build argument 'cmake_clean_cache' from command line to 'False'
[1.538s] Level 5:colcon.colcon_core.verb:set package 'mpu6050' build argument 'cmake_clean_first' from command line to 'False'
[1.539s] Level 5:colcon.colcon_core.verb:set package 'mpu6050' build argument 'cmake_force_configure' from command line to 'False'
[1.539s] Level 5:colcon.colcon_core.verb:set package 'mpu6050' build argument 'ament_cmake_args' from command line to 'None'
[1.539s] Level 5:colcon.colcon_core.verb:set package 'mpu6050' build argument 'catkin_cmake_args' from command line to 'None'
[1.539s] Level 5:colcon.colcon_core.verb:set package 'mpu6050' build argument 'catkin_skip_building_tests' from command line to 'False'
[1.539s] DEBUG:colcon.colcon_core.verb:Building package 'mpu6050' with the following arguments: {'ament_cmake_args': None, 'build_base': '/home/an/an_ws/build/mpu6050', 'catkin_cmake_args': None, 'catkin_skip_building_tests': False, 'cmake_args': None, 'cmake_clean_cache': False, 'cmake_clean_first': False, 'cmake_force_configure': False, 'cmake_target': None, 'cmake_target_skip_unavailable': False, 'install_base': '/home/an/an_ws/install/mpu6050', 'merge_install': False, 'path': '/home/an/an_ws/src/mpu6050', 'symlink_install': False, 'test_result_base': None}
[1.541s] Level 5:colcon.colcon_core.verb:set package 'rtf_lds_driver' build argument 'cmake_args' from command line to 'None'
[1.541s] Level 5:colcon.colcon_core.verb:set package 'rtf_lds_driver' build argument 'cmake_target' from command line to 'None'
[1.541s] Level 5:colcon.colcon_core.verb:set package 'rtf_lds_driver' build argument 'cmake_target_skip_unavailable' from command line to 'False'
[1.541s] Level 5:colcon.colcon_core.verb:set package 'rtf_lds_driver' build argument 'cmake_clean_cache' from command line to 'False'
[1.541s] Level 5:colcon.colcon_core.verb:set package 'rtf_lds_driver' build argument 'cmake_clean_first' from command line to 'False'
[1.541s] Level 5:colcon.colcon_core.verb:set package 'rtf_lds_driver' build argument 'cmake_force_configure' from command line to 'False'
[1.541s] Level 5:colcon.colcon_core.verb:set package 'rtf_lds_driver' build argument 'ament_cmake_args' from command line to 'None'
[1.541s] Level 5:colcon.colcon_core.verb:set package 'rtf_lds_driver' build argument 'catkin_cmake_args' from command line to 'None'
[1.542s] Level 5:colcon.colcon_core.verb:set package 'rtf_lds_driver' build argument 'catkin_skip_building_tests' from command line to 'False'
[1.542s] DEBUG:colcon.colcon_core.verb:Building package 'rtf_lds_driver' with the following arguments: {'ament_cmake_args': None, 'build_base': '/home/an/an_ws/build/rtf_lds_driver', 'catkin_cmake_args': None, 'catkin_skip_building_tests': False, 'cmake_args': None, 'cmake_clean_cache': False, 'cmake_clean_first': False, 'cmake_force_configure': False, 'cmake_target': None, 'cmake_target_skip_unavailable': False, 'install_base': '/home/an/an_ws/install/rtf_lds_driver', 'merge_install': False, 'path': '/home/an/an_ws/src/rtf_lds_lidar-master', 'symlink_install': False, 'test_result_base': None}
[1.543s] Level 5:colcon.colcon_core.verb:set package 'turtlebot3_controller' build argument 'cmake_args' from command line to 'None'
[1.543s] Level 5:colcon.colcon_core.verb:set package 'turtlebot3_controller' build argument 'cmake_target' from command line to 'None'
[1.543s] Level 5:colcon.colcon_core.verb:set package 'turtlebot3_controller' build argument 'cmake_target_skip_unavailable' from command line to 'False'
[1.544s] Level 5:colcon.colcon_core.verb:set package 'turtlebot3_controller' build argument 'cmake_clean_cache' from command line to 'False'
[1.544s] Level 5:colcon.colcon_core.verb:set package 'turtlebot3_controller' build argument 'cmake_clean_first' from command line to 'False'
[1.544s] Level 5:colcon.colcon_core.verb:set package 'turtlebot3_controller' build argument 'cmake_force_configure' from command line to 'False'
[1.544s] Level 5:colcon.colcon_core.verb:set package 'turtlebot3_controller' build argument 'ament_cmake_args' from command line to 'None'
[1.544s] Level 5:colcon.colcon_core.verb:set package 'turtlebot3_controller' build argument 'catkin_cmake_args' from command line to 'None'
[1.544s] Level 5:colcon.colcon_core.verb:set package 'turtlebot3_controller' build argument 'catkin_skip_building_tests' from command line to 'False'
[1.544s] DEBUG:colcon.colcon_core.verb:Building package 'turtlebot3_controller' with the following arguments: {'ament_cmake_args': None, 'build_base': '/home/an/an_ws/build/turtlebot3_controller', 'catkin_cmake_args': None, 'catkin_skip_building_tests': False, 'cmake_args': None, 'cmake_clean_cache': False, 'cmake_clean_first': False, 'cmake_force_configure': False, 'cmake_target': None, 'cmake_target_skip_unavailable': False, 'install_base': '/home/an/an_ws/install/turtlebot3_controller', 'merge_install': False, 'path': '/home/an/an_ws/src/turtlebot3_controller', 'symlink_install': False, 'test_result_base': None}
[1.546s] Level 5:colcon.colcon_core.verb:set package 'turtlebot3_description' build argument 'cmake_args' from command line to 'None'
[1.546s] Level 5:colcon.colcon_core.verb:set package 'turtlebot3_description' build argument 'cmake_target' from command line to 'None'
[1.546s] Level 5:colcon.colcon_core.verb:set package 'turtlebot3_description' build argument 'cmake_target_skip_unavailable' from command line to 'False'
[1.546s] Level 5:colcon.colcon_core.verb:set package 'turtlebot3_description' build argument 'cmake_clean_cache' from command line to 'False'
[1.546s] Level 5:colcon.colcon_core.verb:set package 'turtlebot3_description' build argument 'cmake_clean_first' from command line to 'False'
[1.547s] Level 5:colcon.colcon_core.verb:set package 'turtlebot3_description' build argument 'cmake_force_configure' from command line to 'False'
[1.547s] Level 5:colcon.colcon_core.verb:set package 'turtlebot3_description' build argument 'ament_cmake_args' from command line to 'None'
[1.547s] Level 5:colcon.colcon_core.verb:set package 'turtlebot3_description' build argument 'catkin_cmake_args' from command line to 'None'
[1.547s] Level 5:colcon.colcon_core.verb:set package 'turtlebot3_description' build argument 'catkin_skip_building_tests' from command line to 'False'
[1.547s] DEBUG:colcon.colcon_core.verb:Building package 'turtlebot3_description' with the following arguments: {'ament_cmake_args': None, 'build_base': '/home/an/an_ws/build/turtlebot3_description', 'catkin_cmake_args': None, 'catkin_skip_building_tests': False, 'cmake_args': None, 'cmake_clean_cache': False, 'cmake_clean_first': False, 'cmake_force_configure': False, 'cmake_target': None, 'cmake_target_skip_unavailable': False, 'install_base': '/home/an/an_ws/install/turtlebot3_description', 'merge_install': False, 'path': '/home/an/an_ws/src/turtlebot3_description', 'symlink_install': False, 'test_result_base': None}
[1.548s] INFO:colcon.colcon_core.executor:Executing jobs using 'parallel' executor
[1.552s] DEBUG:colcon.colcon_parallel_executor.executor.parallel:run_until_complete
[1.553s] INFO:colcon.colcon_ros.task.ament_cmake.build:Building ROS package in '/home/an/an_ws/src/diffdrive_esp32' with build type 'ament_cmake'
[1.554s] INFO:colcon.colcon_cmake.task.cmake.build:Building CMake package in '/home/an/an_ws/src/diffdrive_esp32'
[1.562s] INFO:colcon.colcon_core.plugin_system:Skipping extension 'colcon_core.shell.bat': Not used on non-Windows systems
[1.563s] INFO:colcon.colcon_core.shell:Skip shell extension 'powershell' for command environment: Not usable outside of PowerShell
[1.564s] DEBUG:colcon.colcon_core.shell:Skip shell extension 'dsv' for command environment
[1.586s] INFO:colcon.colcon_ros.task.ament_cmake.build:Building ROS package in '/home/an/an_ws/src/mpu6050' with build type 'ament_cmake'
[1.587s] INFO:colcon.colcon_cmake.task.cmake.build:Building CMake package in '/home/an/an_ws/src/mpu6050'
[1.588s] INFO:colcon.colcon_core.shell:Skip shell extension 'powershell' for command environment: Not usable outside of PowerShell
[1.588s] DEBUG:colcon.colcon_core.shell:Skip shell extension 'dsv' for command environment
[1.609s] INFO:colcon.colcon_ros.task.ament_cmake.build:Building ROS package in '/home/an/an_ws/src/rtf_lds_lidar-master' with build type 'ament_cmake'
[1.610s] INFO:colcon.colcon_cmake.task.cmake.build:Building CMake package in '/home/an/an_ws/src/rtf_lds_lidar-master'
[1.612s] INFO:colcon.colcon_core.shell:Skip shell extension 'powershell' for command environment: Not usable outside of PowerShell
[1.613s] DEBUG:colcon.colcon_core.shell:Skip shell extension 'dsv' for command environment
[1.635s] INFO:colcon.colcon_ros.task.ament_cmake.build:Building ROS package in '/home/an/an_ws/src/turtlebot3_controller' with build type 'ament_cmake'
[1.636s] INFO:colcon.colcon_cmake.task.cmake.build:Building CMake package in '/home/an/an_ws/src/turtlebot3_controller'
[1.638s] INFO:colcon.colcon_core.shell:Skip shell extension 'powershell' for command environment: Not usable outside of PowerShell
[1.638s] DEBUG:colcon.colcon_core.shell:Skip shell extension 'dsv' for command environment
[1.684s] DEBUG:colcon.colcon_core.event_handler.log_command:Invoking command in '/home/an/an_ws/build/diffdrive_esp32': CMAKE_PREFIX_PATH=${CMAKE_PREFIX_PATH}:/home/an/ros2_ws/install/self_driving:/opt/ros/humble /usr/bin/cmake --build /home/an/an_ws/build/diffdrive_esp32 -- -j4 -l4
[1.705s] DEBUG:colcon.colcon_core.event_handler.log_command:Invoking command in '/home/an/an_ws/build/mpu6050': CMAKE_PREFIX_PATH=${CMAKE_PREFIX_PATH}:/home/an/ros2_ws/install/self_driving:/opt/ros/humble /usr/bin/cmake --build /home/an/an_ws/build/mpu6050 -- -j4 -l4
[1.730s] DEBUG:colcon.colcon_core.event_handler.log_command:Invoking command in '/home/an/an_ws/build/rtf_lds_driver': CMAKE_PREFIX_PATH=${CMAKE_PREFIX_PATH}:/home/an/ros2_ws/install/self_driving:/opt/ros/humble /usr/bin/cmake --build /home/an/an_ws/build/rtf_lds_driver -- -j4 -l4
[1.761s] DEBUG:colcon.colcon_core.event_handler.log_command:Invoking command in '/home/an/an_ws/build/turtlebot3_controller': CMAKE_PREFIX_PATH=${CMAKE_PREFIX_PATH}:/home/an/ros2_ws/install/self_driving:/opt/ros/humble /usr/bin/cmake --build /home/an/an_ws/build/turtlebot3_controller -- -j4 -l4
[2.187s] DEBUG:colcon.colcon_core.event_handler.log_command:Invoked command in '/home/an/an_ws/build/mpu6050' returned '0': CMAKE_PREFIX_PATH=${CMAKE_PREFIX_PATH}:/home/an/ros2_ws/install/self_driving:/opt/ros/humble /usr/bin/cmake --build /home/an/an_ws/build/mpu6050 -- -j4 -l4
[2.225s] DEBUG:colcon.colcon_core.event_handler.log_command:Invoked command in '/home/an/an_ws/build/diffdrive_esp32' returned '0': CMAKE_PREFIX_PATH=${CMAKE_PREFIX_PATH}:/home/an/ros2_ws/install/self_driving:/opt/ros/humble /usr/bin/cmake --build /home/an/an_ws/build/diffdrive_esp32 -- -j4 -l4
[2.251s] DEBUG:colcon.colcon_core.event_handler.log_command:Invoked command in '/home/an/an_ws/build/rtf_lds_driver' returned '0': CMAKE_PREFIX_PATH=${CMAKE_PREFIX_PATH}:/home/an/ros2_ws/install/self_driving:/opt/ros/humble /usr/bin/cmake --build /home/an/an_ws/build/rtf_lds_driver -- -j4 -l4
[2.281s] DEBUG:colcon.colcon_core.event_handler.log_command:Invoked command in '/home/an/an_ws/build/turtlebot3_controller' returned '0': CMAKE_PREFIX_PATH=${CMAKE_PREFIX_PATH}:/home/an/ros2_ws/install/self_driving:/opt/ros/humble /usr/bin/cmake --build /home/an/an_ws/build/turtlebot3_controller -- -j4 -l4
[2.406s] DEBUG:colcon.colcon_core.event_handler.log_command:Invoking command in '/home/an/an_ws/build/diffdrive_esp32': CMAKE_PREFIX_PATH=${CMAKE_PREFIX_PATH}:/home/an/ros2_ws/install/self_driving:/opt/ros/humble /usr/bin/cmake --install /home/an/an_ws/build/diffdrive_esp32
[2.421s] DEBUG:colcon.colcon_core.event_handler.log_command:Invoking command in '/home/an/an_ws/build/rtf_lds_driver': CMAKE_PREFIX_PATH=${CMAKE_PREFIX_PATH}:/home/an/ros2_ws/install/self_driving:/opt/ros/humble /usr/bin/cmake --install /home/an/an_ws/build/rtf_lds_driver
[2.435s] DEBUG:colcon.colcon_core.event_handler.log_command:Invoking command in '/home/an/an_ws/build/mpu6050': CMAKE_PREFIX_PATH=${CMAKE_PREFIX_PATH}:/home/an/ros2_ws/install/self_driving:/opt/ros/humble /usr/bin/cmake --install /home/an/an_ws/build/mpu6050
[2.476s] DEBUG:colcon.colcon_core.event_handler.log_command:Invoking command in '/home/an/an_ws/build/turtlebot3_controller': CMAKE_PREFIX_PATH=${CMAKE_PREFIX_PATH}:/home/an/ros2_ws/install/self_driving:/opt/ros/humble /usr/bin/cmake --install /home/an/an_ws/build/turtlebot3_controller
[2.485s] Level 1:colcon.colcon_core.environment:create_environment_scripts_only(rtf_lds_driver)
[2.522s] Level 1:colcon.colcon_core.environment:checking '/home/an/an_ws/install/rtf_lds_driver' for CMake module files
[2.528s] Level 1:colcon.colcon_core.environment:checking '/home/an/an_ws/install/rtf_lds_driver' for CMake config files
[2.539s] Level 1:colcon.colcon_core.shell:create_environment_hook('rtf_lds_driver', 'cmake_prefix_path')
[2.540s] INFO:colcon.colcon_core.shell:Creating environment hook '/home/an/an_ws/install/rtf_lds_driver/share/rtf_lds_driver/hook/cmake_prefix_path.ps1'
[2.545s] INFO:colcon.colcon_core.shell:Creating environment descriptor '/home/an/an_ws/install/rtf_lds_driver/share/rtf_lds_driver/hook/cmake_prefix_path.dsv'
[2.546s] DEBUG:colcon.colcon_core.event_handler.log_command:Invoked command in '/home/an/an_ws/build/rtf_lds_driver' returned '0': CMAKE_PREFIX_PATH=${CMAKE_PREFIX_PATH}:/home/an/ros2_ws/install/self_driving:/opt/ros/humble /usr/bin/cmake --install /home/an/an_ws/build/rtf_lds_driver
[2.549s] INFO:colcon.colcon_core.shell:Creating environment hook '/home/an/an_ws/install/rtf_lds_driver/share/rtf_lds_driver/hook/cmake_prefix_path.sh'
[2.554s] Level 1:colcon.colcon_core.environment:checking '/home/an/an_ws/install/rtf_lds_driver/lib'
[2.555s] Level 1:colcon.colcon_core.environment:checking '/home/an/an_ws/install/rtf_lds_driver/bin'
[2.556s] Level 1:colcon.colcon_core.environment:checking '/home/an/an_ws/install/rtf_lds_driver/lib/pkgconfig/rtf_lds_driver.pc'
[2.557s] Level 1:colcon.colcon_core.environment:checking '/home/an/an_ws/install/rtf_lds_driver/lib/python3.10/site-packages'
[2.558s] Level 1:colcon.colcon_core.environment:checking '/home/an/an_ws/install/rtf_lds_driver/bin'
[2.560s] INFO:colcon.colcon_core.shell:Creating package script '/home/an/an_ws/install/rtf_lds_driver/share/rtf_lds_driver/package.ps1'
[2.565s] INFO:colcon.colcon_core.shell:Creating package descriptor '/home/an/an_ws/install/rtf_lds_driver/share/rtf_lds_driver/package.dsv'
[2.570s] INFO:colcon.colcon_core.shell:Creating package script '/home/an/an_ws/install/rtf_lds_driver/share/rtf_lds_driver/package.sh'
[2.576s] INFO:colcon.colcon_core.shell:Creating package script '/home/an/an_ws/install/rtf_lds_driver/share/rtf_lds_driver/package.bash'
[2.581s] INFO:colcon.colcon_core.shell:Creating package script '/home/an/an_ws/install/rtf_lds_driver/share/rtf_lds_driver/package.zsh'
[2.590s] Level 1:colcon.colcon_core.environment:create_file_with_runtime_dependencies(/home/an/an_ws/install/rtf_lds_driver/share/colcon-core/packages/rtf_lds_driver)
[2.604s] Level 1:colcon.colcon_core.environment:create_environment_scripts_only(diffdrive_esp32)
[2.606s] Level 1:colcon.colcon_core.environment:checking '/home/an/an_ws/install/diffdrive_esp32' for CMake module files
[2.608s] DEBUG:colcon.colcon_core.event_handler.log_command:Invoked command in '/home/an/an_ws/build/diffdrive_esp32' returned '0': CMAKE_PREFIX_PATH=${CMAKE_PREFIX_PATH}:/home/an/ros2_ws/install/self_driving:/opt/ros/humble /usr/bin/cmake --install /home/an/an_ws/build/diffdrive_esp32
[2.611s] Level 1:colcon.colcon_core.environment:checking '/home/an/an_ws/install/diffdrive_esp32' for CMake config files
[2.614s] Level 1:colcon.colcon_core.shell:create_environment_hook('diffdrive_esp32', 'cmake_prefix_path')
[2.616s] INFO:colcon.colcon_core.shell:Creating environment hook '/home/an/an_ws/install/diffdrive_esp32/share/diffdrive_esp32/hook/cmake_prefix_path.ps1'
[2.619s] INFO:colcon.colcon_core.shell:Creating environment descriptor '/home/an/an_ws/install/diffdrive_esp32/share/diffdrive_esp32/hook/cmake_prefix_path.dsv'
[2.622s] INFO:colcon.colcon_core.shell:Creating environment hook '/home/an/an_ws/install/diffdrive_esp32/share/diffdrive_esp32/hook/cmake_prefix_path.sh'
[2.626s] Level 1:colcon.colcon_core.environment:checking '/home/an/an_ws/install/diffdrive_esp32/lib'
[2.627s] Level 1:colcon.colcon_core.shell:create_environment_hook('diffdrive_esp32', 'ld_library_path_lib')
[2.628s] INFO:colcon.colcon_core.shell:Creating environment hook '/home/an/an_ws/install/diffdrive_esp32/share/diffdrive_esp32/hook/ld_library_path_lib.ps1'
[2.630s] INFO:colcon.colcon_core.shell:Creating environment descriptor '/home/an/an_ws/install/diffdrive_esp32/share/diffdrive_esp32/hook/ld_library_path_lib.dsv'
[2.632s] INFO:colcon.colcon_core.shell:Creating environment hook '/home/an/an_ws/install/diffdrive_esp32/share/diffdrive_esp32/hook/ld_library_path_lib.sh'
[2.634s] Level 1:colcon.colcon_core.environment:checking '/home/an/an_ws/install/diffdrive_esp32/bin'
[2.635s] Level 1:colcon.colcon_core.environment:checking '/home/an/an_ws/install/diffdrive_esp32/lib/pkgconfig/diffdrive_esp32.pc'
[2.636s] Level 1:colcon.colcon_core.environment:checking '/home/an/an_ws/install/diffdrive_esp32/lib/python3.10/site-packages'
[2.638s] Level 1:colcon.colcon_core.environment:checking '/home/an/an_ws/install/diffdrive_esp32/bin'
[2.640s] INFO:colcon.colcon_core.shell:Creating package script '/home/an/an_ws/install/diffdrive_esp32/share/diffdrive_esp32/package.ps1'
[2.644s] INFO:colcon.colcon_core.shell:Creating package descriptor '/home/an/an_ws/install/diffdrive_esp32/share/diffdrive_esp32/package.dsv'
[2.647s] INFO:colcon.colcon_core.shell:Creating package script '/home/an/an_ws/install/diffdrive_esp32/share/diffdrive_esp32/package.sh'
[2.650s] INFO:colcon.colcon_core.shell:Creating package script '/home/an/an_ws/install/diffdrive_esp32/share/diffdrive_esp32/package.bash'
[2.652s] INFO:colcon.colcon_core.shell:Creating package script '/home/an/an_ws/install/diffdrive_esp32/share/diffdrive_esp32/package.zsh'
[2.654s] Level 1:colcon.colcon_core.environment:create_file_with_runtime_dependencies(/home/an/an_ws/install/diffdrive_esp32/share/colcon-core/packages/diffdrive_esp32)
[2.680s] Level 1:colcon.colcon_core.environment:create_environment_scripts_only(mpu6050)
[2.682s] DEBUG:colcon.colcon_core.event_handler.log_command:Invoked command in '/home/an/an_ws/build/mpu6050' returned '0': CMAKE_PREFIX_PATH=${CMAKE_PREFIX_PATH}:/home/an/ros2_ws/install/self_driving:/opt/ros/humble /usr/bin/cmake --install /home/an/an_ws/build/mpu6050
[2.684s] Level 1:colcon.colcon_core.environment:checking '/home/an/an_ws/install/mpu6050' for CMake module files
[2.690s] Level 1:colcon.colcon_core.environment:checking '/home/an/an_ws/install/mpu6050' for CMake config files
[2.694s] Level 1:colcon.colcon_core.shell:create_environment_hook('mpu6050', 'cmake_prefix_path')
[2.696s] INFO:colcon.colcon_core.shell:Creating environment hook '/home/an/an_ws/install/mpu6050/share/mpu6050/hook/cmake_prefix_path.ps1'
[2.712s] INFO:colcon.colcon_core.shell:Creating environment descriptor '/home/an/an_ws/install/mpu6050/share/mpu6050/hook/cmake_prefix_path.dsv'
[2.716s] INFO:colcon.colcon_core.shell:Creating environment hook '/home/an/an_ws/install/mpu6050/share/mpu6050/hook/cmake_prefix_path.sh'
[2.721s] Level 1:colcon.colcon_core.environment:checking '/home/an/an_ws/install/mpu6050/lib'
[2.722s] Level 1:colcon.colcon_core.shell:create_environment_hook('mpu6050', 'ld_library_path_lib')
[2.724s] INFO:colcon.colcon_core.shell:Creating environment hook '/home/an/an_ws/install/mpu6050/share/mpu6050/hook/ld_library_path_lib.ps1'
[2.727s] INFO:colcon.colcon_core.shell:Creating environment descriptor '/home/an/an_ws/install/mpu6050/share/mpu6050/hook/ld_library_path_lib.dsv'
[2.728s] INFO:colcon.colcon_core.shell:Creating environment hook '/home/an/an_ws/install/mpu6050/share/mpu6050/hook/ld_library_path_lib.sh'
[2.731s] Level 1:colcon.colcon_core.environment:checking '/home/an/an_ws/install/mpu6050/bin'
[2.731s] Level 1:colcon.colcon_core.environment:checking '/home/an/an_ws/install/mpu6050/lib/pkgconfig/mpu6050.pc'
[2.733s] Level 1:colcon.colcon_core.environment:checking '/home/an/an_ws/install/mpu6050/lib/python3.10/site-packages'
[2.734s] Level 1:colcon.colcon_core.environment:checking '/home/an/an_ws/install/mpu6050/bin'
[2.736s] INFO:colcon.colcon_core.shell:Creating package script '/home/an/an_ws/install/mpu6050/share/mpu6050/package.ps1'
[2.738s] INFO:colcon.colcon_core.shell:Creating package descriptor '/home/an/an_ws/install/mpu6050/share/mpu6050/package.dsv'
[2.741s] INFO:colcon.colcon_core.shell:Creating package script '/home/an/an_ws/install/mpu6050/share/mpu6050/package.sh'
[2.743s] INFO:colcon.colcon_core.shell:Creating package script '/home/an/an_ws/install/mpu6050/share/mpu6050/package.bash'
[2.745s] INFO:colcon.colcon_core.shell:Creating package script '/home/an/an_ws/install/mpu6050/share/mpu6050/package.zsh'
[2.747s] Level 1:colcon.colcon_core.environment:create_file_with_runtime_dependencies(/home/an/an_ws/install/mpu6050/share/colcon-core/packages/mpu6050)
[2.754s] Level 1:colcon.colcon_core.environment:create_environment_scripts_only(turtlebot3_controller)
[2.755s] Level 1:colcon.colcon_core.environment:checking '/home/an/an_ws/install/turtlebot3_controller' for CMake module files
[2.757s] DEBUG:colcon.colcon_core.event_handler.log_command:Invoked command in '/home/an/an_ws/build/turtlebot3_controller' returned '0': CMAKE_PREFIX_PATH=${CMAKE_PREFIX_PATH}:/home/an/ros2_ws/install/self_driving:/opt/ros/humble /usr/bin/cmake --install /home/an/an_ws/build/turtlebot3_controller
[2.761s] Level 1:colcon.colcon_core.environment:checking '/home/an/an_ws/install/turtlebot3_controller' for CMake config files
[2.763s] Level 1:colcon.colcon_core.shell:create_environment_hook('turtlebot3_controller', 'cmake_prefix_path')
[2.764s] INFO:colcon.colcon_core.shell:Creating environment hook '/home/an/an_ws/install/turtlebot3_controller/share/turtlebot3_controller/hook/cmake_prefix_path.ps1'
[2.768s] INFO:colcon.colcon_core.shell:Creating environment descriptor '/home/an/an_ws/install/turtlebot3_controller/share/turtlebot3_controller/hook/cmake_prefix_path.dsv'
[2.771s] INFO:colcon.colcon_core.shell:Creating environment hook '/home/an/an_ws/install/turtlebot3_controller/share/turtlebot3_controller/hook/cmake_prefix_path.sh'
[2.775s] Level 1:colcon.colcon_core.environment:checking '/home/an/an_ws/install/turtlebot3_controller/lib'
[2.776s] Level 1:colcon.colcon_core.environment:checking '/home/an/an_ws/install/turtlebot3_controller/bin'
[2.776s] Level 1:colcon.colcon_core.environment:checking '/home/an/an_ws/install/turtlebot3_controller/lib/pkgconfig/turtlebot3_controller.pc'
[2.778s] Level 1:colcon.colcon_core.environment:checking '/home/an/an_ws/install/turtlebot3_controller/lib/python3.10/site-packages'
[2.779s] Level 1:colcon.colcon_core.environment:checking '/home/an/an_ws/install/turtlebot3_controller/bin'
[2.781s] INFO:colcon.colcon_core.shell:Creating package script '/home/an/an_ws/install/turtlebot3_controller/share/turtlebot3_controller/package.ps1'
[2.783s] INFO:colcon.colcon_core.shell:Creating package descriptor '/home/an/an_ws/install/turtlebot3_controller/share/turtlebot3_controller/package.dsv'
[2.786s] INFO:colcon.colcon_core.shell:Creating package script '/home/an/an_ws/install/turtlebot3_controller/share/turtlebot3_controller/package.sh'
[2.788s] INFO:colcon.colcon_core.shell:Creating package script '/home/an/an_ws/install/turtlebot3_controller/share/turtlebot3_controller/package.bash'
[2.790s] INFO:colcon.colcon_core.shell:Creating package script '/home/an/an_ws/install/turtlebot3_controller/share/turtlebot3_controller/package.zsh'
[2.792s] Level 1:colcon.colcon_core.environment:create_file_with_runtime_dependencies(/home/an/an_ws/install/turtlebot3_controller/share/colcon-core/packages/turtlebot3_controller)
[2.806s] Level 1:colcon.colcon_core.environment:create_environment_scripts_only(rtf_lds_driver)
[2.807s] Level 1:colcon.colcon_core.environment:checking '/home/an/an_ws/install/rtf_lds_driver' for CMake module files
[2.811s] Level 1:colcon.colcon_core.environment:checking '/home/an/an_ws/install/rtf_lds_driver' for CMake config files
[2.813s] Level 1:colcon.colcon_core.shell:create_environment_hook('rtf_lds_driver', 'cmake_prefix_path')
[2.815s] INFO:colcon.colcon_core.shell:Creating environment hook '/home/an/an_ws/install/rtf_lds_driver/share/rtf_lds_driver/hook/cmake_prefix_path.ps1'
[2.817s] INFO:colcon.colcon_core.shell:Creating environment descriptor '/home/an/an_ws/install/rtf_lds_driver/share/rtf_lds_driver/hook/cmake_prefix_path.dsv'
[2.820s] INFO:colcon.colcon_core.shell:Creating environment hook '/home/an/an_ws/install/rtf_lds_driver/share/rtf_lds_driver/hook/cmake_prefix_path.sh'
[2.823s] Level 1:colcon.colcon_core.environment:checking '/home/an/an_ws/install/rtf_lds_driver/lib'
[2.824s] Level 1:colcon.colcon_core.environment:checking '/home/an/an_ws/install/rtf_lds_driver/bin'
[2.824s] Level 1:colcon.colcon_core.environment:checking '/home/an/an_ws/install/rtf_lds_driver/lib/pkgconfig/rtf_lds_driver.pc'
[2.826s] Level 1:colcon.colcon_core.environment:checking '/home/an/an_ws/install/rtf_lds_driver/lib/python3.10/site-packages'
[2.827s] Level 1:colcon.colcon_core.environment:checking '/home/an/an_ws/install/rtf_lds_driver/bin'
[2.829s] INFO:colcon.colcon_core.shell:Creating package script '/home/an/an_ws/install/rtf_lds_driver/share/rtf_lds_driver/package.ps1'
[2.832s] INFO:colcon.colcon_core.shell:Creating package descriptor '/home/an/an_ws/install/rtf_lds_driver/share/rtf_lds_driver/package.dsv'
[2.835s] INFO:colcon.colcon_core.shell:Creating package script '/home/an/an_ws/install/rtf_lds_driver/share/rtf_lds_driver/package.sh'
[2.838s] INFO:colcon.colcon_core.shell:Creating package script '/home/an/an_ws/install/rtf_lds_driver/share/rtf_lds_driver/package.bash'
[2.841s] INFO:colcon.colcon_core.shell:Creating package script '/home/an/an_ws/install/rtf_lds_driver/share/rtf_lds_driver/package.zsh'
[2.843s] Level 1:colcon.colcon_core.environment:create_file_with_runtime_dependencies(/home/an/an_ws/install/rtf_lds_driver/share/colcon-core/packages/rtf_lds_driver)
[2.845s] Level 1:colcon.colcon_core.environment:create_environment_scripts_only(diffdrive_esp32)
[2.847s] Level 1:colcon.colcon_core.environment:checking '/home/an/an_ws/install/diffdrive_esp32' for CMake module files
[2.851s] Level 1:colcon.colcon_core.environment:checking '/home/an/an_ws/install/diffdrive_esp32' for CMake config files
[2.854s] Level 1:colcon.colcon_core.shell:create_environment_hook('diffdrive_esp32', 'cmake_prefix_path')
[2.855s] INFO:colcon.colcon_core.shell:Creating environment hook '/home/an/an_ws/install/diffdrive_esp32/share/diffdrive_esp32/hook/cmake_prefix_path.ps1'
[2.857s] INFO:colcon.colcon_core.shell:Creating environment descriptor '/home/an/an_ws/install/diffdrive_esp32/share/diffdrive_esp32/hook/cmake_prefix_path.dsv'
[2.859s] INFO:colcon.colcon_core.shell:Creating environment hook '/home/an/an_ws/install/diffdrive_esp32/share/diffdrive_esp32/hook/cmake_prefix_path.sh'
[2.863s] Level 1:colcon.colcon_core.environment:checking '/home/an/an_ws/install/diffdrive_esp32/lib'
[2.863s] Level 1:colcon.colcon_core.shell:create_environment_hook('diffdrive_esp32', 'ld_library_path_lib')
[2.865s] INFO:colcon.colcon_core.shell:Creating environment hook '/home/an/an_ws/install/diffdrive_esp32/share/diffdrive_esp32/hook/ld_library_path_lib.ps1'
[2.868s] INFO:colcon.colcon_core.shell:Creating environment descriptor '/home/an/an_ws/install/diffdrive_esp32/share/diffdrive_esp32/hook/ld_library_path_lib.dsv'
[2.870s] INFO:colcon.colcon_core.shell:Creating environment hook '/home/an/an_ws/install/diffdrive_esp32/share/diffdrive_esp32/hook/ld_library_path_lib.sh'
[2.872s] Level 1:colcon.colcon_core.environment:checking '/home/an/an_ws/install/diffdrive_esp32/bin'
[2.873s] Level 1:colcon.colcon_core.environment:checking '/home/an/an_ws/install/diffdrive_esp32/lib/pkgconfig/diffdrive_esp32.pc'
[2.874s] Level 1:colcon.colcon_core.environment:checking '/home/an/an_ws/install/diffdrive_esp32/lib/python3.10/site-packages'
[2.875s] Level 1:colcon.colcon_core.environment:checking '/home/an/an_ws/install/diffdrive_esp32/bin'
[2.876s] INFO:colcon.colcon_core.shell:Creating package script '/home/an/an_ws/install/diffdrive_esp32/share/diffdrive_esp32/package.ps1'
[2.879s] INFO:colcon.colcon_core.shell:Creating package descriptor '/home/an/an_ws/install/diffdrive_esp32/share/diffdrive_esp32/package.dsv'
[2.885s] INFO:colcon.colcon_core.shell:Creating package script '/home/an/an_ws/install/diffdrive_esp32/share/diffdrive_esp32/package.sh'
[2.892s] INFO:colcon.colcon_core.shell:Creating package script '/home/an/an_ws/install/diffdrive_esp32/share/diffdrive_esp32/package.bash'
[2.895s] INFO:colcon.colcon_core.shell:Creating package script '/home/an/an_ws/install/diffdrive_esp32/share/diffdrive_esp32/package.zsh'
[2.897s] Level 1:colcon.colcon_core.environment:create_file_with_runtime_dependencies(/home/an/an_ws/install/diffdrive_esp32/share/colcon-core/packages/diffdrive_esp32)
[2.901s] INFO:colcon.colcon_ros.task.ament_cmake.build:Building ROS package in '/home/an/an_ws/src/turtlebot3_description' with build type 'ament_cmake'
[2.903s] INFO:colcon.colcon_cmake.task.cmake.build:Building CMake package in '/home/an/an_ws/src/turtlebot3_description'
[2.905s] INFO:colcon.colcon_core.shell:Skip shell extension 'powershell' for command environment: Not usable outside of PowerShell
[2.905s] DEBUG:colcon.colcon_core.shell:Skip shell extension 'dsv' for command environment
[2.943s] Level 1:colcon.colcon_core.environment:create_environment_scripts_only(turtlebot3_controller)
[2.945s] Level 1:colcon.colcon_core.environment:checking '/home/an/an_ws/install/turtlebot3_controller' for CMake module files
[2.950s] Level 1:colcon.colcon_core.environment:checking '/home/an/an_ws/install/turtlebot3_controller' for CMake config files
[2.953s] Level 1:colcon.colcon_core.shell:create_environment_hook('turtlebot3_controller', 'cmake_prefix_path')
[2.954s] INFO:colcon.colcon_core.shell:Creating environment hook '/home/an/an_ws/install/turtlebot3_controller/share/turtlebot3_controller/hook/cmake_prefix_path.ps1'
[2.958s] INFO:colcon.colcon_core.shell:Creating environment descriptor '/home/an/an_ws/install/turtlebot3_controller/share/turtlebot3_controller/hook/cmake_prefix_path.dsv'
[2.962s] INFO:colcon.colcon_core.shell:Creating environment hook '/home/an/an_ws/install/turtlebot3_controller/share/turtlebot3_controller/hook/cmake_prefix_path.sh'
[2.966s] Level 1:colcon.colcon_core.environment:checking '/home/an/an_ws/install/turtlebot3_controller/lib'
[2.967s] Level 1:colcon.colcon_core.environment:checking '/home/an/an_ws/install/turtlebot3_controller/bin'
[2.968s] Level 1:colcon.colcon_core.environment:checking '/home/an/an_ws/install/turtlebot3_controller/lib/pkgconfig/turtlebot3_controller.pc'
[2.969s] Level 1:colcon.colcon_core.environment:checking '/home/an/an_ws/install/turtlebot3_controller/lib/python3.10/site-packages'
[2.970s] Level 1:colcon.colcon_core.environment:checking '/home/an/an_ws/install/turtlebot3_controller/bin'
[2.972s] INFO:colcon.colcon_core.shell:Creating package script '/home/an/an_ws/install/turtlebot3_controller/share/turtlebot3_controller/package.ps1'
[2.975s] INFO:colcon.colcon_core.shell:Creating package descriptor '/home/an/an_ws/install/turtlebot3_controller/share/turtlebot3_controller/package.dsv'
[2.978s] INFO:colcon.colcon_core.shell:Creating package script '/home/an/an_ws/install/turtlebot3_controller/share/turtlebot3_controller/package.sh'
[2.981s] INFO:colcon.colcon_core.shell:Creating package script '/home/an/an_ws/install/turtlebot3_controller/share/turtlebot3_controller/package.bash'
[2.983s] INFO:colcon.colcon_core.shell:Creating package script '/home/an/an_ws/install/turtlebot3_controller/share/turtlebot3_controller/package.zsh'
[2.985s] Level 1:colcon.colcon_core.environment:create_file_with_runtime_dependencies(/home/an/an_ws/install/turtlebot3_controller/share/colcon-core/packages/turtlebot3_controller)
[2.991s] Level 1:colcon.colcon_core.environment:create_environment_scripts_only(mpu6050)
[2.993s] Level 1:colcon.colcon_core.environment:checking '/home/an/an_ws/install/mpu6050' for CMake module files
[2.996s] Level 1:colcon.colcon_core.environment:checking '/home/an/an_ws/install/mpu6050' for CMake config files
[2.999s] Level 1:colcon.colcon_core.shell:create_environment_hook('mpu6050', 'cmake_prefix_path')
[3.000s] INFO:colcon.colcon_core.shell:Creating environment hook '/home/an/an_ws/install/mpu6050/share/mpu6050/hook/cmake_prefix_path.ps1'
[3.002s] INFO:colcon.colcon_core.shell:Creating environment descriptor '/home/an/an_ws/install/mpu6050/share/mpu6050/hook/cmake_prefix_path.dsv'
[3.004s] INFO:colcon.colcon_core.shell:Creating environment hook '/home/an/an_ws/install/mpu6050/share/mpu6050/hook/cmake_prefix_path.sh'
[3.008s] Level 1:colcon.colcon_core.environment:checking '/home/an/an_ws/install/mpu6050/lib'
[3.009s] Level 1:colcon.colcon_core.shell:create_environment_hook('mpu6050', 'ld_library_path_lib')
[3.010s] INFO:colcon.colcon_core.shell:Creating environment hook '/home/an/an_ws/install/mpu6050/share/mpu6050/hook/ld_library_path_lib.ps1'
[3.012s] INFO:colcon.colcon_core.shell:Creating environment descriptor '/home/an/an_ws/install/mpu6050/share/mpu6050/hook/ld_library_path_lib.dsv'
[3.015s] INFO:colcon.colcon_core.shell:Creating environment hook '/home/an/an_ws/install/mpu6050/share/mpu6050/hook/ld_library_path_lib.sh'
[3.018s] Level 1:colcon.colcon_core.environment:checking '/home/an/an_ws/install/mpu6050/bin'
[3.018s] Level 1:colcon.colcon_core.environment:checking '/home/an/an_ws/install/mpu6050/lib/pkgconfig/mpu6050.pc'
[3.020s] Level 1:colcon.colcon_core.environment:checking '/home/an/an_ws/install/mpu6050/lib/python3.10/site-packages'
[3.021s] Level 1:colcon.colcon_core.environment:checking '/home/an/an_ws/install/mpu6050/bin'
[3.023s] INFO:colcon.colcon_core.shell:Creating package script '/home/an/an_ws/install/mpu6050/share/mpu6050/package.ps1'
[3.027s] INFO:colcon.colcon_core.shell:Creating package descriptor '/home/an/an_ws/install/mpu6050/share/mpu6050/package.dsv'
[3.030s] INFO:colcon.colcon_core.shell:Creating package script '/home/an/an_ws/install/mpu6050/share/mpu6050/package.sh'
[3.033s] INFO:colcon.colcon_core.shell:Creating package script '/home/an/an_ws/install/mpu6050/share/mpu6050/package.bash'
[3.036s] INFO:colcon.colcon_core.shell:Creating package script '/home/an/an_ws/install/mpu6050/share/mpu6050/package.zsh'
[3.038s] Level 1:colcon.colcon_core.environment:create_file_with_runtime_dependencies(/home/an/an_ws/install/mpu6050/share/colcon-core/packages/mpu6050)
[3.062s] DEBUG:colcon.colcon_core.event_handler.log_command:Invoking command in '/home/an/an_ws/build/turtlebot3_description': CMAKE_PREFIX_PATH=${CMAKE_PREFIX_PATH}:/home/an/ros2_ws/install/self_driving:/opt/ros/humble /usr/bin/cmake --build /home/an/an_ws/build/turtlebot3_description -- -j4 -l4
[3.241s] DEBUG:colcon.colcon_core.event_handler.log_command:Invoked command in '/home/an/an_ws/build/turtlebot3_description' returned '0': CMAKE_PREFIX_PATH=${CMAKE_PREFIX_PATH}:/home/an/ros2_ws/install/self_driving:/opt/ros/humble /usr/bin/cmake --build /home/an/an_ws/build/turtlebot3_description -- -j4 -l4
[3.369s] DEBUG:colcon.colcon_core.event_handler.log_command:Invoking command in '/home/an/an_ws/build/turtlebot3_description': CMAKE_PREFIX_PATH=${CMAKE_PREFIX_PATH}:/home/an/ros2_ws/install/self_driving:/opt/ros/humble /usr/bin/cmake --install /home/an/an_ws/build/turtlebot3_description
[3.437s] Level 1:colcon.colcon_core.environment:create_environment_scripts_only(turtlebot3_description)
[3.438s] Level 1:colcon.colcon_core.environment:checking '/home/an/an_ws/install/turtlebot3_description' for CMake module files
[3.449s] Level 1:colcon.colcon_core.environment:checking '/home/an/an_ws/install/turtlebot3_description' for CMake config files
[3.458s] Level 1:colcon.colcon_core.shell:create_environment_hook('turtlebot3_description', 'cmake_prefix_path')
[3.459s] INFO:colcon.colcon_core.shell:Creating environment hook '/home/an/an_ws/install/turtlebot3_description/share/turtlebot3_description/hook/cmake_prefix_path.ps1'
[3.467s] INFO:colcon.colcon_core.shell:Creating environment descriptor '/home/an/an_ws/install/turtlebot3_description/share/turtlebot3_description/hook/cmake_prefix_path.dsv'
[3.470s] INFO:colcon.colcon_core.shell:Creating environment hook '/home/an/an_ws/install/turtlebot3_description/share/turtlebot3_description/hook/cmake_prefix_path.sh'
[3.474s] Level 1:colcon.colcon_core.environment:checking '/home/an/an_ws/install/turtlebot3_description/bin'
[3.475s] Level 1:colcon.colcon_core.environment:checking '/home/an/an_ws/install/turtlebot3_description/lib/pkgconfig/turtlebot3_description.pc'
[3.476s] Level 1:colcon.colcon_core.environment:checking '/home/an/an_ws/install/turtlebot3_description/lib/python3.10/site-packages'
[3.477s] Level 1:colcon.colcon_core.environment:checking '/home/an/an_ws/install/turtlebot3_description/bin'
[3.479s] INFO:colcon.colcon_core.shell:Creating package script '/home/an/an_ws/install/turtlebot3_description/share/turtlebot3_description/package.ps1'
[3.490s] DEBUG:colcon.colcon_core.event_handler.log_command:Invoked command in '/home/an/an_ws/build/turtlebot3_description' returned '0': CMAKE_PREFIX_PATH=${CMAKE_PREFIX_PATH}:/home/an/ros2_ws/install/self_driving:/opt/ros/humble /usr/bin/cmake --install /home/an/an_ws/build/turtlebot3_description
[3.490s] INFO:colcon.colcon_core.shell:Creating package descriptor '/home/an/an_ws/install/turtlebot3_description/share/turtlebot3_description/package.dsv'
[3.494s] INFO:colcon.colcon_core.shell:Creating package script '/home/an/an_ws/install/turtlebot3_description/share/turtlebot3_description/package.sh'
[3.497s] INFO:colcon.colcon_core.shell:Creating package script '/home/an/an_ws/install/turtlebot3_description/share/turtlebot3_description/package.bash'
[3.499s] INFO:colcon.colcon_core.shell:Creating package script '/home/an/an_ws/install/turtlebot3_description/share/turtlebot3_description/package.zsh'
[3.501s] Level 1:colcon.colcon_core.environment:create_file_with_runtime_dependencies(/home/an/an_ws/install/turtlebot3_description/share/colcon-core/packages/turtlebot3_description)
[3.631s] Level 1:colcon.colcon_core.environment:create_environment_scripts_only(turtlebot3_description)
[3.633s] Level 1:colcon.colcon_core.environment:checking '/home/an/an_ws/install/turtlebot3_description' for CMake module files
[3.636s] Level 1:colcon.colcon_core.environment:checking '/home/an/an_ws/install/turtlebot3_description' for CMake config files
[3.641s] Level 1:colcon.colcon_core.shell:create_environment_hook('turtlebot3_description', 'cmake_prefix_path')
[3.642s] INFO:colcon.colcon_core.shell:Creating environment hook '/home/an/an_ws/install/turtlebot3_description/share/turtlebot3_description/hook/cmake_prefix_path.ps1'
[3.645s] INFO:colcon.colcon_core.shell:Creating environment descriptor '/home/an/an_ws/install/turtlebot3_description/share/turtlebot3_description/hook/cmake_prefix_path.dsv'
[3.647s] INFO:colcon.colcon_core.shell:Creating environment hook '/home/an/an_ws/install/turtlebot3_description/share/turtlebot3_description/hook/cmake_prefix_path.sh'
[3.652s] Level 1:colcon.colcon_core.environment:checking '/home/an/an_ws/install/turtlebot3_description/bin'
[3.652s] Level 1:colcon.colcon_core.environment:checking '/home/an/an_ws/install/turtlebot3_description/lib/pkgconfig/turtlebot3_description.pc'
[3.653s] Level 1:colcon.colcon_core.environment:checking '/home/an/an_ws/install/turtlebot3_description/lib/python3.10/site-packages'
[3.654s] Level 1:colcon.colcon_core.environment:checking '/home/an/an_ws/install/turtlebot3_description/bin'
[3.656s] INFO:colcon.colcon_core.shell:Creating package script '/home/an/an_ws/install/turtlebot3_description/share/turtlebot3_description/package.ps1'
[3.658s] INFO:colcon.colcon_core.shell:Creating package descriptor '/home/an/an_ws/install/turtlebot3_description/share/turtlebot3_description/package.dsv'
[3.661s] INFO:colcon.colcon_core.shell:Creating package script '/home/an/an_ws/install/turtlebot3_description/share/turtlebot3_description/package.sh'
[3.664s] INFO:colcon.colcon_core.shell:Creating package script '/home/an/an_ws/install/turtlebot3_description/share/turtlebot3_description/package.bash'
[3.667s] INFO:colcon.colcon_core.shell:Creating package script '/home/an/an_ws/install/turtlebot3_description/share/turtlebot3_description/package.zsh'
[3.670s] Level 1:colcon.colcon_core.environment:create_file_with_runtime_dependencies(/home/an/an_ws/install/turtlebot3_description/share/colcon-core/packages/turtlebot3_description)
[3.675s] DEBUG:colcon.colcon_parallel_executor.executor.parallel:closing loop
[3.677s] DEBUG:colcon.colcon_parallel_executor.executor.parallel:loop closed
[3.677s] DEBUG:colcon.colcon_parallel_executor.executor.parallel:run_until_complete finished with '0'
[3.678s] DEBUG:colcon.colcon_core.event_reactor:joining thread
[3.710s] INFO:colcon.colcon_core.plugin_system:Skipping extension 'colcon_notification.desktop_notification.notify_send': Could not find 'notify-send'
[3.711s] INFO:colcon.colcon_core.plugin_system:Skipping extension 'colcon_notification.desktop_notification.terminal_notifier': Not used on non-Darwin systems
[3.712s] INFO:colcon.colcon_core.plugin_system:Skipping extension 'colcon_notification.desktop_notification.win32': Not used on non-Windows systems
[3.712s] INFO:colcon.colcon_notification.desktop_notification:Sending desktop notification using 'notify2'
[3.718s] DEBUG:colcon.colcon_notification.desktop_notification.notify2:Failed to initialize notify2: org.freedesktop.DBus.Error.ServiceUnknown: The name org.freedesktop.Notifications was not provided by any .service files
[3.719s] DEBUG:colcon.colcon_core.event_reactor:joined thread
[3.721s] INFO:colcon.colcon_core.shell:Creating prefix script '/home/an/an_ws/install/local_setup.ps1'
[3.726s] INFO:colcon.colcon_core.shell:Creating prefix util module '/home/an/an_ws/install/_local_setup_util_ps1.py'
[3.733s] INFO:colcon.colcon_core.shell:Creating prefix chain script '/home/an/an_ws/install/setup.ps1'
[3.741s] INFO:colcon.colcon_core.shell:Creating prefix script '/home/an/an_ws/install/local_setup.sh'
[3.748s] INFO:colcon.colcon_core.shell:Creating prefix util module '/home/an/an_ws/install/_local_setup_util_sh.py'
[3.752s] INFO:colcon.colcon_core.shell:Creating prefix chain script '/home/an/an_ws/install/setup.sh'
[3.760s] INFO:colcon.colcon_core.shell:Creating prefix script '/home/an/an_ws/install/local_setup.bash'
[3.764s] INFO:colcon.colcon_core.shell:Creating prefix chain script '/home/an/an_ws/install/setup.bash'
[3.773s] INFO:colcon.colcon_core.shell:Creating prefix script '/home/an/an_ws/install/local_setup.zsh'
[3.777s] INFO:colcon.colcon_core.shell:Creating prefix chain script '/home/an/an_ws/install/setup.zsh'
