[0.118s] Invoking command in '/home/an/an_ws/build/turtlebot3_controller': CMAKE_PREFIX_PATH=${CMAKE_PREFIX_PATH}:/home/an/ros2_ws/install/self_driving:/opt/ros/humble /usr/bin/cmake --build /home/an/an_ws/build/turtlebot3_controller -- -j4 -l4
[0.552s] [100%] Built target odom_publisher
[0.658s] Invoked command in '/home/an/an_ws/build/turtlebot3_controller' returned '0': CMAKE_PREFIX_PATH=${CMAKE_PREFIX_PATH}:/home/an/ros2_ws/install/self_driving:/opt/ros/humble /usr/bin/cmake --build /home/an/an_ws/build/turtlebot3_controller -- -j4 -l4
[1.214s] Invoking command in '/home/an/an_ws/build/turtlebot3_controller': CMAKE_PREFIX_PATH=${CMAKE_PREFIX_PATH}:/home/an/ros2_ws/install/self_driving:/opt/ros/humble /usr/bin/cmake --install /home/an/an_ws/build/turtlebot3_controller
[1.389s] -- Install configuration: ""
[1.390s] -- Up-to-date: /home/an/an_ws/install/turtlebot3_controller/include/include
[1.391s] -- Up-to-date: /home/an/an_ws/install/turtlebot3_controller/include/include/turtlebot3_controller
[1.394s] -- Up-to-date: /home/an/an_ws/install/turtlebot3_controller/include/include/turtlebot3_controller/odom_publisher.hpp
[1.401s] -- Up-to-date: /home/an/an_ws/install/turtlebot3_controller/lib/turtlebot3_controller/odom_publisher
[1.402s] -- Up-to-date: /home/an/an_ws/install/turtlebot3_controller/share/turtlebot3_controller/config
[1.402s] -- Up-to-date: /home/an/an_ws/install/turtlebot3_controller/share/turtlebot3_controller/config/gazebo_ros2_ctl_use_sim.yaml
[1.403s] -- Up-to-date: /home/an/an_ws/install/turtlebot3_controller/share/turtlebot3_controller/config/ekf_old.yaml
[1.403s] -- Up-to-date: /home/an/an_ws/install/turtlebot3_controller/share/turtlebot3_controller/config/controller.yaml
[1.404s] -- Up-to-date: /home/an/an_ws/install/turtlebot3_controller/share/turtlebot3_controller/config/ekf.yaml
[1.405s] -- Up-to-date: /home/an/an_ws/install/turtlebot3_controller/share/turtlebot3_controller/launch
[1.405s] -- Up-to-date: /home/an/an_ws/install/turtlebot3_controller/share/turtlebot3_controller/launch/diff_drive_controller.launch.py
[1.408s] -- Up-to-date: /home/an/an_ws/install/turtlebot3_controller/share/turtlebot3_controller/launch/launch_robot_controller.launch.py
[1.409s] -- Up-to-date: /home/an/an_ws/install/turtlebot3_controller/share/turtlebot3_controller/launch/tb3_bringup.launch.py
[1.430s] -- Up-to-date: /home/an/an_ws/install/turtlebot3_controller/share/turtlebot3_controller/launch/test.py
[1.432s] -- Up-to-date: /home/an/an_ws/install/turtlebot3_controller/share/ament_index/resource_index/package_run_dependencies/turtlebot3_controller
[1.434s] -- Up-to-date: /home/an/an_ws/install/turtlebot3_controller/share/ament_index/resource_index/parent_prefix_path/turtlebot3_controller
[1.435s] -- Up-to-date: /home/an/an_ws/install/turtlebot3_controller/share/turtlebot3_controller/environment/ament_prefix_path.sh
[1.444s] -- Up-to-date: /home/an/an_ws/install/turtlebot3_controller/share/turtlebot3_controller/environment/ament_prefix_path.dsv
[1.445s] -- Up-to-date: /home/an/an_ws/install/turtlebot3_controller/share/turtlebot3_controller/environment/path.sh
[1.446s] -- Up-to-date: /home/an/an_ws/install/turtlebot3_controller/share/turtlebot3_controller/environment/path.dsv
[1.447s] -- Up-to-date: /home/an/an_ws/install/turtlebot3_controller/share/turtlebot3_controller/local_setup.bash
[1.448s] -- Up-to-date: /home/an/an_ws/install/turtlebot3_controller/share/turtlebot3_controller/local_setup.sh
[1.448s] -- Up-to-date: /home/an/an_ws/install/turtlebot3_controller/share/turtlebot3_controller/local_setup.zsh
[1.449s] -- Up-to-date: /home/an/an_ws/install/turtlebot3_controller/share/turtlebot3_controller/local_setup.dsv
[1.450s] -- Installing: /home/an/an_ws/install/turtlebot3_controller/share/turtlebot3_controller/package.dsv
[1.451s] -- Up-to-date: /home/an/an_ws/install/turtlebot3_controller/share/ament_index/resource_index/packages/turtlebot3_controller
[1.451s] -- Up-to-date: /home/an/an_ws/install/turtlebot3_controller/share/turtlebot3_controller/cmake/turtlebot3_controllerConfig.cmake
[1.452s] -- Up-to-date: /home/an/an_ws/install/turtlebot3_controller/share/turtlebot3_controller/cmake/turtlebot3_controllerConfig-version.cmake
[1.452s] -- Up-to-date: /home/an/an_ws/install/turtlebot3_controller/share/turtlebot3_controller/package.xml
[1.644s] Invoked command in '/home/an/an_ws/build/turtlebot3_controller' returned '0': CMAKE_PREFIX_PATH=${CMAKE_PREFIX_PATH}:/home/an/ros2_ws/install/self_driving:/opt/ros/humble /usr/bin/cmake --install /home/an/an_ws/build/turtlebot3_controller
