[ 25%] Built target mpu6050_covariances
[ 50%] Built target mpu6050_offsets
[ 75%] Built target test_mpu6050
[100%] Built target mpu6050_hardware_interface
-- Install configuration: ""
-- Up-to-date: /home/an/an_ws/install/mpu6050/share/mpu6050/mpu6050_hardware.xml
-- Up-to-date: /home/an/an_ws/install/mpu6050/include/mpu6050_hardware_interface
-- Up-to-date: /home/an/an_ws/install/mpu6050/include/mpu6050_hardware_interface/mpu6050
-- Up-to-date: /home/an/an_ws/install/mpu6050/include/mpu6050_hardware_interface/mpu6050/mpu6050_lib.h
-- Up-to-date: /home/an/an_ws/install/mpu6050/include/mpu6050_hardware_interface/mpu6050/mpu6050_hardware_interface.hpp
-- Up-to-date: /home/an/an_ws/install/mpu6050/lib/libmpu6050_hardware_interface.so
-- Up-to-date: /home/an/an_ws/install/mpu6050/share/mpu6050/environment/library_path.sh
-- Up-to-date: /home/an/an_ws/install/mpu6050/share/mpu6050/environment/library_path.dsv
-- Up-to-date: /home/an/an_ws/install/mpu6050/lib/mpu6050/mpu6050_offsets
-- Up-to-date: /home/an/an_ws/install/mpu6050/lib/mpu6050/mpu6050_covariances
-- Up-to-date: /home/an/an_ws/install/mpu6050/lib/mpu6050/test_mpu6050
-- Up-to-date: /home/an/an_ws/install/mpu6050/share/ament_index/resource_index/package_run_dependencies/mpu6050
-- Up-to-date: /home/an/an_ws/install/mpu6050/share/ament_index/resource_index/parent_prefix_path/mpu6050
-- Up-to-date: /home/an/an_ws/install/mpu6050/share/mpu6050/environment/ament_prefix_path.sh
-- Up-to-date: /home/an/an_ws/install/mpu6050/share/mpu6050/environment/ament_prefix_path.dsv
-- Up-to-date: /home/an/an_ws/install/mpu6050/share/mpu6050/environment/path.sh
-- Up-to-date: /home/an/an_ws/install/mpu6050/share/mpu6050/environment/path.dsv
-- Up-to-date: /home/an/an_ws/install/mpu6050/share/mpu6050/local_setup.bash
-- Up-to-date: /home/an/an_ws/install/mpu6050/share/mpu6050/local_setup.sh
-- Up-to-date: /home/an/an_ws/install/mpu6050/share/mpu6050/local_setup.zsh
-- Up-to-date: /home/an/an_ws/install/mpu6050/share/mpu6050/local_setup.dsv
-- Installing: /home/an/an_ws/install/mpu6050/share/mpu6050/package.dsv
-- Up-to-date: /home/an/an_ws/install/mpu6050/share/ament_index/resource_index/packages/mpu6050
-- Up-to-date: /home/an/an_ws/install/mpu6050/share/ament_index/resource_index/hardware_interface__pluginlib__plugin/mpu6050
-- Up-to-date: /home/an/an_ws/install/mpu6050/share/mpu6050/cmake/export_mpu6050_hardware_interfaceExport.cmake
-- Up-to-date: /home/an/an_ws/install/mpu6050/share/mpu6050/cmake/export_mpu6050_hardware_interfaceExport-noconfig.cmake
-- Up-to-date: /home/an/an_ws/install/mpu6050/share/mpu6050/cmake/ament_cmake_export_libraries-extras.cmake
-- Up-to-date: /home/an/an_ws/install/mpu6050/share/mpu6050/cmake/ament_cmake_export_targets-extras.cmake
-- Up-to-date: /home/an/an_ws/install/mpu6050/share/mpu6050/cmake/ament_cmake_export_dependencies-extras.cmake
-- Up-to-date: /home/an/an_ws/install/mpu6050/share/mpu6050/cmake/mpu6050Config.cmake
-- Up-to-date: /home/an/an_ws/install/mpu6050/share/mpu6050/cmake/mpu6050Config-version.cmake
-- Up-to-date: /home/an/an_ws/install/mpu6050/share/mpu6050/package.xml
