[0.113s] Invoking command in '/home/an/an_ws/build/mpu6050': CMAKE_PREFIX_PATH=${CMAKE_PREFIX_PATH}:/home/an/ros2_ws/install/self_driving:/opt/ros/humble /usr/bin/cmake --build /home/an/an_ws/build/mpu6050 -- -j4 -l4
[0.464s] [ 25%] Built target mpu6050_covariances
[0.475s] [ 50%] Built target mpu6050_offsets
[0.492s] [ 75%] Built target test_mpu6050
[0.513s] [100%] Built target mpu6050_hardware_interface
[0.569s] Invoked command in '/home/an/an_ws/build/mpu6050' returned '0': CMAKE_PREFIX_PATH=${CMAKE_PREFIX_PATH}:/home/an/ros2_ws/install/self_driving:/opt/ros/humble /usr/bin/cmake --build /home/an/an_ws/build/mpu6050 -- -j4 -l4
[1.003s] Invoking command in '/home/an/an_ws/build/mpu6050': CMAKE_PREFIX_PATH=${CMAKE_PREFIX_PATH}:/home/an/ros2_ws/install/self_driving:/opt/ros/humble /usr/bin/cmake --install /home/an/an_ws/build/mpu6050
[1.069s] -- Install configuration: ""
[1.073s] -- Up-to-date: /home/an/an_ws/install/mpu6050/share/mpu6050/mpu6050_hardware.xml
[1.074s] -- Up-to-date: /home/an/an_ws/install/mpu6050/include/mpu6050_hardware_interface
[1.075s] -- Up-to-date: /home/an/an_ws/install/mpu6050/include/mpu6050_hardware_interface/mpu6050
[1.076s] -- Up-to-date: /home/an/an_ws/install/mpu6050/include/mpu6050_hardware_interface/mpu6050/mpu6050_lib.h
[1.076s] -- Up-to-date: /home/an/an_ws/install/mpu6050/include/mpu6050_hardware_interface/mpu6050/mpu6050_hardware_interface.hpp
[1.077s] -- Up-to-date: /home/an/an_ws/install/mpu6050/lib/libmpu6050_hardware_interface.so
[1.077s] -- Up-to-date: /home/an/an_ws/install/mpu6050/share/mpu6050/environment/library_path.sh
[1.078s] -- Up-to-date: /home/an/an_ws/install/mpu6050/share/mpu6050/environment/library_path.dsv
[1.079s] -- Up-to-date: /home/an/an_ws/install/mpu6050/lib/mpu6050/mpu6050_offsets
[1.079s] -- Up-to-date: /home/an/an_ws/install/mpu6050/lib/mpu6050/mpu6050_covariances
[1.080s] -- Up-to-date: /home/an/an_ws/install/mpu6050/lib/mpu6050/test_mpu6050
[1.080s] -- Up-to-date: /home/an/an_ws/install/mpu6050/share/ament_index/resource_index/package_run_dependencies/mpu6050
[1.081s] -- Up-to-date: /home/an/an_ws/install/mpu6050/share/ament_index/resource_index/parent_prefix_path/mpu6050
[1.081s] -- Up-to-date: /home/an/an_ws/install/mpu6050/share/mpu6050/environment/ament_prefix_path.sh
[1.082s] -- Up-to-date: /home/an/an_ws/install/mpu6050/share/mpu6050/environment/ament_prefix_path.dsv
[1.083s] -- Up-to-date: /home/an/an_ws/install/mpu6050/share/mpu6050/environment/path.sh
[1.083s] -- Up-to-date: /home/an/an_ws/install/mpu6050/share/mpu6050/environment/path.dsv
[1.084s] -- Up-to-date: /home/an/an_ws/install/mpu6050/share/mpu6050/local_setup.bash
[1.094s] -- Up-to-date: /home/an/an_ws/install/mpu6050/share/mpu6050/local_setup.sh
[1.095s] -- Up-to-date: /home/an/an_ws/install/mpu6050/share/mpu6050/local_setup.zsh
[1.095s] -- Up-to-date: /home/an/an_ws/install/mpu6050/share/mpu6050/local_setup.dsv
[1.096s] -- Installing: /home/an/an_ws/install/mpu6050/share/mpu6050/package.dsv
[1.096s] -- Up-to-date: /home/an/an_ws/install/mpu6050/share/ament_index/resource_index/packages/mpu6050
[1.097s] -- Up-to-date: /home/an/an_ws/install/mpu6050/share/ament_index/resource_index/hardware_interface__pluginlib__plugin/mpu6050
[1.097s] -- Up-to-date: /home/an/an_ws/install/mpu6050/share/mpu6050/cmake/export_mpu6050_hardware_interfaceExport.cmake
[1.098s] -- Up-to-date: /home/an/an_ws/install/mpu6050/share/mpu6050/cmake/export_mpu6050_hardware_interfaceExport-noconfig.cmake
[1.098s] -- Up-to-date: /home/an/an_ws/install/mpu6050/share/mpu6050/cmake/ament_cmake_export_libraries-extras.cmake
[1.098s] -- Up-to-date: /home/an/an_ws/install/mpu6050/share/mpu6050/cmake/ament_cmake_export_targets-extras.cmake
[1.099s] -- Up-to-date: /home/an/an_ws/install/mpu6050/share/mpu6050/cmake/ament_cmake_export_dependencies-extras.cmake
[1.099s] -- Up-to-date: /home/an/an_ws/install/mpu6050/share/mpu6050/cmake/mpu6050Config.cmake
[1.100s] -- Up-to-date: /home/an/an_ws/install/mpu6050/share/mpu6050/cmake/mpu6050Config-version.cmake
[1.100s] -- Up-to-date: /home/an/an_ws/install/mpu6050/share/mpu6050/package.xml
[1.101s] Invoked command in '/home/an/an_ws/build/mpu6050' returned '0': CMAKE_PREFIX_PATH=${CMAKE_PREFIX_PATH}:/home/an/ros2_ws/install/self_driving:/opt/ros/humble /usr/bin/cmake --install /home/an/an_ws/build/mpu6050
