[0.333s] Invoking command in '/home/an/an_ws/build/turtlebot3_description': CMAKE_PREFIX_PATH=${CMAKE_PREFIX_PATH}:/home/an/ros2_ws/install/self_driving:/opt/ros/humble /usr/bin/cmake --build /home/an/an_ws/build/turtlebot3_description -- -j4 -l4
[0.738s] Invoked command in '/home/an/an_ws/build/turtlebot3_description' returned '0': CMAKE_PREFIX_PATH=${CMAKE_PREFIX_PATH}:/home/an/ros2_ws/install/self_driving:/opt/ros/humble /usr/bin/cmake --build /home/an/an_ws/build/turtlebot3_description -- -j4 -l4
[1.033s] Invoking command in '/home/an/an_ws/build/turtlebot3_description': CMAKE_PREFIX_PATH=${CMAKE_PREFIX_PATH}:/home/an/ros2_ws/install/self_driving:/opt/ros/humble /usr/bin/cmake --install /home/an/an_ws/build/turtlebot3_description
[1.115s] -- Install configuration: ""
[1.116s] -- Up-to-date: /home/an/an_ws/install/turtlebot3_description/share/turtlebot3_description/meshes
[1.122s] -- Up-to-date: /home/an/an_ws/install/turtlebot3_description/share/turtlebot3_description/meshes/lidar_link.stl
[1.124s] -- Up-to-date: /home/an/an_ws/install/turtlebot3_description/share/turtlebot3_description/meshes/base_link.stl
[1.125s] -- Up-to-date: /home/an/an_ws/install/turtlebot3_description/share/turtlebot3_description/meshes/imu_link.stl
[1.126s] -- Up-to-date: /home/an/an_ws/install/turtlebot3_description/share/turtlebot3_description/meshes/wheel_right_link.stl
[1.127s] -- Up-to-date: /home/an/an_ws/install/turtlebot3_description/share/turtlebot3_description/meshes/caster_back_left_link.stl
[1.127s] -- Up-to-date: /home/an/an_ws/install/turtlebot3_description/share/turtlebot3_description/meshes/r200_link.dae
[1.128s] -- Up-to-date: /home/an/an_ws/install/turtlebot3_description/share/turtlebot3_description/meshes/caster_back_right_link.stl
[1.129s] -- Up-to-date: /home/an/an_ws/install/turtlebot3_description/share/turtlebot3_description/meshes/TB3-RPi-camera-mount.stl
[1.129s] -- Up-to-date: /home/an/an_ws/install/turtlebot3_description/share/turtlebot3_description/meshes/wheel_left_link.stl
[1.130s] -- Up-to-date: /home/an/an_ws/install/turtlebot3_description/share/turtlebot3_description/meshes/pi_cam_v3_link.stl
[1.131s] -- Up-to-date: /home/an/an_ws/install/turtlebot3_description/share/turtlebot3_description/urdf
[1.142s] -- Up-to-date: /home/an/an_ws/install/turtlebot3_description/share/turtlebot3_description/urdf/turtlebot3.gazebo.xacro
[1.143s] -- Up-to-date: /home/an/an_ws/install/turtlebot3_description/share/turtlebot3_description/urdf/gazebo_control.xacro
[1.144s] -- Up-to-date: /home/an/an_ws/install/turtlebot3_description/share/turtlebot3_description/urdf/turtlebot3.urdf.xacro
[1.145s] -- Up-to-date: /home/an/an_ws/install/turtlebot3_description/share/turtlebot3_description/urdf/turtlebot3_ros2_control.xacro
[1.145s] -- Up-to-date: /home/an/an_ws/install/turtlebot3_description/share/turtlebot3_description/urdf/common_properties.xacro
[1.146s] -- Up-to-date: /home/an/an_ws/install/turtlebot3_description/share/turtlebot3_description/launch
[1.147s] -- Up-to-date: /home/an/an_ws/install/turtlebot3_description/share/turtlebot3_description/launch/robot_state_publisher.launch.py
[1.148s] -- Up-to-date: /home/an/an_ws/install/turtlebot3_description/share/turtlebot3_description/launch/gzserver.launch.py
[1.148s] -- Up-to-date: /home/an/an_ws/install/turtlebot3_description/share/turtlebot3_description/launch/display.launch.py
[1.149s] -- Up-to-date: /home/an/an_ws/install/turtlebot3_description/share/turtlebot3_description/launch/gazebo.launch.py
[1.150s] -- Up-to-date: /home/an/an_ws/install/turtlebot3_description/share/turtlebot3_description/rviz
[1.151s] -- Up-to-date: /home/an/an_ws/install/turtlebot3_description/share/turtlebot3_description/rviz/main.rviz
[1.151s] -- Up-to-date: /home/an/an_ws/install/turtlebot3_description/share/turtlebot3_description/rviz/display.rviz
[1.152s] -- Up-to-date: /home/an/an_ws/install/turtlebot3_description/share/turtlebot3_description/rviz/control.rviz
[1.153s] -- Up-to-date: /home/an/an_ws/install/turtlebot3_description/share/turtlebot3_description/gazebo_world
[1.163s] -- Up-to-date: /home/an/an_ws/install/turtlebot3_description/share/turtlebot3_description/gazebo_world/big_corridor
[1.164s] -- Up-to-date: /home/an/an_ws/install/turtlebot3_description/share/turtlebot3_description/gazebo_world/test_big_corridor
[1.164s] -- Up-to-date: /home/an/an_ws/install/turtlebot3_description/share/turtlebot3_description/gazebo_world/test_maze
[1.165s] -- Up-to-date: /home/an/an_ws/install/turtlebot3_description/share/turtlebot3_description/gazebo_world/maze
[1.165s] -- Up-to-date: /home/an/an_ws/install/turtlebot3_description/share/turtlebot3_description/gazebo_world/real_corridor
[1.166s] -- Up-to-date: /home/an/an_ws/install/turtlebot3_description/share/turtlebot3_description/gazebo_world/play_ground
[1.166s] -- Up-to-date: /home/an/an_ws/install/turtlebot3_description/share/turtlebot3_description/gazebo_world/room_4x4
[1.167s] -- Up-to-date: /home/an/an_ws/install/turtlebot3_description/share/turtlebot3_description/gazebo_world/small_corridor
[1.167s] -- Up-to-date: /home/an/an_ws/install/turtlebot3_description/share/turtlebot3_description/models
[1.168s] -- Up-to-date: /home/an/an_ws/install/turtlebot3_description/share/turtlebot3_description/models/sun
[1.168s] -- Up-to-date: /home/an/an_ws/install/turtlebot3_description/share/turtlebot3_description/models/sun/model.sdf
[1.169s] -- Up-to-date: /home/an/an_ws/install/turtlebot3_description/share/turtlebot3_description/models/sun/model.config
[1.184s] -- Up-to-date: /home/an/an_ws/install/turtlebot3_description/share/turtlebot3_description/models/sun/model-1_4.sdf
[1.188s] -- Up-to-date: /home/an/an_ws/install/turtlebot3_description/share/turtlebot3_description/models/sun/model-1_3.sdf
[1.192s] -- Up-to-date: /home/an/an_ws/install/turtlebot3_description/share/turtlebot3_description/models/sun/model-1_2.sdf
[1.192s] -- Up-to-date: /home/an/an_ws/install/turtlebot3_description/share/turtlebot3_description/models/ground_plane
[1.193s] -- Up-to-date: /home/an/an_ws/install/turtlebot3_description/share/turtlebot3_description/models/ground_plane/model.sdf
[1.202s] -- Up-to-date: /home/an/an_ws/install/turtlebot3_description/share/turtlebot3_description/models/ground_plane/model.config
[1.203s] -- Up-to-date: /home/an/an_ws/install/turtlebot3_description/share/turtlebot3_description/models/ground_plane/model-1_4.sdf
[1.204s] -- Up-to-date: /home/an/an_ws/install/turtlebot3_description/share/turtlebot3_description/models/ground_plane/model-1_3.sdf
[1.204s] -- Up-to-date: /home/an/an_ws/install/turtlebot3_description/share/turtlebot3_description/models/ground_plane/model-1_2.sdf
[1.223s] -- Up-to-date: /home/an/an_ws/install/turtlebot3_description/share/ament_index/resource_index/package_run_dependencies/turtlebot3_description
[1.224s] -- Up-to-date: /home/an/an_ws/install/turtlebot3_description/share/ament_index/resource_index/parent_prefix_path/turtlebot3_description
[1.224s] -- Up-to-date: /home/an/an_ws/install/turtlebot3_description/share/turtlebot3_description/environment/ament_prefix_path.sh
[1.225s] -- Up-to-date: /home/an/an_ws/install/turtlebot3_description/share/turtlebot3_description/environment/ament_prefix_path.dsv
[1.226s] -- Up-to-date: /home/an/an_ws/install/turtlebot3_description/share/turtlebot3_description/environment/path.sh
[1.226s] -- Up-to-date: /home/an/an_ws/install/turtlebot3_description/share/turtlebot3_description/environment/path.dsv
[1.227s] -- Up-to-date: /home/an/an_ws/install/turtlebot3_description/share/turtlebot3_description/local_setup.bash
[1.228s] -- Up-to-date: /home/an/an_ws/install/turtlebot3_description/share/turtlebot3_description/local_setup.sh
[1.228s] -- Up-to-date: /home/an/an_ws/install/turtlebot3_description/share/turtlebot3_description/local_setup.zsh
[1.229s] -- Up-to-date: /home/an/an_ws/install/turtlebot3_description/share/turtlebot3_description/local_setup.dsv
[1.230s] -- Installing: /home/an/an_ws/install/turtlebot3_description/share/turtlebot3_description/package.dsv
[1.230s] -- Up-to-date: /home/an/an_ws/install/turtlebot3_description/share/ament_index/resource_index/packages/turtlebot3_description
[1.231s] -- Up-to-date: /home/an/an_ws/install/turtlebot3_description/share/turtlebot3_description/cmake/turtlebot3_descriptionConfig.cmake
[1.232s] -- Up-to-date: /home/an/an_ws/install/turtlebot3_description/share/turtlebot3_description/cmake/turtlebot3_descriptionConfig-version.cmake
[1.232s] -- Up-to-date: /home/an/an_ws/install/turtlebot3_description/share/turtlebot3_description/package.xml
[1.241s] Invoked command in '/home/an/an_ws/build/turtlebot3_description' returned '0': CMAKE_PREFIX_PATH=${CMAKE_PREFIX_PATH}:/home/an/ros2_ws/install/self_driving:/opt/ros/humble /usr/bin/cmake --install /home/an/an_ws/build/turtlebot3_description
