[0.114s] Invoking command in '/home/an/an_ws/build/mpu6050': CMAKE_PREFIX_PATH=${CMAKE_PREFIX_PATH}:/home/an/ros2_ws/install/self_driving:/opt/ros/humble /usr/bin/cmake --build /home/an/an_ws/build/mpu6050 -- -j4 -l4
[0.512s] [ 50%] Built target mpu6050_hardware_interface
[0.513s] [ 50%] Built target test_mpu6050
[0.556s] [ 75%] Built target mpu6050_covariances
[0.576s] [100%] Built target mpu6050_offsets
[0.643s] Invoked command in '/home/an/an_ws/build/mpu6050' returned '0': CMAKE_PREFIX_PATH=${CMAKE_PREFIX_PATH}:/home/an/ros2_ws/install/self_driving:/opt/ros/humble /usr/bin/cmake --build /home/an/an_ws/build/mpu6050 -- -j4 -l4
[1.096s] Invoking command in '/home/an/an_ws/build/mpu6050': CMAKE_PREFIX_PATH=${CMAKE_PREFIX_PATH}:/home/an/ros2_ws/install/self_driving:/opt/ros/humble /usr/bin/cmake --install /home/an/an_ws/build/mpu6050
[1.127s] -- Install configuration: ""
[1.128s] -- Up-to-date: /home/an/an_ws/install/mpu6050/share/mpu6050/mpu6050_hardware.xml
[1.129s] -- Up-to-date: /home/an/an_ws/install/mpu6050/include/mpu6050_hardware_interface
[1.129s] -- Up-to-date: /home/an/an_ws/install/mpu6050/include/mpu6050_hardware_interface/mpu6050
[1.130s] -- Up-to-date: /home/an/an_ws/install/mpu6050/include/mpu6050_hardware_interface/mpu6050/mpu6050_lib.h
[1.131s] -- Up-to-date: /home/an/an_ws/install/mpu6050/include/mpu6050_hardware_interface/mpu6050/mpu6050_hardware_interface.hpp
[1.131s] -- Up-to-date: /home/an/an_ws/install/mpu6050/lib/libmpu6050_hardware_interface.so
[1.132s] -- Up-to-date: /home/an/an_ws/install/mpu6050/share/mpu6050/environment/library_path.sh
[1.132s] -- Up-to-date: /home/an/an_ws/install/mpu6050/share/mpu6050/environment/library_path.dsv
[1.134s] -- Up-to-date: /home/an/an_ws/install/mpu6050/lib/mpu6050/mpu6050_offsets
[1.135s] -- Up-to-date: /home/an/an_ws/install/mpu6050/lib/mpu6050/mpu6050_covariances
[1.136s] -- Up-to-date: /home/an/an_ws/install/mpu6050/lib/mpu6050/test_mpu6050
[1.136s] -- Up-to-date: /home/an/an_ws/install/mpu6050/share/ament_index/resource_index/package_run_dependencies/mpu6050
[1.137s] -- Up-to-date: /home/an/an_ws/install/mpu6050/share/ament_index/resource_index/parent_prefix_path/mpu6050
[1.138s] -- Up-to-date: /home/an/an_ws/install/mpu6050/share/mpu6050/environment/ament_prefix_path.sh
[1.139s] -- Up-to-date: /home/an/an_ws/install/mpu6050/share/mpu6050/environment/ament_prefix_path.dsv
[1.139s] -- Up-to-date: /home/an/an_ws/install/mpu6050/share/mpu6050/environment/path.sh
[1.140s] -- Up-to-date: /home/an/an_ws/install/mpu6050/share/mpu6050/environment/path.dsv
[1.140s] -- Up-to-date: /home/an/an_ws/install/mpu6050/share/mpu6050/local_setup.bash
[1.140s] -- Up-to-date: /home/an/an_ws/install/mpu6050/share/mpu6050/local_setup.sh
[1.141s] -- Up-to-date: /home/an/an_ws/install/mpu6050/share/mpu6050/local_setup.zsh
[1.142s] -- Up-to-date: /home/an/an_ws/install/mpu6050/share/mpu6050/local_setup.dsv
[1.144s] -- Installing: /home/an/an_ws/install/mpu6050/share/mpu6050/package.dsv
[1.146s] -- Up-to-date: /home/an/an_ws/install/mpu6050/share/ament_index/resource_index/packages/mpu6050
[1.147s] -- Up-to-date: /home/an/an_ws/install/mpu6050/share/ament_index/resource_index/hardware_interface__pluginlib__plugin/mpu6050
[1.147s] -- Up-to-date: /home/an/an_ws/install/mpu6050/share/mpu6050/cmake/export_mpu6050_hardware_interfaceExport.cmake
[1.148s] -- Up-to-date: /home/an/an_ws/install/mpu6050/share/mpu6050/cmake/export_mpu6050_hardware_interfaceExport-noconfig.cmake
[1.155s] -- Up-to-date: /home/an/an_ws/install/mpu6050/share/mpu6050/cmake/ament_cmake_export_libraries-extras.cmake
[1.156s] -- Up-to-date: /home/an/an_ws/install/mpu6050/share/mpu6050/cmake/ament_cmake_export_targets-extras.cmake
[1.157s] -- Up-to-date: /home/an/an_ws/install/mpu6050/share/mpu6050/cmake/ament_cmake_export_dependencies-extras.cmake
[1.159s] -- Up-to-date: /home/an/an_ws/install/mpu6050/share/mpu6050/cmake/mpu6050Config.cmake
[1.160s] -- Up-to-date: /home/an/an_ws/install/mpu6050/share/mpu6050/cmake/mpu6050Config-version.cmake
[1.160s] -- Up-to-date: /home/an/an_ws/install/mpu6050/share/mpu6050/package.xml
[1.254s] Invoked command in '/home/an/an_ws/build/mpu6050' returned '0': CMAKE_PREFIX_PATH=${CMAKE_PREFIX_PATH}:/home/an/ros2_ws/install/self_driving:/opt/ros/humble /usr/bin/cmake --install /home/an/an_ws/build/mpu6050
