[0.093s] Invoking command in '/home/an/an_ws/build/rtf_lds_driver': CMAKE_PREFIX_PATH=/home/an/ros2_ws/install/self_driving:/opt/ros/humble /usr/bin/cmake /home/an/an_ws/src/rtf_lds_lidar-master -DCMAKE_INSTALL_PREFIX=/home/an/an_ws/install/rtf_lds_driver
[1.572s] -- The C compiler identification is GNU 11.4.0
[1.870s] -- The CXX compiler identification is GNU 11.4.0
[1.907s] -- Detecting C compiler ABI info
[2.298s] -- Detecting C compiler ABI info - done
[2.326s] -- Check for working C compiler: /usr/bin/cc - skipped
[2.327s] -- Detecting C compile features
[2.329s] -- Detecting C compile features - done
[2.344s] -- Detecting CXX compiler ABI info
[2.810s] -- Detecting CXX compiler ABI info - done
[2.844s] -- Check for working CXX compiler: /usr/bin/c++ - skipped
[2.847s] -- Detecting CXX compile features
[2.850s] -- Detecting CXX compile features - done
[2.878s] -- Found ament_cmake: 1.3.8 (/opt/ros/humble/share/ament_cmake/cmake)
[3.941s] -- Found Python3: /usr/bin/python3 (found version "3.10.12") found components: Interpreter 
[4.528s] -- Found rclcpp: 16.0.8 (/opt/ros/humble/share/rclcpp/cmake)
[4.845s] -- Found rosidl_generator_c: 3.1.5 (/opt/ros/humble/share/rosidl_generator_c/cmake)
[4.887s] -- Found rosidl_adapter: 3.1.5 (/opt/ros/humble/share/rosidl_adapter/cmake)
[4.941s] -- Found rosidl_generator_cpp: 3.1.5 (/opt/ros/humble/share/rosidl_generator_cpp/cmake)
[5.020s] -- Using all available rosidl_typesupport_c: rosidl_typesupport_fastrtps_c;rosidl_typesupport_introspection_c
[5.135s] -- Using all available rosidl_typesupport_cpp: rosidl_typesupport_fastrtps_cpp;rosidl_typesupport_introspection_cpp
[5.585s] -- Found rmw_implementation_cmake: 6.1.1 (/opt/ros/humble/share/rmw_implementation_cmake/cmake)
[5.617s] -- Found rmw_fastrtps_cpp: 6.2.6 (/opt/ros/humble/share/rmw_fastrtps_cpp/cmake)
[6.224s] -- Found OpenSSL: /usr/lib/aarch64-linux-gnu/libcrypto.so (found version "3.0.2")  
[6.398s] -- Found FastRTPS: /opt/ros/humble/include  
[6.703s] -- Using RMW implementation 'rmw_fastrtps_cpp' as default
[6.794s] -- Looking for pthread.h
[7.185s] -- Looking for pthread.h - found
[7.188s] -- Performing Test CMAKE_HAVE_LIBC_PTHREAD
[7.556s] -- Performing Test CMAKE_HAVE_LIBC_PTHREAD - Success
[7.560s] -- Found Threads: TRUE  
[8.315s] -- Found sensor_msgs: 4.2.3 (/opt/ros/humble/share/sensor_msgs/cmake)
[8.934s] -- Found Boost: /usr/lib/aarch64-linux-gnu/cmake/Boost-1.74.0/BoostConfig.cmake (found version "1.74.0") found components: system 
[9.369s] -- Configuring done
[9.459s] -- Generating done
[9.473s] -- Build files have been written to: /home/an/an_ws/build/rtf_lds_driver
[9.519s] Invoked command in '/home/an/an_ws/build/rtf_lds_driver' returned '0': CMAKE_PREFIX_PATH=/home/an/ros2_ws/install/self_driving:/opt/ros/humble /usr/bin/cmake /home/an/an_ws/src/rtf_lds_lidar-master -DCMAKE_INSTALL_PREFIX=/home/an/an_ws/install/rtf_lds_driver
[9.521s] Invoking command in '/home/an/an_ws/build/rtf_lds_driver': CMAKE_PREFIX_PATH=/home/an/ros2_ws/install/self_driving:/opt/ros/humble /usr/bin/cmake --build /home/an/an_ws/build/rtf_lds_driver -- -j4 -l4
[9.739s] [ 50%] [32mBuilding CXX object CMakeFiles/hlds_laser_publisher.dir/src/hlds_laser_publisher.cpp.o[0m
[54.045s] [100%] [32m[1mLinking CXX executable hlds_laser_publisher[0m
[55.201s] [100%] Built target hlds_laser_publisher
[55.240s] Invoked command in '/home/an/an_ws/build/rtf_lds_driver' returned '0': CMAKE_PREFIX_PATH=/home/an/ros2_ws/install/self_driving:/opt/ros/humble /usr/bin/cmake --build /home/an/an_ws/build/rtf_lds_driver -- -j4 -l4
[55.355s] Invoking command in '/home/an/an_ws/build/rtf_lds_driver': CMAKE_PREFIX_PATH=/home/an/ros2_ws/install/self_driving:/opt/ros/humble /usr/bin/cmake --install /home/an/an_ws/build/rtf_lds_driver
[55.380s] -- Install configuration: ""
[55.381s] -- Installing: /home/an/an_ws/install/rtf_lds_driver/share/rtf_lds_driver/launch
[55.381s] -- Installing: /home/an/an_ws/install/rtf_lds_driver/share/rtf_lds_driver/launch/hlds_laser.launch.py
[55.382s] -- Installing: /home/an/an_ws/install/rtf_lds_driver/share/rtf_lds_driver/launch/view_hlds_laser.launch.py
[55.383s] -- Installing: /home/an/an_ws/install/rtf_lds_driver/share/rtf_lds_driver/rviz
[55.384s] -- Installing: /home/an/an_ws/install/rtf_lds_driver/share/rtf_lds_driver/rviz/hlds_laser.rviz
[55.386s] -- Installing: /home/an/an_ws/install/rtf_lds_driver/lib/rtf_lds_driver/hlds_laser_publisher
[55.398s] -- Set runtime path of "/home/an/an_ws/install/rtf_lds_driver/lib/rtf_lds_driver/hlds_laser_publisher" to ""
[55.399s] -- Installing: /home/an/an_ws/install/rtf_lds_driver/share/ament_index/resource_index/package_run_dependencies/rtf_lds_driver
[55.401s] -- Installing: /home/an/an_ws/install/rtf_lds_driver/share/ament_index/resource_index/parent_prefix_path/rtf_lds_driver
[55.403s] -- Installing: /home/an/an_ws/install/rtf_lds_driver/share/rtf_lds_driver/environment/ament_prefix_path.sh
[55.404s] -- Installing: /home/an/an_ws/install/rtf_lds_driver/share/rtf_lds_driver/environment/ament_prefix_path.dsv
[55.405s] -- Installing: /home/an/an_ws/install/rtf_lds_driver/share/rtf_lds_driver/environment/path.sh
[55.407s] -- Installing: /home/an/an_ws/install/rtf_lds_driver/share/rtf_lds_driver/environment/path.dsv
[55.408s] -- Installing: /home/an/an_ws/install/rtf_lds_driver/share/rtf_lds_driver/local_setup.bash
[55.409s] -- Installing: /home/an/an_ws/install/rtf_lds_driver/share/rtf_lds_driver/local_setup.sh
[55.410s] -- Installing: /home/an/an_ws/install/rtf_lds_driver/share/rtf_lds_driver/local_setup.zsh
[55.412s] -- Installing: /home/an/an_ws/install/rtf_lds_driver/share/rtf_lds_driver/local_setup.dsv
[55.413s] -- Installing: /home/an/an_ws/install/rtf_lds_driver/share/rtf_lds_driver/package.dsv
[55.415s] -- Installing: /home/an/an_ws/install/rtf_lds_driver/share/ament_index/resource_index/packages/rtf_lds_driver
[55.416s] -- Installing: /home/an/an_ws/install/rtf_lds_driver/share/rtf_lds_driver/cmake/ament_cmake_export_dependencies-extras.cmake
[55.418s] -- Installing: /home/an/an_ws/install/rtf_lds_driver/share/rtf_lds_driver/cmake/ament_cmake_export_include_directories-extras.cmake
[55.419s] -- Installing: /home/an/an_ws/install/rtf_lds_driver/share/rtf_lds_driver/cmake/rtf_lds_driverConfig.cmake
[55.420s] -- Installing: /home/an/an_ws/install/rtf_lds_driver/share/rtf_lds_driver/cmake/rtf_lds_driverConfig-version.cmake
[55.421s] -- Installing: /home/an/an_ws/install/rtf_lds_driver/share/rtf_lds_driver/package.xml
[55.430s] Invoked command in '/home/an/an_ws/build/rtf_lds_driver' returned '0': CMAKE_PREFIX_PATH=/home/an/ros2_ws/install/self_driving:/opt/ros/humble /usr/bin/cmake --install /home/an/an_ws/build/rtf_lds_driver
