[35m[1mConsolidate compiler generated dependencies of target test_mpu6050[0m
[35m[1mConsolidate compiler generated dependencies of target mpu6050_offsets[0m
[35m[1mConsolidate compiler generated dependencies of target mpu6050_covariances[0m
[35m[1mConsolidate compiler generated dependencies of target mpu6050_hardware_interface[0m
[  8%] [32mBuilding CXX object CMakeFiles/mpu6050_offsets.dir/src/mpu6050_lib.cpp.o[0m
[ 16%] [32mBuilding CXX object CMakeFiles/mpu6050_covariances.dir/src/mpu6050_lib.cpp.o[0m
[ 25%] [32mBuilding CXX object CMakeFiles/test_mpu6050.dir/src/mpu6050_lib.cpp.o[0m
[ 33%] [32mBuilding CXX object CMakeFiles/mpu6050_hardware_interface.dir/src/mpu6050_hardware_interface.cpp.o[0m
[ 41%] [32mBuilding CXX object CMakeFiles/test_mpu6050.dir/src/test_mpu6050.cpp.o[0m
[ 50%] [32mBuilding CXX object CMakeFiles/mpu6050_covariances.dir/src/mpu6050_covariances.cpp.o[0m
[ 58%] [32mBuilding CXX object CMakeFiles/mpu6050_offsets.dir/src/mpu6050_offsets.cpp.o[0m
[ 66%] [32m[1mLinking CXX executable test_mpu6050[0m
[ 75%] [32m[1mLinking CXX executable mpu6050_covariances[0m
[ 75%] Built target test_mpu6050
[ 83%] [32mBuilding CXX object CMakeFiles/mpu6050_hardware_interface.dir/src/mpu6050_lib.cpp.o[0m
[ 83%] Built target mpu6050_covariances
[ 91%] [32m[1mLinking CXX executable mpu6050_offsets[0m
[ 91%] Built target mpu6050_offsets
[100%] [32m[1mLinking CXX shared library libmpu6050_hardware_interface.so[0m
[100%] Built target mpu6050_hardware_interface
-- Install configuration: ""
-- Up-to-date: /home/an/an_ws/install/mpu6050/share/mpu6050/mpu6050_hardware.xml
-- Up-to-date: /home/an/an_ws/install/mpu6050/include/mpu6050_hardware_interface
-- Up-to-date: /home/an/an_ws/install/mpu6050/include/mpu6050_hardware_interface/mpu6050
-- Installing: /home/an/an_ws/install/mpu6050/include/mpu6050_hardware_interface/mpu6050/mpu6050_lib.h
-- Up-to-date: /home/an/an_ws/install/mpu6050/include/mpu6050_hardware_interface/mpu6050/mpu6050_hardware_interface.hpp
-- Installing: /home/an/an_ws/install/mpu6050/lib/libmpu6050_hardware_interface.so
-- Set runtime path of "/home/an/an_ws/install/mpu6050/lib/libmpu6050_hardware_interface.so" to ""
-- Up-to-date: /home/an/an_ws/install/mpu6050/share/mpu6050/environment/library_path.sh
-- Up-to-date: /home/an/an_ws/install/mpu6050/share/mpu6050/environment/library_path.dsv
-- Installing: /home/an/an_ws/install/mpu6050/lib/mpu6050/mpu6050_offsets
-- Installing: /home/an/an_ws/install/mpu6050/lib/mpu6050/mpu6050_covariances
-- Installing: /home/an/an_ws/install/mpu6050/lib/mpu6050/test_mpu6050
-- Up-to-date: /home/an/an_ws/install/mpu6050/share/ament_index/resource_index/package_run_dependencies/mpu6050
-- Up-to-date: /home/an/an_ws/install/mpu6050/share/ament_index/resource_index/parent_prefix_path/mpu6050
-- Up-to-date: /home/an/an_ws/install/mpu6050/share/mpu6050/environment/ament_prefix_path.sh
-- Up-to-date: /home/an/an_ws/install/mpu6050/share/mpu6050/environment/ament_prefix_path.dsv
-- Up-to-date: /home/an/an_ws/install/mpu6050/share/mpu6050/environment/path.sh
-- Up-to-date: /home/an/an_ws/install/mpu6050/share/mpu6050/environment/path.dsv
-- Up-to-date: /home/an/an_ws/install/mpu6050/share/mpu6050/local_setup.bash
-- Up-to-date: /home/an/an_ws/install/mpu6050/share/mpu6050/local_setup.sh
-- Up-to-date: /home/an/an_ws/install/mpu6050/share/mpu6050/local_setup.zsh
-- Up-to-date: /home/an/an_ws/install/mpu6050/share/mpu6050/local_setup.dsv
-- Installing: /home/an/an_ws/install/mpu6050/share/mpu6050/package.dsv
-- Up-to-date: /home/an/an_ws/install/mpu6050/share/ament_index/resource_index/packages/mpu6050
-- Up-to-date: /home/an/an_ws/install/mpu6050/share/ament_index/resource_index/hardware_interface__pluginlib__plugin/mpu6050
-- Up-to-date: /home/an/an_ws/install/mpu6050/share/mpu6050/cmake/export_mpu6050_hardware_interfaceExport.cmake
-- Up-to-date: /home/an/an_ws/install/mpu6050/share/mpu6050/cmake/export_mpu6050_hardware_interfaceExport-noconfig.cmake
-- Up-to-date: /home/an/an_ws/install/mpu6050/share/mpu6050/cmake/ament_cmake_export_libraries-extras.cmake
-- Up-to-date: /home/an/an_ws/install/mpu6050/share/mpu6050/cmake/ament_cmake_export_targets-extras.cmake
-- Up-to-date: /home/an/an_ws/install/mpu6050/share/mpu6050/cmake/ament_cmake_export_dependencies-extras.cmake
-- Up-to-date: /home/an/an_ws/install/mpu6050/share/mpu6050/cmake/mpu6050Config.cmake
-- Up-to-date: /home/an/an_ws/install/mpu6050/share/mpu6050/cmake/mpu6050Config-version.cmake
-- Up-to-date: /home/an/an_ws/install/mpu6050/share/mpu6050/package.xml
