[0.420s] DEBUG:colcon:Command line arguments: ['/usr/bin/colcon', 'build']
[0.421s] DEBUG:colcon:Parsed command line arguments: Namespace(log_base=None, log_level=None, verb_name='build', build_base='build', install_base='install', merge_install=False, symlink_install=False, test_result_base=None, continue_on_error=False, executor='parallel', parallel_workers=4, event_handlers=None, ignore_user_meta=False, metas=['./colcon.meta'], base_paths=['.'], packages_ignore=None, packages_ignore_regex=None, paths=None, packages_up_to=None, packages_up_to_regex=None, packages_above=None, packages_above_and_dependencies=None, packages_above_depth=None, packages_select_by_dep=None, packages_skip_by_dep=None, packages_skip_up_to=None, packages_select_build_failed=False, packages_skip_build_finished=False, packages_select_test_failures=False, packages_skip_test_passed=False, packages_select=None, packages_skip=None, packages_select_regex=None, packages_skip_regex=None, packages_start=None, packages_end=None, allow_overriding=[], cmake_args=None, cmake_target=None, cmake_target_skip_unavailable=False, cmake_clean_cache=False, cmake_clean_first=False, cmake_force_configure=False, ament_cmake_args=None, catkin_cmake_args=None, catkin_skip_building_tests=False, verb_parser=<colcon_defaults.argument_parser.defaults.DefaultArgumentsDecorator object at 0xffff892e7700>, verb_extension=<colcon_core.verb.build.BuildVerb object at 0xffff8922c2b0>, main=<bound method BuildVerb.main of <colcon_core.verb.build.BuildVerb object at 0xffff8922c2b0>>)
[1.093s] Level 1:colcon.colcon_core.package_discovery:discover_packages(colcon_meta) check parameters
[1.094s] Level 1:colcon.colcon_core.package_discovery:discover_packages(recursive) check parameters
[1.094s] Level 1:colcon.colcon_core.package_discovery:discover_packages(ignore) check parameters
[1.094s] Level 1:colcon.colcon_core.package_discovery:discover_packages(path) check parameters
[1.094s] Level 1:colcon.colcon_core.package_discovery:discover_packages(colcon_meta) discover
[1.094s] Level 1:colcon.colcon_core.package_discovery:discover_packages(recursive) discover
[1.095s] INFO:colcon.colcon_core.package_discovery:Crawling recursively for packages in '/home/an/an_ws'
[1.096s] Level 1:colcon.colcon_core.package_identification:_identify(.) by extensions ['ignore', 'ignore_ament_install']
[1.096s] Level 1:colcon.colcon_core.package_identification:_identify(.) by extension 'ignore'
[1.096s] Level 1:colcon.colcon_core.package_identification:_identify(.) by extension 'ignore_ament_install'
[1.096s] Level 1:colcon.colcon_core.package_identification:_identify(.) by extensions ['colcon_pkg']
[1.097s] Level 1:colcon.colcon_core.package_identification:_identify(.) by extension 'colcon_pkg'
[1.097s] Level 1:colcon.colcon_core.package_identification:_identify(.) by extensions ['colcon_meta']
[1.097s] Level 1:colcon.colcon_core.package_identification:_identify(.) by extension 'colcon_meta'
[1.097s] Level 1:colcon.colcon_core.package_identification:_identify(.) by extensions ['ros']
[1.097s] Level 1:colcon.colcon_core.package_identification:_identify(.) by extension 'ros'
[1.142s] Level 1:colcon.colcon_core.package_identification:_identify(.) by extensions ['cmake', 'python']
[1.142s] Level 1:colcon.colcon_core.package_identification:_identify(.) by extension 'cmake'
[1.143s] Level 1:colcon.colcon_core.package_identification:_identify(.) by extension 'python'
[1.143s] Level 1:colcon.colcon_core.package_identification:_identify(.) by extensions ['python_setup_py']
[1.143s] Level 1:colcon.colcon_core.package_identification:_identify(.) by extension 'python_setup_py'
[1.144s] Level 1:colcon.colcon_core.package_identification:_identify(build) by extensions ['ignore', 'ignore_ament_install']
[1.144s] Level 1:colcon.colcon_core.package_identification:_identify(build) by extension 'ignore'
[1.144s] Level 1:colcon.colcon_core.package_identification:_identify(build) ignored
[1.145s] Level 1:colcon.colcon_core.package_identification:_identify(install) by extensions ['ignore', 'ignore_ament_install']
[1.145s] Level 1:colcon.colcon_core.package_identification:_identify(install) by extension 'ignore'
[1.145s] Level 1:colcon.colcon_core.package_identification:_identify(install) ignored
[1.146s] Level 1:colcon.colcon_core.package_identification:_identify(log) by extensions ['ignore', 'ignore_ament_install']
[1.146s] Level 1:colcon.colcon_core.package_identification:_identify(log) by extension 'ignore'
[1.146s] Level 1:colcon.colcon_core.package_identification:_identify(log) ignored
[1.147s] Level 1:colcon.colcon_core.package_identification:_identify(src) by extensions ['ignore', 'ignore_ament_install']
[1.147s] Level 1:colcon.colcon_core.package_identification:_identify(src) by extension 'ignore'
[1.147s] Level 1:colcon.colcon_core.package_identification:_identify(src) by extension 'ignore_ament_install'
[1.147s] Level 1:colcon.colcon_core.package_identification:_identify(src) by extensions ['colcon_pkg']
[1.148s] Level 1:colcon.colcon_core.package_identification:_identify(src) by extension 'colcon_pkg'
[1.148s] Level 1:colcon.colcon_core.package_identification:_identify(src) by extensions ['colcon_meta']
[1.148s] Level 1:colcon.colcon_core.package_identification:_identify(src) by extension 'colcon_meta'
[1.148s] Level 1:colcon.colcon_core.package_identification:_identify(src) by extensions ['ros']
[1.148s] Level 1:colcon.colcon_core.package_identification:_identify(src) by extension 'ros'
[1.148s] Level 1:colcon.colcon_core.package_identification:_identify(src) by extensions ['cmake', 'python']
[1.149s] Level 1:colcon.colcon_core.package_identification:_identify(src) by extension 'cmake'
[1.149s] Level 1:colcon.colcon_core.package_identification:_identify(src) by extension 'python'
[1.149s] Level 1:colcon.colcon_core.package_identification:_identify(src) by extensions ['python_setup_py']
[1.149s] Level 1:colcon.colcon_core.package_identification:_identify(src) by extension 'python_setup_py'
[1.149s] Level 1:colcon.colcon_core.package_identification:_identify(src/diffdrive_esp32) by extensions ['ignore', 'ignore_ament_install']
[1.150s] Level 1:colcon.colcon_core.package_identification:_identify(src/diffdrive_esp32) by extension 'ignore'
[1.150s] Level 1:colcon.colcon_core.package_identification:_identify(src/diffdrive_esp32) by extension 'ignore_ament_install'
[1.150s] Level 1:colcon.colcon_core.package_identification:_identify(src/diffdrive_esp32) by extensions ['colcon_pkg']
[1.150s] Level 1:colcon.colcon_core.package_identification:_identify(src/diffdrive_esp32) by extension 'colcon_pkg'
[1.150s] Level 1:colcon.colcon_core.package_identification:_identify(src/diffdrive_esp32) by extensions ['colcon_meta']
[1.150s] Level 1:colcon.colcon_core.package_identification:_identify(src/diffdrive_esp32) by extension 'colcon_meta'
[1.151s] Level 1:colcon.colcon_core.package_identification:_identify(src/diffdrive_esp32) by extensions ['ros']
[1.151s] Level 1:colcon.colcon_core.package_identification:_identify(src/diffdrive_esp32) by extension 'ros'
[1.166s] DEBUG:colcon.colcon_core.package_identification:Package 'src/diffdrive_esp32' with type 'ros.ament_cmake' and name 'diffdrive_esp32'
[1.167s] Level 1:colcon.colcon_core.package_identification:_identify(src/mpu6050) by extensions ['ignore', 'ignore_ament_install']
[1.168s] Level 1:colcon.colcon_core.package_identification:_identify(src/mpu6050) by extension 'ignore'
[1.168s] Level 1:colcon.colcon_core.package_identification:_identify(src/mpu6050) by extension 'ignore_ament_install'
[1.168s] Level 1:colcon.colcon_core.package_identification:_identify(src/mpu6050) by extensions ['colcon_pkg']
[1.168s] Level 1:colcon.colcon_core.package_identification:_identify(src/mpu6050) by extension 'colcon_pkg'
[1.168s] Level 1:colcon.colcon_core.package_identification:_identify(src/mpu6050) by extensions ['colcon_meta']
[1.168s] Level 1:colcon.colcon_core.package_identification:_identify(src/mpu6050) by extension 'colcon_meta'
[1.169s] Level 1:colcon.colcon_core.package_identification:_identify(src/mpu6050) by extensions ['ros']
[1.169s] Level 1:colcon.colcon_core.package_identification:_identify(src/mpu6050) by extension 'ros'
[1.172s] DEBUG:colcon.colcon_core.package_identification:Package 'src/mpu6050' with type 'ros.ament_cmake' and name 'mpu6050'
[1.172s] Level 1:colcon.colcon_core.package_identification:_identify(src/rtf_lds_lidar-master) by extensions ['ignore', 'ignore_ament_install']
[1.173s] Level 1:colcon.colcon_core.package_identification:_identify(src/rtf_lds_lidar-master) by extension 'ignore'
[1.173s] Level 1:colcon.colcon_core.package_identification:_identify(src/rtf_lds_lidar-master) by extension 'ignore_ament_install'
[1.173s] Level 1:colcon.colcon_core.package_identification:_identify(src/rtf_lds_lidar-master) by extensions ['colcon_pkg']
[1.173s] Level 1:colcon.colcon_core.package_identification:_identify(src/rtf_lds_lidar-master) by extension 'colcon_pkg'
[1.174s] Level 1:colcon.colcon_core.package_identification:_identify(src/rtf_lds_lidar-master) by extensions ['colcon_meta']
[1.174s] Level 1:colcon.colcon_core.package_identification:_identify(src/rtf_lds_lidar-master) by extension 'colcon_meta'
[1.174s] Level 1:colcon.colcon_core.package_identification:_identify(src/rtf_lds_lidar-master) by extensions ['ros']
[1.174s] Level 1:colcon.colcon_core.package_identification:_identify(src/rtf_lds_lidar-master) by extension 'ros'
[1.177s] DEBUG:colcon.colcon_core.package_identification:Package 'src/rtf_lds_lidar-master' with type 'ros.ament_cmake' and name 'rtf_lds_driver'
[1.178s] Level 1:colcon.colcon_core.package_identification:_identify(src/turtlebot3_controller) by extensions ['ignore', 'ignore_ament_install']
[1.178s] Level 1:colcon.colcon_core.package_identification:_identify(src/turtlebot3_controller) by extension 'ignore'
[1.178s] Level 1:colcon.colcon_core.package_identification:_identify(src/turtlebot3_controller) by extension 'ignore_ament_install'
[1.178s] Level 1:colcon.colcon_core.package_identification:_identify(src/turtlebot3_controller) by extensions ['colcon_pkg']
[1.178s] Level 1:colcon.colcon_core.package_identification:_identify(src/turtlebot3_controller) by extension 'colcon_pkg'
[1.179s] Level 1:colcon.colcon_core.package_identification:_identify(src/turtlebot3_controller) by extensions ['colcon_meta']
[1.179s] Level 1:colcon.colcon_core.package_identification:_identify(src/turtlebot3_controller) by extension 'colcon_meta'
[1.179s] Level 1:colcon.colcon_core.package_identification:_identify(src/turtlebot3_controller) by extensions ['ros']
[1.179s] Level 1:colcon.colcon_core.package_identification:_identify(src/turtlebot3_controller) by extension 'ros'
[1.183s] DEBUG:colcon.colcon_core.package_identification:Package 'src/turtlebot3_controller' with type 'ros.ament_cmake' and name 'turtlebot3_controller'
[1.184s] Level 1:colcon.colcon_core.package_identification:_identify(src/turtlebot3_description) by extensions ['ignore', 'ignore_ament_install']
[1.184s] Level 1:colcon.colcon_core.package_identification:_identify(src/turtlebot3_description) by extension 'ignore'
[1.184s] Level 1:colcon.colcon_core.package_identification:_identify(src/turtlebot3_description) by extension 'ignore_ament_install'
[1.185s] Level 1:colcon.colcon_core.package_identification:_identify(src/turtlebot3_description) by extensions ['colcon_pkg']
[1.185s] Level 1:colcon.colcon_core.package_identification:_identify(src/turtlebot3_description) by extension 'colcon_pkg'
[1.185s] Level 1:colcon.colcon_core.package_identification:_identify(src/turtlebot3_description) by extensions ['colcon_meta']
[1.185s] Level 1:colcon.colcon_core.package_identification:_identify(src/turtlebot3_description) by extension 'colcon_meta'
[1.185s] Level 1:colcon.colcon_core.package_identification:_identify(src/turtlebot3_description) by extensions ['ros']
[1.185s] Level 1:colcon.colcon_core.package_identification:_identify(src/turtlebot3_description) by extension 'ros'
[1.187s] DEBUG:colcon.colcon_core.package_identification:Package 'src/turtlebot3_description' with type 'ros.ament_cmake' and name 'turtlebot3_description'
[1.188s] Level 1:colcon.colcon_core.package_discovery:discover_packages(recursive) using defaults
[1.188s] Level 1:colcon.colcon_core.package_discovery:discover_packages(ignore) discover
[1.188s] Level 1:colcon.colcon_core.package_discovery:discover_packages(ignore) using defaults
[1.188s] Level 1:colcon.colcon_core.package_discovery:discover_packages(path) discover
[1.188s] Level 1:colcon.colcon_core.package_discovery:discover_packages(path) using defaults
[1.264s] Level 1:colcon.colcon_core.package_discovery:discover_packages(prefix_path) check parameters
[1.264s] Level 1:colcon.colcon_core.package_discovery:discover_packages(prefix_path) discover
[1.273s] DEBUG:colcon.colcon_installed_package_information.package_discovery:Found 0 installed packages in /home/an/bao_ws/install
[1.275s] DEBUG:colcon.colcon_installed_package_information.package_discovery:Found 1 installed packages in /home/an/ros2_ws/install
[1.277s] DEBUG:colcon.colcon_installed_package_information.package_discovery:Found 5 installed packages in /home/an/an_ws/install
[1.285s] DEBUG:colcon.colcon_installed_package_information.package_discovery:Found 229 installed packages in /opt/ros/humble
[1.290s] Level 1:colcon.colcon_core.package_discovery:discover_packages(prefix_path) using defaults
[1.456s] Level 5:colcon.colcon_core.verb:set package 'diffdrive_esp32' build argument 'cmake_args' from command line to 'None'
[1.456s] Level 5:colcon.colcon_core.verb:set package 'diffdrive_esp32' build argument 'cmake_target' from command line to 'None'
[1.456s] Level 5:colcon.colcon_core.verb:set package 'diffdrive_esp32' build argument 'cmake_target_skip_unavailable' from command line to 'False'
[1.456s] Level 5:colcon.colcon_core.verb:set package 'diffdrive_esp32' build argument 'cmake_clean_cache' from command line to 'False'
[1.456s] Level 5:colcon.colcon_core.verb:set package 'diffdrive_esp32' build argument 'cmake_clean_first' from command line to 'False'
[1.456s] Level 5:colcon.colcon_core.verb:set package 'diffdrive_esp32' build argument 'cmake_force_configure' from command line to 'False'
[1.456s] Level 5:colcon.colcon_core.verb:set package 'diffdrive_esp32' build argument 'ament_cmake_args' from command line to 'None'
[1.457s] Level 5:colcon.colcon_core.verb:set package 'diffdrive_esp32' build argument 'catkin_cmake_args' from command line to 'None'
[1.457s] Level 5:colcon.colcon_core.verb:set package 'diffdrive_esp32' build argument 'catkin_skip_building_tests' from command line to 'False'
[1.457s] DEBUG:colcon.colcon_core.verb:Building package 'diffdrive_esp32' with the following arguments: {'ament_cmake_args': None, 'build_base': '/home/an/an_ws/build/diffdrive_esp32', 'catkin_cmake_args': None, 'catkin_skip_building_tests': False, 'cmake_args': None, 'cmake_clean_cache': False, 'cmake_clean_first': False, 'cmake_force_configure': False, 'cmake_target': None, 'cmake_target_skip_unavailable': False, 'install_base': '/home/an/an_ws/install/diffdrive_esp32', 'merge_install': False, 'path': '/home/an/an_ws/src/diffdrive_esp32', 'symlink_install': False, 'test_result_base': None}
[1.458s] Level 5:colcon.colcon_core.verb:set package 'mpu6050' build argument 'cmake_args' from command line to 'None'
[1.458s] Level 5:colcon.colcon_core.verb:set package 'mpu6050' build argument 'cmake_target' from command line to 'None'
[1.458s] Level 5:colcon.colcon_core.verb:set package 'mpu6050' build argument 'cmake_target_skip_unavailable' from command line to 'False'
[1.459s] Level 5:colcon.colcon_core.verb:set package 'mpu6050' build argument 'cmake_clean_cache' from command line to 'False'
[1.459s] Level 5:colcon.colcon_core.verb:set package 'mpu6050' build argument 'cmake_clean_first' from command line to 'False'
[1.459s] Level 5:colcon.colcon_core.verb:set package 'mpu6050' build argument 'cmake_force_configure' from command line to 'False'
[1.459s] Level 5:colcon.colcon_core.verb:set package 'mpu6050' build argument 'ament_cmake_args' from command line to 'None'
[1.459s] Level 5:colcon.colcon_core.verb:set package 'mpu6050' build argument 'catkin_cmake_args' from command line to 'None'
[1.459s] Level 5:colcon.colcon_core.verb:set package 'mpu6050' build argument 'catkin_skip_building_tests' from command line to 'False'
[1.459s] DEBUG:colcon.colcon_core.verb:Building package 'mpu6050' with the following arguments: {'ament_cmake_args': None, 'build_base': '/home/an/an_ws/build/mpu6050', 'catkin_cmake_args': None, 'catkin_skip_building_tests': False, 'cmake_args': None, 'cmake_clean_cache': False, 'cmake_clean_first': False, 'cmake_force_configure': False, 'cmake_target': None, 'cmake_target_skip_unavailable': False, 'install_base': '/home/an/an_ws/install/mpu6050', 'merge_install': False, 'path': '/home/an/an_ws/src/mpu6050', 'symlink_install': False, 'test_result_base': None}
[1.461s] Level 5:colcon.colcon_core.verb:set package 'rtf_lds_driver' build argument 'cmake_args' from command line to 'None'
[1.461s] Level 5:colcon.colcon_core.verb:set package 'rtf_lds_driver' build argument 'cmake_target' from command line to 'None'
[1.461s] Level 5:colcon.colcon_core.verb:set package 'rtf_lds_driver' build argument 'cmake_target_skip_unavailable' from command line to 'False'
[1.461s] Level 5:colcon.colcon_core.verb:set package 'rtf_lds_driver' build argument 'cmake_clean_cache' from command line to 'False'
[1.461s] Level 5:colcon.colcon_core.verb:set package 'rtf_lds_driver' build argument 'cmake_clean_first' from command line to 'False'
[1.461s] Level 5:colcon.colcon_core.verb:set package 'rtf_lds_driver' build argument 'cmake_force_configure' from command line to 'False'
[1.461s] Level 5:colcon.colcon_core.verb:set package 'rtf_lds_driver' build argument 'ament_cmake_args' from command line to 'None'
[1.461s] Level 5:colcon.colcon_core.verb:set package 'rtf_lds_driver' build argument 'catkin_cmake_args' from command line to 'None'
[1.461s] Level 5:colcon.colcon_core.verb:set package 'rtf_lds_driver' build argument 'catkin_skip_building_tests' from command line to 'False'
[1.462s] DEBUG:colcon.colcon_core.verb:Building package 'rtf_lds_driver' with the following arguments: {'ament_cmake_args': None, 'build_base': '/home/an/an_ws/build/rtf_lds_driver', 'catkin_cmake_args': None, 'catkin_skip_building_tests': False, 'cmake_args': None, 'cmake_clean_cache': False, 'cmake_clean_first': False, 'cmake_force_configure': False, 'cmake_target': None, 'cmake_target_skip_unavailable': False, 'install_base': '/home/an/an_ws/install/rtf_lds_driver', 'merge_install': False, 'path': '/home/an/an_ws/src/rtf_lds_lidar-master', 'symlink_install': False, 'test_result_base': None}
[1.463s] Level 5:colcon.colcon_core.verb:set package 'turtlebot3_controller' build argument 'cmake_args' from command line to 'None'
[1.463s] Level 5:colcon.colcon_core.verb:set package 'turtlebot3_controller' build argument 'cmake_target' from command line to 'None'
[1.463s] Level 5:colcon.colcon_core.verb:set package 'turtlebot3_controller' build argument 'cmake_target_skip_unavailable' from command line to 'False'
[1.463s] Level 5:colcon.colcon_core.verb:set package 'turtlebot3_controller' build argument 'cmake_clean_cache' from command line to 'False'
[1.463s] Level 5:colcon.colcon_core.verb:set package 'turtlebot3_controller' build argument 'cmake_clean_first' from command line to 'False'
[1.464s] Level 5:colcon.colcon_core.verb:set package 'turtlebot3_controller' build argument 'cmake_force_configure' from command line to 'False'
[1.464s] Level 5:colcon.colcon_core.verb:set package 'turtlebot3_controller' build argument 'ament_cmake_args' from command line to 'None'
[1.464s] Level 5:colcon.colcon_core.verb:set package 'turtlebot3_controller' build argument 'catkin_cmake_args' from command line to 'None'
[1.464s] Level 5:colcon.colcon_core.verb:set package 'turtlebot3_controller' build argument 'catkin_skip_building_tests' from command line to 'False'
[1.464s] DEBUG:colcon.colcon_core.verb:Building package 'turtlebot3_controller' with the following arguments: {'ament_cmake_args': None, 'build_base': '/home/an/an_ws/build/turtlebot3_controller', 'catkin_cmake_args': None, 'catkin_skip_building_tests': False, 'cmake_args': None, 'cmake_clean_cache': False, 'cmake_clean_first': False, 'cmake_force_configure': False, 'cmake_target': None, 'cmake_target_skip_unavailable': False, 'install_base': '/home/an/an_ws/install/turtlebot3_controller', 'merge_install': False, 'path': '/home/an/an_ws/src/turtlebot3_controller', 'symlink_install': False, 'test_result_base': None}
[1.465s] Level 5:colcon.colcon_core.verb:set package 'turtlebot3_description' build argument 'cmake_args' from command line to 'None'
[1.466s] Level 5:colcon.colcon_core.verb:set package 'turtlebot3_description' build argument 'cmake_target' from command line to 'None'
[1.466s] Level 5:colcon.colcon_core.verb:set package 'turtlebot3_description' build argument 'cmake_target_skip_unavailable' from command line to 'False'
[1.466s] Level 5:colcon.colcon_core.verb:set package 'turtlebot3_description' build argument 'cmake_clean_cache' from command line to 'False'
[1.466s] Level 5:colcon.colcon_core.verb:set package 'turtlebot3_description' build argument 'cmake_clean_first' from command line to 'False'
[1.466s] Level 5:colcon.colcon_core.verb:set package 'turtlebot3_description' build argument 'cmake_force_configure' from command line to 'False'
[1.466s] Level 5:colcon.colcon_core.verb:set package 'turtlebot3_description' build argument 'ament_cmake_args' from command line to 'None'
[1.466s] Level 5:colcon.colcon_core.verb:set package 'turtlebot3_description' build argument 'catkin_cmake_args' from command line to 'None'
[1.466s] Level 5:colcon.colcon_core.verb:set package 'turtlebot3_description' build argument 'catkin_skip_building_tests' from command line to 'False'
[1.466s] DEBUG:colcon.colcon_core.verb:Building package 'turtlebot3_description' with the following arguments: {'ament_cmake_args': None, 'build_base': '/home/an/an_ws/build/turtlebot3_description', 'catkin_cmake_args': None, 'catkin_skip_building_tests': False, 'cmake_args': None, 'cmake_clean_cache': False, 'cmake_clean_first': False, 'cmake_force_configure': False, 'cmake_target': None, 'cmake_target_skip_unavailable': False, 'install_base': '/home/an/an_ws/install/turtlebot3_description', 'merge_install': False, 'path': '/home/an/an_ws/src/turtlebot3_description', 'symlink_install': False, 'test_result_base': None}
[1.467s] INFO:colcon.colcon_core.executor:Executing jobs using 'parallel' executor
[1.470s] DEBUG:colcon.colcon_parallel_executor.executor.parallel:run_until_complete
[1.471s] INFO:colcon.colcon_ros.task.ament_cmake.build:Building ROS package in '/home/an/an_ws/src/diffdrive_esp32' with build type 'ament_cmake'
[1.472s] INFO:colcon.colcon_cmake.task.cmake.build:Building CMake package in '/home/an/an_ws/src/diffdrive_esp32'
[1.480s] INFO:colcon.colcon_core.plugin_system:Skipping extension 'colcon_core.shell.bat': Not used on non-Windows systems
[1.481s] INFO:colcon.colcon_core.shell:Skip shell extension 'powershell' for command environment: Not usable outside of PowerShell
[1.481s] DEBUG:colcon.colcon_core.shell:Skip shell extension 'dsv' for command environment
[1.502s] INFO:colcon.colcon_ros.task.ament_cmake.build:Building ROS package in '/home/an/an_ws/src/mpu6050' with build type 'ament_cmake'
[1.503s] INFO:colcon.colcon_cmake.task.cmake.build:Building CMake package in '/home/an/an_ws/src/mpu6050'
[1.504s] INFO:colcon.colcon_core.shell:Skip shell extension 'powershell' for command environment: Not usable outside of PowerShell
[1.505s] DEBUG:colcon.colcon_core.shell:Skip shell extension 'dsv' for command environment
[1.528s] INFO:colcon.colcon_ros.task.ament_cmake.build:Building ROS package in '/home/an/an_ws/src/rtf_lds_lidar-master' with build type 'ament_cmake'
[1.528s] INFO:colcon.colcon_cmake.task.cmake.build:Building CMake package in '/home/an/an_ws/src/rtf_lds_lidar-master'
[1.529s] INFO:colcon.colcon_core.shell:Skip shell extension 'powershell' for command environment: Not usable outside of PowerShell
[1.530s] DEBUG:colcon.colcon_core.shell:Skip shell extension 'dsv' for command environment
[1.551s] INFO:colcon.colcon_ros.task.ament_cmake.build:Building ROS package in '/home/an/an_ws/src/turtlebot3_controller' with build type 'ament_cmake'
[1.552s] INFO:colcon.colcon_cmake.task.cmake.build:Building CMake package in '/home/an/an_ws/src/turtlebot3_controller'
[1.553s] INFO:colcon.colcon_core.shell:Skip shell extension 'powershell' for command environment: Not usable outside of PowerShell
[1.553s] DEBUG:colcon.colcon_core.shell:Skip shell extension 'dsv' for command environment
[1.593s] DEBUG:colcon.colcon_core.event_handler.log_command:Invoking command in '/home/an/an_ws/build/diffdrive_esp32': CMAKE_PREFIX_PATH=${CMAKE_PREFIX_PATH}:/home/an/ros2_ws/install/self_driving:/opt/ros/humble /usr/bin/cmake --build /home/an/an_ws/build/diffdrive_esp32 -- -j4 -l4
[1.619s] DEBUG:colcon.colcon_core.event_handler.log_command:Invoking command in '/home/an/an_ws/build/mpu6050': CMAKE_PREFIX_PATH=${CMAKE_PREFIX_PATH}:/home/an/ros2_ws/install/self_driving:/opt/ros/humble /usr/bin/cmake --build /home/an/an_ws/build/mpu6050 -- -j4 -l4
[1.632s] DEBUG:colcon.colcon_core.event_handler.log_command:Invoking command in '/home/an/an_ws/build/rtf_lds_driver': CMAKE_PREFIX_PATH=${CMAKE_PREFIX_PATH}:/home/an/ros2_ws/install/self_driving:/opt/ros/humble /usr/bin/cmake --build /home/an/an_ws/build/rtf_lds_driver -- -j4 -l4
[1.674s] DEBUG:colcon.colcon_core.event_handler.log_command:Invoking command in '/home/an/an_ws/build/turtlebot3_controller': CMAKE_PREFIX_PATH=${CMAKE_PREFIX_PATH}:/home/an/ros2_ws/install/self_driving:/opt/ros/humble /usr/bin/cmake --build /home/an/an_ws/build/turtlebot3_controller -- -j4 -l4
[1.989s] DEBUG:colcon.colcon_core.event_handler.log_command:Invoked command in '/home/an/an_ws/build/diffdrive_esp32' returned '0': CMAKE_PREFIX_PATH=${CMAKE_PREFIX_PATH}:/home/an/ros2_ws/install/self_driving:/opt/ros/humble /usr/bin/cmake --build /home/an/an_ws/build/diffdrive_esp32 -- -j4 -l4
[2.036s] DEBUG:colcon.colcon_core.event_handler.log_command:Invoked command in '/home/an/an_ws/build/rtf_lds_driver' returned '0': CMAKE_PREFIX_PATH=${CMAKE_PREFIX_PATH}:/home/an/ros2_ws/install/self_driving:/opt/ros/humble /usr/bin/cmake --build /home/an/an_ws/build/rtf_lds_driver -- -j4 -l4
[2.052s] DEBUG:colcon.colcon_core.event_handler.log_command:Invoked command in '/home/an/an_ws/build/mpu6050' returned '0': CMAKE_PREFIX_PATH=${CMAKE_PREFIX_PATH}:/home/an/ros2_ws/install/self_driving:/opt/ros/humble /usr/bin/cmake --build /home/an/an_ws/build/mpu6050 -- -j4 -l4
[2.170s] DEBUG:colcon.colcon_core.event_handler.log_command:Invoking command in '/home/an/an_ws/build/diffdrive_esp32': CMAKE_PREFIX_PATH=${CMAKE_PREFIX_PATH}:/home/an/ros2_ws/install/self_driving:/opt/ros/humble /usr/bin/cmake --install /home/an/an_ws/build/diffdrive_esp32
[2.193s] DEBUG:colcon.colcon_core.event_handler.log_command:Invoking command in '/home/an/an_ws/build/rtf_lds_driver': CMAKE_PREFIX_PATH=${CMAKE_PREFIX_PATH}:/home/an/ros2_ws/install/self_driving:/opt/ros/humble /usr/bin/cmake --install /home/an/an_ws/build/rtf_lds_driver
[2.223s] Level 1:colcon.colcon_core.environment:create_environment_scripts_only(diffdrive_esp32)
[2.243s] DEBUG:colcon.colcon_core.event_handler.log_command:Invoked command in '/home/an/an_ws/build/diffdrive_esp32' returned '0': CMAKE_PREFIX_PATH=${CMAKE_PREFIX_PATH}:/home/an/ros2_ws/install/self_driving:/opt/ros/humble /usr/bin/cmake --install /home/an/an_ws/build/diffdrive_esp32
[2.248s] Level 1:colcon.colcon_core.environment:checking '/home/an/an_ws/install/diffdrive_esp32' for CMake module files
[2.257s] Level 1:colcon.colcon_core.environment:checking '/home/an/an_ws/install/diffdrive_esp32' for CMake config files
[2.263s] Level 1:colcon.colcon_core.shell:create_environment_hook('diffdrive_esp32', 'cmake_prefix_path')
[2.265s] INFO:colcon.colcon_core.shell:Creating environment hook '/home/an/an_ws/install/diffdrive_esp32/share/diffdrive_esp32/hook/cmake_prefix_path.ps1'
[2.268s] INFO:colcon.colcon_core.shell:Creating environment descriptor '/home/an/an_ws/install/diffdrive_esp32/share/diffdrive_esp32/hook/cmake_prefix_path.dsv'
[2.270s] INFO:colcon.colcon_core.shell:Creating environment hook '/home/an/an_ws/install/diffdrive_esp32/share/diffdrive_esp32/hook/cmake_prefix_path.sh'
[2.274s] Level 1:colcon.colcon_core.environment:checking '/home/an/an_ws/install/diffdrive_esp32/lib'
[2.275s] Level 1:colcon.colcon_core.shell:create_environment_hook('diffdrive_esp32', 'ld_library_path_lib')
[2.276s] INFO:colcon.colcon_core.shell:Creating environment hook '/home/an/an_ws/install/diffdrive_esp32/share/diffdrive_esp32/hook/ld_library_path_lib.ps1'
[2.278s] INFO:colcon.colcon_core.shell:Creating environment descriptor '/home/an/an_ws/install/diffdrive_esp32/share/diffdrive_esp32/hook/ld_library_path_lib.dsv'
[2.280s] INFO:colcon.colcon_core.shell:Creating environment hook '/home/an/an_ws/install/diffdrive_esp32/share/diffdrive_esp32/hook/ld_library_path_lib.sh'
[2.282s] Level 1:colcon.colcon_core.environment:checking '/home/an/an_ws/install/diffdrive_esp32/bin'
[2.283s] Level 1:colcon.colcon_core.environment:checking '/home/an/an_ws/install/diffdrive_esp32/lib/pkgconfig/diffdrive_esp32.pc'
[2.284s] Level 1:colcon.colcon_core.environment:checking '/home/an/an_ws/install/diffdrive_esp32/lib/python3.10/site-packages'
[2.285s] Level 1:colcon.colcon_core.environment:checking '/home/an/an_ws/install/diffdrive_esp32/bin'
[2.286s] INFO:colcon.colcon_core.shell:Creating package script '/home/an/an_ws/install/diffdrive_esp32/share/diffdrive_esp32/package.ps1'
[2.291s] INFO:colcon.colcon_core.shell:Creating package descriptor '/home/an/an_ws/install/diffdrive_esp32/share/diffdrive_esp32/package.dsv'
[2.294s] INFO:colcon.colcon_core.shell:Creating package script '/home/an/an_ws/install/diffdrive_esp32/share/diffdrive_esp32/package.sh'
[2.297s] INFO:colcon.colcon_core.shell:Creating package script '/home/an/an_ws/install/diffdrive_esp32/share/diffdrive_esp32/package.bash'
[2.300s] INFO:colcon.colcon_core.shell:Creating package script '/home/an/an_ws/install/diffdrive_esp32/share/diffdrive_esp32/package.zsh'
[2.303s] Level 1:colcon.colcon_core.environment:create_file_with_runtime_dependencies(/home/an/an_ws/install/diffdrive_esp32/share/colcon-core/packages/diffdrive_esp32)
[2.319s] DEBUG:colcon.colcon_core.event_handler.log_command:Invoking command in '/home/an/an_ws/build/mpu6050': CMAKE_PREFIX_PATH=${CMAKE_PREFIX_PATH}:/home/an/ros2_ws/install/self_driving:/opt/ros/humble /usr/bin/cmake --install /home/an/an_ws/build/mpu6050
[2.321s] Level 1:colcon.colcon_core.environment:create_environment_scripts_only(rtf_lds_driver)
[2.323s] Level 1:colcon.colcon_core.environment:checking '/home/an/an_ws/install/rtf_lds_driver' for CMake module files
[2.325s] DEBUG:colcon.colcon_core.event_handler.log_command:Invoked command in '/home/an/an_ws/build/rtf_lds_driver' returned '0': CMAKE_PREFIX_PATH=${CMAKE_PREFIX_PATH}:/home/an/ros2_ws/install/self_driving:/opt/ros/humble /usr/bin/cmake --install /home/an/an_ws/build/rtf_lds_driver
[2.329s] Level 1:colcon.colcon_core.environment:checking '/home/an/an_ws/install/rtf_lds_driver' for CMake config files
[2.332s] Level 1:colcon.colcon_core.shell:create_environment_hook('rtf_lds_driver', 'cmake_prefix_path')
[2.333s] INFO:colcon.colcon_core.shell:Creating environment hook '/home/an/an_ws/install/rtf_lds_driver/share/rtf_lds_driver/hook/cmake_prefix_path.ps1'
[2.335s] INFO:colcon.colcon_core.shell:Creating environment descriptor '/home/an/an_ws/install/rtf_lds_driver/share/rtf_lds_driver/hook/cmake_prefix_path.dsv'
[2.337s] INFO:colcon.colcon_core.shell:Creating environment hook '/home/an/an_ws/install/rtf_lds_driver/share/rtf_lds_driver/hook/cmake_prefix_path.sh'
[2.341s] Level 1:colcon.colcon_core.environment:checking '/home/an/an_ws/install/rtf_lds_driver/lib'
[2.342s] Level 1:colcon.colcon_core.environment:checking '/home/an/an_ws/install/rtf_lds_driver/bin'
[2.342s] Level 1:colcon.colcon_core.environment:checking '/home/an/an_ws/install/rtf_lds_driver/lib/pkgconfig/rtf_lds_driver.pc'
[2.343s] Level 1:colcon.colcon_core.environment:checking '/home/an/an_ws/install/rtf_lds_driver/lib/python3.10/site-packages'
[2.345s] Level 1:colcon.colcon_core.environment:checking '/home/an/an_ws/install/rtf_lds_driver/bin'
[2.346s] INFO:colcon.colcon_core.shell:Creating package script '/home/an/an_ws/install/rtf_lds_driver/share/rtf_lds_driver/package.ps1'
[2.349s] INFO:colcon.colcon_core.shell:Creating package descriptor '/home/an/an_ws/install/rtf_lds_driver/share/rtf_lds_driver/package.dsv'
[2.352s] INFO:colcon.colcon_core.shell:Creating package script '/home/an/an_ws/install/rtf_lds_driver/share/rtf_lds_driver/package.sh'
[2.354s] INFO:colcon.colcon_core.shell:Creating package script '/home/an/an_ws/install/rtf_lds_driver/share/rtf_lds_driver/package.bash'
[2.357s] INFO:colcon.colcon_core.shell:Creating package script '/home/an/an_ws/install/rtf_lds_driver/share/rtf_lds_driver/package.zsh'
[2.359s] Level 1:colcon.colcon_core.environment:create_file_with_runtime_dependencies(/home/an/an_ws/install/rtf_lds_driver/share/colcon-core/packages/rtf_lds_driver)
[2.414s] Level 1:colcon.colcon_core.environment:create_environment_scripts_only(mpu6050)
[2.415s] Level 1:colcon.colcon_core.environment:checking '/home/an/an_ws/install/mpu6050' for CMake module files
[2.419s] DEBUG:colcon.colcon_core.event_handler.log_command:Invoked command in '/home/an/an_ws/build/mpu6050' returned '0': CMAKE_PREFIX_PATH=${CMAKE_PREFIX_PATH}:/home/an/ros2_ws/install/self_driving:/opt/ros/humble /usr/bin/cmake --install /home/an/an_ws/build/mpu6050
[2.420s] Level 1:colcon.colcon_core.environment:checking '/home/an/an_ws/install/mpu6050' for CMake config files
[2.422s] Level 1:colcon.colcon_core.shell:create_environment_hook('mpu6050', 'cmake_prefix_path')
[2.424s] INFO:colcon.colcon_core.shell:Creating environment hook '/home/an/an_ws/install/mpu6050/share/mpu6050/hook/cmake_prefix_path.ps1'
[2.426s] INFO:colcon.colcon_core.shell:Creating environment descriptor '/home/an/an_ws/install/mpu6050/share/mpu6050/hook/cmake_prefix_path.dsv'
[2.428s] INFO:colcon.colcon_core.shell:Creating environment hook '/home/an/an_ws/install/mpu6050/share/mpu6050/hook/cmake_prefix_path.sh'
[2.431s] Level 1:colcon.colcon_core.environment:checking '/home/an/an_ws/install/mpu6050/lib'
[2.432s] Level 1:colcon.colcon_core.shell:create_environment_hook('mpu6050', 'ld_library_path_lib')
[2.433s] INFO:colcon.colcon_core.shell:Creating environment hook '/home/an/an_ws/install/mpu6050/share/mpu6050/hook/ld_library_path_lib.ps1'
[2.436s] INFO:colcon.colcon_core.shell:Creating environment descriptor '/home/an/an_ws/install/mpu6050/share/mpu6050/hook/ld_library_path_lib.dsv'
[2.438s] INFO:colcon.colcon_core.shell:Creating environment hook '/home/an/an_ws/install/mpu6050/share/mpu6050/hook/ld_library_path_lib.sh'
[2.440s] Level 1:colcon.colcon_core.environment:checking '/home/an/an_ws/install/mpu6050/bin'
[2.440s] Level 1:colcon.colcon_core.environment:checking '/home/an/an_ws/install/mpu6050/lib/pkgconfig/mpu6050.pc'
[2.441s] Level 1:colcon.colcon_core.environment:checking '/home/an/an_ws/install/mpu6050/lib/python3.10/site-packages'
[2.442s] Level 1:colcon.colcon_core.environment:checking '/home/an/an_ws/install/mpu6050/bin'
[2.444s] INFO:colcon.colcon_core.shell:Creating package script '/home/an/an_ws/install/mpu6050/share/mpu6050/package.ps1'
[2.446s] INFO:colcon.colcon_core.shell:Creating package descriptor '/home/an/an_ws/install/mpu6050/share/mpu6050/package.dsv'
[2.448s] INFO:colcon.colcon_core.shell:Creating package script '/home/an/an_ws/install/mpu6050/share/mpu6050/package.sh'
[2.451s] INFO:colcon.colcon_core.shell:Creating package script '/home/an/an_ws/install/mpu6050/share/mpu6050/package.bash'
[2.453s] INFO:colcon.colcon_core.shell:Creating package script '/home/an/an_ws/install/mpu6050/share/mpu6050/package.zsh'
[2.454s] Level 1:colcon.colcon_core.environment:create_file_with_runtime_dependencies(/home/an/an_ws/install/mpu6050/share/colcon-core/packages/mpu6050)
[2.463s] Level 1:colcon.colcon_core.environment:create_environment_scripts_only(diffdrive_esp32)
[2.464s] Level 1:colcon.colcon_core.environment:checking '/home/an/an_ws/install/diffdrive_esp32' for CMake module files
[2.468s] Level 1:colcon.colcon_core.environment:checking '/home/an/an_ws/install/diffdrive_esp32' for CMake config files
[2.470s] Level 1:colcon.colcon_core.shell:create_environment_hook('diffdrive_esp32', 'cmake_prefix_path')
[2.472s] INFO:colcon.colcon_core.shell:Creating environment hook '/home/an/an_ws/install/diffdrive_esp32/share/diffdrive_esp32/hook/cmake_prefix_path.ps1'
[2.474s] INFO:colcon.colcon_core.shell:Creating environment descriptor '/home/an/an_ws/install/diffdrive_esp32/share/diffdrive_esp32/hook/cmake_prefix_path.dsv'
[2.476s] INFO:colcon.colcon_core.shell:Creating environment hook '/home/an/an_ws/install/diffdrive_esp32/share/diffdrive_esp32/hook/cmake_prefix_path.sh'
[2.480s] Level 1:colcon.colcon_core.environment:checking '/home/an/an_ws/install/diffdrive_esp32/lib'
[2.482s] Level 1:colcon.colcon_core.shell:create_environment_hook('diffdrive_esp32', 'ld_library_path_lib')
[2.483s] INFO:colcon.colcon_core.shell:Creating environment hook '/home/an/an_ws/install/diffdrive_esp32/share/diffdrive_esp32/hook/ld_library_path_lib.ps1'
[2.486s] INFO:colcon.colcon_core.shell:Creating environment descriptor '/home/an/an_ws/install/diffdrive_esp32/share/diffdrive_esp32/hook/ld_library_path_lib.dsv'
[2.489s] INFO:colcon.colcon_core.shell:Creating environment hook '/home/an/an_ws/install/diffdrive_esp32/share/diffdrive_esp32/hook/ld_library_path_lib.sh'
[2.492s] Level 1:colcon.colcon_core.environment:checking '/home/an/an_ws/install/diffdrive_esp32/bin'
[2.493s] Level 1:colcon.colcon_core.environment:checking '/home/an/an_ws/install/diffdrive_esp32/lib/pkgconfig/diffdrive_esp32.pc'
[2.494s] Level 1:colcon.colcon_core.environment:checking '/home/an/an_ws/install/diffdrive_esp32/lib/python3.10/site-packages'
[2.495s] Level 1:colcon.colcon_core.environment:checking '/home/an/an_ws/install/diffdrive_esp32/bin'
[2.496s] INFO:colcon.colcon_core.shell:Creating package script '/home/an/an_ws/install/diffdrive_esp32/share/diffdrive_esp32/package.ps1'
[2.500s] INFO:colcon.colcon_core.shell:Creating package descriptor '/home/an/an_ws/install/diffdrive_esp32/share/diffdrive_esp32/package.dsv'
[2.503s] INFO:colcon.colcon_core.shell:Creating package script '/home/an/an_ws/install/diffdrive_esp32/share/diffdrive_esp32/package.sh'
[2.506s] INFO:colcon.colcon_core.shell:Creating package script '/home/an/an_ws/install/diffdrive_esp32/share/diffdrive_esp32/package.bash'
[2.508s] INFO:colcon.colcon_core.shell:Creating package script '/home/an/an_ws/install/diffdrive_esp32/share/diffdrive_esp32/package.zsh'
[2.510s] Level 1:colcon.colcon_core.environment:create_file_with_runtime_dependencies(/home/an/an_ws/install/diffdrive_esp32/share/colcon-core/packages/diffdrive_esp32)
[2.515s] INFO:colcon.colcon_ros.task.ament_cmake.build:Building ROS package in '/home/an/an_ws/src/turtlebot3_description' with build type 'ament_cmake'
[2.516s] INFO:colcon.colcon_cmake.task.cmake.build:Building CMake package in '/home/an/an_ws/src/turtlebot3_description'
[2.517s] INFO:colcon.colcon_core.shell:Skip shell extension 'powershell' for command environment: Not usable outside of PowerShell
[2.517s] DEBUG:colcon.colcon_core.shell:Skip shell extension 'dsv' for command environment
[2.546s] Level 1:colcon.colcon_core.environment:create_environment_scripts_only(rtf_lds_driver)
[2.547s] Level 1:colcon.colcon_core.environment:checking '/home/an/an_ws/install/rtf_lds_driver' for CMake module files
[2.550s] Level 1:colcon.colcon_core.environment:checking '/home/an/an_ws/install/rtf_lds_driver' for CMake config files
[2.553s] Level 1:colcon.colcon_core.shell:create_environment_hook('rtf_lds_driver', 'cmake_prefix_path')
[2.554s] INFO:colcon.colcon_core.shell:Creating environment hook '/home/an/an_ws/install/rtf_lds_driver/share/rtf_lds_driver/hook/cmake_prefix_path.ps1'
[2.556s] INFO:colcon.colcon_core.shell:Creating environment descriptor '/home/an/an_ws/install/rtf_lds_driver/share/rtf_lds_driver/hook/cmake_prefix_path.dsv'
[2.558s] INFO:colcon.colcon_core.shell:Creating environment hook '/home/an/an_ws/install/rtf_lds_driver/share/rtf_lds_driver/hook/cmake_prefix_path.sh'
[2.561s] Level 1:colcon.colcon_core.environment:checking '/home/an/an_ws/install/rtf_lds_driver/lib'
[2.562s] Level 1:colcon.colcon_core.environment:checking '/home/an/an_ws/install/rtf_lds_driver/bin'
[2.562s] Level 1:colcon.colcon_core.environment:checking '/home/an/an_ws/install/rtf_lds_driver/lib/pkgconfig/rtf_lds_driver.pc'
[2.563s] Level 1:colcon.colcon_core.environment:checking '/home/an/an_ws/install/rtf_lds_driver/lib/python3.10/site-packages'
[2.564s] Level 1:colcon.colcon_core.environment:checking '/home/an/an_ws/install/rtf_lds_driver/bin'
[2.565s] INFO:colcon.colcon_core.shell:Creating package script '/home/an/an_ws/install/rtf_lds_driver/share/rtf_lds_driver/package.ps1'
[2.568s] INFO:colcon.colcon_core.shell:Creating package descriptor '/home/an/an_ws/install/rtf_lds_driver/share/rtf_lds_driver/package.dsv'
[2.570s] INFO:colcon.colcon_core.shell:Creating package script '/home/an/an_ws/install/rtf_lds_driver/share/rtf_lds_driver/package.sh'
[2.573s] INFO:colcon.colcon_core.shell:Creating package script '/home/an/an_ws/install/rtf_lds_driver/share/rtf_lds_driver/package.bash'
[2.575s] INFO:colcon.colcon_core.shell:Creating package script '/home/an/an_ws/install/rtf_lds_driver/share/rtf_lds_driver/package.zsh'
[2.577s] Level 1:colcon.colcon_core.environment:create_file_with_runtime_dependencies(/home/an/an_ws/install/rtf_lds_driver/share/colcon-core/packages/rtf_lds_driver)
[2.596s] DEBUG:colcon.colcon_core.event_handler.log_command:Invoking command in '/home/an/an_ws/build/turtlebot3_description': CMAKE_PREFIX_PATH=${CMAKE_PREFIX_PATH}:/home/an/ros2_ws/install/self_driving:/opt/ros/humble /usr/bin/cmake --build /home/an/an_ws/build/turtlebot3_description -- -j4 -l4
[2.659s] Level 1:colcon.colcon_core.environment:create_environment_scripts_only(mpu6050)
[2.660s] Level 1:colcon.colcon_core.environment:checking '/home/an/an_ws/install/mpu6050' for CMake module files
[2.663s] Level 1:colcon.colcon_core.environment:checking '/home/an/an_ws/install/mpu6050' for CMake config files
[2.666s] Level 1:colcon.colcon_core.shell:create_environment_hook('mpu6050', 'cmake_prefix_path')
[2.667s] INFO:colcon.colcon_core.shell:Creating environment hook '/home/an/an_ws/install/mpu6050/share/mpu6050/hook/cmake_prefix_path.ps1'
[2.669s] INFO:colcon.colcon_core.shell:Creating environment descriptor '/home/an/an_ws/install/mpu6050/share/mpu6050/hook/cmake_prefix_path.dsv'
[2.671s] INFO:colcon.colcon_core.shell:Creating environment hook '/home/an/an_ws/install/mpu6050/share/mpu6050/hook/cmake_prefix_path.sh'
[2.674s] Level 1:colcon.colcon_core.environment:checking '/home/an/an_ws/install/mpu6050/lib'
[2.675s] Level 1:colcon.colcon_core.shell:create_environment_hook('mpu6050', 'ld_library_path_lib')
[2.676s] INFO:colcon.colcon_core.shell:Creating environment hook '/home/an/an_ws/install/mpu6050/share/mpu6050/hook/ld_library_path_lib.ps1'
[2.678s] INFO:colcon.colcon_core.shell:Creating environment descriptor '/home/an/an_ws/install/mpu6050/share/mpu6050/hook/ld_library_path_lib.dsv'
[2.680s] INFO:colcon.colcon_core.shell:Creating environment hook '/home/an/an_ws/install/mpu6050/share/mpu6050/hook/ld_library_path_lib.sh'
[2.682s] Level 1:colcon.colcon_core.environment:checking '/home/an/an_ws/install/mpu6050/bin'
[2.683s] Level 1:colcon.colcon_core.environment:checking '/home/an/an_ws/install/mpu6050/lib/pkgconfig/mpu6050.pc'
[2.684s] Level 1:colcon.colcon_core.environment:checking '/home/an/an_ws/install/mpu6050/lib/python3.10/site-packages'
[2.686s] Level 1:colcon.colcon_core.environment:checking '/home/an/an_ws/install/mpu6050/bin'
[2.688s] INFO:colcon.colcon_core.shell:Creating package script '/home/an/an_ws/install/mpu6050/share/mpu6050/package.ps1'
[2.691s] INFO:colcon.colcon_core.shell:Creating package descriptor '/home/an/an_ws/install/mpu6050/share/mpu6050/package.dsv'
[2.694s] INFO:colcon.colcon_core.shell:Creating package script '/home/an/an_ws/install/mpu6050/share/mpu6050/package.sh'
[2.697s] INFO:colcon.colcon_core.shell:Creating package script '/home/an/an_ws/install/mpu6050/share/mpu6050/package.bash'
[2.700s] INFO:colcon.colcon_core.shell:Creating package script '/home/an/an_ws/install/mpu6050/share/mpu6050/package.zsh'
[2.702s] Level 1:colcon.colcon_core.environment:create_file_with_runtime_dependencies(/home/an/an_ws/install/mpu6050/share/colcon-core/packages/mpu6050)
[2.740s] DEBUG:colcon.colcon_core.event_handler.log_command:Invoked command in '/home/an/an_ws/build/turtlebot3_description' returned '0': CMAKE_PREFIX_PATH=${CMAKE_PREFIX_PATH}:/home/an/ros2_ws/install/self_driving:/opt/ros/humble /usr/bin/cmake --build /home/an/an_ws/build/turtlebot3_description -- -j4 -l4
[2.843s] DEBUG:colcon.colcon_core.event_handler.log_command:Invoking command in '/home/an/an_ws/build/turtlebot3_description': CMAKE_PREFIX_PATH=${CMAKE_PREFIX_PATH}:/home/an/ros2_ws/install/self_driving:/opt/ros/humble /usr/bin/cmake --install /home/an/an_ws/build/turtlebot3_description
[2.892s] Level 1:colcon.colcon_core.environment:create_environment_scripts_only(turtlebot3_description)
[2.894s] Level 1:colcon.colcon_core.environment:checking '/home/an/an_ws/install/turtlebot3_description' for CMake module files
[2.902s] Level 1:colcon.colcon_core.environment:checking '/home/an/an_ws/install/turtlebot3_description' for CMake config files
[2.903s] DEBUG:colcon.colcon_core.event_handler.log_command:Invoked command in '/home/an/an_ws/build/turtlebot3_description' returned '0': CMAKE_PREFIX_PATH=${CMAKE_PREFIX_PATH}:/home/an/ros2_ws/install/self_driving:/opt/ros/humble /usr/bin/cmake --install /home/an/an_ws/build/turtlebot3_description
[2.906s] Level 1:colcon.colcon_core.shell:create_environment_hook('turtlebot3_description', 'cmake_prefix_path')
[2.907s] INFO:colcon.colcon_core.shell:Creating environment hook '/home/an/an_ws/install/turtlebot3_description/share/turtlebot3_description/hook/cmake_prefix_path.ps1'
[2.909s] INFO:colcon.colcon_core.shell:Creating environment descriptor '/home/an/an_ws/install/turtlebot3_description/share/turtlebot3_description/hook/cmake_prefix_path.dsv'
[2.911s] INFO:colcon.colcon_core.shell:Creating environment hook '/home/an/an_ws/install/turtlebot3_description/share/turtlebot3_description/hook/cmake_prefix_path.sh'
[2.913s] Level 1:colcon.colcon_core.environment:checking '/home/an/an_ws/install/turtlebot3_description/bin'
[2.914s] Level 1:colcon.colcon_core.environment:checking '/home/an/an_ws/install/turtlebot3_description/lib/pkgconfig/turtlebot3_description.pc'
[2.915s] Level 1:colcon.colcon_core.environment:checking '/home/an/an_ws/install/turtlebot3_description/lib/python3.10/site-packages'
[2.916s] Level 1:colcon.colcon_core.environment:checking '/home/an/an_ws/install/turtlebot3_description/bin'
[2.917s] INFO:colcon.colcon_core.shell:Creating package script '/home/an/an_ws/install/turtlebot3_description/share/turtlebot3_description/package.ps1'
[2.919s] INFO:colcon.colcon_core.shell:Creating package descriptor '/home/an/an_ws/install/turtlebot3_description/share/turtlebot3_description/package.dsv'
[2.921s] INFO:colcon.colcon_core.shell:Creating package script '/home/an/an_ws/install/turtlebot3_description/share/turtlebot3_description/package.sh'
[2.923s] INFO:colcon.colcon_core.shell:Creating package script '/home/an/an_ws/install/turtlebot3_description/share/turtlebot3_description/package.bash'
[2.924s] INFO:colcon.colcon_core.shell:Creating package script '/home/an/an_ws/install/turtlebot3_description/share/turtlebot3_description/package.zsh'
[2.926s] Level 1:colcon.colcon_core.environment:create_file_with_runtime_dependencies(/home/an/an_ws/install/turtlebot3_description/share/colcon-core/packages/turtlebot3_description)
[3.023s] Level 1:colcon.colcon_core.environment:create_environment_scripts_only(turtlebot3_description)
[3.024s] Level 1:colcon.colcon_core.environment:checking '/home/an/an_ws/install/turtlebot3_description' for CMake module files
[3.027s] Level 1:colcon.colcon_core.environment:checking '/home/an/an_ws/install/turtlebot3_description' for CMake config files
[3.030s] Level 1:colcon.colcon_core.shell:create_environment_hook('turtlebot3_description', 'cmake_prefix_path')
[3.031s] INFO:colcon.colcon_core.shell:Creating environment hook '/home/an/an_ws/install/turtlebot3_description/share/turtlebot3_description/hook/cmake_prefix_path.ps1'
[3.033s] INFO:colcon.colcon_core.shell:Creating environment descriptor '/home/an/an_ws/install/turtlebot3_description/share/turtlebot3_description/hook/cmake_prefix_path.dsv'
[3.035s] INFO:colcon.colcon_core.shell:Creating environment hook '/home/an/an_ws/install/turtlebot3_description/share/turtlebot3_description/hook/cmake_prefix_path.sh'
[3.037s] Level 1:colcon.colcon_core.environment:checking '/home/an/an_ws/install/turtlebot3_description/bin'
[3.037s] Level 1:colcon.colcon_core.environment:checking '/home/an/an_ws/install/turtlebot3_description/lib/pkgconfig/turtlebot3_description.pc'
[3.038s] Level 1:colcon.colcon_core.environment:checking '/home/an/an_ws/install/turtlebot3_description/lib/python3.10/site-packages'
[3.040s] Level 1:colcon.colcon_core.environment:checking '/home/an/an_ws/install/turtlebot3_description/bin'
[3.041s] INFO:colcon.colcon_core.shell:Creating package script '/home/an/an_ws/install/turtlebot3_description/share/turtlebot3_description/package.ps1'
[3.043s] INFO:colcon.colcon_core.shell:Creating package descriptor '/home/an/an_ws/install/turtlebot3_description/share/turtlebot3_description/package.dsv'
[3.046s] INFO:colcon.colcon_core.shell:Creating package script '/home/an/an_ws/install/turtlebot3_description/share/turtlebot3_description/package.sh'
[3.048s] INFO:colcon.colcon_core.shell:Creating package script '/home/an/an_ws/install/turtlebot3_description/share/turtlebot3_description/package.bash'
[3.050s] INFO:colcon.colcon_core.shell:Creating package script '/home/an/an_ws/install/turtlebot3_description/share/turtlebot3_description/package.zsh'
[3.052s] Level 1:colcon.colcon_core.environment:create_file_with_runtime_dependencies(/home/an/an_ws/install/turtlebot3_description/share/colcon-core/packages/turtlebot3_description)
[37.254s] DEBUG:colcon.colcon_core.event_handler.log_command:Invoked command in '/home/an/an_ws/build/turtlebot3_controller' returned '0': CMAKE_PREFIX_PATH=${CMAKE_PREFIX_PATH}:/home/an/ros2_ws/install/self_driving:/opt/ros/humble /usr/bin/cmake --build /home/an/an_ws/build/turtlebot3_controller -- -j4 -l4
[37.406s] DEBUG:colcon.colcon_core.event_handler.log_command:Invoking command in '/home/an/an_ws/build/turtlebot3_controller': CMAKE_PREFIX_PATH=${CMAKE_PREFIX_PATH}:/home/an/ros2_ws/install/self_driving:/opt/ros/humble /usr/bin/cmake --install /home/an/an_ws/build/turtlebot3_controller
[37.477s] Level 1:colcon.colcon_core.environment:create_environment_scripts_only(turtlebot3_controller)
[37.478s] Level 1:colcon.colcon_core.environment:checking '/home/an/an_ws/install/turtlebot3_controller' for CMake module files
[37.480s] DEBUG:colcon.colcon_core.event_handler.log_command:Invoked command in '/home/an/an_ws/build/turtlebot3_controller' returned '0': CMAKE_PREFIX_PATH=${CMAKE_PREFIX_PATH}:/home/an/ros2_ws/install/self_driving:/opt/ros/humble /usr/bin/cmake --install /home/an/an_ws/build/turtlebot3_controller
[37.482s] Level 1:colcon.colcon_core.environment:checking '/home/an/an_ws/install/turtlebot3_controller' for CMake config files
[37.483s] Level 1:colcon.colcon_core.shell:create_environment_hook('turtlebot3_controller', 'cmake_prefix_path')
[37.484s] INFO:colcon.colcon_core.shell:Creating environment hook '/home/an/an_ws/install/turtlebot3_controller/share/turtlebot3_controller/hook/cmake_prefix_path.ps1'
[37.486s] INFO:colcon.colcon_core.shell:Creating environment descriptor '/home/an/an_ws/install/turtlebot3_controller/share/turtlebot3_controller/hook/cmake_prefix_path.dsv'
[37.488s] INFO:colcon.colcon_core.shell:Creating environment hook '/home/an/an_ws/install/turtlebot3_controller/share/turtlebot3_controller/hook/cmake_prefix_path.sh'
[37.491s] Level 1:colcon.colcon_core.environment:checking '/home/an/an_ws/install/turtlebot3_controller/lib'
[37.491s] Level 1:colcon.colcon_core.environment:checking '/home/an/an_ws/install/turtlebot3_controller/bin'
[37.491s] Level 1:colcon.colcon_core.environment:checking '/home/an/an_ws/install/turtlebot3_controller/lib/pkgconfig/turtlebot3_controller.pc'
[37.492s] Level 1:colcon.colcon_core.environment:checking '/home/an/an_ws/install/turtlebot3_controller/lib/python3.10/site-packages'
[37.493s] Level 1:colcon.colcon_core.environment:checking '/home/an/an_ws/install/turtlebot3_controller/bin'
[37.494s] INFO:colcon.colcon_core.shell:Creating package script '/home/an/an_ws/install/turtlebot3_controller/share/turtlebot3_controller/package.ps1'
[37.497s] INFO:colcon.colcon_core.shell:Creating package descriptor '/home/an/an_ws/install/turtlebot3_controller/share/turtlebot3_controller/package.dsv'
[37.499s] INFO:colcon.colcon_core.shell:Creating package script '/home/an/an_ws/install/turtlebot3_controller/share/turtlebot3_controller/package.sh'
[37.501s] INFO:colcon.colcon_core.shell:Creating package script '/home/an/an_ws/install/turtlebot3_controller/share/turtlebot3_controller/package.bash'
[37.502s] INFO:colcon.colcon_core.shell:Creating package script '/home/an/an_ws/install/turtlebot3_controller/share/turtlebot3_controller/package.zsh'
[37.504s] Level 1:colcon.colcon_core.environment:create_file_with_runtime_dependencies(/home/an/an_ws/install/turtlebot3_controller/share/colcon-core/packages/turtlebot3_controller)
[37.637s] Level 1:colcon.colcon_core.environment:create_environment_scripts_only(turtlebot3_controller)
[37.638s] Level 1:colcon.colcon_core.environment:checking '/home/an/an_ws/install/turtlebot3_controller' for CMake module files
[37.641s] Level 1:colcon.colcon_core.environment:checking '/home/an/an_ws/install/turtlebot3_controller' for CMake config files
[37.643s] Level 1:colcon.colcon_core.shell:create_environment_hook('turtlebot3_controller', 'cmake_prefix_path')
[37.644s] INFO:colcon.colcon_core.shell:Creating environment hook '/home/an/an_ws/install/turtlebot3_controller/share/turtlebot3_controller/hook/cmake_prefix_path.ps1'
[37.646s] INFO:colcon.colcon_core.shell:Creating environment descriptor '/home/an/an_ws/install/turtlebot3_controller/share/turtlebot3_controller/hook/cmake_prefix_path.dsv'
[37.649s] INFO:colcon.colcon_core.shell:Creating environment hook '/home/an/an_ws/install/turtlebot3_controller/share/turtlebot3_controller/hook/cmake_prefix_path.sh'
[37.652s] Level 1:colcon.colcon_core.environment:checking '/home/an/an_ws/install/turtlebot3_controller/lib'
[37.652s] Level 1:colcon.colcon_core.environment:checking '/home/an/an_ws/install/turtlebot3_controller/bin'
[37.653s] Level 1:colcon.colcon_core.environment:checking '/home/an/an_ws/install/turtlebot3_controller/lib/pkgconfig/turtlebot3_controller.pc'
[37.654s] Level 1:colcon.colcon_core.environment:checking '/home/an/an_ws/install/turtlebot3_controller/lib/python3.10/site-packages'
[37.655s] Level 1:colcon.colcon_core.environment:checking '/home/an/an_ws/install/turtlebot3_controller/bin'
[37.656s] INFO:colcon.colcon_core.shell:Creating package script '/home/an/an_ws/install/turtlebot3_controller/share/turtlebot3_controller/package.ps1'
[37.658s] INFO:colcon.colcon_core.shell:Creating package descriptor '/home/an/an_ws/install/turtlebot3_controller/share/turtlebot3_controller/package.dsv'
[37.661s] INFO:colcon.colcon_core.shell:Creating package script '/home/an/an_ws/install/turtlebot3_controller/share/turtlebot3_controller/package.sh'
[37.662s] INFO:colcon.colcon_core.shell:Creating package script '/home/an/an_ws/install/turtlebot3_controller/share/turtlebot3_controller/package.bash'
[37.664s] INFO:colcon.colcon_core.shell:Creating package script '/home/an/an_ws/install/turtlebot3_controller/share/turtlebot3_controller/package.zsh'
[37.666s] Level 1:colcon.colcon_core.environment:create_file_with_runtime_dependencies(/home/an/an_ws/install/turtlebot3_controller/share/colcon-core/packages/turtlebot3_controller)
[37.667s] DEBUG:colcon.colcon_parallel_executor.executor.parallel:closing loop
[37.668s] DEBUG:colcon.colcon_parallel_executor.executor.parallel:loop closed
[37.669s] DEBUG:colcon.colcon_parallel_executor.executor.parallel:run_until_complete finished with '0'
[37.669s] DEBUG:colcon.colcon_core.event_reactor:joining thread
[37.692s] INFO:colcon.colcon_core.plugin_system:Skipping extension 'colcon_notification.desktop_notification.notify_send': Could not find 'notify-send'
[37.693s] INFO:colcon.colcon_core.plugin_system:Skipping extension 'colcon_notification.desktop_notification.terminal_notifier': Not used on non-Darwin systems
[37.693s] INFO:colcon.colcon_core.plugin_system:Skipping extension 'colcon_notification.desktop_notification.win32': Not used on non-Windows systems
[37.693s] INFO:colcon.colcon_notification.desktop_notification:Sending desktop notification using 'notify2'
[37.696s] DEBUG:colcon.colcon_notification.desktop_notification.notify2:Failed to initialize notify2: org.freedesktop.DBus.Error.ServiceUnknown: The name org.freedesktop.Notifications was not provided by any .service files
[37.696s] DEBUG:colcon.colcon_core.event_reactor:joined thread
[37.697s] INFO:colcon.colcon_core.shell:Creating prefix script '/home/an/an_ws/install/local_setup.ps1'
[37.701s] INFO:colcon.colcon_core.shell:Creating prefix util module '/home/an/an_ws/install/_local_setup_util_ps1.py'
[37.707s] INFO:colcon.colcon_core.shell:Creating prefix chain script '/home/an/an_ws/install/setup.ps1'
[37.713s] INFO:colcon.colcon_core.shell:Creating prefix script '/home/an/an_ws/install/local_setup.sh'
[37.716s] INFO:colcon.colcon_core.shell:Creating prefix util module '/home/an/an_ws/install/_local_setup_util_sh.py'
[37.718s] INFO:colcon.colcon_core.shell:Creating prefix chain script '/home/an/an_ws/install/setup.sh'
[37.724s] INFO:colcon.colcon_core.shell:Creating prefix script '/home/an/an_ws/install/local_setup.bash'
[37.726s] INFO:colcon.colcon_core.shell:Creating prefix chain script '/home/an/an_ws/install/setup.bash'
[37.731s] INFO:colcon.colcon_core.shell:Creating prefix script '/home/an/an_ws/install/local_setup.zsh'
[37.734s] INFO:colcon.colcon_core.shell:Creating prefix chain script '/home/an/an_ws/install/setup.zsh'
