[0.152s] Invoking command in '/home/an/an_ws/build/diffdrive_esp32': CMAKE_PREFIX_PATH=${CMAKE_PREFIX_PATH}:/home/an/ros2_ws/install/self_driving:/opt/ros/humble /usr/bin/cmake --build /home/an/an_ws/build/diffdrive_esp32 -- -j4 -l4
[0.677s] [100%] Built target diffdrive_esp32
[0.746s] Invoked command in '/home/an/an_ws/build/diffdrive_esp32' returned '0': CMAKE_PREFIX_PATH=${CMAKE_PREFIX_PATH}:/home/an/ros2_ws/install/self_driving:/opt/ros/humble /usr/bin/cmake --build /home/an/an_ws/build/diffdrive_esp32 -- -j4 -l4
[1.117s] Invoking command in '/home/an/an_ws/build/diffdrive_esp32': CMAKE_PREFIX_PATH=${CMAKE_PREFIX_PATH}:/home/an/ros2_ws/install/self_driving:/opt/ros/humble /usr/bin/cmake --install /home/an/an_ws/build/diffdrive_esp32
[1.165s] -- Install configuration: ""
[1.168s] -- Up-to-date: /home/an/an_ws/install/diffdrive_esp32/share/diffdrive_esp32/diffdrive_esp32.xml
[1.168s] -- Up-to-date: /home/an/an_ws/install/diffdrive_esp32/include/diffdrive_esp32
[1.169s] -- Up-to-date: /home/an/an_ws/install/diffdrive_esp32/include/diffdrive_esp32/diffdrive_esp32
[1.170s] -- Up-to-date: /home/an/an_ws/install/diffdrive_esp32/include/diffdrive_esp32/diffdrive_esp32/esp32_comms.hpp
[1.170s] -- Up-to-date: /home/an/an_ws/install/diffdrive_esp32/include/diffdrive_esp32/diffdrive_esp32/visibility_control.h
[1.171s] -- Up-to-date: /home/an/an_ws/install/diffdrive_esp32/include/diffdrive_esp32/diffdrive_esp32/wheel.hpp
[1.173s] -- Up-to-date: /home/an/an_ws/install/diffdrive_esp32/include/diffdrive_esp32/diffdrive_esp32/diffbot_system.hpp
[1.179s] -- Up-to-date: /home/an/an_ws/install/diffdrive_esp32/lib/libdiffdrive_esp32.so
[1.180s] -- Up-to-date: /home/an/an_ws/install/diffdrive_esp32/share/diffdrive_esp32/environment/library_path.sh
[1.181s] -- Up-to-date: /home/an/an_ws/install/diffdrive_esp32/share/diffdrive_esp32/environment/library_path.dsv
[1.182s] -- Up-to-date: /home/an/an_ws/install/diffdrive_esp32/share/ament_index/resource_index/package_run_dependencies/diffdrive_esp32
[1.185s] -- Up-to-date: /home/an/an_ws/install/diffdrive_esp32/share/ament_index/resource_index/parent_prefix_path/diffdrive_esp32
[1.186s] -- Up-to-date: /home/an/an_ws/install/diffdrive_esp32/share/diffdrive_esp32/environment/ament_prefix_path.sh
[1.187s] -- Up-to-date: /home/an/an_ws/install/diffdrive_esp32/share/diffdrive_esp32/environment/ament_prefix_path.dsv
[1.188s] -- Up-to-date: /home/an/an_ws/install/diffdrive_esp32/share/diffdrive_esp32/environment/path.sh
[1.189s] -- Up-to-date: /home/an/an_ws/install/diffdrive_esp32/share/diffdrive_esp32/environment/path.dsv
[1.189s] -- Up-to-date: /home/an/an_ws/install/diffdrive_esp32/share/diffdrive_esp32/local_setup.bash
[1.190s] -- Up-to-date: /home/an/an_ws/install/diffdrive_esp32/share/diffdrive_esp32/local_setup.sh
[1.190s] -- Up-to-date: /home/an/an_ws/install/diffdrive_esp32/share/diffdrive_esp32/local_setup.zsh
[1.191s] -- Up-to-date: /home/an/an_ws/install/diffdrive_esp32/share/diffdrive_esp32/local_setup.dsv
[1.191s] -- Installing: /home/an/an_ws/install/diffdrive_esp32/share/diffdrive_esp32/package.dsv
[1.194s] -- Up-to-date: /home/an/an_ws/install/diffdrive_esp32/share/ament_index/resource_index/packages/diffdrive_esp32
[1.199s] -- Up-to-date: /home/an/an_ws/install/diffdrive_esp32/share/ament_index/resource_index/hardware_interface__pluginlib__plugin/diffdrive_esp32
[1.230s] -- Up-to-date: /home/an/an_ws/install/diffdrive_esp32/share/diffdrive_esp32/cmake/export_diffdrive_esp32Export.cmake
[1.232s] -- Up-to-date: /home/an/an_ws/install/diffdrive_esp32/share/diffdrive_esp32/cmake/export_diffdrive_esp32Export-noconfig.cmake
[1.232s] -- Up-to-date: /home/an/an_ws/install/diffdrive_esp32/share/diffdrive_esp32/cmake/ament_cmake_export_targets-extras.cmake
[1.233s] -- Up-to-date: /home/an/an_ws/install/diffdrive_esp32/share/diffdrive_esp32/cmake/ament_cmake_export_dependencies-extras.cmake
[1.234s] -- Up-to-date: /home/an/an_ws/install/diffdrive_esp32/share/diffdrive_esp32/cmake/diffdrive_esp32Config.cmake
[1.234s] -- Up-to-date: /home/an/an_ws/install/diffdrive_esp32/share/diffdrive_esp32/cmake/diffdrive_esp32Config-version.cmake
[1.235s] -- Up-to-date: /home/an/an_ws/install/diffdrive_esp32/share/diffdrive_esp32/package.xml
[1.242s] Invoked command in '/home/an/an_ws/build/diffdrive_esp32' returned '0': CMAKE_PREFIX_PATH=${CMAKE_PREFIX_PATH}:/home/an/ros2_ws/install/self_driving:/opt/ros/humble /usr/bin/cmake --install /home/an/an_ws/build/diffdrive_esp32
