[0.129s] Invoking command in '/home/an/an_ws/build/turtlebot3_controller': CMAKE_PREFIX_PATH=${CMAKE_PREFIX_PATH}:/home/an/ros2_ws/install/self_driving:/opt/ros/humble /usr/bin/cmake --build /home/an/an_ws/build/turtlebot3_controller -- -j4 -l4
[0.567s] [100%] Built target odom_publisher
[0.664s] Invoked command in '/home/an/an_ws/build/turtlebot3_controller' returned '0': CMAKE_PREFIX_PATH=${CMAKE_PREFIX_PATH}:/home/an/ros2_ws/install/self_driving:/opt/ros/humble /usr/bin/cmake --build /home/an/an_ws/build/turtlebot3_controller -- -j4 -l4
[0.985s] Invoking command in '/home/an/an_ws/build/turtlebot3_controller': CMAKE_PREFIX_PATH=${CMAKE_PREFIX_PATH}:/home/an/ros2_ws/install/self_driving:/opt/ros/humble /usr/bin/cmake --install /home/an/an_ws/build/turtlebot3_controller
[1.043s] -- Install configuration: ""
[1.044s] -- Up-to-date: /home/an/an_ws/install/turtlebot3_controller/include/include
[1.044s] -- Up-to-date: /home/an/an_ws/install/turtlebot3_controller/include/include/turtlebot3_controller
[1.061s] -- Up-to-date: /home/an/an_ws/install/turtlebot3_controller/include/include/turtlebot3_controller/odom_publisher.hpp
[1.070s] -- Up-to-date: /home/an/an_ws/install/turtlebot3_controller/lib/turtlebot3_controller/odom_publisher
[1.076s] -- Up-to-date: /home/an/an_ws/install/turtlebot3_controller/share/turtlebot3_controller/config
[1.076s] -- Up-to-date: /home/an/an_ws/install/turtlebot3_controller/share/turtlebot3_controller/config/gazebo_ros2_ctl_use_sim.yaml
[1.079s] -- Up-to-date: /home/an/an_ws/install/turtlebot3_controller/share/turtlebot3_controller/config/ekf_old.yaml
[1.080s] -- Installing: /home/an/an_ws/install/turtlebot3_controller/share/turtlebot3_controller/config/controller.yaml
[1.081s] -- Up-to-date: /home/an/an_ws/install/turtlebot3_controller/share/turtlebot3_controller/config/ekf.yaml
[1.081s] -- Up-to-date: /home/an/an_ws/install/turtlebot3_controller/share/turtlebot3_controller/launch
[1.081s] -- Up-to-date: /home/an/an_ws/install/turtlebot3_controller/share/turtlebot3_controller/launch/diff_drive_controller.launch.py
[1.082s] -- Up-to-date: /home/an/an_ws/install/turtlebot3_controller/share/turtlebot3_controller/launch/launch_robot_controller.launch.py
[1.082s] -- Up-to-date: /home/an/an_ws/install/turtlebot3_controller/share/turtlebot3_controller/launch/tb3_bringup.launch.py
[1.083s] -- Up-to-date: /home/an/an_ws/install/turtlebot3_controller/share/turtlebot3_controller/launch/test.py
[1.092s] -- Up-to-date: /home/an/an_ws/install/turtlebot3_controller/share/ament_index/resource_index/package_run_dependencies/turtlebot3_controller
[1.093s] -- Up-to-date: /home/an/an_ws/install/turtlebot3_controller/share/ament_index/resource_index/parent_prefix_path/turtlebot3_controller
[1.094s] -- Up-to-date: /home/an/an_ws/install/turtlebot3_controller/share/turtlebot3_controller/environment/ament_prefix_path.sh
[1.095s] -- Up-to-date: /home/an/an_ws/install/turtlebot3_controller/share/turtlebot3_controller/environment/ament_prefix_path.dsv
[1.095s] -- Up-to-date: /home/an/an_ws/install/turtlebot3_controller/share/turtlebot3_controller/environment/path.sh
[1.096s] -- Up-to-date: /home/an/an_ws/install/turtlebot3_controller/share/turtlebot3_controller/environment/path.dsv
[1.096s] -- Up-to-date: /home/an/an_ws/install/turtlebot3_controller/share/turtlebot3_controller/local_setup.bash
[1.098s] -- Up-to-date: /home/an/an_ws/install/turtlebot3_controller/share/turtlebot3_controller/local_setup.sh
[1.099s] -- Up-to-date: /home/an/an_ws/install/turtlebot3_controller/share/turtlebot3_controller/local_setup.zsh
[1.099s] -- Up-to-date: /home/an/an_ws/install/turtlebot3_controller/share/turtlebot3_controller/local_setup.dsv
[1.100s] -- Installing: /home/an/an_ws/install/turtlebot3_controller/share/turtlebot3_controller/package.dsv
[1.103s] -- Up-to-date: /home/an/an_ws/install/turtlebot3_controller/share/ament_index/resource_index/packages/turtlebot3_controller
[1.104s] -- Up-to-date: /home/an/an_ws/install/turtlebot3_controller/share/turtlebot3_controller/cmake/turtlebot3_controllerConfig.cmake
[1.104s] -- Up-to-date: /home/an/an_ws/install/turtlebot3_controller/share/turtlebot3_controller/cmake/turtlebot3_controllerConfig-version.cmake
[1.108s] -- Up-to-date: /home/an/an_ws/install/turtlebot3_controller/share/turtlebot3_controller/package.xml
[1.328s] Invoked command in '/home/an/an_ws/build/turtlebot3_controller' returned '0': CMAKE_PREFIX_PATH=${CMAKE_PREFIX_PATH}:/home/an/ros2_ws/install/self_driving:/opt/ros/humble /usr/bin/cmake --install /home/an/an_ws/build/turtlebot3_controller
