[0.422s] DEBUG:colcon:Command line arguments: ['/usr/bin/colcon', 'build']
[0.422s] DEBUG:colcon:Parsed command line arguments: Namespace(log_base=None, log_level=None, verb_name='build', build_base='build', install_base='install', merge_install=False, symlink_install=False, test_result_base=None, continue_on_error=False, executor='parallel', parallel_workers=4, event_handlers=None, ignore_user_meta=False, metas=['./colcon.meta'], base_paths=['.'], packages_ignore=None, packages_ignore_regex=None, paths=None, packages_up_to=None, packages_up_to_regex=None, packages_above=None, packages_above_and_dependencies=None, packages_above_depth=None, packages_select_by_dep=None, packages_skip_by_dep=None, packages_skip_up_to=None, packages_select_build_failed=False, packages_skip_build_finished=False, packages_select_test_failures=False, packages_skip_test_passed=False, packages_select=None, packages_skip=None, packages_select_regex=None, packages_skip_regex=None, packages_start=None, packages_end=None, allow_overriding=[], cmake_args=None, cmake_target=None, cmake_target_skip_unavailable=False, cmake_clean_cache=False, cmake_clean_first=False, cmake_force_configure=False, ament_cmake_args=None, catkin_cmake_args=None, catkin_skip_building_tests=False, verb_parser=<colcon_defaults.argument_parser.defaults.DefaultArgumentsDecorator object at 0xffff82c47700>, verb_extension=<colcon_core.verb.build.BuildVerb object at 0xffff82b8c2b0>, main=<bound method BuildVerb.main of <colcon_core.verb.build.BuildVerb object at 0xffff82b8c2b0>>)
[1.091s] Level 1:colcon.colcon_core.package_discovery:discover_packages(colcon_meta) check parameters
[1.092s] Level 1:colcon.colcon_core.package_discovery:discover_packages(recursive) check parameters
[1.092s] Level 1:colcon.colcon_core.package_discovery:discover_packages(ignore) check parameters
[1.092s] Level 1:colcon.colcon_core.package_discovery:discover_packages(path) check parameters
[1.092s] Level 1:colcon.colcon_core.package_discovery:discover_packages(colcon_meta) discover
[1.092s] Level 1:colcon.colcon_core.package_discovery:discover_packages(recursive) discover
[1.093s] INFO:colcon.colcon_core.package_discovery:Crawling recursively for packages in '/home/an/an_ws'
[1.093s] Level 1:colcon.colcon_core.package_identification:_identify(.) by extensions ['ignore', 'ignore_ament_install']
[1.094s] Level 1:colcon.colcon_core.package_identification:_identify(.) by extension 'ignore'
[1.094s] Level 1:colcon.colcon_core.package_identification:_identify(.) by extension 'ignore_ament_install'
[1.094s] Level 1:colcon.colcon_core.package_identification:_identify(.) by extensions ['colcon_pkg']
[1.095s] Level 1:colcon.colcon_core.package_identification:_identify(.) by extension 'colcon_pkg'
[1.095s] Level 1:colcon.colcon_core.package_identification:_identify(.) by extensions ['colcon_meta']
[1.095s] Level 1:colcon.colcon_core.package_identification:_identify(.) by extension 'colcon_meta'
[1.095s] Level 1:colcon.colcon_core.package_identification:_identify(.) by extensions ['ros']
[1.095s] Level 1:colcon.colcon_core.package_identification:_identify(.) by extension 'ros'
[1.139s] Level 1:colcon.colcon_core.package_identification:_identify(.) by extensions ['cmake', 'python']
[1.139s] Level 1:colcon.colcon_core.package_identification:_identify(.) by extension 'cmake'
[1.139s] Level 1:colcon.colcon_core.package_identification:_identify(.) by extension 'python'
[1.139s] Level 1:colcon.colcon_core.package_identification:_identify(.) by extensions ['python_setup_py']
[1.139s] Level 1:colcon.colcon_core.package_identification:_identify(.) by extension 'python_setup_py'
[1.140s] Level 1:colcon.colcon_core.package_identification:_identify(build) by extensions ['ignore', 'ignore_ament_install']
[1.140s] Level 1:colcon.colcon_core.package_identification:_identify(build) by extension 'ignore'
[1.140s] Level 1:colcon.colcon_core.package_identification:_identify(build) ignored
[1.141s] Level 1:colcon.colcon_core.package_identification:_identify(install) by extensions ['ignore', 'ignore_ament_install']
[1.141s] Level 1:colcon.colcon_core.package_identification:_identify(install) by extension 'ignore'
[1.141s] Level 1:colcon.colcon_core.package_identification:_identify(install) ignored
[1.142s] Level 1:colcon.colcon_core.package_identification:_identify(log) by extensions ['ignore', 'ignore_ament_install']
[1.143s] Level 1:colcon.colcon_core.package_identification:_identify(log) by extension 'ignore'
[1.143s] Level 1:colcon.colcon_core.package_identification:_identify(log) ignored
[1.143s] Level 1:colcon.colcon_core.package_identification:_identify(src) by extensions ['ignore', 'ignore_ament_install']
[1.143s] Level 1:colcon.colcon_core.package_identification:_identify(src) by extension 'ignore'
[1.144s] Level 1:colcon.colcon_core.package_identification:_identify(src) by extension 'ignore_ament_install'
[1.144s] Level 1:colcon.colcon_core.package_identification:_identify(src) by extensions ['colcon_pkg']
[1.144s] Level 1:colcon.colcon_core.package_identification:_identify(src) by extension 'colcon_pkg'
[1.144s] Level 1:colcon.colcon_core.package_identification:_identify(src) by extensions ['colcon_meta']
[1.144s] Level 1:colcon.colcon_core.package_identification:_identify(src) by extension 'colcon_meta'
[1.144s] Level 1:colcon.colcon_core.package_identification:_identify(src) by extensions ['ros']
[1.144s] Level 1:colcon.colcon_core.package_identification:_identify(src) by extension 'ros'
[1.145s] Level 1:colcon.colcon_core.package_identification:_identify(src) by extensions ['cmake', 'python']
[1.145s] Level 1:colcon.colcon_core.package_identification:_identify(src) by extension 'cmake'
[1.145s] Level 1:colcon.colcon_core.package_identification:_identify(src) by extension 'python'
[1.145s] Level 1:colcon.colcon_core.package_identification:_identify(src) by extensions ['python_setup_py']
[1.145s] Level 1:colcon.colcon_core.package_identification:_identify(src) by extension 'python_setup_py'
[1.146s] Level 1:colcon.colcon_core.package_identification:_identify(src/diffdrive_esp32) by extensions ['ignore', 'ignore_ament_install']
[1.146s] Level 1:colcon.colcon_core.package_identification:_identify(src/diffdrive_esp32) by extension 'ignore'
[1.146s] Level 1:colcon.colcon_core.package_identification:_identify(src/diffdrive_esp32) by extension 'ignore_ament_install'
[1.146s] Level 1:colcon.colcon_core.package_identification:_identify(src/diffdrive_esp32) by extensions ['colcon_pkg']
[1.146s] Level 1:colcon.colcon_core.package_identification:_identify(src/diffdrive_esp32) by extension 'colcon_pkg'
[1.147s] Level 1:colcon.colcon_core.package_identification:_identify(src/diffdrive_esp32) by extensions ['colcon_meta']
[1.147s] Level 1:colcon.colcon_core.package_identification:_identify(src/diffdrive_esp32) by extension 'colcon_meta'
[1.147s] Level 1:colcon.colcon_core.package_identification:_identify(src/diffdrive_esp32) by extensions ['ros']
[1.147s] Level 1:colcon.colcon_core.package_identification:_identify(src/diffdrive_esp32) by extension 'ros'
[1.164s] DEBUG:colcon.colcon_core.package_identification:Package 'src/diffdrive_esp32' with type 'ros.ament_cmake' and name 'diffdrive_esp32'
[1.164s] Level 1:colcon.colcon_core.package_identification:_identify(src/mpu6050) by extensions ['ignore', 'ignore_ament_install']
[1.165s] Level 1:colcon.colcon_core.package_identification:_identify(src/mpu6050) by extension 'ignore'
[1.165s] Level 1:colcon.colcon_core.package_identification:_identify(src/mpu6050) by extension 'ignore_ament_install'
[1.165s] Level 1:colcon.colcon_core.package_identification:_identify(src/mpu6050) by extensions ['colcon_pkg']
[1.165s] Level 1:colcon.colcon_core.package_identification:_identify(src/mpu6050) by extension 'colcon_pkg'
[1.166s] Level 1:colcon.colcon_core.package_identification:_identify(src/mpu6050) by extensions ['colcon_meta']
[1.166s] Level 1:colcon.colcon_core.package_identification:_identify(src/mpu6050) by extension 'colcon_meta'
[1.166s] Level 1:colcon.colcon_core.package_identification:_identify(src/mpu6050) by extensions ['ros']
[1.166s] Level 1:colcon.colcon_core.package_identification:_identify(src/mpu6050) by extension 'ros'
[1.169s] DEBUG:colcon.colcon_core.package_identification:Package 'src/mpu6050' with type 'ros.ament_cmake' and name 'mpu6050'
[1.170s] Level 1:colcon.colcon_core.package_identification:_identify(src/rtf_lds_lidar-master) by extensions ['ignore', 'ignore_ament_install']
[1.170s] Level 1:colcon.colcon_core.package_identification:_identify(src/rtf_lds_lidar-master) by extension 'ignore'
[1.171s] Level 1:colcon.colcon_core.package_identification:_identify(src/rtf_lds_lidar-master) by extension 'ignore_ament_install'
[1.171s] Level 1:colcon.colcon_core.package_identification:_identify(src/rtf_lds_lidar-master) by extensions ['colcon_pkg']
[1.171s] Level 1:colcon.colcon_core.package_identification:_identify(src/rtf_lds_lidar-master) by extension 'colcon_pkg'
[1.171s] Level 1:colcon.colcon_core.package_identification:_identify(src/rtf_lds_lidar-master) by extensions ['colcon_meta']
[1.171s] Level 1:colcon.colcon_core.package_identification:_identify(src/rtf_lds_lidar-master) by extension 'colcon_meta'
[1.172s] Level 1:colcon.colcon_core.package_identification:_identify(src/rtf_lds_lidar-master) by extensions ['ros']
[1.172s] Level 1:colcon.colcon_core.package_identification:_identify(src/rtf_lds_lidar-master) by extension 'ros'
[1.175s] DEBUG:colcon.colcon_core.package_identification:Package 'src/rtf_lds_lidar-master' with type 'ros.ament_cmake' and name 'rtf_lds_driver'
[1.176s] Level 1:colcon.colcon_core.package_identification:_identify(src/turtlebot3_controller) by extensions ['ignore', 'ignore_ament_install']
[1.176s] Level 1:colcon.colcon_core.package_identification:_identify(src/turtlebot3_controller) by extension 'ignore'
[1.176s] Level 1:colcon.colcon_core.package_identification:_identify(src/turtlebot3_controller) by extension 'ignore_ament_install'
[1.176s] Level 1:colcon.colcon_core.package_identification:_identify(src/turtlebot3_controller) by extensions ['colcon_pkg']
[1.176s] Level 1:colcon.colcon_core.package_identification:_identify(src/turtlebot3_controller) by extension 'colcon_pkg'
[1.177s] Level 1:colcon.colcon_core.package_identification:_identify(src/turtlebot3_controller) by extensions ['colcon_meta']
[1.177s] Level 1:colcon.colcon_core.package_identification:_identify(src/turtlebot3_controller) by extension 'colcon_meta'
[1.177s] Level 1:colcon.colcon_core.package_identification:_identify(src/turtlebot3_controller) by extensions ['ros']
[1.177s] Level 1:colcon.colcon_core.package_identification:_identify(src/turtlebot3_controller) by extension 'ros'
[1.181s] DEBUG:colcon.colcon_core.package_identification:Package 'src/turtlebot3_controller' with type 'ros.ament_cmake' and name 'turtlebot3_controller'
[1.182s] Level 1:colcon.colcon_core.package_identification:_identify(src/turtlebot3_description) by extensions ['ignore', 'ignore_ament_install']
[1.182s] Level 1:colcon.colcon_core.package_identification:_identify(src/turtlebot3_description) by extension 'ignore'
[1.182s] Level 1:colcon.colcon_core.package_identification:_identify(src/turtlebot3_description) by extension 'ignore_ament_install'
[1.183s] Level 1:colcon.colcon_core.package_identification:_identify(src/turtlebot3_description) by extensions ['colcon_pkg']
[1.183s] Level 1:colcon.colcon_core.package_identification:_identify(src/turtlebot3_description) by extension 'colcon_pkg'
[1.183s] Level 1:colcon.colcon_core.package_identification:_identify(src/turtlebot3_description) by extensions ['colcon_meta']
[1.183s] Level 1:colcon.colcon_core.package_identification:_identify(src/turtlebot3_description) by extension 'colcon_meta'
[1.183s] Level 1:colcon.colcon_core.package_identification:_identify(src/turtlebot3_description) by extensions ['ros']
[1.183s] Level 1:colcon.colcon_core.package_identification:_identify(src/turtlebot3_description) by extension 'ros'
[1.185s] DEBUG:colcon.colcon_core.package_identification:Package 'src/turtlebot3_description' with type 'ros.ament_cmake' and name 'turtlebot3_description'
[1.186s] Level 1:colcon.colcon_core.package_discovery:discover_packages(recursive) using defaults
[1.186s] Level 1:colcon.colcon_core.package_discovery:discover_packages(ignore) discover
[1.186s] Level 1:colcon.colcon_core.package_discovery:discover_packages(ignore) using defaults
[1.186s] Level 1:colcon.colcon_core.package_discovery:discover_packages(path) discover
[1.186s] Level 1:colcon.colcon_core.package_discovery:discover_packages(path) using defaults
[1.263s] Level 1:colcon.colcon_core.package_discovery:discover_packages(prefix_path) check parameters
[1.263s] Level 1:colcon.colcon_core.package_discovery:discover_packages(prefix_path) discover
[1.272s] DEBUG:colcon.colcon_installed_package_information.package_discovery:Found 0 installed packages in /home/an/bao_ws/install
[1.274s] DEBUG:colcon.colcon_installed_package_information.package_discovery:Found 1 installed packages in /home/an/ros2_ws/install
[1.276s] DEBUG:colcon.colcon_installed_package_information.package_discovery:Found 5 installed packages in /home/an/an_ws/install
[1.284s] DEBUG:colcon.colcon_installed_package_information.package_discovery:Found 229 installed packages in /opt/ros/humble
[1.289s] Level 1:colcon.colcon_core.package_discovery:discover_packages(prefix_path) using defaults
[1.457s] Level 5:colcon.colcon_core.verb:set package 'diffdrive_esp32' build argument 'cmake_args' from command line to 'None'
[1.457s] Level 5:colcon.colcon_core.verb:set package 'diffdrive_esp32' build argument 'cmake_target' from command line to 'None'
[1.457s] Level 5:colcon.colcon_core.verb:set package 'diffdrive_esp32' build argument 'cmake_target_skip_unavailable' from command line to 'False'
[1.457s] Level 5:colcon.colcon_core.verb:set package 'diffdrive_esp32' build argument 'cmake_clean_cache' from command line to 'False'
[1.457s] Level 5:colcon.colcon_core.verb:set package 'diffdrive_esp32' build argument 'cmake_clean_first' from command line to 'False'
[1.457s] Level 5:colcon.colcon_core.verb:set package 'diffdrive_esp32' build argument 'cmake_force_configure' from command line to 'False'
[1.457s] Level 5:colcon.colcon_core.verb:set package 'diffdrive_esp32' build argument 'ament_cmake_args' from command line to 'None'
[1.458s] Level 5:colcon.colcon_core.verb:set package 'diffdrive_esp32' build argument 'catkin_cmake_args' from command line to 'None'
[1.458s] Level 5:colcon.colcon_core.verb:set package 'diffdrive_esp32' build argument 'catkin_skip_building_tests' from command line to 'False'
[1.458s] DEBUG:colcon.colcon_core.verb:Building package 'diffdrive_esp32' with the following arguments: {'ament_cmake_args': None, 'build_base': '/home/an/an_ws/build/diffdrive_esp32', 'catkin_cmake_args': None, 'catkin_skip_building_tests': False, 'cmake_args': None, 'cmake_clean_cache': False, 'cmake_clean_first': False, 'cmake_force_configure': False, 'cmake_target': None, 'cmake_target_skip_unavailable': False, 'install_base': '/home/an/an_ws/install/diffdrive_esp32', 'merge_install': False, 'path': '/home/an/an_ws/src/diffdrive_esp32', 'symlink_install': False, 'test_result_base': None}
[1.459s] Level 5:colcon.colcon_core.verb:set package 'mpu6050' build argument 'cmake_args' from command line to 'None'
[1.459s] Level 5:colcon.colcon_core.verb:set package 'mpu6050' build argument 'cmake_target' from command line to 'None'
[1.460s] Level 5:colcon.colcon_core.verb:set package 'mpu6050' build argument 'cmake_target_skip_unavailable' from command line to 'False'
[1.460s] Level 5:colcon.colcon_core.verb:set package 'mpu6050' build argument 'cmake_clean_cache' from command line to 'False'
[1.460s] Level 5:colcon.colcon_core.verb:set package 'mpu6050' build argument 'cmake_clean_first' from command line to 'False'
[1.460s] Level 5:colcon.colcon_core.verb:set package 'mpu6050' build argument 'cmake_force_configure' from command line to 'False'
[1.460s] Level 5:colcon.colcon_core.verb:set package 'mpu6050' build argument 'ament_cmake_args' from command line to 'None'
[1.460s] Level 5:colcon.colcon_core.verb:set package 'mpu6050' build argument 'catkin_cmake_args' from command line to 'None'
[1.460s] Level 5:colcon.colcon_core.verb:set package 'mpu6050' build argument 'catkin_skip_building_tests' from command line to 'False'
[1.460s] DEBUG:colcon.colcon_core.verb:Building package 'mpu6050' with the following arguments: {'ament_cmake_args': None, 'build_base': '/home/an/an_ws/build/mpu6050', 'catkin_cmake_args': None, 'catkin_skip_building_tests': False, 'cmake_args': None, 'cmake_clean_cache': False, 'cmake_clean_first': False, 'cmake_force_configure': False, 'cmake_target': None, 'cmake_target_skip_unavailable': False, 'install_base': '/home/an/an_ws/install/mpu6050', 'merge_install': False, 'path': '/home/an/an_ws/src/mpu6050', 'symlink_install': False, 'test_result_base': None}
[1.462s] Level 5:colcon.colcon_core.verb:set package 'rtf_lds_driver' build argument 'cmake_args' from command line to 'None'
[1.462s] Level 5:colcon.colcon_core.verb:set package 'rtf_lds_driver' build argument 'cmake_target' from command line to 'None'
[1.462s] Level 5:colcon.colcon_core.verb:set package 'rtf_lds_driver' build argument 'cmake_target_skip_unavailable' from command line to 'False'
[1.462s] Level 5:colcon.colcon_core.verb:set package 'rtf_lds_driver' build argument 'cmake_clean_cache' from command line to 'False'
[1.462s] Level 5:colcon.colcon_core.verb:set package 'rtf_lds_driver' build argument 'cmake_clean_first' from command line to 'False'
[1.462s] Level 5:colcon.colcon_core.verb:set package 'rtf_lds_driver' build argument 'cmake_force_configure' from command line to 'False'
[1.462s] Level 5:colcon.colcon_core.verb:set package 'rtf_lds_driver' build argument 'ament_cmake_args' from command line to 'None'
[1.462s] Level 5:colcon.colcon_core.verb:set package 'rtf_lds_driver' build argument 'catkin_cmake_args' from command line to 'None'
[1.463s] Level 5:colcon.colcon_core.verb:set package 'rtf_lds_driver' build argument 'catkin_skip_building_tests' from command line to 'False'
[1.463s] DEBUG:colcon.colcon_core.verb:Building package 'rtf_lds_driver' with the following arguments: {'ament_cmake_args': None, 'build_base': '/home/an/an_ws/build/rtf_lds_driver', 'catkin_cmake_args': None, 'catkin_skip_building_tests': False, 'cmake_args': None, 'cmake_clean_cache': False, 'cmake_clean_first': False, 'cmake_force_configure': False, 'cmake_target': None, 'cmake_target_skip_unavailable': False, 'install_base': '/home/an/an_ws/install/rtf_lds_driver', 'merge_install': False, 'path': '/home/an/an_ws/src/rtf_lds_lidar-master', 'symlink_install': False, 'test_result_base': None}
[1.464s] Level 5:colcon.colcon_core.verb:set package 'turtlebot3_controller' build argument 'cmake_args' from command line to 'None'
[1.464s] Level 5:colcon.colcon_core.verb:set package 'turtlebot3_controller' build argument 'cmake_target' from command line to 'None'
[1.464s] Level 5:colcon.colcon_core.verb:set package 'turtlebot3_controller' build argument 'cmake_target_skip_unavailable' from command line to 'False'
[1.464s] Level 5:colcon.colcon_core.verb:set package 'turtlebot3_controller' build argument 'cmake_clean_cache' from command line to 'False'
[1.464s] Level 5:colcon.colcon_core.verb:set package 'turtlebot3_controller' build argument 'cmake_clean_first' from command line to 'False'
[1.465s] Level 5:colcon.colcon_core.verb:set package 'turtlebot3_controller' build argument 'cmake_force_configure' from command line to 'False'
[1.465s] Level 5:colcon.colcon_core.verb:set package 'turtlebot3_controller' build argument 'ament_cmake_args' from command line to 'None'
[1.465s] Level 5:colcon.colcon_core.verb:set package 'turtlebot3_controller' build argument 'catkin_cmake_args' from command line to 'None'
[1.465s] Level 5:colcon.colcon_core.verb:set package 'turtlebot3_controller' build argument 'catkin_skip_building_tests' from command line to 'False'
[1.465s] DEBUG:colcon.colcon_core.verb:Building package 'turtlebot3_controller' with the following arguments: {'ament_cmake_args': None, 'build_base': '/home/an/an_ws/build/turtlebot3_controller', 'catkin_cmake_args': None, 'catkin_skip_building_tests': False, 'cmake_args': None, 'cmake_clean_cache': False, 'cmake_clean_first': False, 'cmake_force_configure': False, 'cmake_target': None, 'cmake_target_skip_unavailable': False, 'install_base': '/home/an/an_ws/install/turtlebot3_controller', 'merge_install': False, 'path': '/home/an/an_ws/src/turtlebot3_controller', 'symlink_install': False, 'test_result_base': None}
[1.466s] Level 5:colcon.colcon_core.verb:set package 'turtlebot3_description' build argument 'cmake_args' from command line to 'None'
[1.466s] Level 5:colcon.colcon_core.verb:set package 'turtlebot3_description' build argument 'cmake_target' from command line to 'None'
[1.467s] Level 5:colcon.colcon_core.verb:set package 'turtlebot3_description' build argument 'cmake_target_skip_unavailable' from command line to 'False'
[1.467s] Level 5:colcon.colcon_core.verb:set package 'turtlebot3_description' build argument 'cmake_clean_cache' from command line to 'False'
[1.467s] Level 5:colcon.colcon_core.verb:set package 'turtlebot3_description' build argument 'cmake_clean_first' from command line to 'False'
[1.467s] Level 5:colcon.colcon_core.verb:set package 'turtlebot3_description' build argument 'cmake_force_configure' from command line to 'False'
[1.467s] Level 5:colcon.colcon_core.verb:set package 'turtlebot3_description' build argument 'ament_cmake_args' from command line to 'None'
[1.467s] Level 5:colcon.colcon_core.verb:set package 'turtlebot3_description' build argument 'catkin_cmake_args' from command line to 'None'
[1.467s] Level 5:colcon.colcon_core.verb:set package 'turtlebot3_description' build argument 'catkin_skip_building_tests' from command line to 'False'
[1.467s] DEBUG:colcon.colcon_core.verb:Building package 'turtlebot3_description' with the following arguments: {'ament_cmake_args': None, 'build_base': '/home/an/an_ws/build/turtlebot3_description', 'catkin_cmake_args': None, 'catkin_skip_building_tests': False, 'cmake_args': None, 'cmake_clean_cache': False, 'cmake_clean_first': False, 'cmake_force_configure': False, 'cmake_target': None, 'cmake_target_skip_unavailable': False, 'install_base': '/home/an/an_ws/install/turtlebot3_description', 'merge_install': False, 'path': '/home/an/an_ws/src/turtlebot3_description', 'symlink_install': False, 'test_result_base': None}
[1.468s] INFO:colcon.colcon_core.executor:Executing jobs using 'parallel' executor
[1.471s] DEBUG:colcon.colcon_parallel_executor.executor.parallel:run_until_complete
[1.472s] INFO:colcon.colcon_ros.task.ament_cmake.build:Building ROS package in '/home/an/an_ws/src/diffdrive_esp32' with build type 'ament_cmake'
[1.472s] INFO:colcon.colcon_cmake.task.cmake.build:Building CMake package in '/home/an/an_ws/src/diffdrive_esp32'
[1.481s] INFO:colcon.colcon_core.plugin_system:Skipping extension 'colcon_core.shell.bat': Not used on non-Windows systems
[1.482s] INFO:colcon.colcon_core.shell:Skip shell extension 'powershell' for command environment: Not usable outside of PowerShell
[1.482s] DEBUG:colcon.colcon_core.shell:Skip shell extension 'dsv' for command environment
[1.504s] INFO:colcon.colcon_ros.task.ament_cmake.build:Building ROS package in '/home/an/an_ws/src/mpu6050' with build type 'ament_cmake'
[1.504s] INFO:colcon.colcon_cmake.task.cmake.build:Building CMake package in '/home/an/an_ws/src/mpu6050'
[1.505s] INFO:colcon.colcon_core.shell:Skip shell extension 'powershell' for command environment: Not usable outside of PowerShell
[1.506s] DEBUG:colcon.colcon_core.shell:Skip shell extension 'dsv' for command environment
[1.527s] INFO:colcon.colcon_ros.task.ament_cmake.build:Building ROS package in '/home/an/an_ws/src/rtf_lds_lidar-master' with build type 'ament_cmake'
[1.528s] INFO:colcon.colcon_cmake.task.cmake.build:Building CMake package in '/home/an/an_ws/src/rtf_lds_lidar-master'
[1.529s] INFO:colcon.colcon_core.shell:Skip shell extension 'powershell' for command environment: Not usable outside of PowerShell
[1.530s] DEBUG:colcon.colcon_core.shell:Skip shell extension 'dsv' for command environment
[1.551s] INFO:colcon.colcon_ros.task.ament_cmake.build:Building ROS package in '/home/an/an_ws/src/turtlebot3_controller' with build type 'ament_cmake'
[1.552s] INFO:colcon.colcon_cmake.task.cmake.build:Building CMake package in '/home/an/an_ws/src/turtlebot3_controller'
[1.553s] INFO:colcon.colcon_core.shell:Skip shell extension 'powershell' for command environment: Not usable outside of PowerShell
[1.553s] DEBUG:colcon.colcon_core.shell:Skip shell extension 'dsv' for command environment
[1.595s] DEBUG:colcon.colcon_core.event_handler.log_command:Invoking command in '/home/an/an_ws/build/diffdrive_esp32': CMAKE_PREFIX_PATH=${CMAKE_PREFIX_PATH}:/home/an/ros2_ws/install/self_driving:/opt/ros/humble /usr/bin/cmake --build /home/an/an_ws/build/diffdrive_esp32 -- -j4 -l4
[1.620s] DEBUG:colcon.colcon_core.event_handler.log_command:Invoking command in '/home/an/an_ws/build/mpu6050': CMAKE_PREFIX_PATH=${CMAKE_PREFIX_PATH}:/home/an/ros2_ws/install/self_driving:/opt/ros/humble /usr/bin/cmake --build /home/an/an_ws/build/mpu6050 -- -j4 -l4
[1.639s] DEBUG:colcon.colcon_core.event_handler.log_command:Invoking command in '/home/an/an_ws/build/rtf_lds_driver': CMAKE_PREFIX_PATH=${CMAKE_PREFIX_PATH}:/home/an/ros2_ws/install/self_driving:/opt/ros/humble /usr/bin/cmake --build /home/an/an_ws/build/rtf_lds_driver -- -j4 -l4
[1.677s] DEBUG:colcon.colcon_core.event_handler.log_command:Invoking command in '/home/an/an_ws/build/turtlebot3_controller': CMAKE_PREFIX_PATH=${CMAKE_PREFIX_PATH}:/home/an/ros2_ws/install/self_driving:/opt/ros/humble /usr/bin/cmake --build /home/an/an_ws/build/turtlebot3_controller -- -j4 -l4
[2.009s] DEBUG:colcon.colcon_core.event_handler.log_command:Invoked command in '/home/an/an_ws/build/diffdrive_esp32' returned '0': CMAKE_PREFIX_PATH=${CMAKE_PREFIX_PATH}:/home/an/ros2_ws/install/self_driving:/opt/ros/humble /usr/bin/cmake --build /home/an/an_ws/build/diffdrive_esp32 -- -j4 -l4
[2.072s] DEBUG:colcon.colcon_core.event_handler.log_command:Invoked command in '/home/an/an_ws/build/mpu6050' returned '0': CMAKE_PREFIX_PATH=${CMAKE_PREFIX_PATH}:/home/an/ros2_ws/install/self_driving:/opt/ros/humble /usr/bin/cmake --build /home/an/an_ws/build/mpu6050 -- -j4 -l4
[2.084s] DEBUG:colcon.colcon_core.event_handler.log_command:Invoked command in '/home/an/an_ws/build/rtf_lds_driver' returned '0': CMAKE_PREFIX_PATH=${CMAKE_PREFIX_PATH}:/home/an/ros2_ws/install/self_driving:/opt/ros/humble /usr/bin/cmake --build /home/an/an_ws/build/rtf_lds_driver -- -j4 -l4
[2.095s] DEBUG:colcon.colcon_core.event_handler.log_command:Invoked command in '/home/an/an_ws/build/turtlebot3_controller' returned '0': CMAKE_PREFIX_PATH=${CMAKE_PREFIX_PATH}:/home/an/ros2_ws/install/self_driving:/opt/ros/humble /usr/bin/cmake --build /home/an/an_ws/build/turtlebot3_controller -- -j4 -l4
[2.186s] DEBUG:colcon.colcon_core.event_handler.log_command:Invoking command in '/home/an/an_ws/build/diffdrive_esp32': CMAKE_PREFIX_PATH=${CMAKE_PREFIX_PATH}:/home/an/ros2_ws/install/self_driving:/opt/ros/humble /usr/bin/cmake --install /home/an/an_ws/build/diffdrive_esp32
[2.219s] DEBUG:colcon.colcon_core.event_handler.log_command:Invoking command in '/home/an/an_ws/build/rtf_lds_driver': CMAKE_PREFIX_PATH=${CMAKE_PREFIX_PATH}:/home/an/ros2_ws/install/self_driving:/opt/ros/humble /usr/bin/cmake --install /home/an/an_ws/build/rtf_lds_driver
[2.261s] DEBUG:colcon.colcon_core.event_handler.log_command:Invoking command in '/home/an/an_ws/build/turtlebot3_controller': CMAKE_PREFIX_PATH=${CMAKE_PREFIX_PATH}:/home/an/ros2_ws/install/self_driving:/opt/ros/humble /usr/bin/cmake --install /home/an/an_ws/build/turtlebot3_controller
[2.278s] Level 1:colcon.colcon_core.environment:create_environment_scripts_only(diffdrive_esp32)
[2.284s] DEBUG:colcon.colcon_core.event_handler.log_command:Invoked command in '/home/an/an_ws/build/diffdrive_esp32' returned '0': CMAKE_PREFIX_PATH=${CMAKE_PREFIX_PATH}:/home/an/ros2_ws/install/self_driving:/opt/ros/humble /usr/bin/cmake --install /home/an/an_ws/build/diffdrive_esp32
[2.306s] Level 1:colcon.colcon_core.environment:checking '/home/an/an_ws/install/diffdrive_esp32' for CMake module files
[2.312s] Level 1:colcon.colcon_core.environment:checking '/home/an/an_ws/install/diffdrive_esp32' for CMake config files
[2.315s] Level 1:colcon.colcon_core.shell:create_environment_hook('diffdrive_esp32', 'cmake_prefix_path')
[2.316s] INFO:colcon.colcon_core.shell:Creating environment hook '/home/an/an_ws/install/diffdrive_esp32/share/diffdrive_esp32/hook/cmake_prefix_path.ps1'
[2.318s] INFO:colcon.colcon_core.shell:Creating environment descriptor '/home/an/an_ws/install/diffdrive_esp32/share/diffdrive_esp32/hook/cmake_prefix_path.dsv'
[2.320s] INFO:colcon.colcon_core.shell:Creating environment hook '/home/an/an_ws/install/diffdrive_esp32/share/diffdrive_esp32/hook/cmake_prefix_path.sh'
[2.324s] Level 1:colcon.colcon_core.environment:checking '/home/an/an_ws/install/diffdrive_esp32/lib'
[2.325s] Level 1:colcon.colcon_core.shell:create_environment_hook('diffdrive_esp32', 'ld_library_path_lib')
[2.325s] INFO:colcon.colcon_core.shell:Creating environment hook '/home/an/an_ws/install/diffdrive_esp32/share/diffdrive_esp32/hook/ld_library_path_lib.ps1'
[2.327s] INFO:colcon.colcon_core.shell:Creating environment descriptor '/home/an/an_ws/install/diffdrive_esp32/share/diffdrive_esp32/hook/ld_library_path_lib.dsv'
[2.329s] INFO:colcon.colcon_core.shell:Creating environment hook '/home/an/an_ws/install/diffdrive_esp32/share/diffdrive_esp32/hook/ld_library_path_lib.sh'
[2.331s] Level 1:colcon.colcon_core.environment:checking '/home/an/an_ws/install/diffdrive_esp32/bin'
[2.331s] Level 1:colcon.colcon_core.environment:checking '/home/an/an_ws/install/diffdrive_esp32/lib/pkgconfig/diffdrive_esp32.pc'
[2.332s] Level 1:colcon.colcon_core.environment:checking '/home/an/an_ws/install/diffdrive_esp32/lib/python3.10/site-packages'
[2.333s] Level 1:colcon.colcon_core.environment:checking '/home/an/an_ws/install/diffdrive_esp32/bin'
[2.334s] INFO:colcon.colcon_core.shell:Creating package script '/home/an/an_ws/install/diffdrive_esp32/share/diffdrive_esp32/package.ps1'
[2.337s] INFO:colcon.colcon_core.shell:Creating package descriptor '/home/an/an_ws/install/diffdrive_esp32/share/diffdrive_esp32/package.dsv'
[2.340s] INFO:colcon.colcon_core.shell:Creating package script '/home/an/an_ws/install/diffdrive_esp32/share/diffdrive_esp32/package.sh'
[2.343s] INFO:colcon.colcon_core.shell:Creating package script '/home/an/an_ws/install/diffdrive_esp32/share/diffdrive_esp32/package.bash'
[2.347s] INFO:colcon.colcon_core.shell:Creating package script '/home/an/an_ws/install/diffdrive_esp32/share/diffdrive_esp32/package.zsh'
[2.350s] Level 1:colcon.colcon_core.environment:create_file_with_runtime_dependencies(/home/an/an_ws/install/diffdrive_esp32/share/colcon-core/packages/diffdrive_esp32)
[2.356s] Level 1:colcon.colcon_core.environment:create_environment_scripts_only(rtf_lds_driver)
[2.358s] Level 1:colcon.colcon_core.environment:checking '/home/an/an_ws/install/rtf_lds_driver' for CMake module files
[2.360s] DEBUG:colcon.colcon_core.event_handler.log_command:Invoked command in '/home/an/an_ws/build/rtf_lds_driver' returned '0': CMAKE_PREFIX_PATH=${CMAKE_PREFIX_PATH}:/home/an/ros2_ws/install/self_driving:/opt/ros/humble /usr/bin/cmake --install /home/an/an_ws/build/rtf_lds_driver
[2.363s] Level 1:colcon.colcon_core.environment:checking '/home/an/an_ws/install/rtf_lds_driver' for CMake config files
[2.366s] Level 1:colcon.colcon_core.shell:create_environment_hook('rtf_lds_driver', 'cmake_prefix_path')
[2.367s] INFO:colcon.colcon_core.shell:Creating environment hook '/home/an/an_ws/install/rtf_lds_driver/share/rtf_lds_driver/hook/cmake_prefix_path.ps1'
[2.370s] INFO:colcon.colcon_core.shell:Creating environment descriptor '/home/an/an_ws/install/rtf_lds_driver/share/rtf_lds_driver/hook/cmake_prefix_path.dsv'
[2.372s] INFO:colcon.colcon_core.shell:Creating environment hook '/home/an/an_ws/install/rtf_lds_driver/share/rtf_lds_driver/hook/cmake_prefix_path.sh'
[2.376s] Level 1:colcon.colcon_core.environment:checking '/home/an/an_ws/install/rtf_lds_driver/lib'
[2.376s] Level 1:colcon.colcon_core.environment:checking '/home/an/an_ws/install/rtf_lds_driver/bin'
[2.377s] Level 1:colcon.colcon_core.environment:checking '/home/an/an_ws/install/rtf_lds_driver/lib/pkgconfig/rtf_lds_driver.pc'
[2.378s] Level 1:colcon.colcon_core.environment:checking '/home/an/an_ws/install/rtf_lds_driver/lib/python3.10/site-packages'
[2.379s] Level 1:colcon.colcon_core.environment:checking '/home/an/an_ws/install/rtf_lds_driver/bin'
[2.380s] INFO:colcon.colcon_core.shell:Creating package script '/home/an/an_ws/install/rtf_lds_driver/share/rtf_lds_driver/package.ps1'
[2.383s] INFO:colcon.colcon_core.shell:Creating package descriptor '/home/an/an_ws/install/rtf_lds_driver/share/rtf_lds_driver/package.dsv'
[2.385s] INFO:colcon.colcon_core.shell:Creating package script '/home/an/an_ws/install/rtf_lds_driver/share/rtf_lds_driver/package.sh'
[2.387s] INFO:colcon.colcon_core.shell:Creating package script '/home/an/an_ws/install/rtf_lds_driver/share/rtf_lds_driver/package.bash'
[2.389s] INFO:colcon.colcon_core.shell:Creating package script '/home/an/an_ws/install/rtf_lds_driver/share/rtf_lds_driver/package.zsh'
[2.391s] Level 1:colcon.colcon_core.environment:create_file_with_runtime_dependencies(/home/an/an_ws/install/rtf_lds_driver/share/colcon-core/packages/rtf_lds_driver)
[2.405s] DEBUG:colcon.colcon_core.event_handler.log_command:Invoking command in '/home/an/an_ws/build/mpu6050': CMAKE_PREFIX_PATH=${CMAKE_PREFIX_PATH}:/home/an/ros2_ws/install/self_driving:/opt/ros/humble /usr/bin/cmake --install /home/an/an_ws/build/mpu6050
[2.418s] Level 1:colcon.colcon_core.environment:create_environment_scripts_only(turtlebot3_controller)
[2.420s] Level 1:colcon.colcon_core.environment:checking '/home/an/an_ws/install/turtlebot3_controller' for CMake module files
[2.423s] DEBUG:colcon.colcon_core.event_handler.log_command:Invoked command in '/home/an/an_ws/build/turtlebot3_controller' returned '0': CMAKE_PREFIX_PATH=${CMAKE_PREFIX_PATH}:/home/an/ros2_ws/install/self_driving:/opt/ros/humble /usr/bin/cmake --install /home/an/an_ws/build/turtlebot3_controller
[2.427s] Level 1:colcon.colcon_core.environment:checking '/home/an/an_ws/install/turtlebot3_controller' for CMake config files
[2.429s] Level 1:colcon.colcon_core.shell:create_environment_hook('turtlebot3_controller', 'cmake_prefix_path')
[2.431s] INFO:colcon.colcon_core.shell:Creating environment hook '/home/an/an_ws/install/turtlebot3_controller/share/turtlebot3_controller/hook/cmake_prefix_path.ps1'
[2.434s] INFO:colcon.colcon_core.shell:Creating environment descriptor '/home/an/an_ws/install/turtlebot3_controller/share/turtlebot3_controller/hook/cmake_prefix_path.dsv'
[2.439s] INFO:colcon.colcon_core.shell:Creating environment hook '/home/an/an_ws/install/turtlebot3_controller/share/turtlebot3_controller/hook/cmake_prefix_path.sh'
[2.446s] Level 1:colcon.colcon_core.environment:checking '/home/an/an_ws/install/turtlebot3_controller/lib'
[2.448s] Level 1:colcon.colcon_core.environment:checking '/home/an/an_ws/install/turtlebot3_controller/bin'
[2.449s] Level 1:colcon.colcon_core.environment:checking '/home/an/an_ws/install/turtlebot3_controller/lib/pkgconfig/turtlebot3_controller.pc'
[2.451s] Level 1:colcon.colcon_core.environment:checking '/home/an/an_ws/install/turtlebot3_controller/lib/python3.10/site-packages'
[2.453s] Level 1:colcon.colcon_core.environment:checking '/home/an/an_ws/install/turtlebot3_controller/bin'
[2.455s] INFO:colcon.colcon_core.shell:Creating package script '/home/an/an_ws/install/turtlebot3_controller/share/turtlebot3_controller/package.ps1'
[2.462s] INFO:colcon.colcon_core.shell:Creating package descriptor '/home/an/an_ws/install/turtlebot3_controller/share/turtlebot3_controller/package.dsv'
[2.467s] INFO:colcon.colcon_core.shell:Creating package script '/home/an/an_ws/install/turtlebot3_controller/share/turtlebot3_controller/package.sh'
[2.470s] INFO:colcon.colcon_core.shell:Creating package script '/home/an/an_ws/install/turtlebot3_controller/share/turtlebot3_controller/package.bash'
[2.475s] INFO:colcon.colcon_core.shell:Creating package script '/home/an/an_ws/install/turtlebot3_controller/share/turtlebot3_controller/package.zsh'
[2.477s] Level 1:colcon.colcon_core.environment:create_file_with_runtime_dependencies(/home/an/an_ws/install/turtlebot3_controller/share/colcon-core/packages/turtlebot3_controller)
[2.487s] Level 1:colcon.colcon_core.environment:create_environment_scripts_only(mpu6050)
[2.490s] Level 1:colcon.colcon_core.environment:checking '/home/an/an_ws/install/mpu6050' for CMake module files
[2.489s] DEBUG:colcon.colcon_core.event_handler.log_command:Invoked command in '/home/an/an_ws/build/mpu6050' returned '0': CMAKE_PREFIX_PATH=${CMAKE_PREFIX_PATH}:/home/an/ros2_ws/install/self_driving:/opt/ros/humble /usr/bin/cmake --install /home/an/an_ws/build/mpu6050
[2.495s] Level 1:colcon.colcon_core.environment:checking '/home/an/an_ws/install/mpu6050' for CMake config files
[2.497s] Level 1:colcon.colcon_core.shell:create_environment_hook('mpu6050', 'cmake_prefix_path')
[2.499s] INFO:colcon.colcon_core.shell:Creating environment hook '/home/an/an_ws/install/mpu6050/share/mpu6050/hook/cmake_prefix_path.ps1'
[2.501s] INFO:colcon.colcon_core.shell:Creating environment descriptor '/home/an/an_ws/install/mpu6050/share/mpu6050/hook/cmake_prefix_path.dsv'
[2.504s] INFO:colcon.colcon_core.shell:Creating environment hook '/home/an/an_ws/install/mpu6050/share/mpu6050/hook/cmake_prefix_path.sh'
[2.507s] Level 1:colcon.colcon_core.environment:checking '/home/an/an_ws/install/mpu6050/lib'
[2.508s] Level 1:colcon.colcon_core.shell:create_environment_hook('mpu6050', 'ld_library_path_lib')
[2.509s] INFO:colcon.colcon_core.shell:Creating environment hook '/home/an/an_ws/install/mpu6050/share/mpu6050/hook/ld_library_path_lib.ps1'
[2.511s] INFO:colcon.colcon_core.shell:Creating environment descriptor '/home/an/an_ws/install/mpu6050/share/mpu6050/hook/ld_library_path_lib.dsv'
[2.513s] INFO:colcon.colcon_core.shell:Creating environment hook '/home/an/an_ws/install/mpu6050/share/mpu6050/hook/ld_library_path_lib.sh'
[2.515s] Level 1:colcon.colcon_core.environment:checking '/home/an/an_ws/install/mpu6050/bin'
[2.516s] Level 1:colcon.colcon_core.environment:checking '/home/an/an_ws/install/mpu6050/lib/pkgconfig/mpu6050.pc'
[2.517s] Level 1:colcon.colcon_core.environment:checking '/home/an/an_ws/install/mpu6050/lib/python3.10/site-packages'
[2.519s] Level 1:colcon.colcon_core.environment:checking '/home/an/an_ws/install/mpu6050/bin'
[2.521s] INFO:colcon.colcon_core.shell:Creating package script '/home/an/an_ws/install/mpu6050/share/mpu6050/package.ps1'
[2.523s] INFO:colcon.colcon_core.shell:Creating package descriptor '/home/an/an_ws/install/mpu6050/share/mpu6050/package.dsv'
[2.526s] INFO:colcon.colcon_core.shell:Creating package script '/home/an/an_ws/install/mpu6050/share/mpu6050/package.sh'
[2.528s] INFO:colcon.colcon_core.shell:Creating package script '/home/an/an_ws/install/mpu6050/share/mpu6050/package.bash'
[2.530s] INFO:colcon.colcon_core.shell:Creating package script '/home/an/an_ws/install/mpu6050/share/mpu6050/package.zsh'
[2.531s] Level 1:colcon.colcon_core.environment:create_file_with_runtime_dependencies(/home/an/an_ws/install/mpu6050/share/colcon-core/packages/mpu6050)
[2.540s] Level 1:colcon.colcon_core.environment:create_environment_scripts_only(diffdrive_esp32)
[2.541s] Level 1:colcon.colcon_core.environment:checking '/home/an/an_ws/install/diffdrive_esp32' for CMake module files
[2.544s] Level 1:colcon.colcon_core.environment:checking '/home/an/an_ws/install/diffdrive_esp32' for CMake config files
[2.547s] Level 1:colcon.colcon_core.shell:create_environment_hook('diffdrive_esp32', 'cmake_prefix_path')
[2.548s] INFO:colcon.colcon_core.shell:Creating environment hook '/home/an/an_ws/install/diffdrive_esp32/share/diffdrive_esp32/hook/cmake_prefix_path.ps1'
[2.550s] INFO:colcon.colcon_core.shell:Creating environment descriptor '/home/an/an_ws/install/diffdrive_esp32/share/diffdrive_esp32/hook/cmake_prefix_path.dsv'
[2.553s] INFO:colcon.colcon_core.shell:Creating environment hook '/home/an/an_ws/install/diffdrive_esp32/share/diffdrive_esp32/hook/cmake_prefix_path.sh'
[2.557s] Level 1:colcon.colcon_core.environment:checking '/home/an/an_ws/install/diffdrive_esp32/lib'
[2.557s] Level 1:colcon.colcon_core.shell:create_environment_hook('diffdrive_esp32', 'ld_library_path_lib')
[2.559s] INFO:colcon.colcon_core.shell:Creating environment hook '/home/an/an_ws/install/diffdrive_esp32/share/diffdrive_esp32/hook/ld_library_path_lib.ps1'
[2.561s] INFO:colcon.colcon_core.shell:Creating environment descriptor '/home/an/an_ws/install/diffdrive_esp32/share/diffdrive_esp32/hook/ld_library_path_lib.dsv'
[2.563s] INFO:colcon.colcon_core.shell:Creating environment hook '/home/an/an_ws/install/diffdrive_esp32/share/diffdrive_esp32/hook/ld_library_path_lib.sh'
[2.565s] Level 1:colcon.colcon_core.environment:checking '/home/an/an_ws/install/diffdrive_esp32/bin'
[2.566s] Level 1:colcon.colcon_core.environment:checking '/home/an/an_ws/install/diffdrive_esp32/lib/pkgconfig/diffdrive_esp32.pc'
[2.567s] Level 1:colcon.colcon_core.environment:checking '/home/an/an_ws/install/diffdrive_esp32/lib/python3.10/site-packages'
[2.568s] Level 1:colcon.colcon_core.environment:checking '/home/an/an_ws/install/diffdrive_esp32/bin'
[2.570s] INFO:colcon.colcon_core.shell:Creating package script '/home/an/an_ws/install/diffdrive_esp32/share/diffdrive_esp32/package.ps1'
[2.573s] INFO:colcon.colcon_core.shell:Creating package descriptor '/home/an/an_ws/install/diffdrive_esp32/share/diffdrive_esp32/package.dsv'
[2.577s] INFO:colcon.colcon_core.shell:Creating package script '/home/an/an_ws/install/diffdrive_esp32/share/diffdrive_esp32/package.sh'
[2.579s] INFO:colcon.colcon_core.shell:Creating package script '/home/an/an_ws/install/diffdrive_esp32/share/diffdrive_esp32/package.bash'
[2.581s] INFO:colcon.colcon_core.shell:Creating package script '/home/an/an_ws/install/diffdrive_esp32/share/diffdrive_esp32/package.zsh'
[2.584s] Level 1:colcon.colcon_core.environment:create_file_with_runtime_dependencies(/home/an/an_ws/install/diffdrive_esp32/share/colcon-core/packages/diffdrive_esp32)
[2.586s] Level 1:colcon.colcon_core.environment:create_environment_scripts_only(rtf_lds_driver)
[2.587s] Level 1:colcon.colcon_core.environment:checking '/home/an/an_ws/install/rtf_lds_driver' for CMake module files
[2.594s] Level 1:colcon.colcon_core.environment:checking '/home/an/an_ws/install/rtf_lds_driver' for CMake config files
[2.596s] Level 1:colcon.colcon_core.shell:create_environment_hook('rtf_lds_driver', 'cmake_prefix_path')
[2.598s] INFO:colcon.colcon_core.shell:Creating environment hook '/home/an/an_ws/install/rtf_lds_driver/share/rtf_lds_driver/hook/cmake_prefix_path.ps1'
[2.600s] INFO:colcon.colcon_core.shell:Creating environment descriptor '/home/an/an_ws/install/rtf_lds_driver/share/rtf_lds_driver/hook/cmake_prefix_path.dsv'
[2.603s] INFO:colcon.colcon_core.shell:Creating environment hook '/home/an/an_ws/install/rtf_lds_driver/share/rtf_lds_driver/hook/cmake_prefix_path.sh'
[2.606s] Level 1:colcon.colcon_core.environment:checking '/home/an/an_ws/install/rtf_lds_driver/lib'
[2.606s] Level 1:colcon.colcon_core.environment:checking '/home/an/an_ws/install/rtf_lds_driver/bin'
[2.607s] Level 1:colcon.colcon_core.environment:checking '/home/an/an_ws/install/rtf_lds_driver/lib/pkgconfig/rtf_lds_driver.pc'
[2.607s] Level 1:colcon.colcon_core.environment:checking '/home/an/an_ws/install/rtf_lds_driver/lib/python3.10/site-packages'
[2.608s] Level 1:colcon.colcon_core.environment:checking '/home/an/an_ws/install/rtf_lds_driver/bin'
[2.610s] INFO:colcon.colcon_core.shell:Creating package script '/home/an/an_ws/install/rtf_lds_driver/share/rtf_lds_driver/package.ps1'
[2.612s] INFO:colcon.colcon_core.shell:Creating package descriptor '/home/an/an_ws/install/rtf_lds_driver/share/rtf_lds_driver/package.dsv'
[2.614s] INFO:colcon.colcon_core.shell:Creating package script '/home/an/an_ws/install/rtf_lds_driver/share/rtf_lds_driver/package.sh'
[2.617s] INFO:colcon.colcon_core.shell:Creating package script '/home/an/an_ws/install/rtf_lds_driver/share/rtf_lds_driver/package.bash'
[2.619s] INFO:colcon.colcon_core.shell:Creating package script '/home/an/an_ws/install/rtf_lds_driver/share/rtf_lds_driver/package.zsh'
[2.621s] Level 1:colcon.colcon_core.environment:create_file_with_runtime_dependencies(/home/an/an_ws/install/rtf_lds_driver/share/colcon-core/packages/rtf_lds_driver)
[2.623s] INFO:colcon.colcon_ros.task.ament_cmake.build:Building ROS package in '/home/an/an_ws/src/turtlebot3_description' with build type 'ament_cmake'
[2.624s] INFO:colcon.colcon_cmake.task.cmake.build:Building CMake package in '/home/an/an_ws/src/turtlebot3_description'
[2.625s] INFO:colcon.colcon_core.shell:Skip shell extension 'powershell' for command environment: Not usable outside of PowerShell
[2.625s] DEBUG:colcon.colcon_core.shell:Skip shell extension 'dsv' for command environment
[2.651s] Level 1:colcon.colcon_core.environment:create_environment_scripts_only(turtlebot3_controller)
[2.652s] Level 1:colcon.colcon_core.environment:checking '/home/an/an_ws/install/turtlebot3_controller' for CMake module files
[2.655s] Level 1:colcon.colcon_core.environment:checking '/home/an/an_ws/install/turtlebot3_controller' for CMake config files
[2.657s] Level 1:colcon.colcon_core.shell:create_environment_hook('turtlebot3_controller', 'cmake_prefix_path')
[2.658s] INFO:colcon.colcon_core.shell:Creating environment hook '/home/an/an_ws/install/turtlebot3_controller/share/turtlebot3_controller/hook/cmake_prefix_path.ps1'
[2.660s] INFO:colcon.colcon_core.shell:Creating environment descriptor '/home/an/an_ws/install/turtlebot3_controller/share/turtlebot3_controller/hook/cmake_prefix_path.dsv'
[2.662s] INFO:colcon.colcon_core.shell:Creating environment hook '/home/an/an_ws/install/turtlebot3_controller/share/turtlebot3_controller/hook/cmake_prefix_path.sh'
[2.664s] Level 1:colcon.colcon_core.environment:checking '/home/an/an_ws/install/turtlebot3_controller/lib'
[2.665s] Level 1:colcon.colcon_core.environment:checking '/home/an/an_ws/install/turtlebot3_controller/bin'
[2.666s] Level 1:colcon.colcon_core.environment:checking '/home/an/an_ws/install/turtlebot3_controller/lib/pkgconfig/turtlebot3_controller.pc'
[2.667s] Level 1:colcon.colcon_core.environment:checking '/home/an/an_ws/install/turtlebot3_controller/lib/python3.10/site-packages'
[2.668s] Level 1:colcon.colcon_core.environment:checking '/home/an/an_ws/install/turtlebot3_controller/bin'
[2.669s] INFO:colcon.colcon_core.shell:Creating package script '/home/an/an_ws/install/turtlebot3_controller/share/turtlebot3_controller/package.ps1'
[2.671s] INFO:colcon.colcon_core.shell:Creating package descriptor '/home/an/an_ws/install/turtlebot3_controller/share/turtlebot3_controller/package.dsv'
[2.674s] INFO:colcon.colcon_core.shell:Creating package script '/home/an/an_ws/install/turtlebot3_controller/share/turtlebot3_controller/package.sh'
[2.676s] INFO:colcon.colcon_core.shell:Creating package script '/home/an/an_ws/install/turtlebot3_controller/share/turtlebot3_controller/package.bash'
[2.678s] INFO:colcon.colcon_core.shell:Creating package script '/home/an/an_ws/install/turtlebot3_controller/share/turtlebot3_controller/package.zsh'
[2.680s] Level 1:colcon.colcon_core.environment:create_file_with_runtime_dependencies(/home/an/an_ws/install/turtlebot3_controller/share/colcon-core/packages/turtlebot3_controller)
[2.698s] DEBUG:colcon.colcon_core.event_handler.log_command:Invoking command in '/home/an/an_ws/build/turtlebot3_description': CMAKE_PREFIX_PATH=${CMAKE_PREFIX_PATH}:/home/an/ros2_ws/install/self_driving:/opt/ros/humble /usr/bin/cmake --build /home/an/an_ws/build/turtlebot3_description -- -j4 -l4
[2.725s] Level 1:colcon.colcon_core.environment:create_environment_scripts_only(mpu6050)
[2.726s] Level 1:colcon.colcon_core.environment:checking '/home/an/an_ws/install/mpu6050' for CMake module files
[2.729s] Level 1:colcon.colcon_core.environment:checking '/home/an/an_ws/install/mpu6050' for CMake config files
[2.732s] Level 1:colcon.colcon_core.shell:create_environment_hook('mpu6050', 'cmake_prefix_path')
[2.733s] INFO:colcon.colcon_core.shell:Creating environment hook '/home/an/an_ws/install/mpu6050/share/mpu6050/hook/cmake_prefix_path.ps1'
[2.735s] INFO:colcon.colcon_core.shell:Creating environment descriptor '/home/an/an_ws/install/mpu6050/share/mpu6050/hook/cmake_prefix_path.dsv'
[2.736s] INFO:colcon.colcon_core.shell:Creating environment hook '/home/an/an_ws/install/mpu6050/share/mpu6050/hook/cmake_prefix_path.sh'
[2.739s] Level 1:colcon.colcon_core.environment:checking '/home/an/an_ws/install/mpu6050/lib'
[2.740s] Level 1:colcon.colcon_core.shell:create_environment_hook('mpu6050', 'ld_library_path_lib')
[2.741s] INFO:colcon.colcon_core.shell:Creating environment hook '/home/an/an_ws/install/mpu6050/share/mpu6050/hook/ld_library_path_lib.ps1'
[2.743s] INFO:colcon.colcon_core.shell:Creating environment descriptor '/home/an/an_ws/install/mpu6050/share/mpu6050/hook/ld_library_path_lib.dsv'
[2.745s] INFO:colcon.colcon_core.shell:Creating environment hook '/home/an/an_ws/install/mpu6050/share/mpu6050/hook/ld_library_path_lib.sh'
[2.748s] Level 1:colcon.colcon_core.environment:checking '/home/an/an_ws/install/mpu6050/bin'
[2.748s] Level 1:colcon.colcon_core.environment:checking '/home/an/an_ws/install/mpu6050/lib/pkgconfig/mpu6050.pc'
[2.749s] Level 1:colcon.colcon_core.environment:checking '/home/an/an_ws/install/mpu6050/lib/python3.10/site-packages'
[2.751s] Level 1:colcon.colcon_core.environment:checking '/home/an/an_ws/install/mpu6050/bin'
[2.752s] INFO:colcon.colcon_core.shell:Creating package script '/home/an/an_ws/install/mpu6050/share/mpu6050/package.ps1'
[2.755s] INFO:colcon.colcon_core.shell:Creating package descriptor '/home/an/an_ws/install/mpu6050/share/mpu6050/package.dsv'
[2.758s] INFO:colcon.colcon_core.shell:Creating package script '/home/an/an_ws/install/mpu6050/share/mpu6050/package.sh'
[2.760s] INFO:colcon.colcon_core.shell:Creating package script '/home/an/an_ws/install/mpu6050/share/mpu6050/package.bash'
[2.762s] INFO:colcon.colcon_core.shell:Creating package script '/home/an/an_ws/install/mpu6050/share/mpu6050/package.zsh'
[2.764s] Level 1:colcon.colcon_core.environment:create_file_with_runtime_dependencies(/home/an/an_ws/install/mpu6050/share/colcon-core/packages/mpu6050)
[2.843s] DEBUG:colcon.colcon_core.event_handler.log_command:Invoked command in '/home/an/an_ws/build/turtlebot3_description' returned '0': CMAKE_PREFIX_PATH=${CMAKE_PREFIX_PATH}:/home/an/ros2_ws/install/self_driving:/opt/ros/humble /usr/bin/cmake --build /home/an/an_ws/build/turtlebot3_description -- -j4 -l4
[2.964s] DEBUG:colcon.colcon_core.event_handler.log_command:Invoking command in '/home/an/an_ws/build/turtlebot3_description': CMAKE_PREFIX_PATH=${CMAKE_PREFIX_PATH}:/home/an/ros2_ws/install/self_driving:/opt/ros/humble /usr/bin/cmake --install /home/an/an_ws/build/turtlebot3_description
[3.016s] Level 1:colcon.colcon_core.environment:create_environment_scripts_only(turtlebot3_description)
[3.017s] Level 1:colcon.colcon_core.environment:checking '/home/an/an_ws/install/turtlebot3_description' for CMake module files
[3.024s] DEBUG:colcon.colcon_core.event_handler.log_command:Invoked command in '/home/an/an_ws/build/turtlebot3_description' returned '0': CMAKE_PREFIX_PATH=${CMAKE_PREFIX_PATH}:/home/an/ros2_ws/install/self_driving:/opt/ros/humble /usr/bin/cmake --install /home/an/an_ws/build/turtlebot3_description
[3.025s] Level 1:colcon.colcon_core.environment:checking '/home/an/an_ws/install/turtlebot3_description' for CMake config files
[3.029s] Level 1:colcon.colcon_core.shell:create_environment_hook('turtlebot3_description', 'cmake_prefix_path')
[3.030s] INFO:colcon.colcon_core.shell:Creating environment hook '/home/an/an_ws/install/turtlebot3_description/share/turtlebot3_description/hook/cmake_prefix_path.ps1'
[3.032s] INFO:colcon.colcon_core.shell:Creating environment descriptor '/home/an/an_ws/install/turtlebot3_description/share/turtlebot3_description/hook/cmake_prefix_path.dsv'
[3.033s] INFO:colcon.colcon_core.shell:Creating environment hook '/home/an/an_ws/install/turtlebot3_description/share/turtlebot3_description/hook/cmake_prefix_path.sh'
[3.036s] Level 1:colcon.colcon_core.environment:checking '/home/an/an_ws/install/turtlebot3_description/bin'
[3.037s] Level 1:colcon.colcon_core.environment:checking '/home/an/an_ws/install/turtlebot3_description/lib/pkgconfig/turtlebot3_description.pc'
[3.037s] Level 1:colcon.colcon_core.environment:checking '/home/an/an_ws/install/turtlebot3_description/lib/python3.10/site-packages'
[3.038s] Level 1:colcon.colcon_core.environment:checking '/home/an/an_ws/install/turtlebot3_description/bin'
[3.040s] INFO:colcon.colcon_core.shell:Creating package script '/home/an/an_ws/install/turtlebot3_description/share/turtlebot3_description/package.ps1'
[3.042s] INFO:colcon.colcon_core.shell:Creating package descriptor '/home/an/an_ws/install/turtlebot3_description/share/turtlebot3_description/package.dsv'
[3.044s] INFO:colcon.colcon_core.shell:Creating package script '/home/an/an_ws/install/turtlebot3_description/share/turtlebot3_description/package.sh'
[3.046s] INFO:colcon.colcon_core.shell:Creating package script '/home/an/an_ws/install/turtlebot3_description/share/turtlebot3_description/package.bash'
[3.048s] INFO:colcon.colcon_core.shell:Creating package script '/home/an/an_ws/install/turtlebot3_description/share/turtlebot3_description/package.zsh'
[3.049s] Level 1:colcon.colcon_core.environment:create_file_with_runtime_dependencies(/home/an/an_ws/install/turtlebot3_description/share/colcon-core/packages/turtlebot3_description)
[3.164s] Level 1:colcon.colcon_core.environment:create_environment_scripts_only(turtlebot3_description)
[3.165s] Level 1:colcon.colcon_core.environment:checking '/home/an/an_ws/install/turtlebot3_description' for CMake module files
[3.169s] Level 1:colcon.colcon_core.environment:checking '/home/an/an_ws/install/turtlebot3_description' for CMake config files
[3.173s] Level 1:colcon.colcon_core.shell:create_environment_hook('turtlebot3_description', 'cmake_prefix_path')
[3.174s] INFO:colcon.colcon_core.shell:Creating environment hook '/home/an/an_ws/install/turtlebot3_description/share/turtlebot3_description/hook/cmake_prefix_path.ps1'
[3.176s] INFO:colcon.colcon_core.shell:Creating environment descriptor '/home/an/an_ws/install/turtlebot3_description/share/turtlebot3_description/hook/cmake_prefix_path.dsv'
[3.178s] INFO:colcon.colcon_core.shell:Creating environment hook '/home/an/an_ws/install/turtlebot3_description/share/turtlebot3_description/hook/cmake_prefix_path.sh'
[3.181s] Level 1:colcon.colcon_core.environment:checking '/home/an/an_ws/install/turtlebot3_description/bin'
[3.182s] Level 1:colcon.colcon_core.environment:checking '/home/an/an_ws/install/turtlebot3_description/lib/pkgconfig/turtlebot3_description.pc'
[3.183s] Level 1:colcon.colcon_core.environment:checking '/home/an/an_ws/install/turtlebot3_description/lib/python3.10/site-packages'
[3.184s] Level 1:colcon.colcon_core.environment:checking '/home/an/an_ws/install/turtlebot3_description/bin'
[3.185s] INFO:colcon.colcon_core.shell:Creating package script '/home/an/an_ws/install/turtlebot3_description/share/turtlebot3_description/package.ps1'
[3.187s] INFO:colcon.colcon_core.shell:Creating package descriptor '/home/an/an_ws/install/turtlebot3_description/share/turtlebot3_description/package.dsv'
[3.189s] INFO:colcon.colcon_core.shell:Creating package script '/home/an/an_ws/install/turtlebot3_description/share/turtlebot3_description/package.sh'
[3.191s] INFO:colcon.colcon_core.shell:Creating package script '/home/an/an_ws/install/turtlebot3_description/share/turtlebot3_description/package.bash'
[3.193s] INFO:colcon.colcon_core.shell:Creating package script '/home/an/an_ws/install/turtlebot3_description/share/turtlebot3_description/package.zsh'
[3.195s] Level 1:colcon.colcon_core.environment:create_file_with_runtime_dependencies(/home/an/an_ws/install/turtlebot3_description/share/colcon-core/packages/turtlebot3_description)
[3.196s] DEBUG:colcon.colcon_parallel_executor.executor.parallel:closing loop
[3.197s] DEBUG:colcon.colcon_parallel_executor.executor.parallel:loop closed
[3.197s] DEBUG:colcon.colcon_parallel_executor.executor.parallel:run_until_complete finished with '0'
[3.198s] DEBUG:colcon.colcon_core.event_reactor:joining thread
[3.223s] INFO:colcon.colcon_core.plugin_system:Skipping extension 'colcon_notification.desktop_notification.notify_send': Could not find 'notify-send'
[3.223s] INFO:colcon.colcon_core.plugin_system:Skipping extension 'colcon_notification.desktop_notification.terminal_notifier': Not used on non-Darwin systems
[3.223s] INFO:colcon.colcon_core.plugin_system:Skipping extension 'colcon_notification.desktop_notification.win32': Not used on non-Windows systems
[3.224s] INFO:colcon.colcon_notification.desktop_notification:Sending desktop notification using 'notify2'
[3.226s] DEBUG:colcon.colcon_notification.desktop_notification.notify2:Failed to initialize notify2: org.freedesktop.DBus.Error.ServiceUnknown: The name org.freedesktop.Notifications was not provided by any .service files
[3.227s] DEBUG:colcon.colcon_core.event_reactor:joined thread
[3.228s] INFO:colcon.colcon_core.shell:Creating prefix script '/home/an/an_ws/install/local_setup.ps1'
[3.231s] INFO:colcon.colcon_core.shell:Creating prefix util module '/home/an/an_ws/install/_local_setup_util_ps1.py'
[3.237s] INFO:colcon.colcon_core.shell:Creating prefix chain script '/home/an/an_ws/install/setup.ps1'
[3.243s] INFO:colcon.colcon_core.shell:Creating prefix script '/home/an/an_ws/install/local_setup.sh'
[3.246s] INFO:colcon.colcon_core.shell:Creating prefix util module '/home/an/an_ws/install/_local_setup_util_sh.py'
[3.248s] INFO:colcon.colcon_core.shell:Creating prefix chain script '/home/an/an_ws/install/setup.sh'
[3.254s] INFO:colcon.colcon_core.shell:Creating prefix script '/home/an/an_ws/install/local_setup.bash'
[3.256s] INFO:colcon.colcon_core.shell:Creating prefix chain script '/home/an/an_ws/install/setup.bash'
[3.262s] INFO:colcon.colcon_core.shell:Creating prefix script '/home/an/an_ws/install/local_setup.zsh'
[3.264s] INFO:colcon.colcon_core.shell:Creating prefix chain script '/home/an/an_ws/install/setup.zsh'
