[0.122s] Invoking command in '/home/an/an_ws/build/diffdrive_esp32': CMAKE_PREFIX_PATH=${CMAKE_PREFIX_PATH}:/home/an/ros2_ws/install/self_driving:/opt/ros/humble /usr/bin/cmake --build /home/an/an_ws/build/diffdrive_esp32 -- -j4 -l4
[0.317s] [35m[1mConsolidate compiler generated dependencies of target diffdrive_esp32[0m
[0.472s] [100%] Built target diffdrive_esp32
[0.591s] Invoked command in '/home/an/an_ws/build/diffdrive_esp32' returned '0': CMAKE_PREFIX_PATH=${CMAKE_PREFIX_PATH}:/home/an/ros2_ws/install/self_driving:/opt/ros/humble /usr/bin/cmake --build /home/an/an_ws/build/diffdrive_esp32 -- -j4 -l4
[0.878s] Invoking command in '/home/an/an_ws/build/diffdrive_esp32': CMAKE_PREFIX_PATH=${CMAKE_PREFIX_PATH}:/home/an/ros2_ws/install/self_driving:/opt/ros/humble /usr/bin/cmake --install /home/an/an_ws/build/diffdrive_esp32
[0.913s] -- Install configuration: ""
[0.914s] -- Up-to-date: /home/an/an_ws/install/diffdrive_esp32/share/diffdrive_esp32/diffdrive_esp32.xml
[0.914s] -- Up-to-date: /home/an/an_ws/install/diffdrive_esp32/include/diffdrive_esp32
[0.915s] -- Up-to-date: /home/an/an_ws/install/diffdrive_esp32/include/diffdrive_esp32/diffdrive_esp32
[0.915s] -- Up-to-date: /home/an/an_ws/install/diffdrive_esp32/include/diffdrive_esp32/diffdrive_esp32/esp32_comms.hpp
[0.916s] -- Up-to-date: /home/an/an_ws/install/diffdrive_esp32/include/diffdrive_esp32/diffdrive_esp32/visibility_control.h
[0.916s] -- Up-to-date: /home/an/an_ws/install/diffdrive_esp32/include/diffdrive_esp32/diffdrive_esp32/wheel.hpp
[0.917s] -- Up-to-date: /home/an/an_ws/install/diffdrive_esp32/include/diffdrive_esp32/diffdrive_esp32/diffbot_system.hpp
[0.918s] -- Up-to-date: /home/an/an_ws/install/diffdrive_esp32/lib/libdiffdrive_esp32.so
[0.919s] -- Up-to-date: /home/an/an_ws/install/diffdrive_esp32/share/diffdrive_esp32/environment/library_path.sh
[0.920s] -- Up-to-date: /home/an/an_ws/install/diffdrive_esp32/share/diffdrive_esp32/environment/library_path.dsv
[0.922s] -- Up-to-date: /home/an/an_ws/install/diffdrive_esp32/share/ament_index/resource_index/package_run_dependencies/diffdrive_esp32
[0.922s] -- Up-to-date: /home/an/an_ws/install/diffdrive_esp32/share/ament_index/resource_index/parent_prefix_path/diffdrive_esp32
[0.922s] -- Up-to-date: /home/an/an_ws/install/diffdrive_esp32/share/diffdrive_esp32/environment/ament_prefix_path.sh
[0.923s] -- Up-to-date: /home/an/an_ws/install/diffdrive_esp32/share/diffdrive_esp32/environment/ament_prefix_path.dsv
[0.923s] -- Up-to-date: /home/an/an_ws/install/diffdrive_esp32/share/diffdrive_esp32/environment/path.sh
[0.923s] -- Up-to-date: /home/an/an_ws/install/diffdrive_esp32/share/diffdrive_esp32/environment/path.dsv
[0.935s] -- Up-to-date: /home/an/an_ws/install/diffdrive_esp32/share/diffdrive_esp32/local_setup.bash
[0.936s] -- Up-to-date: /home/an/an_ws/install/diffdrive_esp32/share/diffdrive_esp32/local_setup.sh
[0.937s] -- Up-to-date: /home/an/an_ws/install/diffdrive_esp32/share/diffdrive_esp32/local_setup.zsh
[0.937s] -- Up-to-date: /home/an/an_ws/install/diffdrive_esp32/share/diffdrive_esp32/local_setup.dsv
[0.938s] -- Installing: /home/an/an_ws/install/diffdrive_esp32/share/diffdrive_esp32/package.dsv
[0.940s] -- Up-to-date: /home/an/an_ws/install/diffdrive_esp32/share/ament_index/resource_index/packages/diffdrive_esp32
[0.941s] -- Up-to-date: /home/an/an_ws/install/diffdrive_esp32/share/ament_index/resource_index/hardware_interface__pluginlib__plugin/diffdrive_esp32
[0.941s] -- Up-to-date: /home/an/an_ws/install/diffdrive_esp32/share/diffdrive_esp32/cmake/export_diffdrive_esp32Export.cmake
[0.942s] -- Up-to-date: /home/an/an_ws/install/diffdrive_esp32/share/diffdrive_esp32/cmake/export_diffdrive_esp32Export-noconfig.cmake
[0.943s] -- Up-to-date: /home/an/an_ws/install/diffdrive_esp32/share/diffdrive_esp32/cmake/ament_cmake_export_targets-extras.cmake
[0.943s] -- Up-to-date: /home/an/an_ws/install/diffdrive_esp32/share/diffdrive_esp32/cmake/ament_cmake_export_dependencies-extras.cmake
[0.944s] -- Up-to-date: /home/an/an_ws/install/diffdrive_esp32/share/diffdrive_esp32/cmake/diffdrive_esp32Config.cmake
[0.944s] -- Up-to-date: /home/an/an_ws/install/diffdrive_esp32/share/diffdrive_esp32/cmake/diffdrive_esp32Config-version.cmake
[0.954s] -- Up-to-date: /home/an/an_ws/install/diffdrive_esp32/share/diffdrive_esp32/package.xml
[0.956s] Invoked command in '/home/an/an_ws/build/diffdrive_esp32' returned '0': CMAKE_PREFIX_PATH=${CMAKE_PREFIX_PATH}:/home/an/ros2_ws/install/self_driving:/opt/ros/humble /usr/bin/cmake --install /home/an/an_ws/build/diffdrive_esp32
