[0.106s] Invoking command in '/home/an/an_ws/build/diffdrive_esp32': CMAKE_PREFIX_PATH=/home/an/ros2_ws/install/self_driving:/opt/ros/humble /usr/bin/cmake /home/an/an_ws/src/diffdrive_esp32 -DCMAKE_INSTALL_PREFIX=/home/an/an_ws/install/diffdrive_esp32
[1.637s] -- The CXX compiler identification is GNU 11.4.0
[1.684s] -- Detecting CXX compiler ABI info
[2.169s] -- Detecting CXX compiler ABI info - done
[2.196s] -- Check for working CXX compiler: /usr/bin/c++ - skipped
[2.201s] -- Detecting CXX compile features
[2.205s] -- Detecting CXX compile features - done
[2.237s] -- Found ament_cmake: 1.3.8 (/opt/ros/humble/share/ament_cmake/cmake)
[3.328s] -- Found Python3: /usr/bin/python3 (found version "3.10.12") found components: Interpreter 
[4.356s] -- Found hardware_interface: 2.40.0 (/opt/ros/humble/share/hardware_interface/cmake)
[4.719s] -- Found rosidl_generator_c: 3.1.5 (/opt/ros/humble/share/rosidl_generator_c/cmake)
[4.765s] -- Found rosidl_adapter: 3.1.5 (/opt/ros/humble/share/rosidl_adapter/cmake)
[4.836s] -- Found rosidl_generator_cpp: 3.1.5 (/opt/ros/humble/share/rosidl_generator_cpp/cmake)
[4.939s] -- Using all available rosidl_typesupport_c: rosidl_typesupport_fastrtps_c;rosidl_typesupport_introspection_c
[5.076s] -- Using all available rosidl_typesupport_cpp: rosidl_typesupport_fastrtps_cpp;rosidl_typesupport_introspection_cpp
[8.340s] -- Found rmw_implementation_cmake: 6.1.1 (/opt/ros/humble/share/rmw_implementation_cmake/cmake)
[8.352s] -- Found rmw_fastrtps_cpp: 6.2.6 (/opt/ros/humble/share/rmw_fastrtps_cpp/cmake)
[8.559s] -- Found TinyXML2 via Config file: TinyXML2_DIR-NOTFOUND
[8.798s] -- Found OpenSSL: /usr/lib/aarch64-linux-gnu/libcrypto.so (found version "3.0.2")  
[8.813s] -- Found TinyXML2 via Config file: TinyXML2_DIR-NOTFOUND
[8.875s] -- Found FastRTPS: /opt/ros/humble/include  
[8.920s] -- Found TinyXML2 via Config file: TinyXML2_DIR-NOTFOUND
[8.955s] -- Found TinyXML2 via Config file: TinyXML2_DIR-NOTFOUND
[8.992s] -- Using RMW implementation 'rmw_fastrtps_cpp' as default
[9.066s] -- Looking for C++ include pthread.h
[9.539s] -- Looking for C++ include pthread.h - found
[9.541s] -- Performing Test CMAKE_HAVE_LIBC_PTHREAD
[9.978s] -- Performing Test CMAKE_HAVE_LIBC_PTHREAD - Success
[9.982s] -- Found Threads: TRUE  
[10.946s] -- Found ament_cmake_pytest: 1.3.8 (/opt/ros/humble/share/ament_cmake_pytest/cmake)
[18.939s] -- Configuring done
[19.321s] -- Generating done
[19.348s] -- Build files have been written to: /home/an/an_ws/build/diffdrive_esp32
[19.481s] Invoked command in '/home/an/an_ws/build/diffdrive_esp32' returned '0': CMAKE_PREFIX_PATH=/home/an/ros2_ws/install/self_driving:/opt/ros/humble /usr/bin/cmake /home/an/an_ws/src/diffdrive_esp32 -DCMAKE_INSTALL_PREFIX=/home/an/an_ws/install/diffdrive_esp32
[19.486s] Invoking command in '/home/an/an_ws/build/diffdrive_esp32': CMAKE_PREFIX_PATH=/home/an/ros2_ws/install/self_driving:/opt/ros/humble /usr/bin/cmake --build /home/an/an_ws/build/diffdrive_esp32 -- -j4 -l4
[19.901s] [ 50%] [32mBuilding CXX object CMakeFiles/diffdrive_esp32.dir/hardware/diffbot_system.cpp.o[0m
[43.332s] [100%] [32m[1mLinking CXX shared library libdiffdrive_esp32.so[0m
[44.540s] [100%] Built target diffdrive_esp32
[44.588s] Invoked command in '/home/an/an_ws/build/diffdrive_esp32' returned '0': CMAKE_PREFIX_PATH=/home/an/ros2_ws/install/self_driving:/opt/ros/humble /usr/bin/cmake --build /home/an/an_ws/build/diffdrive_esp32 -- -j4 -l4
[44.723s] Invoking command in '/home/an/an_ws/build/diffdrive_esp32': CMAKE_PREFIX_PATH=/home/an/ros2_ws/install/self_driving:/opt/ros/humble /usr/bin/cmake --install /home/an/an_ws/build/diffdrive_esp32
[44.753s] -- Install configuration: ""
[44.756s] -- Installing: /home/an/an_ws/install/diffdrive_esp32/share/diffdrive_esp32/diffdrive_esp32.xml
[44.758s] -- Installing: /home/an/an_ws/install/diffdrive_esp32/include/diffdrive_esp32
[44.760s] -- Installing: /home/an/an_ws/install/diffdrive_esp32/include/diffdrive_esp32/diffdrive_esp32
[44.761s] -- Installing: /home/an/an_ws/install/diffdrive_esp32/include/diffdrive_esp32/diffdrive_esp32/esp32_comms.hpp
[44.764s] -- Installing: /home/an/an_ws/install/diffdrive_esp32/include/diffdrive_esp32/diffdrive_esp32/visibility_control.h
[44.766s] -- Installing: /home/an/an_ws/install/diffdrive_esp32/include/diffdrive_esp32/diffdrive_esp32/wheel.hpp
[44.768s] -- Installing: /home/an/an_ws/install/diffdrive_esp32/include/diffdrive_esp32/diffdrive_esp32/diffbot_system.hpp
[44.771s] -- Installing: /home/an/an_ws/install/diffdrive_esp32/lib/libdiffdrive_esp32.so
[44.779s] -- Set runtime path of "/home/an/an_ws/install/diffdrive_esp32/lib/libdiffdrive_esp32.so" to ""
[44.781s] -- Installing: /home/an/an_ws/install/diffdrive_esp32/share/diffdrive_esp32/environment/library_path.sh
[44.783s] -- Installing: /home/an/an_ws/install/diffdrive_esp32/share/diffdrive_esp32/environment/library_path.dsv
[44.785s] -- Installing: /home/an/an_ws/install/diffdrive_esp32/share/ament_index/resource_index/package_run_dependencies/diffdrive_esp32
[44.787s] -- Installing: /home/an/an_ws/install/diffdrive_esp32/share/ament_index/resource_index/parent_prefix_path/diffdrive_esp32
[44.789s] -- Installing: /home/an/an_ws/install/diffdrive_esp32/share/diffdrive_esp32/environment/ament_prefix_path.sh
[44.791s] -- Installing: /home/an/an_ws/install/diffdrive_esp32/share/diffdrive_esp32/environment/ament_prefix_path.dsv
[44.793s] -- Installing: /home/an/an_ws/install/diffdrive_esp32/share/diffdrive_esp32/environment/path.sh
[44.794s] -- Installing: /home/an/an_ws/install/diffdrive_esp32/share/diffdrive_esp32/environment/path.dsv
[44.796s] -- Installing: /home/an/an_ws/install/diffdrive_esp32/share/diffdrive_esp32/local_setup.bash
[44.797s] -- Installing: /home/an/an_ws/install/diffdrive_esp32/share/diffdrive_esp32/local_setup.sh
[44.799s] -- Installing: /home/an/an_ws/install/diffdrive_esp32/share/diffdrive_esp32/local_setup.zsh
[44.800s] -- Installing: /home/an/an_ws/install/diffdrive_esp32/share/diffdrive_esp32/local_setup.dsv
[44.802s] -- Installing: /home/an/an_ws/install/diffdrive_esp32/share/diffdrive_esp32/package.dsv
[44.804s] -- Installing: /home/an/an_ws/install/diffdrive_esp32/share/ament_index/resource_index/packages/diffdrive_esp32
[44.806s] -- Installing: /home/an/an_ws/install/diffdrive_esp32/share/ament_index/resource_index/hardware_interface__pluginlib__plugin/diffdrive_esp32
[44.808s] -- Installing: /home/an/an_ws/install/diffdrive_esp32/share/diffdrive_esp32/cmake/export_diffdrive_esp32Export.cmake
[44.810s] -- Installing: /home/an/an_ws/install/diffdrive_esp32/share/diffdrive_esp32/cmake/export_diffdrive_esp32Export-noconfig.cmake
[44.811s] -- Installing: /home/an/an_ws/install/diffdrive_esp32/share/diffdrive_esp32/cmake/ament_cmake_export_targets-extras.cmake
[44.813s] -- Installing: /home/an/an_ws/install/diffdrive_esp32/share/diffdrive_esp32/cmake/ament_cmake_export_dependencies-extras.cmake
[44.814s] -- Installing: /home/an/an_ws/install/diffdrive_esp32/share/diffdrive_esp32/cmake/diffdrive_esp32Config.cmake
[44.816s] -- Installing: /home/an/an_ws/install/diffdrive_esp32/share/diffdrive_esp32/cmake/diffdrive_esp32Config-version.cmake
[44.817s] -- Installing: /home/an/an_ws/install/diffdrive_esp32/share/diffdrive_esp32/package.xml
[44.827s] Invoked command in '/home/an/an_ws/build/diffdrive_esp32' returned '0': CMAKE_PREFIX_PATH=/home/an/ros2_ws/install/self_driving:/opt/ros/humble /usr/bin/cmake --install /home/an/an_ws/build/diffdrive_esp32
