[0.393s] Invoking command in '/home/an/an_ws/build/diffdrive_esp32': CMAKE_PREFIX_PATH=${CMAKE_PREFIX_PATH}:/home/an/ros2_ws/install/self_driving:/opt/ros/humble /usr/bin/cmake --build /home/an/an_ws/build/diffdrive_esp32 -- -j4 -l4
[0.770s] [ 50%] [32mBuilding CXX object CMakeFiles/diffdrive_esp32.dir/hardware/diffbot_system.cpp.o[0m
[21.339s] [100%] [32m[1mLinking CXX shared library libdiffdrive_esp32.so[0m
[22.289s] [100%] Built target diffdrive_esp32
[22.335s] Invoked command in '/home/an/an_ws/build/diffdrive_esp32' returned '0': CMAKE_PREFIX_PATH=${CMAKE_PREFIX_PATH}:/home/an/ros2_ws/install/self_driving:/opt/ros/humble /usr/bin/cmake --build /home/an/an_ws/build/diffdrive_esp32 -- -j4 -l4
[22.482s] Invoking command in '/home/an/an_ws/build/diffdrive_esp32': CMAKE_PREFIX_PATH=${CMAKE_PREFIX_PATH}:/home/an/ros2_ws/install/self_driving:/opt/ros/humble /usr/bin/cmake --install /home/an/an_ws/build/diffdrive_esp32
[22.510s] -- Install configuration: ""
[22.511s] -- Up-to-date: /home/an/an_ws/install/diffdrive_esp32/share/diffdrive_esp32/diffdrive_esp32.xml
[22.513s] -- Up-to-date: /home/an/an_ws/install/diffdrive_esp32/include/diffdrive_esp32
[22.514s] -- Up-to-date: /home/an/an_ws/install/diffdrive_esp32/include/diffdrive_esp32/diffdrive_esp32
[22.514s] -- Installing: /home/an/an_ws/install/diffdrive_esp32/include/diffdrive_esp32/diffdrive_esp32/esp32_comms.hpp
[22.515s] -- Up-to-date: /home/an/an_ws/install/diffdrive_esp32/include/diffdrive_esp32/diffdrive_esp32/visibility_control.h
[22.516s] -- Up-to-date: /home/an/an_ws/install/diffdrive_esp32/include/diffdrive_esp32/diffdrive_esp32/wheel.hpp
[22.516s] -- Up-to-date: /home/an/an_ws/install/diffdrive_esp32/include/diffdrive_esp32/diffdrive_esp32/diffbot_system.hpp
[22.518s] -- Installing: /home/an/an_ws/install/diffdrive_esp32/lib/libdiffdrive_esp32.so
[22.528s] -- Set runtime path of "/home/an/an_ws/install/diffdrive_esp32/lib/libdiffdrive_esp32.so" to ""
[22.528s] -- Up-to-date: /home/an/an_ws/install/diffdrive_esp32/share/diffdrive_esp32/environment/library_path.sh
[22.529s] -- Up-to-date: /home/an/an_ws/install/diffdrive_esp32/share/diffdrive_esp32/environment/library_path.dsv
[22.530s] -- Up-to-date: /home/an/an_ws/install/diffdrive_esp32/share/ament_index/resource_index/package_run_dependencies/diffdrive_esp32
[22.530s] -- Up-to-date: /home/an/an_ws/install/diffdrive_esp32/share/ament_index/resource_index/parent_prefix_path/diffdrive_esp32
[22.531s] -- Up-to-date: /home/an/an_ws/install/diffdrive_esp32/share/diffdrive_esp32/environment/ament_prefix_path.sh
[22.532s] -- Up-to-date: /home/an/an_ws/install/diffdrive_esp32/share/diffdrive_esp32/environment/ament_prefix_path.dsv
[22.532s] -- Up-to-date: /home/an/an_ws/install/diffdrive_esp32/share/diffdrive_esp32/environment/path.sh
[22.533s] -- Up-to-date: /home/an/an_ws/install/diffdrive_esp32/share/diffdrive_esp32/environment/path.dsv
[22.534s] -- Up-to-date: /home/an/an_ws/install/diffdrive_esp32/share/diffdrive_esp32/local_setup.bash
[22.535s] -- Up-to-date: /home/an/an_ws/install/diffdrive_esp32/share/diffdrive_esp32/local_setup.sh
[22.546s] -- Up-to-date: /home/an/an_ws/install/diffdrive_esp32/share/diffdrive_esp32/local_setup.zsh
[22.548s] -- Up-to-date: /home/an/an_ws/install/diffdrive_esp32/share/diffdrive_esp32/local_setup.dsv
[22.549s] -- Installing: /home/an/an_ws/install/diffdrive_esp32/share/diffdrive_esp32/package.dsv
[22.554s] -- Up-to-date: /home/an/an_ws/install/diffdrive_esp32/share/ament_index/resource_index/packages/diffdrive_esp32
[22.558s] -- Up-to-date: /home/an/an_ws/install/diffdrive_esp32/share/ament_index/resource_index/hardware_interface__pluginlib__plugin/diffdrive_esp32
[22.565s] -- Up-to-date: /home/an/an_ws/install/diffdrive_esp32/share/diffdrive_esp32/cmake/export_diffdrive_esp32Export.cmake
[22.566s] -- Up-to-date: /home/an/an_ws/install/diffdrive_esp32/share/diffdrive_esp32/cmake/export_diffdrive_esp32Export-noconfig.cmake
[22.566s] -- Up-to-date: /home/an/an_ws/install/diffdrive_esp32/share/diffdrive_esp32/cmake/ament_cmake_export_targets-extras.cmake
[22.567s] -- Up-to-date: /home/an/an_ws/install/diffdrive_esp32/share/diffdrive_esp32/cmake/ament_cmake_export_dependencies-extras.cmake
[22.568s] -- Up-to-date: /home/an/an_ws/install/diffdrive_esp32/share/diffdrive_esp32/cmake/diffdrive_esp32Config.cmake
[22.568s] -- Up-to-date: /home/an/an_ws/install/diffdrive_esp32/share/diffdrive_esp32/cmake/diffdrive_esp32Config-version.cmake
[22.569s] -- Up-to-date: /home/an/an_ws/install/diffdrive_esp32/share/diffdrive_esp32/package.xml
[22.570s] Invoked command in '/home/an/an_ws/build/diffdrive_esp32' returned '0': CMAKE_PREFIX_PATH=${CMAKE_PREFIX_PATH}:/home/an/ros2_ws/install/self_driving:/opt/ros/humble /usr/bin/cmake --install /home/an/an_ws/build/diffdrive_esp32
