[0.430s] Invoking command in '/home/an/an_ws/build/turtlebot3_controller': CMAKE_PREFIX_PATH=${CMAKE_PREFIX_PATH}:/home/an/ros2_ws/install/self_driving:/opt/ros/humble /usr/bin/cmake --build /home/an/an_ws/build/turtlebot3_controller -- -j4 -l4
[0.901s] [100%] Built target odom_publisher
[0.963s] Invoked command in '/home/an/an_ws/build/turtlebot3_controller' returned '0': CMAKE_PREFIX_PATH=${CMAKE_PREFIX_PATH}:/home/an/ros2_ws/install/self_driving:/opt/ros/humble /usr/bin/cmake --build /home/an/an_ws/build/turtlebot3_controller -- -j4 -l4
[1.289s] Invoking command in '/home/an/an_ws/build/turtlebot3_controller': CMAKE_PREFIX_PATH=${CMAKE_PREFIX_PATH}:/home/an/ros2_ws/install/self_driving:/opt/ros/humble /usr/bin/cmake --install /home/an/an_ws/build/turtlebot3_controller
[1.352s] -- Install configuration: ""
[1.353s] -- Up-to-date: /home/an/an_ws/install/turtlebot3_controller/include/include
[1.355s] -- Up-to-date: /home/an/an_ws/install/turtlebot3_controller/include/include/turtlebot3_controller
[1.369s] -- Up-to-date: /home/an/an_ws/install/turtlebot3_controller/include/include/turtlebot3_controller/odom_publisher.hpp
[1.378s] -- Up-to-date: /home/an/an_ws/install/turtlebot3_controller/lib/turtlebot3_controller/odom_publisher
[1.418s] -- Up-to-date: /home/an/an_ws/install/turtlebot3_controller/share/turtlebot3_controller/config
[1.419s] -- Up-to-date: /home/an/an_ws/install/turtlebot3_controller/share/turtlebot3_controller/config/gazebo_ros2_ctl_use_sim.yaml
[1.420s] -- Up-to-date: /home/an/an_ws/install/turtlebot3_controller/share/turtlebot3_controller/config/ekf_old.yaml
[1.423s] -- Installing: /home/an/an_ws/install/turtlebot3_controller/share/turtlebot3_controller/config/controller.yaml
[1.423s] -- Up-to-date: /home/an/an_ws/install/turtlebot3_controller/share/turtlebot3_controller/config/ekf.yaml
[1.424s] -- Up-to-date: /home/an/an_ws/install/turtlebot3_controller/share/turtlebot3_controller/launch
[1.424s] -- Up-to-date: /home/an/an_ws/install/turtlebot3_controller/share/turtlebot3_controller/launch/diff_drive_controller.launch.py
[1.427s] -- Up-to-date: /home/an/an_ws/install/turtlebot3_controller/share/turtlebot3_controller/launch/launch_robot_controller.launch.py
[1.427s] -- Installing: /home/an/an_ws/install/turtlebot3_controller/share/turtlebot3_controller/launch/tb3_bringup.launch.py
[1.428s] -- Up-to-date: /home/an/an_ws/install/turtlebot3_controller/share/turtlebot3_controller/launch/test.py
[1.429s] -- Up-to-date: /home/an/an_ws/install/turtlebot3_controller/share/ament_index/resource_index/package_run_dependencies/turtlebot3_controller
[1.432s] -- Up-to-date: /home/an/an_ws/install/turtlebot3_controller/share/ament_index/resource_index/parent_prefix_path/turtlebot3_controller
[1.433s] -- Up-to-date: /home/an/an_ws/install/turtlebot3_controller/share/turtlebot3_controller/environment/ament_prefix_path.sh
[1.434s] -- Up-to-date: /home/an/an_ws/install/turtlebot3_controller/share/turtlebot3_controller/environment/ament_prefix_path.dsv
[1.434s] -- Up-to-date: /home/an/an_ws/install/turtlebot3_controller/share/turtlebot3_controller/environment/path.sh
[1.435s] -- Up-to-date: /home/an/an_ws/install/turtlebot3_controller/share/turtlebot3_controller/environment/path.dsv
[1.436s] -- Up-to-date: /home/an/an_ws/install/turtlebot3_controller/share/turtlebot3_controller/local_setup.bash
[1.436s] -- Up-to-date: /home/an/an_ws/install/turtlebot3_controller/share/turtlebot3_controller/local_setup.sh
[1.437s] -- Up-to-date: /home/an/an_ws/install/turtlebot3_controller/share/turtlebot3_controller/local_setup.zsh
[1.437s] -- Up-to-date: /home/an/an_ws/install/turtlebot3_controller/share/turtlebot3_controller/local_setup.dsv
[1.438s] -- Installing: /home/an/an_ws/install/turtlebot3_controller/share/turtlebot3_controller/package.dsv
[1.439s] -- Up-to-date: /home/an/an_ws/install/turtlebot3_controller/share/ament_index/resource_index/packages/turtlebot3_controller
[1.440s] -- Up-to-date: /home/an/an_ws/install/turtlebot3_controller/share/turtlebot3_controller/cmake/turtlebot3_controllerConfig.cmake
[1.440s] -- Up-to-date: /home/an/an_ws/install/turtlebot3_controller/share/turtlebot3_controller/cmake/turtlebot3_controllerConfig-version.cmake
[1.441s] -- Up-to-date: /home/an/an_ws/install/turtlebot3_controller/share/turtlebot3_controller/package.xml
[1.941s] Invoked command in '/home/an/an_ws/build/turtlebot3_controller' returned '0': CMAKE_PREFIX_PATH=${CMAKE_PREFIX_PATH}:/home/an/ros2_ws/install/self_driving:/opt/ros/humble /usr/bin/cmake --install /home/an/an_ws/build/turtlebot3_controller
