[0.121s] Invoking command in '/home/an/an_ws/build/diffdrive_esp32': CMAKE_PREFIX_PATH=${CMAKE_PREFIX_PATH}:/home/an/ros2_ws/install/self_driving:/opt/ros/humble /usr/bin/cmake --build /home/an/an_ws/build/diffdrive_esp32 -- -j4 -l4
[0.431s] [100%] Built target diffdrive_esp32
[0.497s] Invoked command in '/home/an/an_ws/build/diffdrive_esp32' returned '0': CMAKE_PREFIX_PATH=${CMAKE_PREFIX_PATH}:/home/an/ros2_ws/install/self_driving:/opt/ros/humble /usr/bin/cmake --build /home/an/an_ws/build/diffdrive_esp32 -- -j4 -l4
[0.688s] Invoking command in '/home/an/an_ws/build/diffdrive_esp32': CMAKE_PREFIX_PATH=${CMAKE_PREFIX_PATH}:/home/an/ros2_ws/install/self_driving:/opt/ros/humble /usr/bin/cmake --install /home/an/an_ws/build/diffdrive_esp32
[0.717s] -- Install configuration: ""
[0.718s] -- Up-to-date: /home/an/an_ws/install/diffdrive_esp32/share/diffdrive_esp32/diffdrive_esp32.xml
[0.720s] -- Up-to-date: /home/an/an_ws/install/diffdrive_esp32/include/diffdrive_esp32
[0.721s] -- Up-to-date: /home/an/an_ws/install/diffdrive_esp32/include/diffdrive_esp32/diffdrive_esp32
[0.722s] -- Up-to-date: /home/an/an_ws/install/diffdrive_esp32/include/diffdrive_esp32/diffdrive_esp32/esp32_comms.hpp
[0.722s] -- Up-to-date: /home/an/an_ws/install/diffdrive_esp32/include/diffdrive_esp32/diffdrive_esp32/visibility_control.h
[0.723s] -- Up-to-date: /home/an/an_ws/install/diffdrive_esp32/include/diffdrive_esp32/diffdrive_esp32/wheel.hpp
[0.724s] -- Up-to-date: /home/an/an_ws/install/diffdrive_esp32/include/diffdrive_esp32/diffdrive_esp32/diffbot_system.hpp
[0.725s] -- Up-to-date: /home/an/an_ws/install/diffdrive_esp32/lib/libdiffdrive_esp32.so
[0.726s] -- Up-to-date: /home/an/an_ws/install/diffdrive_esp32/share/diffdrive_esp32/environment/library_path.sh
[0.727s] -- Up-to-date: /home/an/an_ws/install/diffdrive_esp32/share/diffdrive_esp32/environment/library_path.dsv
[0.728s] -- Up-to-date: /home/an/an_ws/install/diffdrive_esp32/share/ament_index/resource_index/package_run_dependencies/diffdrive_esp32
[0.729s] -- Up-to-date: /home/an/an_ws/install/diffdrive_esp32/share/ament_index/resource_index/parent_prefix_path/diffdrive_esp32
[0.729s] -- Up-to-date: /home/an/an_ws/install/diffdrive_esp32/share/diffdrive_esp32/environment/ament_prefix_path.sh
[0.730s] -- Up-to-date: /home/an/an_ws/install/diffdrive_esp32/share/diffdrive_esp32/environment/ament_prefix_path.dsv
[0.730s] -- Up-to-date: /home/an/an_ws/install/diffdrive_esp32/share/diffdrive_esp32/environment/path.sh
[0.732s] -- Up-to-date: /home/an/an_ws/install/diffdrive_esp32/share/diffdrive_esp32/environment/path.dsv
[0.732s] -- Up-to-date: /home/an/an_ws/install/diffdrive_esp32/share/diffdrive_esp32/local_setup.bash
[0.732s] -- Up-to-date: /home/an/an_ws/install/diffdrive_esp32/share/diffdrive_esp32/local_setup.sh
[0.733s] -- Up-to-date: /home/an/an_ws/install/diffdrive_esp32/share/diffdrive_esp32/local_setup.zsh
[0.733s] -- Up-to-date: /home/an/an_ws/install/diffdrive_esp32/share/diffdrive_esp32/local_setup.dsv
[0.735s] -- Installing: /home/an/an_ws/install/diffdrive_esp32/share/diffdrive_esp32/package.dsv
[0.736s] -- Up-to-date: /home/an/an_ws/install/diffdrive_esp32/share/ament_index/resource_index/packages/diffdrive_esp32
[0.737s] -- Up-to-date: /home/an/an_ws/install/diffdrive_esp32/share/ament_index/resource_index/hardware_interface__pluginlib__plugin/diffdrive_esp32
[0.737s] -- Up-to-date: /home/an/an_ws/install/diffdrive_esp32/share/diffdrive_esp32/cmake/export_diffdrive_esp32Export.cmake
[0.738s] -- Up-to-date: /home/an/an_ws/install/diffdrive_esp32/share/diffdrive_esp32/cmake/export_diffdrive_esp32Export-noconfig.cmake
[0.739s] -- Up-to-date: /home/an/an_ws/install/diffdrive_esp32/share/diffdrive_esp32/cmake/ament_cmake_export_targets-extras.cmake
[0.741s] -- Up-to-date: /home/an/an_ws/install/diffdrive_esp32/share/diffdrive_esp32/cmake/ament_cmake_export_dependencies-extras.cmake
[0.744s] -- Up-to-date: /home/an/an_ws/install/diffdrive_esp32/share/diffdrive_esp32/cmake/diffdrive_esp32Config.cmake
[0.745s] -- Up-to-date: /home/an/an_ws/install/diffdrive_esp32/share/diffdrive_esp32/cmake/diffdrive_esp32Config-version.cmake
[0.751s] -- Up-to-date: /home/an/an_ws/install/diffdrive_esp32/share/diffdrive_esp32/package.xml
[0.753s] Invoked command in '/home/an/an_ws/build/diffdrive_esp32' returned '0': CMAKE_PREFIX_PATH=${CMAKE_PREFIX_PATH}:/home/an/ros2_ws/install/self_driving:/opt/ros/humble /usr/bin/cmake --install /home/an/an_ws/build/diffdrive_esp32
