[0.107s] Invoking command in '/home/an/an_ws/build/rtf_lds_driver': CMAKE_PREFIX_PATH=${CMAKE_PREFIX_PATH}:/home/an/ros2_ws/install/self_driving:/opt/ros/humble /usr/bin/cmake --build /home/an/an_ws/build/rtf_lds_driver -- -j4 -l4
[0.378s] [35m[1mConsolidate compiler generated dependencies of target hlds_laser_publisher[0m
[0.680s] [100%] Built target hlds_laser_publisher
[0.743s] Invoked command in '/home/an/an_ws/build/rtf_lds_driver' returned '0': CMAKE_PREFIX_PATH=${CMAKE_PREFIX_PATH}:/home/an/ros2_ws/install/self_driving:/opt/ros/humble /usr/bin/cmake --build /home/an/an_ws/build/rtf_lds_driver -- -j4 -l4
[1.003s] Invoking command in '/home/an/an_ws/build/rtf_lds_driver': CMAKE_PREFIX_PATH=${CMAKE_PREFIX_PATH}:/home/an/ros2_ws/install/self_driving:/opt/ros/humble /usr/bin/cmake --install /home/an/an_ws/build/rtf_lds_driver
[1.038s] -- Install configuration: ""
[1.045s] -- Up-to-date: /home/an/an_ws/install/rtf_lds_driver/share/rtf_lds_driver/launch
[1.047s] -- Up-to-date: /home/an/an_ws/install/rtf_lds_driver/share/rtf_lds_driver/launch/hlds_laser.launch.py
[1.047s] -- Up-to-date: /home/an/an_ws/install/rtf_lds_driver/share/rtf_lds_driver/launch/view_hlds_laser.launch.py
[1.048s] -- Up-to-date: /home/an/an_ws/install/rtf_lds_driver/share/rtf_lds_driver/rviz
[1.049s] -- Up-to-date: /home/an/an_ws/install/rtf_lds_driver/share/rtf_lds_driver/rviz/hlds_laser.rviz
[1.063s] -- Up-to-date: /home/an/an_ws/install/rtf_lds_driver/lib/rtf_lds_driver/hlds_laser_publisher
[1.093s] -- Up-to-date: /home/an/an_ws/install/rtf_lds_driver/share/ament_index/resource_index/package_run_dependencies/rtf_lds_driver
[1.096s] -- Up-to-date: /home/an/an_ws/install/rtf_lds_driver/share/ament_index/resource_index/parent_prefix_path/rtf_lds_driver
[1.102s] -- Up-to-date: /home/an/an_ws/install/rtf_lds_driver/share/rtf_lds_driver/environment/ament_prefix_path.sh
[1.102s] -- Up-to-date: /home/an/an_ws/install/rtf_lds_driver/share/rtf_lds_driver/environment/ament_prefix_path.dsv
[1.103s] -- Up-to-date: /home/an/an_ws/install/rtf_lds_driver/share/rtf_lds_driver/environment/path.sh
[1.103s] -- Up-to-date: /home/an/an_ws/install/rtf_lds_driver/share/rtf_lds_driver/environment/path.dsv
[1.105s] -- Up-to-date: /home/an/an_ws/install/rtf_lds_driver/share/rtf_lds_driver/local_setup.bash
[1.106s] -- Up-to-date: /home/an/an_ws/install/rtf_lds_driver/share/rtf_lds_driver/local_setup.sh
[1.107s] -- Up-to-date: /home/an/an_ws/install/rtf_lds_driver/share/rtf_lds_driver/local_setup.zsh
[1.108s] -- Up-to-date: /home/an/an_ws/install/rtf_lds_driver/share/rtf_lds_driver/local_setup.dsv
[1.109s] -- Installing: /home/an/an_ws/install/rtf_lds_driver/share/rtf_lds_driver/package.dsv
[1.110s] -- Up-to-date: /home/an/an_ws/install/rtf_lds_driver/share/ament_index/resource_index/packages/rtf_lds_driver
[1.111s] -- Up-to-date: /home/an/an_ws/install/rtf_lds_driver/share/rtf_lds_driver/cmake/ament_cmake_export_dependencies-extras.cmake
[1.112s] -- Up-to-date: /home/an/an_ws/install/rtf_lds_driver/share/rtf_lds_driver/cmake/ament_cmake_export_include_directories-extras.cmake
[1.113s] -- Up-to-date: /home/an/an_ws/install/rtf_lds_driver/share/rtf_lds_driver/cmake/rtf_lds_driverConfig.cmake
[1.114s] -- Up-to-date: /home/an/an_ws/install/rtf_lds_driver/share/rtf_lds_driver/cmake/rtf_lds_driverConfig-version.cmake
[1.115s] -- Up-to-date: /home/an/an_ws/install/rtf_lds_driver/share/rtf_lds_driver/package.xml
[1.117s] Invoked command in '/home/an/an_ws/build/rtf_lds_driver' returned '0': CMAKE_PREFIX_PATH=${CMAKE_PREFIX_PATH}:/home/an/ros2_ws/install/self_driving:/opt/ros/humble /usr/bin/cmake --install /home/an/an_ws/build/rtf_lds_driver
