[0.118s] Invoking command in '/home/an/an_ws/build/mpu6050': CMAKE_PREFIX_PATH=${CMAKE_PREFIX_PATH}:/home/an/ros2_ws/install/self_driving:/opt/ros/humble /usr/bin/cmake --build /home/an/an_ws/build/mpu6050 -- -j4 -l4
[0.356s] [35m[1mConsolidate compiler generated dependencies of target mpu6050_hardware_interface[0m
[0.359s] [35m[1mConsolidate compiler generated dependencies of target mpu6050_covariances[0m
[0.374s] [35m[1mConsolidate compiler generated dependencies of target mpu6050_offsets[0m
[0.415s] [35m[1mConsolidate compiler generated dependencies of target test_mpu6050[0m
[0.475s] [  8%] [32mBuilding CXX object CMakeFiles/mpu6050_offsets.dir/src/mpu6050_lib.cpp.o[0m
[0.485s] [ 16%] [32mBuilding CXX object CMakeFiles/mpu6050_covariances.dir/src/mpu6050_lib.cpp.o[0m
[0.535s] [ 25%] [32mBuilding CXX object CMakeFiles/test_mpu6050.dir/src/mpu6050_lib.cpp.o[0m
[0.550s] [ 33%] [32mBuilding CXX object CMakeFiles/mpu6050_hardware_interface.dir/src/mpu6050_hardware_interface.cpp.o[0m
[3.756s] [ 41%] [32mBuilding CXX object CMakeFiles/mpu6050_offsets.dir/src/mpu6050_offsets.cpp.o[0m
[3.932s] [ 50%] [32mBuilding CXX object CMakeFiles/mpu6050_covariances.dir/src/mpu6050_covariances.cpp.o[0m
[3.960s] [ 58%] [32mBuilding CXX object CMakeFiles/test_mpu6050.dir/src/test_mpu6050.cpp.o[0m
[6.398s] [ 66%] [32m[1mLinking CXX executable mpu6050_offsets[0m
[6.596s] [ 75%] [32m[1mLinking CXX executable mpu6050_covariances[0m
[6.623s] [ 83%] [32m[1mLinking CXX executable test_mpu6050[0m
[6.810s] [ 83%] Built target mpu6050_offsets
[6.869s] [ 91%] [32mBuilding CXX object CMakeFiles/mpu6050_hardware_interface.dir/src/mpu6050_lib.cpp.o[0m
[7.034s] [ 91%] Built target mpu6050_covariances
[7.047s] [ 91%] Built target test_mpu6050
[16.644s] [100%] [32m[1mLinking CXX shared library libmpu6050_hardware_interface.so[0m
[17.503s] [100%] Built target mpu6050_hardware_interface
[17.543s] Invoked command in '/home/an/an_ws/build/mpu6050' returned '0': CMAKE_PREFIX_PATH=${CMAKE_PREFIX_PATH}:/home/an/ros2_ws/install/self_driving:/opt/ros/humble /usr/bin/cmake --build /home/an/an_ws/build/mpu6050 -- -j4 -l4
[17.780s] Invoking command in '/home/an/an_ws/build/mpu6050': CMAKE_PREFIX_PATH=${CMAKE_PREFIX_PATH}:/home/an/ros2_ws/install/self_driving:/opt/ros/humble /usr/bin/cmake --install /home/an/an_ws/build/mpu6050
[17.810s] -- Install configuration: ""
[17.810s] -- Up-to-date: /home/an/an_ws/install/mpu6050/share/mpu6050/mpu6050_hardware.xml
[17.811s] -- Up-to-date: /home/an/an_ws/install/mpu6050/include/mpu6050_hardware_interface
[17.811s] -- Up-to-date: /home/an/an_ws/install/mpu6050/include/mpu6050_hardware_interface/mpu6050
[17.811s] -- Installing: /home/an/an_ws/install/mpu6050/include/mpu6050_hardware_interface/mpu6050/mpu6050_lib.h
[17.812s] -- Up-to-date: /home/an/an_ws/install/mpu6050/include/mpu6050_hardware_interface/mpu6050/mpu6050_hardware_interface.hpp
[17.814s] -- Installing: /home/an/an_ws/install/mpu6050/lib/libmpu6050_hardware_interface.so
[17.820s] -- Set runtime path of "/home/an/an_ws/install/mpu6050/lib/libmpu6050_hardware_interface.so" to ""
[17.820s] -- Up-to-date: /home/an/an_ws/install/mpu6050/share/mpu6050/environment/library_path.sh
[17.821s] -- Up-to-date: /home/an/an_ws/install/mpu6050/share/mpu6050/environment/library_path.dsv
[17.822s] -- Installing: /home/an/an_ws/install/mpu6050/lib/mpu6050/mpu6050_offsets
[17.825s] -- Installing: /home/an/an_ws/install/mpu6050/lib/mpu6050/mpu6050_covariances
[17.827s] -- Installing: /home/an/an_ws/install/mpu6050/lib/mpu6050/test_mpu6050
[17.829s] -- Up-to-date: /home/an/an_ws/install/mpu6050/share/ament_index/resource_index/package_run_dependencies/mpu6050
[17.829s] -- Up-to-date: /home/an/an_ws/install/mpu6050/share/ament_index/resource_index/parent_prefix_path/mpu6050
[17.830s] -- Up-to-date: /home/an/an_ws/install/mpu6050/share/mpu6050/environment/ament_prefix_path.sh
[17.831s] -- Up-to-date: /home/an/an_ws/install/mpu6050/share/mpu6050/environment/ament_prefix_path.dsv
[17.831s] -- Up-to-date: /home/an/an_ws/install/mpu6050/share/mpu6050/environment/path.sh
[17.832s] -- Up-to-date: /home/an/an_ws/install/mpu6050/share/mpu6050/environment/path.dsv
[17.832s] -- Up-to-date: /home/an/an_ws/install/mpu6050/share/mpu6050/local_setup.bash
[17.832s] -- Up-to-date: /home/an/an_ws/install/mpu6050/share/mpu6050/local_setup.sh
[17.832s] -- Up-to-date: /home/an/an_ws/install/mpu6050/share/mpu6050/local_setup.zsh
[17.833s] -- Up-to-date: /home/an/an_ws/install/mpu6050/share/mpu6050/local_setup.dsv
[17.833s] -- Installing: /home/an/an_ws/install/mpu6050/share/mpu6050/package.dsv
[17.834s] -- Up-to-date: /home/an/an_ws/install/mpu6050/share/ament_index/resource_index/packages/mpu6050
[17.834s] -- Up-to-date: /home/an/an_ws/install/mpu6050/share/ament_index/resource_index/hardware_interface__pluginlib__plugin/mpu6050
[17.834s] -- Up-to-date: /home/an/an_ws/install/mpu6050/share/mpu6050/cmake/export_mpu6050_hardware_interfaceExport.cmake
[17.835s] -- Up-to-date: /home/an/an_ws/install/mpu6050/share/mpu6050/cmake/export_mpu6050_hardware_interfaceExport-noconfig.cmake
[17.835s] -- Up-to-date: /home/an/an_ws/install/mpu6050/share/mpu6050/cmake/ament_cmake_export_libraries-extras.cmake
[17.835s] -- Up-to-date: /home/an/an_ws/install/mpu6050/share/mpu6050/cmake/ament_cmake_export_targets-extras.cmake
[17.836s] -- Up-to-date: /home/an/an_ws/install/mpu6050/share/mpu6050/cmake/ament_cmake_export_dependencies-extras.cmake
[17.836s] -- Up-to-date: /home/an/an_ws/install/mpu6050/share/mpu6050/cmake/mpu6050Config.cmake
[17.837s] -- Up-to-date: /home/an/an_ws/install/mpu6050/share/mpu6050/cmake/mpu6050Config-version.cmake
[17.837s] -- Up-to-date: /home/an/an_ws/install/mpu6050/share/mpu6050/package.xml
[17.843s] Invoked command in '/home/an/an_ws/build/mpu6050' returned '0': CMAKE_PREFIX_PATH=${CMAKE_PREFIX_PATH}:/home/an/ros2_ws/install/self_driving:/opt/ros/humble /usr/bin/cmake --install /home/an/an_ws/build/mpu6050
