[0.062s] Invoking command in '/home/an/an_ws/build/turtlebot3_description': CMAKE_PREFIX_PATH=${CMAKE_PREFIX_PATH}:/home/an/ros2_ws/install/self_driving:/opt/ros/humble /usr/bin/cmake --build /home/an/an_ws/build/turtlebot3_description -- -j4 -l4
[0.484s] Invoked command in '/home/an/an_ws/build/turtlebot3_description' returned '0': CMAKE_PREFIX_PATH=${CMAKE_PREFIX_PATH}:/home/an/ros2_ws/install/self_driving:/opt/ros/humble /usr/bin/cmake --build /home/an/an_ws/build/turtlebot3_description -- -j4 -l4
[1.012s] Invoking command in '/home/an/an_ws/build/turtlebot3_description': CMAKE_PREFIX_PATH=${CMAKE_PREFIX_PATH}:/home/an/ros2_ws/install/self_driving:/opt/ros/humble /usr/bin/cmake --install /home/an/an_ws/build/turtlebot3_description
[1.082s] -- Install configuration: ""
[1.083s] -- Up-to-date: /home/an/an_ws/install/turtlebot3_description/share/turtlebot3_description/meshes
[1.083s] -- Up-to-date: /home/an/an_ws/install/turtlebot3_description/share/turtlebot3_description/meshes/lidar_link.stl
[1.083s] -- Up-to-date: /home/an/an_ws/install/turtlebot3_description/share/turtlebot3_description/meshes/base_link.stl
[1.084s] -- Up-to-date: /home/an/an_ws/install/turtlebot3_description/share/turtlebot3_description/meshes/imu_link.stl
[1.085s] -- Up-to-date: /home/an/an_ws/install/turtlebot3_description/share/turtlebot3_description/meshes/wheel_right_link.stl
[1.085s] -- Up-to-date: /home/an/an_ws/install/turtlebot3_description/share/turtlebot3_description/meshes/caster_back_left_link.stl
[1.085s] -- Up-to-date: /home/an/an_ws/install/turtlebot3_description/share/turtlebot3_description/meshes/r200_link.dae
[1.086s] -- Up-to-date: /home/an/an_ws/install/turtlebot3_description/share/turtlebot3_description/meshes/caster_back_right_link.stl
[1.087s] -- Up-to-date: /home/an/an_ws/install/turtlebot3_description/share/turtlebot3_description/meshes/TB3-RPi-camera-mount.stl
[1.087s] -- Up-to-date: /home/an/an_ws/install/turtlebot3_description/share/turtlebot3_description/meshes/wheel_left_link.stl
[1.088s] -- Up-to-date: /home/an/an_ws/install/turtlebot3_description/share/turtlebot3_description/meshes/pi_cam_v3_link.stl
[1.089s] -- Up-to-date: /home/an/an_ws/install/turtlebot3_description/share/turtlebot3_description/urdf
[1.090s] -- Up-to-date: /home/an/an_ws/install/turtlebot3_description/share/turtlebot3_description/urdf/turtlebot3.gazebo.xacro
[1.091s] -- Up-to-date: /home/an/an_ws/install/turtlebot3_description/share/turtlebot3_description/urdf/gazebo_control.xacro
[1.091s] -- Up-to-date: /home/an/an_ws/install/turtlebot3_description/share/turtlebot3_description/urdf/turtlebot3.urdf.xacro
[1.092s] -- Installing: /home/an/an_ws/install/turtlebot3_description/share/turtlebot3_description/urdf/turtlebot3_ros2_control.xacro
[1.092s] -- Up-to-date: /home/an/an_ws/install/turtlebot3_description/share/turtlebot3_description/urdf/common_properties.xacro
[1.099s] -- Up-to-date: /home/an/an_ws/install/turtlebot3_description/share/turtlebot3_description/launch
[1.099s] -- Up-to-date: /home/an/an_ws/install/turtlebot3_description/share/turtlebot3_description/launch/robot_state_publisher.launch.py
[1.100s] -- Up-to-date: /home/an/an_ws/install/turtlebot3_description/share/turtlebot3_description/launch/gzserver.launch.py
[1.100s] -- Up-to-date: /home/an/an_ws/install/turtlebot3_description/share/turtlebot3_description/launch/display.launch.py
[1.100s] -- Up-to-date: /home/an/an_ws/install/turtlebot3_description/share/turtlebot3_description/launch/gazebo.launch.py
[1.103s] -- Up-to-date: /home/an/an_ws/install/turtlebot3_description/share/turtlebot3_description/rviz
[1.112s] -- Up-to-date: /home/an/an_ws/install/turtlebot3_description/share/turtlebot3_description/rviz/main.rviz
[1.112s] -- Up-to-date: /home/an/an_ws/install/turtlebot3_description/share/turtlebot3_description/rviz/display.rviz
[1.113s] -- Up-to-date: /home/an/an_ws/install/turtlebot3_description/share/turtlebot3_description/rviz/control.rviz
[1.113s] -- Up-to-date: /home/an/an_ws/install/turtlebot3_description/share/turtlebot3_description/gazebo_world
[1.114s] -- Up-to-date: /home/an/an_ws/install/turtlebot3_description/share/turtlebot3_description/gazebo_world/big_corridor
[1.114s] -- Up-to-date: /home/an/an_ws/install/turtlebot3_description/share/turtlebot3_description/gazebo_world/test_big_corridor
[1.115s] -- Up-to-date: /home/an/an_ws/install/turtlebot3_description/share/turtlebot3_description/gazebo_world/test_maze
[1.115s] -- Up-to-date: /home/an/an_ws/install/turtlebot3_description/share/turtlebot3_description/gazebo_world/maze
[1.115s] -- Up-to-date: /home/an/an_ws/install/turtlebot3_description/share/turtlebot3_description/gazebo_world/real_corridor
[1.116s] -- Up-to-date: /home/an/an_ws/install/turtlebot3_description/share/turtlebot3_description/gazebo_world/play_ground
[1.116s] -- Up-to-date: /home/an/an_ws/install/turtlebot3_description/share/turtlebot3_description/gazebo_world/room_4x4
[1.117s] -- Up-to-date: /home/an/an_ws/install/turtlebot3_description/share/turtlebot3_description/gazebo_world/small_corridor
[1.117s] -- Up-to-date: /home/an/an_ws/install/turtlebot3_description/share/turtlebot3_description/models
[1.118s] -- Up-to-date: /home/an/an_ws/install/turtlebot3_description/share/turtlebot3_description/models/sun
[1.118s] -- Up-to-date: /home/an/an_ws/install/turtlebot3_description/share/turtlebot3_description/models/sun/model.sdf
[1.119s] -- Up-to-date: /home/an/an_ws/install/turtlebot3_description/share/turtlebot3_description/models/sun/model.config
[1.120s] -- Up-to-date: /home/an/an_ws/install/turtlebot3_description/share/turtlebot3_description/models/sun/model-1_4.sdf
[1.120s] -- Up-to-date: /home/an/an_ws/install/turtlebot3_description/share/turtlebot3_description/models/sun/model-1_3.sdf
[1.136s] -- Up-to-date: /home/an/an_ws/install/turtlebot3_description/share/turtlebot3_description/models/sun/model-1_2.sdf
[1.136s] -- Up-to-date: /home/an/an_ws/install/turtlebot3_description/share/turtlebot3_description/models/ground_plane
[1.137s] -- Up-to-date: /home/an/an_ws/install/turtlebot3_description/share/turtlebot3_description/models/ground_plane/model.sdf
[1.137s] -- Up-to-date: /home/an/an_ws/install/turtlebot3_description/share/turtlebot3_description/models/ground_plane/model.config
[1.137s] -- Up-to-date: /home/an/an_ws/install/turtlebot3_description/share/turtlebot3_description/models/ground_plane/model-1_4.sdf
[1.138s] -- Up-to-date: /home/an/an_ws/install/turtlebot3_description/share/turtlebot3_description/models/ground_plane/model-1_3.sdf
[1.153s] -- Up-to-date: /home/an/an_ws/install/turtlebot3_description/share/turtlebot3_description/models/ground_plane/model-1_2.sdf
[1.154s] -- Up-to-date: /home/an/an_ws/install/turtlebot3_description/share/ament_index/resource_index/package_run_dependencies/turtlebot3_description
[1.154s] -- Up-to-date: /home/an/an_ws/install/turtlebot3_description/share/ament_index/resource_index/parent_prefix_path/turtlebot3_description
[1.155s] -- Up-to-date: /home/an/an_ws/install/turtlebot3_description/share/turtlebot3_description/environment/ament_prefix_path.sh
[1.155s] -- Up-to-date: /home/an/an_ws/install/turtlebot3_description/share/turtlebot3_description/environment/ament_prefix_path.dsv
[1.156s] -- Up-to-date: /home/an/an_ws/install/turtlebot3_description/share/turtlebot3_description/environment/path.sh
[1.156s] -- Up-to-date: /home/an/an_ws/install/turtlebot3_description/share/turtlebot3_description/environment/path.dsv
[1.156s] -- Up-to-date: /home/an/an_ws/install/turtlebot3_description/share/turtlebot3_description/local_setup.bash
[1.157s] -- Up-to-date: /home/an/an_ws/install/turtlebot3_description/share/turtlebot3_description/local_setup.sh
[1.157s] -- Up-to-date: /home/an/an_ws/install/turtlebot3_description/share/turtlebot3_description/local_setup.zsh
[1.158s] -- Up-to-date: /home/an/an_ws/install/turtlebot3_description/share/turtlebot3_description/local_setup.dsv
[1.158s] -- Installing: /home/an/an_ws/install/turtlebot3_description/share/turtlebot3_description/package.dsv
[1.159s] -- Up-to-date: /home/an/an_ws/install/turtlebot3_description/share/ament_index/resource_index/packages/turtlebot3_description
[1.159s] -- Up-to-date: /home/an/an_ws/install/turtlebot3_description/share/turtlebot3_description/cmake/turtlebot3_descriptionConfig.cmake
[1.159s] -- Up-to-date: /home/an/an_ws/install/turtlebot3_description/share/turtlebot3_description/cmake/turtlebot3_descriptionConfig-version.cmake
[1.160s] -- Up-to-date: /home/an/an_ws/install/turtlebot3_description/share/turtlebot3_description/package.xml
[1.403s] Invoked command in '/home/an/an_ws/build/turtlebot3_description' returned '0': CMAKE_PREFIX_PATH=${CMAKE_PREFIX_PATH}:/home/an/ros2_ws/install/self_driving:/opt/ros/humble /usr/bin/cmake --install /home/an/an_ws/build/turtlebot3_description
