-- The CXX compiler identification is GNU 11.4.0
-- Detecting CXX compiler ABI info
-- Detecting CXX compiler ABI info - done
-- Check for working CXX compiler: /usr/bin/c++ - skipped
-- Detecting CXX compile features
-- Detecting CXX compile features - done
-- Found ament_cmake: 1.3.8 (/opt/ros/humble/share/ament_cmake/cmake)
-- Found Python3: /usr/bin/python3 (found version "3.10.12") found components: Interpreter 
-- Found hardware_interface: 2.40.0 (/opt/ros/humble/share/hardware_interface/cmake)
-- Found rosidl_generator_c: 3.1.5 (/opt/ros/humble/share/rosidl_generator_c/cmake)
-- Found rosidl_adapter: 3.1.5 (/opt/ros/humble/share/rosidl_adapter/cmake)
-- Found rosidl_generator_cpp: 3.1.5 (/opt/ros/humble/share/rosidl_generator_cpp/cmake)
-- Using all available rosidl_typesupport_c: rosidl_typesupport_fastrtps_c;rosidl_typesupport_introspection_c
-- Using all available rosidl_typesupport_cpp: rosidl_typesupport_fastrtps_cpp;rosidl_typesupport_introspection_cpp
-- Found rmw_implementation_cmake: 6.1.1 (/opt/ros/humble/share/rmw_implementation_cmake/cmake)
-- Found rmw_fastrtps_cpp: 6.2.6 (/opt/ros/humble/share/rmw_fastrtps_cpp/cmake)
-- Found TinyXML2 via Config file: TinyXML2_DIR-NOTFOUND
-- Found OpenSSL: /usr/lib/aarch64-linux-gnu/libcrypto.so (found version "3.0.2")  
-- Found TinyXML2 via Config file: TinyXML2_DIR-NOTFOUND
-- Found FastRTPS: /opt/ros/humble/include  
-- Found TinyXML2 via Config file: TinyXML2_DIR-NOTFOUND
-- Found TinyXML2 via Config file: TinyXML2_DIR-NOTFOUND
-- Using RMW implementation 'rmw_fastrtps_cpp' as default
-- Looking for C++ include pthread.h
-- Looking for C++ include pthread.h - found
-- Performing Test CMAKE_HAVE_LIBC_PTHREAD
-- Performing Test CMAKE_HAVE_LIBC_PTHREAD - Success
-- Found Threads: TRUE  
-- Found ament_lint_auto: 0.12.10 (/opt/ros/humble/share/ament_lint_auto/cmake)
-- Added test 'cppcheck' to perform static code analysis on C / C++ code
-- Configured cppcheck include dirs: /home/an/an_ws/src/mpu6050/include;$<BUILD_INTERFACE:/home/an/an_ws/src/mpu6050/include>
-- Configured cppcheck exclude dirs and/or files: 
-- Added test 'lint_cmake' to check CMake code style
-- Added test 'uncrustify' to check C / C++ code style
-- Configured uncrustify additional arguments: 
-- Added test 'xmllint' to check XML markup files
-- Configuring done
-- Generating done
-- Build files have been written to: /home/an/an_ws/build/mpu6050
[  8%] [32mBuilding CXX object CMakeFiles/mpu6050_covariances.dir/src/mpu6050_lib.cpp.o[0m
[ 16%] [32mBuilding CXX object CMakeFiles/mpu6050_offsets.dir/src/mpu6050_lib.cpp.o[0m
[ 25%] [32mBuilding CXX object CMakeFiles/mpu6050_hardware_interface.dir/src/mpu6050_hardware_interface.cpp.o[0m
[ 33%] [32mBuilding CXX object CMakeFiles/test_mpu6050.dir/src/mpu6050_lib.cpp.o[0m
[ 41%] [32mBuilding CXX object CMakeFiles/mpu6050_offsets.dir/src/mpu6050_offsets.cpp.o[0m
[ 50%] [32mBuilding CXX object CMakeFiles/test_mpu6050.dir/src/test_mpu6050.cpp.o[0m
[ 58%] [32mBuilding CXX object CMakeFiles/mpu6050_covariances.dir/src/mpu6050_covariances.cpp.o[0m
[ 66%] [32m[1mLinking CXX executable mpu6050_offsets[0m
[ 75%] [32m[1mLinking CXX executable mpu6050_covariances[0m
[ 75%] Built target mpu6050_offsets
[ 75%] Built target mpu6050_covariances
[ 83%] [32mBuilding CXX object CMakeFiles/mpu6050_hardware_interface.dir/src/mpu6050_lib.cpp.o[0m
[ 91%] [32m[1mLinking CXX executable test_mpu6050[0m
[ 91%] Built target test_mpu6050
[100%] [32m[1mLinking CXX shared library libmpu6050_hardware_interface.so[0m
[100%] Built target mpu6050_hardware_interface
-- Install configuration: ""
-- Installing: /home/an/an_ws/install/mpu6050/share/mpu6050/mpu6050_hardware.xml
-- Installing: /home/an/an_ws/install/mpu6050/include/mpu6050_hardware_interface
-- Installing: /home/an/an_ws/install/mpu6050/include/mpu6050_hardware_interface/mpu6050
-- Installing: /home/an/an_ws/install/mpu6050/include/mpu6050_hardware_interface/mpu6050/mpu6050_lib.h
-- Installing: /home/an/an_ws/install/mpu6050/include/mpu6050_hardware_interface/mpu6050/mpu6050_hardware_interface.hpp
-- Installing: /home/an/an_ws/install/mpu6050/lib/libmpu6050_hardware_interface.so
-- Set runtime path of "/home/an/an_ws/install/mpu6050/lib/libmpu6050_hardware_interface.so" to ""
-- Installing: /home/an/an_ws/install/mpu6050/share/mpu6050/environment/library_path.sh
-- Installing: /home/an/an_ws/install/mpu6050/share/mpu6050/environment/library_path.dsv
-- Installing: /home/an/an_ws/install/mpu6050/lib/mpu6050/mpu6050_offsets
-- Installing: /home/an/an_ws/install/mpu6050/lib/mpu6050/mpu6050_covariances
-- Installing: /home/an/an_ws/install/mpu6050/lib/mpu6050/test_mpu6050
-- Installing: /home/an/an_ws/install/mpu6050/share/ament_index/resource_index/package_run_dependencies/mpu6050
-- Installing: /home/an/an_ws/install/mpu6050/share/ament_index/resource_index/parent_prefix_path/mpu6050
-- Installing: /home/an/an_ws/install/mpu6050/share/mpu6050/environment/ament_prefix_path.sh
-- Installing: /home/an/an_ws/install/mpu6050/share/mpu6050/environment/ament_prefix_path.dsv
-- Installing: /home/an/an_ws/install/mpu6050/share/mpu6050/environment/path.sh
-- Installing: /home/an/an_ws/install/mpu6050/share/mpu6050/environment/path.dsv
-- Installing: /home/an/an_ws/install/mpu6050/share/mpu6050/local_setup.bash
-- Installing: /home/an/an_ws/install/mpu6050/share/mpu6050/local_setup.sh
-- Installing: /home/an/an_ws/install/mpu6050/share/mpu6050/local_setup.zsh
-- Installing: /home/an/an_ws/install/mpu6050/share/mpu6050/local_setup.dsv
-- Installing: /home/an/an_ws/install/mpu6050/share/mpu6050/package.dsv
-- Installing: /home/an/an_ws/install/mpu6050/share/ament_index/resource_index/packages/mpu6050
-- Installing: /home/an/an_ws/install/mpu6050/share/ament_index/resource_index/hardware_interface__pluginlib__plugin/mpu6050
-- Installing: /home/an/an_ws/install/mpu6050/share/mpu6050/cmake/export_mpu6050_hardware_interfaceExport.cmake
-- Installing: /home/an/an_ws/install/mpu6050/share/mpu6050/cmake/export_mpu6050_hardware_interfaceExport-noconfig.cmake
-- Installing: /home/an/an_ws/install/mpu6050/share/mpu6050/cmake/ament_cmake_export_libraries-extras.cmake
-- Installing: /home/an/an_ws/install/mpu6050/share/mpu6050/cmake/ament_cmake_export_targets-extras.cmake
-- Installing: /home/an/an_ws/install/mpu6050/share/mpu6050/cmake/ament_cmake_export_dependencies-extras.cmake
-- Installing: /home/an/an_ws/install/mpu6050/share/mpu6050/cmake/mpu6050Config.cmake
-- Installing: /home/an/an_ws/install/mpu6050/share/mpu6050/cmake/mpu6050Config-version.cmake
-- Installing: /home/an/an_ws/install/mpu6050/share/mpu6050/package.xml
