[0.104s] Invoking command in '/home/an/an_ws/build/rtf_lds_driver': CMAKE_PREFIX_PATH=${CMAKE_PREFIX_PATH}:/home/an/ros2_ws/install/self_driving:/opt/ros/humble /usr/bin/cmake --build /home/an/an_ws/build/rtf_lds_driver -- -j4 -l4
[0.519s] [100%] Built target hlds_laser_publisher
[0.579s] Invoked command in '/home/an/an_ws/build/rtf_lds_driver' returned '0': CMAKE_PREFIX_PATH=${CMAKE_PREFIX_PATH}:/home/an/ros2_ws/install/self_driving:/opt/ros/humble /usr/bin/cmake --build /home/an/an_ws/build/rtf_lds_driver -- -j4 -l4
[0.784s] Invoking command in '/home/an/an_ws/build/rtf_lds_driver': CMAKE_PREFIX_PATH=${CMAKE_PREFIX_PATH}:/home/an/ros2_ws/install/self_driving:/opt/ros/humble /usr/bin/cmake --install /home/an/an_ws/build/rtf_lds_driver
[0.865s] -- Install configuration: ""
[0.866s] -- Up-to-date: /home/an/an_ws/install/rtf_lds_driver/share/rtf_lds_driver/launch
[0.869s] -- Up-to-date: /home/an/an_ws/install/rtf_lds_driver/share/rtf_lds_driver/launch/hlds_laser.launch.py
[0.870s] -- Up-to-date: /home/an/an_ws/install/rtf_lds_driver/share/rtf_lds_driver/launch/view_hlds_laser.launch.py
[0.870s] -- Up-to-date: /home/an/an_ws/install/rtf_lds_driver/share/rtf_lds_driver/rviz
[0.871s] -- Up-to-date: /home/an/an_ws/install/rtf_lds_driver/share/rtf_lds_driver/rviz/hlds_laser.rviz
[0.872s] -- Up-to-date: /home/an/an_ws/install/rtf_lds_driver/lib/rtf_lds_driver/hlds_laser_publisher
[0.875s] -- Up-to-date: /home/an/an_ws/install/rtf_lds_driver/share/ament_index/resource_index/package_run_dependencies/rtf_lds_driver
[0.876s] -- Up-to-date: /home/an/an_ws/install/rtf_lds_driver/share/ament_index/resource_index/parent_prefix_path/rtf_lds_driver
[0.879s] -- Up-to-date: /home/an/an_ws/install/rtf_lds_driver/share/rtf_lds_driver/environment/ament_prefix_path.sh
[0.879s] -- Up-to-date: /home/an/an_ws/install/rtf_lds_driver/share/rtf_lds_driver/environment/ament_prefix_path.dsv
[0.880s] -- Up-to-date: /home/an/an_ws/install/rtf_lds_driver/share/rtf_lds_driver/environment/path.sh
[0.881s] -- Up-to-date: /home/an/an_ws/install/rtf_lds_driver/share/rtf_lds_driver/environment/path.dsv
[0.882s] -- Up-to-date: /home/an/an_ws/install/rtf_lds_driver/share/rtf_lds_driver/local_setup.bash
[0.883s] -- Up-to-date: /home/an/an_ws/install/rtf_lds_driver/share/rtf_lds_driver/local_setup.sh
[0.883s] -- Up-to-date: /home/an/an_ws/install/rtf_lds_driver/share/rtf_lds_driver/local_setup.zsh
[0.887s] -- Up-to-date: /home/an/an_ws/install/rtf_lds_driver/share/rtf_lds_driver/local_setup.dsv
[0.888s] -- Installing: /home/an/an_ws/install/rtf_lds_driver/share/rtf_lds_driver/package.dsv
[0.891s] -- Up-to-date: /home/an/an_ws/install/rtf_lds_driver/share/ament_index/resource_index/packages/rtf_lds_driver
[0.892s] -- Up-to-date: /home/an/an_ws/install/rtf_lds_driver/share/rtf_lds_driver/cmake/ament_cmake_export_dependencies-extras.cmake
[0.895s] -- Up-to-date: /home/an/an_ws/install/rtf_lds_driver/share/rtf_lds_driver/cmake/ament_cmake_export_include_directories-extras.cmake
[0.896s] -- Up-to-date: /home/an/an_ws/install/rtf_lds_driver/share/rtf_lds_driver/cmake/rtf_lds_driverConfig.cmake
[0.899s] -- Up-to-date: /home/an/an_ws/install/rtf_lds_driver/share/rtf_lds_driver/cmake/rtf_lds_driverConfig-version.cmake
[0.900s] -- Up-to-date: /home/an/an_ws/install/rtf_lds_driver/share/rtf_lds_driver/package.xml
[0.948s] Invoked command in '/home/an/an_ws/build/rtf_lds_driver' returned '0': CMAKE_PREFIX_PATH=${CMAKE_PREFIX_PATH}:/home/an/ros2_ws/install/self_driving:/opt/ros/humble /usr/bin/cmake --install /home/an/an_ws/build/rtf_lds_driver
