[0.114s] Invoking command in '/home/an/an_ws/build/mpu6050': CMAKE_PREFIX_PATH=${CMAKE_PREFIX_PATH}:/home/an/ros2_ws/install/self_driving:/opt/ros/humble /usr/bin/cmake --build /home/an/an_ws/build/mpu6050 -- -j4 -l4
[0.344s] [35m[1mConsolidate compiler generated dependencies of target mpu6050_hardware_interface[0m
[0.352s] [35m[1mConsolidate compiler generated dependencies of target mpu6050_offsets[0m
[0.380s] [35m[1mConsolidate compiler generated dependencies of target mpu6050_covariances[0m
[0.482s] [35m[1mConsolidate compiler generated dependencies of target test_mpu6050[0m
[0.509s] [ 25%] Built target mpu6050_offsets
[0.566s] [ 50%] Built target mpu6050_covariances
[0.632s] [ 75%] Built target mpu6050_hardware_interface
[0.662s] [100%] Built target test_mpu6050
[0.755s] Invoked command in '/home/an/an_ws/build/mpu6050' returned '0': CMAKE_PREFIX_PATH=${CMAKE_PREFIX_PATH}:/home/an/ros2_ws/install/self_driving:/opt/ros/humble /usr/bin/cmake --build /home/an/an_ws/build/mpu6050 -- -j4 -l4
[1.050s] Invoking command in '/home/an/an_ws/build/mpu6050': CMAKE_PREFIX_PATH=${CMAKE_PREFIX_PATH}:/home/an/ros2_ws/install/self_driving:/opt/ros/humble /usr/bin/cmake --install /home/an/an_ws/build/mpu6050
[1.143s] -- Install configuration: ""
[1.144s] -- Up-to-date: /home/an/an_ws/install/mpu6050/share/mpu6050/mpu6050_hardware.xml
[1.145s] -- Up-to-date: /home/an/an_ws/install/mpu6050/include/mpu6050_hardware_interface
[1.146s] -- Up-to-date: /home/an/an_ws/install/mpu6050/include/mpu6050_hardware_interface/mpu6050
[1.147s] -- Up-to-date: /home/an/an_ws/install/mpu6050/include/mpu6050_hardware_interface/mpu6050/mpu6050_lib.h
[1.147s] -- Up-to-date: /home/an/an_ws/install/mpu6050/include/mpu6050_hardware_interface/mpu6050/mpu6050_hardware_interface.hpp
[1.149s] -- Up-to-date: /home/an/an_ws/install/mpu6050/lib/libmpu6050_hardware_interface.so
[1.152s] -- Up-to-date: /home/an/an_ws/install/mpu6050/share/mpu6050/environment/library_path.sh
[1.157s] -- Up-to-date: /home/an/an_ws/install/mpu6050/share/mpu6050/environment/library_path.dsv
[1.158s] -- Up-to-date: /home/an/an_ws/install/mpu6050/lib/mpu6050/mpu6050_offsets
[1.159s] -- Up-to-date: /home/an/an_ws/install/mpu6050/lib/mpu6050/mpu6050_covariances
[1.160s] -- Up-to-date: /home/an/an_ws/install/mpu6050/lib/mpu6050/test_mpu6050
[1.160s] -- Up-to-date: /home/an/an_ws/install/mpu6050/share/ament_index/resource_index/package_run_dependencies/mpu6050
[1.161s] -- Up-to-date: /home/an/an_ws/install/mpu6050/share/ament_index/resource_index/parent_prefix_path/mpu6050
[1.162s] -- Up-to-date: /home/an/an_ws/install/mpu6050/share/mpu6050/environment/ament_prefix_path.sh
[1.162s] -- Up-to-date: /home/an/an_ws/install/mpu6050/share/mpu6050/environment/ament_prefix_path.dsv
[1.163s] -- Up-to-date: /home/an/an_ws/install/mpu6050/share/mpu6050/environment/path.sh
[1.164s] -- Up-to-date: /home/an/an_ws/install/mpu6050/share/mpu6050/environment/path.dsv
[1.164s] -- Up-to-date: /home/an/an_ws/install/mpu6050/share/mpu6050/local_setup.bash
[1.165s] -- Up-to-date: /home/an/an_ws/install/mpu6050/share/mpu6050/local_setup.sh
[1.166s] -- Up-to-date: /home/an/an_ws/install/mpu6050/share/mpu6050/local_setup.zsh
[1.167s] -- Up-to-date: /home/an/an_ws/install/mpu6050/share/mpu6050/local_setup.dsv
[1.168s] -- Installing: /home/an/an_ws/install/mpu6050/share/mpu6050/package.dsv
[1.168s] -- Up-to-date: /home/an/an_ws/install/mpu6050/share/ament_index/resource_index/packages/mpu6050
[1.169s] -- Up-to-date: /home/an/an_ws/install/mpu6050/share/ament_index/resource_index/hardware_interface__pluginlib__plugin/mpu6050
[1.170s] -- Up-to-date: /home/an/an_ws/install/mpu6050/share/mpu6050/cmake/export_mpu6050_hardware_interfaceExport.cmake
[1.171s] -- Up-to-date: /home/an/an_ws/install/mpu6050/share/mpu6050/cmake/export_mpu6050_hardware_interfaceExport-noconfig.cmake
[1.171s] -- Up-to-date: /home/an/an_ws/install/mpu6050/share/mpu6050/cmake/ament_cmake_export_libraries-extras.cmake
[1.172s] -- Up-to-date: /home/an/an_ws/install/mpu6050/share/mpu6050/cmake/ament_cmake_export_targets-extras.cmake
[1.173s] -- Up-to-date: /home/an/an_ws/install/mpu6050/share/mpu6050/cmake/ament_cmake_export_dependencies-extras.cmake
[1.173s] -- Up-to-date: /home/an/an_ws/install/mpu6050/share/mpu6050/cmake/mpu6050Config.cmake
[1.174s] -- Up-to-date: /home/an/an_ws/install/mpu6050/share/mpu6050/cmake/mpu6050Config-version.cmake
[1.176s] -- Up-to-date: /home/an/an_ws/install/mpu6050/share/mpu6050/package.xml
[1.288s] Invoked command in '/home/an/an_ws/build/mpu6050' returned '0': CMAKE_PREFIX_PATH=${CMAKE_PREFIX_PATH}:/home/an/ros2_ws/install/self_driving:/opt/ros/humble /usr/bin/cmake --install /home/an/an_ws/build/mpu6050
