[0.257s] Invoking command in '/home/an/an_ws/build/turtlebot3_description': CMAKE_PREFIX_PATH=${CMAKE_PREFIX_PATH}:/home/an/ros2_ws/install/self_driving:/opt/ros/humble /usr/bin/cmake --build /home/an/an_ws/build/turtlebot3_description -- -j4 -l4
[0.762s] Invoked command in '/home/an/an_ws/build/turtlebot3_description' returned '0': CMAKE_PREFIX_PATH=${CMAKE_PREFIX_PATH}:/home/an/ros2_ws/install/self_driving:/opt/ros/humble /usr/bin/cmake --build /home/an/an_ws/build/turtlebot3_description -- -j4 -l4
[1.202s] Invoking command in '/home/an/an_ws/build/turtlebot3_description': CMAKE_PREFIX_PATH=${CMAKE_PREFIX_PATH}:/home/an/ros2_ws/install/self_driving:/opt/ros/humble /usr/bin/cmake --install /home/an/an_ws/build/turtlebot3_description
[1.237s] -- Install configuration: ""
[1.237s] -- Up-to-date: /home/an/an_ws/install/turtlebot3_description/share/turtlebot3_description/meshes
[1.238s] -- Up-to-date: /home/an/an_ws/install/turtlebot3_description/share/turtlebot3_description/meshes/lidar_link.stl
[1.238s] -- Up-to-date: /home/an/an_ws/install/turtlebot3_description/share/turtlebot3_description/meshes/base_link.stl
[1.239s] -- Up-to-date: /home/an/an_ws/install/turtlebot3_description/share/turtlebot3_description/meshes/imu_link.stl
[1.239s] -- Up-to-date: /home/an/an_ws/install/turtlebot3_description/share/turtlebot3_description/meshes/wheel_right_link.stl
[1.239s] -- Up-to-date: /home/an/an_ws/install/turtlebot3_description/share/turtlebot3_description/meshes/caster_back_left_link.stl
[1.240s] -- Up-to-date: /home/an/an_ws/install/turtlebot3_description/share/turtlebot3_description/meshes/r200_link.dae
[1.240s] -- Up-to-date: /home/an/an_ws/install/turtlebot3_description/share/turtlebot3_description/meshes/caster_back_right_link.stl
[1.241s] -- Up-to-date: /home/an/an_ws/install/turtlebot3_description/share/turtlebot3_description/meshes/TB3-RPi-camera-mount.stl
[1.241s] -- Up-to-date: /home/an/an_ws/install/turtlebot3_description/share/turtlebot3_description/meshes/wheel_left_link.stl
[1.241s] -- Up-to-date: /home/an/an_ws/install/turtlebot3_description/share/turtlebot3_description/meshes/pi_cam_v3_link.stl
[1.242s] -- Up-to-date: /home/an/an_ws/install/turtlebot3_description/share/turtlebot3_description/urdf
[1.243s] -- Up-to-date: /home/an/an_ws/install/turtlebot3_description/share/turtlebot3_description/urdf/turtlebot3.gazebo.xacro
[1.243s] -- Up-to-date: /home/an/an_ws/install/turtlebot3_description/share/turtlebot3_description/urdf/gazebo_control.xacro
[1.244s] -- Up-to-date: /home/an/an_ws/install/turtlebot3_description/share/turtlebot3_description/urdf/turtlebot3.urdf.xacro
[1.245s] -- Up-to-date: /home/an/an_ws/install/turtlebot3_description/share/turtlebot3_description/urdf/turtlebot3_ros2_control.xacro
[1.246s] -- Up-to-date: /home/an/an_ws/install/turtlebot3_description/share/turtlebot3_description/urdf/common_properties.xacro
[1.246s] -- Up-to-date: /home/an/an_ws/install/turtlebot3_description/share/turtlebot3_description/launch
[1.247s] -- Up-to-date: /home/an/an_ws/install/turtlebot3_description/share/turtlebot3_description/launch/robot_state_publisher.launch.py
[1.256s] -- Up-to-date: /home/an/an_ws/install/turtlebot3_description/share/turtlebot3_description/launch/gzserver.launch.py
[1.256s] -- Up-to-date: /home/an/an_ws/install/turtlebot3_description/share/turtlebot3_description/launch/display.launch.py
[1.257s] -- Up-to-date: /home/an/an_ws/install/turtlebot3_description/share/turtlebot3_description/launch/gazebo.launch.py
[1.257s] -- Up-to-date: /home/an/an_ws/install/turtlebot3_description/share/turtlebot3_description/rviz
[1.258s] -- Up-to-date: /home/an/an_ws/install/turtlebot3_description/share/turtlebot3_description/rviz/main.rviz
[1.259s] -- Up-to-date: /home/an/an_ws/install/turtlebot3_description/share/turtlebot3_description/rviz/display.rviz
[1.260s] -- Up-to-date: /home/an/an_ws/install/turtlebot3_description/share/turtlebot3_description/rviz/control.rviz
[1.260s] -- Up-to-date: /home/an/an_ws/install/turtlebot3_description/share/turtlebot3_description/gazebo_world
[1.261s] -- Up-to-date: /home/an/an_ws/install/turtlebot3_description/share/turtlebot3_description/gazebo_world/big_corridor
[1.261s] -- Up-to-date: /home/an/an_ws/install/turtlebot3_description/share/turtlebot3_description/gazebo_world/test_big_corridor
[1.262s] -- Up-to-date: /home/an/an_ws/install/turtlebot3_description/share/turtlebot3_description/gazebo_world/test_maze
[1.262s] -- Up-to-date: /home/an/an_ws/install/turtlebot3_description/share/turtlebot3_description/gazebo_world/maze
[1.271s] -- Up-to-date: /home/an/an_ws/install/turtlebot3_description/share/turtlebot3_description/gazebo_world/real_corridor
[1.272s] -- Up-to-date: /home/an/an_ws/install/turtlebot3_description/share/turtlebot3_description/gazebo_world/play_ground
[1.273s] -- Up-to-date: /home/an/an_ws/install/turtlebot3_description/share/turtlebot3_description/gazebo_world/room_4x4
[1.273s] -- Up-to-date: /home/an/an_ws/install/turtlebot3_description/share/turtlebot3_description/gazebo_world/small_corridor
[1.274s] -- Up-to-date: /home/an/an_ws/install/turtlebot3_description/share/turtlebot3_description/models
[1.274s] -- Up-to-date: /home/an/an_ws/install/turtlebot3_description/share/turtlebot3_description/models/sun
[1.275s] -- Up-to-date: /home/an/an_ws/install/turtlebot3_description/share/turtlebot3_description/models/sun/model.sdf
[1.276s] -- Up-to-date: /home/an/an_ws/install/turtlebot3_description/share/turtlebot3_description/models/sun/model.config
[1.276s] -- Up-to-date: /home/an/an_ws/install/turtlebot3_description/share/turtlebot3_description/models/sun/model-1_4.sdf
[1.277s] -- Up-to-date: /home/an/an_ws/install/turtlebot3_description/share/turtlebot3_description/models/sun/model-1_3.sdf
[1.277s] -- Up-to-date: /home/an/an_ws/install/turtlebot3_description/share/turtlebot3_description/models/sun/model-1_2.sdf
[1.278s] -- Up-to-date: /home/an/an_ws/install/turtlebot3_description/share/turtlebot3_description/models/ground_plane
[1.278s] -- Up-to-date: /home/an/an_ws/install/turtlebot3_description/share/turtlebot3_description/models/ground_plane/model.sdf
[1.290s] -- Up-to-date: /home/an/an_ws/install/turtlebot3_description/share/turtlebot3_description/models/ground_plane/model.config
[1.291s] -- Up-to-date: /home/an/an_ws/install/turtlebot3_description/share/turtlebot3_description/models/ground_plane/model-1_4.sdf
[1.292s] -- Up-to-date: /home/an/an_ws/install/turtlebot3_description/share/turtlebot3_description/models/ground_plane/model-1_3.sdf
[1.293s] -- Up-to-date: /home/an/an_ws/install/turtlebot3_description/share/turtlebot3_description/models/ground_plane/model-1_2.sdf
[1.294s] -- Up-to-date: /home/an/an_ws/install/turtlebot3_description/share/ament_index/resource_index/package_run_dependencies/turtlebot3_description
[1.303s] -- Up-to-date: /home/an/an_ws/install/turtlebot3_description/share/ament_index/resource_index/parent_prefix_path/turtlebot3_description
[1.304s] -- Up-to-date: /home/an/an_ws/install/turtlebot3_description/share/turtlebot3_description/environment/ament_prefix_path.sh
[1.304s] -- Up-to-date: /home/an/an_ws/install/turtlebot3_description/share/turtlebot3_description/environment/ament_prefix_path.dsv
[1.305s] -- Up-to-date: /home/an/an_ws/install/turtlebot3_description/share/turtlebot3_description/environment/path.sh
[1.305s] -- Up-to-date: /home/an/an_ws/install/turtlebot3_description/share/turtlebot3_description/environment/path.dsv
[1.306s] -- Up-to-date: /home/an/an_ws/install/turtlebot3_description/share/turtlebot3_description/local_setup.bash
[1.306s] -- Up-to-date: /home/an/an_ws/install/turtlebot3_description/share/turtlebot3_description/local_setup.sh
[1.307s] -- Up-to-date: /home/an/an_ws/install/turtlebot3_description/share/turtlebot3_description/local_setup.zsh
[1.310s] -- Up-to-date: /home/an/an_ws/install/turtlebot3_description/share/turtlebot3_description/local_setup.dsv
[1.311s] -- Installing: /home/an/an_ws/install/turtlebot3_description/share/turtlebot3_description/package.dsv
[1.312s] -- Up-to-date: /home/an/an_ws/install/turtlebot3_description/share/ament_index/resource_index/packages/turtlebot3_description
[1.312s] -- Up-to-date: /home/an/an_ws/install/turtlebot3_description/share/turtlebot3_description/cmake/turtlebot3_descriptionConfig.cmake
[1.313s] -- Up-to-date: /home/an/an_ws/install/turtlebot3_description/share/turtlebot3_description/cmake/turtlebot3_descriptionConfig-version.cmake
[1.314s] -- Up-to-date: /home/an/an_ws/install/turtlebot3_description/share/turtlebot3_description/package.xml
[1.315s] Invoked command in '/home/an/an_ws/build/turtlebot3_description' returned '0': CMAKE_PREFIX_PATH=${CMAKE_PREFIX_PATH}:/home/an/ros2_ws/install/self_driving:/opt/ros/humble /usr/bin/cmake --install /home/an/an_ws/build/turtlebot3_description
