[0.059s] Invoking command in '/home/an/an_ws/build/turtlebot3_description': CMAKE_PREFIX_PATH=/home/an/ros2_ws/install/self_driving:/opt/ros/humble /usr/bin/cmake /home/an/an_ws/src/turtlebot3_description -DCMAKE_INSTALL_PREFIX=/home/an/an_ws/install/turtlebot3_description
[0.403s] -- The C compiler identification is GNU 11.4.0
[0.752s] -- The CXX compiler identification is GNU 11.4.0
[0.806s] -- Detecting C compiler ABI info
[1.239s] -- Detecting C compiler ABI info - done
[1.274s] -- Check for working C compiler: /usr/bin/cc - skipped
[1.277s] -- Detecting C compile features
[1.281s] -- Detecting C compile features - done
[1.300s] -- Detecting CXX compiler ABI info
[1.761s] -- Detecting CXX compiler ABI info - done
[1.796s] -- Check for working CXX compiler: /usr/bin/c++ - skipped
[1.799s] -- Detecting CXX compile features
[1.802s] -- Detecting CXX compile features - done
[1.828s] -- Found ament_cmake: 1.3.8 (/opt/ros/humble/share/ament_cmake/cmake)
[2.878s] -- Found Python3: /usr/bin/python3 (found version "3.10.12") found components: Interpreter 
[3.591s] -- Found ament_lint_auto: 0.12.10 (/opt/ros/humble/share/ament_lint_auto/cmake)
[4.221s] -- Added test 'flake8' to check Python code syntax and style conventions
[4.232s] -- Added test 'lint_cmake' to check CMake code style
[4.238s] -- Added test 'pep257' to check Python code against some of the docstring style conventions in PEP 257
[4.278s] -- Added test 'xmllint' to check XML markup files
[4.289s] -- Configuring done
[4.324s] -- Generating done
[4.334s] -- Build files have been written to: /home/an/an_ws/build/turtlebot3_description
[4.359s] Invoked command in '/home/an/an_ws/build/turtlebot3_description' returned '0': CMAKE_PREFIX_PATH=/home/an/ros2_ws/install/self_driving:/opt/ros/humble /usr/bin/cmake /home/an/an_ws/src/turtlebot3_description -DCMAKE_INSTALL_PREFIX=/home/an/an_ws/install/turtlebot3_description
[4.369s] Invoking command in '/home/an/an_ws/build/turtlebot3_description': CMAKE_PREFIX_PATH=/home/an/ros2_ws/install/self_driving:/opt/ros/humble /usr/bin/cmake --build /home/an/an_ws/build/turtlebot3_description -- -j4 -l4
[4.604s] Invoked command in '/home/an/an_ws/build/turtlebot3_description' returned '0': CMAKE_PREFIX_PATH=/home/an/ros2_ws/install/self_driving:/opt/ros/humble /usr/bin/cmake --build /home/an/an_ws/build/turtlebot3_description -- -j4 -l4
[4.753s] Invoking command in '/home/an/an_ws/build/turtlebot3_description': CMAKE_PREFIX_PATH=/home/an/ros2_ws/install/self_driving:/opt/ros/humble /usr/bin/cmake --install /home/an/an_ws/build/turtlebot3_description
[4.799s] -- Install configuration: ""
[4.800s] -- Installing: /home/an/an_ws/install/turtlebot3_description/share/turtlebot3_description/meshes
[4.801s] -- Installing: /home/an/an_ws/install/turtlebot3_description/share/turtlebot3_description/meshes/lidar_link.stl
[4.808s] -- Installing: /home/an/an_ws/install/turtlebot3_description/share/turtlebot3_description/meshes/base_link.stl
[4.851s] -- Installing: /home/an/an_ws/install/turtlebot3_description/share/turtlebot3_description/meshes/imu_link.stl
[4.854s] -- Installing: /home/an/an_ws/install/turtlebot3_description/share/turtlebot3_description/meshes/wheel_right_link.stl
[4.865s] -- Installing: /home/an/an_ws/install/turtlebot3_description/share/turtlebot3_description/meshes/caster_back_left_link.stl
[4.869s] -- Installing: /home/an/an_ws/install/turtlebot3_description/share/turtlebot3_description/meshes/r200_link.dae
[4.872s] -- Installing: /home/an/an_ws/install/turtlebot3_description/share/turtlebot3_description/meshes/caster_back_right_link.stl
[4.876s] -- Installing: /home/an/an_ws/install/turtlebot3_description/share/turtlebot3_description/meshes/TB3-RPi-camera-mount.stl
[4.878s] -- Installing: /home/an/an_ws/install/turtlebot3_description/share/turtlebot3_description/meshes/wheel_left_link.stl
[4.889s] -- Installing: /home/an/an_ws/install/turtlebot3_description/share/turtlebot3_description/meshes/pi_cam_v3_link.stl
[4.894s] -- Installing: /home/an/an_ws/install/turtlebot3_description/share/turtlebot3_description/urdf
[4.895s] -- Installing: /home/an/an_ws/install/turtlebot3_description/share/turtlebot3_description/urdf/turtlebot3.gazebo.xacro
[4.896s] -- Installing: /home/an/an_ws/install/turtlebot3_description/share/turtlebot3_description/urdf/gazebo_control.xacro
[4.898s] -- Installing: /home/an/an_ws/install/turtlebot3_description/share/turtlebot3_description/urdf/turtlebot3.urdf.xacro
[4.900s] -- Installing: /home/an/an_ws/install/turtlebot3_description/share/turtlebot3_description/urdf/turtlebot3_ros2_control.xacro
[4.901s] -- Installing: /home/an/an_ws/install/turtlebot3_description/share/turtlebot3_description/urdf/common_properties.xacro
[4.903s] -- Installing: /home/an/an_ws/install/turtlebot3_description/share/turtlebot3_description/launch
[4.904s] -- Installing: /home/an/an_ws/install/turtlebot3_description/share/turtlebot3_description/launch/robot_state_publisher.launch.py
[4.906s] -- Installing: /home/an/an_ws/install/turtlebot3_description/share/turtlebot3_description/launch/gzserver.launch.py
[4.908s] -- Installing: /home/an/an_ws/install/turtlebot3_description/share/turtlebot3_description/launch/display.launch.py
[4.910s] -- Installing: /home/an/an_ws/install/turtlebot3_description/share/turtlebot3_description/launch/gazebo.launch.py
[4.912s] -- Installing: /home/an/an_ws/install/turtlebot3_description/share/turtlebot3_description/rviz
[4.913s] -- Installing: /home/an/an_ws/install/turtlebot3_description/share/turtlebot3_description/rviz/main.rviz
[4.915s] -- Installing: /home/an/an_ws/install/turtlebot3_description/share/turtlebot3_description/rviz/display.rviz
[4.918s] -- Installing: /home/an/an_ws/install/turtlebot3_description/share/turtlebot3_description/rviz/control.rviz
[4.919s] -- Installing: /home/an/an_ws/install/turtlebot3_description/share/turtlebot3_description/gazebo_world
[4.921s] -- Installing: /home/an/an_ws/install/turtlebot3_description/share/turtlebot3_description/gazebo_world/big_corridor
[4.923s] -- Installing: /home/an/an_ws/install/turtlebot3_description/share/turtlebot3_description/gazebo_world/test_big_corridor
[4.925s] -- Installing: /home/an/an_ws/install/turtlebot3_description/share/turtlebot3_description/gazebo_world/test_maze
[4.928s] -- Installing: /home/an/an_ws/install/turtlebot3_description/share/turtlebot3_description/gazebo_world/maze
[4.931s] -- Installing: /home/an/an_ws/install/turtlebot3_description/share/turtlebot3_description/gazebo_world/real_corridor
[4.934s] -- Installing: /home/an/an_ws/install/turtlebot3_description/share/turtlebot3_description/gazebo_world/play_ground
[4.937s] -- Installing: /home/an/an_ws/install/turtlebot3_description/share/turtlebot3_description/gazebo_world/room_4x4
[4.949s] -- Installing: /home/an/an_ws/install/turtlebot3_description/share/turtlebot3_description/gazebo_world/small_corridor
[4.950s] -- Installing: /home/an/an_ws/install/turtlebot3_description/share/turtlebot3_description/models
[4.951s] -- Installing: /home/an/an_ws/install/turtlebot3_description/share/turtlebot3_description/models/sun
[4.952s] -- Installing: /home/an/an_ws/install/turtlebot3_description/share/turtlebot3_description/models/sun/model.sdf
[4.953s] -- Installing: /home/an/an_ws/install/turtlebot3_description/share/turtlebot3_description/models/sun/model.config
[4.954s] -- Installing: /home/an/an_ws/install/turtlebot3_description/share/turtlebot3_description/models/sun/model-1_4.sdf
[4.955s] -- Installing: /home/an/an_ws/install/turtlebot3_description/share/turtlebot3_description/models/sun/model-1_3.sdf
[4.965s] -- Installing: /home/an/an_ws/install/turtlebot3_description/share/turtlebot3_description/models/sun/model-1_2.sdf
[4.965s] -- Installing: /home/an/an_ws/install/turtlebot3_description/share/turtlebot3_description/models/ground_plane
[4.966s] -- Installing: /home/an/an_ws/install/turtlebot3_description/share/turtlebot3_description/models/ground_plane/model.sdf
[4.967s] -- Installing: /home/an/an_ws/install/turtlebot3_description/share/turtlebot3_description/models/ground_plane/model.config
[4.968s] -- Installing: /home/an/an_ws/install/turtlebot3_description/share/turtlebot3_description/models/ground_plane/model-1_4.sdf
[4.969s] -- Installing: /home/an/an_ws/install/turtlebot3_description/share/turtlebot3_description/models/ground_plane/model-1_3.sdf
[4.970s] -- Installing: /home/an/an_ws/install/turtlebot3_description/share/turtlebot3_description/models/ground_plane/model-1_2.sdf
[4.971s] -- Installing: /home/an/an_ws/install/turtlebot3_description/share/ament_index/resource_index/package_run_dependencies/turtlebot3_description
[4.971s] -- Installing: /home/an/an_ws/install/turtlebot3_description/share/ament_index/resource_index/parent_prefix_path/turtlebot3_description
[4.981s] -- Installing: /home/an/an_ws/install/turtlebot3_description/share/turtlebot3_description/environment/ament_prefix_path.sh
[4.982s] -- Installing: /home/an/an_ws/install/turtlebot3_description/share/turtlebot3_description/environment/ament_prefix_path.dsv
[4.983s] -- Installing: /home/an/an_ws/install/turtlebot3_description/share/turtlebot3_description/environment/path.sh
[4.984s] -- Installing: /home/an/an_ws/install/turtlebot3_description/share/turtlebot3_description/environment/path.dsv
[4.985s] -- Installing: /home/an/an_ws/install/turtlebot3_description/share/turtlebot3_description/local_setup.bash
[4.986s] -- Installing: /home/an/an_ws/install/turtlebot3_description/share/turtlebot3_description/local_setup.sh
[4.987s] -- Installing: /home/an/an_ws/install/turtlebot3_description/share/turtlebot3_description/local_setup.zsh
[4.990s] -- Installing: /home/an/an_ws/install/turtlebot3_description/share/turtlebot3_description/local_setup.dsv
[4.992s] -- Installing: /home/an/an_ws/install/turtlebot3_description/share/turtlebot3_description/package.dsv
[4.995s] -- Installing: /home/an/an_ws/install/turtlebot3_description/share/ament_index/resource_index/packages/turtlebot3_description
[4.997s] -- Installing: /home/an/an_ws/install/turtlebot3_description/share/turtlebot3_description/cmake/turtlebot3_descriptionConfig.cmake
[5.000s] -- Installing: /home/an/an_ws/install/turtlebot3_description/share/turtlebot3_description/cmake/turtlebot3_descriptionConfig-version.cmake
[5.002s] -- Installing: /home/an/an_ws/install/turtlebot3_description/share/turtlebot3_description/package.xml
[5.023s] Invoked command in '/home/an/an_ws/build/turtlebot3_description' returned '0': CMAKE_PREFIX_PATH=/home/an/ros2_ws/install/self_driving:/opt/ros/humble /usr/bin/cmake --install /home/an/an_ws/build/turtlebot3_description
