[0.122s] Invoking command in '/home/an/an_ws/build/diffdrive_esp32': CMAKE_PREFIX_PATH=${CMAKE_PREFIX_PATH}:/home/an/ros2_ws/install/self_driving:/opt/ros/humble /usr/bin/cmake --build /home/an/an_ws/build/diffdrive_esp32 -- -j4 -l4
[0.543s] [100%] Built target diffdrive_esp32
[0.625s] Invoked command in '/home/an/an_ws/build/diffdrive_esp32' returned '0': CMAKE_PREFIX_PATH=${CMAKE_PREFIX_PATH}:/home/an/ros2_ws/install/self_driving:/opt/ros/humble /usr/bin/cmake --build /home/an/an_ws/build/diffdrive_esp32 -- -j4 -l4
[0.808s] Invoking command in '/home/an/an_ws/build/diffdrive_esp32': CMAKE_PREFIX_PATH=${CMAKE_PREFIX_PATH}:/home/an/ros2_ws/install/self_driving:/opt/ros/humble /usr/bin/cmake --install /home/an/an_ws/build/diffdrive_esp32
[0.839s] -- Install configuration: ""
[0.840s] -- Up-to-date: /home/an/an_ws/install/diffdrive_esp32/share/diffdrive_esp32/diffdrive_esp32.xml
[0.840s] -- Up-to-date: /home/an/an_ws/install/diffdrive_esp32/include/diffdrive_esp32
[0.842s] -- Up-to-date: /home/an/an_ws/install/diffdrive_esp32/include/diffdrive_esp32/diffdrive_esp32
[0.842s] -- Up-to-date: /home/an/an_ws/install/diffdrive_esp32/include/diffdrive_esp32/diffdrive_esp32/esp32_comms.hpp
[0.843s] -- Up-to-date: /home/an/an_ws/install/diffdrive_esp32/include/diffdrive_esp32/diffdrive_esp32/visibility_control.h
[0.844s] -- Up-to-date: /home/an/an_ws/install/diffdrive_esp32/include/diffdrive_esp32/diffdrive_esp32/wheel.hpp
[0.844s] -- Up-to-date: /home/an/an_ws/install/diffdrive_esp32/include/diffdrive_esp32/diffdrive_esp32/diffbot_system.hpp
[0.845s] -- Up-to-date: /home/an/an_ws/install/diffdrive_esp32/lib/libdiffdrive_esp32.so
[0.846s] -- Up-to-date: /home/an/an_ws/install/diffdrive_esp32/share/diffdrive_esp32/environment/library_path.sh
[0.847s] -- Up-to-date: /home/an/an_ws/install/diffdrive_esp32/share/diffdrive_esp32/environment/library_path.dsv
[0.849s] -- Up-to-date: /home/an/an_ws/install/diffdrive_esp32/share/ament_index/resource_index/package_run_dependencies/diffdrive_esp32
[0.856s] -- Up-to-date: /home/an/an_ws/install/diffdrive_esp32/share/ament_index/resource_index/parent_prefix_path/diffdrive_esp32
[0.857s] -- Up-to-date: /home/an/an_ws/install/diffdrive_esp32/share/diffdrive_esp32/environment/ament_prefix_path.sh
[0.858s] -- Up-to-date: /home/an/an_ws/install/diffdrive_esp32/share/diffdrive_esp32/environment/ament_prefix_path.dsv
[0.859s] -- Up-to-date: /home/an/an_ws/install/diffdrive_esp32/share/diffdrive_esp32/environment/path.sh
[0.859s] -- Up-to-date: /home/an/an_ws/install/diffdrive_esp32/share/diffdrive_esp32/environment/path.dsv
[0.860s] -- Up-to-date: /home/an/an_ws/install/diffdrive_esp32/share/diffdrive_esp32/local_setup.bash
[0.861s] -- Up-to-date: /home/an/an_ws/install/diffdrive_esp32/share/diffdrive_esp32/local_setup.sh
[0.864s] -- Up-to-date: /home/an/an_ws/install/diffdrive_esp32/share/diffdrive_esp32/local_setup.zsh
[0.888s] -- Up-to-date: /home/an/an_ws/install/diffdrive_esp32/share/diffdrive_esp32/local_setup.dsv
[0.889s] -- Installing: /home/an/an_ws/install/diffdrive_esp32/share/diffdrive_esp32/package.dsv
[0.890s] -- Up-to-date: /home/an/an_ws/install/diffdrive_esp32/share/ament_index/resource_index/packages/diffdrive_esp32
[0.891s] -- Up-to-date: /home/an/an_ws/install/diffdrive_esp32/share/ament_index/resource_index/hardware_interface__pluginlib__plugin/diffdrive_esp32
[0.891s] -- Up-to-date: /home/an/an_ws/install/diffdrive_esp32/share/diffdrive_esp32/cmake/export_diffdrive_esp32Export.cmake
[0.892s] -- Up-to-date: /home/an/an_ws/install/diffdrive_esp32/share/diffdrive_esp32/cmake/export_diffdrive_esp32Export-noconfig.cmake
[0.892s] -- Up-to-date: /home/an/an_ws/install/diffdrive_esp32/share/diffdrive_esp32/cmake/ament_cmake_export_targets-extras.cmake
[0.893s] -- Up-to-date: /home/an/an_ws/install/diffdrive_esp32/share/diffdrive_esp32/cmake/ament_cmake_export_dependencies-extras.cmake
[0.895s] -- Up-to-date: /home/an/an_ws/install/diffdrive_esp32/share/diffdrive_esp32/cmake/diffdrive_esp32Config.cmake
[0.896s] -- Up-to-date: /home/an/an_ws/install/diffdrive_esp32/share/diffdrive_esp32/cmake/diffdrive_esp32Config-version.cmake
[0.896s] -- Up-to-date: /home/an/an_ws/install/diffdrive_esp32/share/diffdrive_esp32/package.xml
[0.902s] Invoked command in '/home/an/an_ws/build/diffdrive_esp32' returned '0': CMAKE_PREFIX_PATH=${CMAKE_PREFIX_PATH}:/home/an/ros2_ws/install/self_driving:/opt/ros/humble /usr/bin/cmake --install /home/an/an_ws/build/diffdrive_esp32
