[0.088s] Invoking command in '/home/an/an_ws/build/turtlebot3_controller': CMAKE_PREFIX_PATH=/home/an/ros2_ws/install/self_driving:/opt/ros/humble /usr/bin/cmake /home/an/an_ws/src/turtlebot3_controller -DCMAKE_INSTALL_PREFIX=/home/an/an_ws/install/turtlebot3_controller
[1.541s] -- The C compiler identification is GNU 11.4.0
[1.851s] -- The CXX compiler identification is GNU 11.4.0
[1.886s] -- Detecting C compiler ABI info
[2.296s] -- Detecting C compiler ABI info - done
[2.333s] -- Check for working C compiler: /usr/bin/cc - skipped
[2.336s] -- Detecting C compile features
[2.339s] -- Detecting C compile features - done
[2.354s] -- Detecting CXX compiler ABI info
[2.833s] -- Detecting CXX compiler ABI info - done
[2.866s] -- Check for working CXX compiler: /usr/bin/c++ - skipped
[2.870s] -- Detecting CXX compile features
[2.874s] -- Detecting CXX compile features - done
[2.901s] -- Found ament_cmake: 1.3.8 (/opt/ros/humble/share/ament_cmake/cmake)
[3.968s] -- Found Python3: /usr/bin/python3 (found version "3.10.12") found components: Interpreter 
[4.553s] -- Found rclcpp: 16.0.8 (/opt/ros/humble/share/rclcpp/cmake)
[4.857s] -- Found rosidl_generator_c: 3.1.5 (/opt/ros/humble/share/rosidl_generator_c/cmake)
[4.897s] -- Found rosidl_adapter: 3.1.5 (/opt/ros/humble/share/rosidl_adapter/cmake)
[4.951s] -- Found rosidl_generator_cpp: 3.1.5 (/opt/ros/humble/share/rosidl_generator_cpp/cmake)
[5.028s] -- Using all available rosidl_typesupport_c: rosidl_typesupport_fastrtps_c;rosidl_typesupport_introspection_c
[5.141s] -- Using all available rosidl_typesupport_cpp: rosidl_typesupport_fastrtps_cpp;rosidl_typesupport_introspection_cpp
[5.566s] -- Found rmw_implementation_cmake: 6.1.1 (/opt/ros/humble/share/rmw_implementation_cmake/cmake)
[5.597s] -- Found rmw_fastrtps_cpp: 6.2.6 (/opt/ros/humble/share/rmw_fastrtps_cpp/cmake)
[6.205s] -- Found OpenSSL: /usr/lib/aarch64-linux-gnu/libcrypto.so (found version "3.0.2")  
[6.378s] -- Found FastRTPS: /opt/ros/humble/include  
[6.683s] -- Using RMW implementation 'rmw_fastrtps_cpp' as default
[6.774s] -- Looking for pthread.h
[7.168s] -- Looking for pthread.h - found
[7.171s] -- Performing Test CMAKE_HAVE_LIBC_PTHREAD
[7.528s] -- Performing Test CMAKE_HAVE_LIBC_PTHREAD - Success
[7.533s] -- Found Threads: TRUE  
[8.295s] -- Found geometry_msgs: 4.2.3 (/opt/ros/humble/share/geometry_msgs/cmake)
[8.485s] -- Found sensor_msgs: 4.2.3 (/opt/ros/humble/share/sensor_msgs/cmake)
[8.840s] -- Found nav_msgs: 4.2.3 (/opt/ros/humble/share/nav_msgs/cmake)
[9.239s] -- Found tf2_ros: 0.25.6 (/opt/ros/humble/share/tf2_ros/cmake)
[10.979s] -- Found ament_lint_auto: 0.12.10 (/opt/ros/humble/share/ament_lint_auto/cmake)
[11.510s] -- Added test 'cppcheck' to perform static code analysis on C / C++ code
[11.511s] -- Configured cppcheck include dirs: /home/an/an_ws/src/turtlebot3_controller/include
[11.512s] -- Configured cppcheck exclude dirs and/or files: 
[11.517s] -- Added test 'flake8' to check Python code syntax and style conventions
[11.522s] -- Added test 'lint_cmake' to check CMake code style
[11.526s] -- Added test 'pep257' to check Python code against some of the docstring style conventions in PEP 257
[11.539s] -- Added test 'uncrustify' to check C / C++ code style
[11.539s] -- Configured uncrustify additional arguments: 
[11.544s] -- Added test 'xmllint' to check XML markup files
[11.553s] -- Configuring done
[11.637s] -- Generating done
[11.646s] -- Build files have been written to: /home/an/an_ws/build/turtlebot3_controller
[11.695s] Invoked command in '/home/an/an_ws/build/turtlebot3_controller' returned '0': CMAKE_PREFIX_PATH=/home/an/ros2_ws/install/self_driving:/opt/ros/humble /usr/bin/cmake /home/an/an_ws/src/turtlebot3_controller -DCMAKE_INSTALL_PREFIX=/home/an/an_ws/install/turtlebot3_controller
[11.706s] Invoking command in '/home/an/an_ws/build/turtlebot3_controller': CMAKE_PREFIX_PATH=/home/an/ros2_ws/install/self_driving:/opt/ros/humble /usr/bin/cmake --build /home/an/an_ws/build/turtlebot3_controller -- -j4 -l4
[11.955s] [ 50%] [32mBuilding CXX object CMakeFiles/odom_publisher.dir/src/odom_publisher.cpp.o[0m
[61.569s] [100%] [32m[1mLinking CXX executable odom_publisher[0m
[63.868s] [100%] Built target odom_publisher
[63.902s] Invoked command in '/home/an/an_ws/build/turtlebot3_controller' returned '0': CMAKE_PREFIX_PATH=/home/an/ros2_ws/install/self_driving:/opt/ros/humble /usr/bin/cmake --build /home/an/an_ws/build/turtlebot3_controller -- -j4 -l4
[64.033s] Invoking command in '/home/an/an_ws/build/turtlebot3_controller': CMAKE_PREFIX_PATH=/home/an/ros2_ws/install/self_driving:/opt/ros/humble /usr/bin/cmake --install /home/an/an_ws/build/turtlebot3_controller
[64.058s] -- Install configuration: ""
[64.059s] -- Installing: /home/an/an_ws/install/turtlebot3_controller/include/include
[64.059s] -- Installing: /home/an/an_ws/install/turtlebot3_controller/include/include/turtlebot3_controller
[64.060s] -- Installing: /home/an/an_ws/install/turtlebot3_controller/include/include/turtlebot3_controller/odom_publisher.hpp
[64.061s] -- Installing: /home/an/an_ws/install/turtlebot3_controller/lib/turtlebot3_controller/odom_publisher
[64.089s] -- Set runtime path of "/home/an/an_ws/install/turtlebot3_controller/lib/turtlebot3_controller/odom_publisher" to ""
[64.089s] -- Installing: /home/an/an_ws/install/turtlebot3_controller/share/turtlebot3_controller/config
[64.089s] -- Installing: /home/an/an_ws/install/turtlebot3_controller/share/turtlebot3_controller/config/gazebo_ros2_ctl_use_sim.yaml
[64.091s] -- Installing: /home/an/an_ws/install/turtlebot3_controller/share/turtlebot3_controller/config/ekf_old.yaml
[64.091s] -- Installing: /home/an/an_ws/install/turtlebot3_controller/share/turtlebot3_controller/config/controller.yaml
[64.092s] -- Installing: /home/an/an_ws/install/turtlebot3_controller/share/turtlebot3_controller/config/ekf.yaml
[64.093s] -- Installing: /home/an/an_ws/install/turtlebot3_controller/share/turtlebot3_controller/launch
[64.094s] -- Installing: /home/an/an_ws/install/turtlebot3_controller/share/turtlebot3_controller/launch/diff_drive_controller.launch.py
[64.095s] -- Installing: /home/an/an_ws/install/turtlebot3_controller/share/turtlebot3_controller/launch/launch_robot_controller.launch.py
[64.096s] -- Installing: /home/an/an_ws/install/turtlebot3_controller/share/turtlebot3_controller/launch/tb3_bringup.launch.py
[64.097s] -- Installing: /home/an/an_ws/install/turtlebot3_controller/share/turtlebot3_controller/launch/test.py
[64.098s] -- Installing: /home/an/an_ws/install/turtlebot3_controller/share/ament_index/resource_index/package_run_dependencies/turtlebot3_controller
[64.100s] -- Installing: /home/an/an_ws/install/turtlebot3_controller/share/ament_index/resource_index/parent_prefix_path/turtlebot3_controller
[64.101s] -- Installing: /home/an/an_ws/install/turtlebot3_controller/share/turtlebot3_controller/environment/ament_prefix_path.sh
[64.102s] -- Installing: /home/an/an_ws/install/turtlebot3_controller/share/turtlebot3_controller/environment/ament_prefix_path.dsv
[64.103s] -- Installing: /home/an/an_ws/install/turtlebot3_controller/share/turtlebot3_controller/environment/path.sh
[64.104s] -- Installing: /home/an/an_ws/install/turtlebot3_controller/share/turtlebot3_controller/environment/path.dsv
[64.106s] -- Installing: /home/an/an_ws/install/turtlebot3_controller/share/turtlebot3_controller/local_setup.bash
[64.107s] -- Installing: /home/an/an_ws/install/turtlebot3_controller/share/turtlebot3_controller/local_setup.sh
[64.108s] -- Installing: /home/an/an_ws/install/turtlebot3_controller/share/turtlebot3_controller/local_setup.zsh
[64.109s] -- Installing: /home/an/an_ws/install/turtlebot3_controller/share/turtlebot3_controller/local_setup.dsv
[64.110s] -- Installing: /home/an/an_ws/install/turtlebot3_controller/share/turtlebot3_controller/package.dsv
[64.111s] -- Installing: /home/an/an_ws/install/turtlebot3_controller/share/ament_index/resource_index/packages/turtlebot3_controller
[64.113s] -- Installing: /home/an/an_ws/install/turtlebot3_controller/share/turtlebot3_controller/cmake/turtlebot3_controllerConfig.cmake
[64.114s] -- Installing: /home/an/an_ws/install/turtlebot3_controller/share/turtlebot3_controller/cmake/turtlebot3_controllerConfig-version.cmake
[64.115s] -- Installing: /home/an/an_ws/install/turtlebot3_controller/share/turtlebot3_controller/package.xml
[64.122s] Invoked command in '/home/an/an_ws/build/turtlebot3_controller' returned '0': CMAKE_PREFIX_PATH=/home/an/ros2_ws/install/self_driving:/opt/ros/humble /usr/bin/cmake --install /home/an/an_ws/build/turtlebot3_controller
