[0.103s] Invoking command in '/home/an/an_ws/build/rtf_lds_driver': CMAKE_PREFIX_PATH=${CMAKE_PREFIX_PATH}:/home/an/ros2_ws/install/self_driving:/opt/ros/humble /usr/bin/cmake --build /home/an/an_ws/build/rtf_lds_driver -- -j4 -l4
[0.462s] [100%] Built target hlds_laser_publisher
[0.524s] Invoked command in '/home/an/an_ws/build/rtf_lds_driver' returned '0': CMAKE_PREFIX_PATH=${CMAKE_PREFIX_PATH}:/home/an/ros2_ws/install/self_driving:/opt/ros/humble /usr/bin/cmake --build /home/an/an_ws/build/rtf_lds_driver -- -j4 -l4
[0.656s] Invoking command in '/home/an/an_ws/build/rtf_lds_driver': CMAKE_PREFIX_PATH=${CMAKE_PREFIX_PATH}:/home/an/ros2_ws/install/self_driving:/opt/ros/humble /usr/bin/cmake --install /home/an/an_ws/build/rtf_lds_driver
[0.695s] -- Install configuration: ""
[0.695s] -- Up-to-date: /home/an/an_ws/install/rtf_lds_driver/share/rtf_lds_driver/launch
[0.696s] -- Up-to-date: /home/an/an_ws/install/rtf_lds_driver/share/rtf_lds_driver/launch/hlds_laser.launch.py
[0.698s] -- Up-to-date: /home/an/an_ws/install/rtf_lds_driver/share/rtf_lds_driver/launch/view_hlds_laser.launch.py
[0.698s] -- Up-to-date: /home/an/an_ws/install/rtf_lds_driver/share/rtf_lds_driver/rviz
[0.699s] -- Up-to-date: /home/an/an_ws/install/rtf_lds_driver/share/rtf_lds_driver/rviz/hlds_laser.rviz
[0.700s] -- Up-to-date: /home/an/an_ws/install/rtf_lds_driver/lib/rtf_lds_driver/hlds_laser_publisher
[0.708s] -- Up-to-date: /home/an/an_ws/install/rtf_lds_driver/share/ament_index/resource_index/package_run_dependencies/rtf_lds_driver
[0.710s] -- Up-to-date: /home/an/an_ws/install/rtf_lds_driver/share/ament_index/resource_index/parent_prefix_path/rtf_lds_driver
[0.711s] -- Up-to-date: /home/an/an_ws/install/rtf_lds_driver/share/rtf_lds_driver/environment/ament_prefix_path.sh
[0.714s] -- Up-to-date: /home/an/an_ws/install/rtf_lds_driver/share/rtf_lds_driver/environment/ament_prefix_path.dsv
[0.714s] -- Up-to-date: /home/an/an_ws/install/rtf_lds_driver/share/rtf_lds_driver/environment/path.sh
[0.718s] -- Up-to-date: /home/an/an_ws/install/rtf_lds_driver/share/rtf_lds_driver/environment/path.dsv
[0.721s] -- Up-to-date: /home/an/an_ws/install/rtf_lds_driver/share/rtf_lds_driver/local_setup.bash
[0.724s] -- Up-to-date: /home/an/an_ws/install/rtf_lds_driver/share/rtf_lds_driver/local_setup.sh
[0.726s] -- Up-to-date: /home/an/an_ws/install/rtf_lds_driver/share/rtf_lds_driver/local_setup.zsh
[0.727s] -- Up-to-date: /home/an/an_ws/install/rtf_lds_driver/share/rtf_lds_driver/local_setup.dsv
[0.729s] -- Installing: /home/an/an_ws/install/rtf_lds_driver/share/rtf_lds_driver/package.dsv
[0.738s] -- Up-to-date: /home/an/an_ws/install/rtf_lds_driver/share/ament_index/resource_index/packages/rtf_lds_driver
[0.740s] -- Up-to-date: /home/an/an_ws/install/rtf_lds_driver/share/rtf_lds_driver/cmake/ament_cmake_export_dependencies-extras.cmake
[0.741s] -- Up-to-date: /home/an/an_ws/install/rtf_lds_driver/share/rtf_lds_driver/cmake/ament_cmake_export_include_directories-extras.cmake
[0.741s] -- Up-to-date: /home/an/an_ws/install/rtf_lds_driver/share/rtf_lds_driver/cmake/rtf_lds_driverConfig.cmake
[0.743s] -- Up-to-date: /home/an/an_ws/install/rtf_lds_driver/share/rtf_lds_driver/cmake/rtf_lds_driverConfig-version.cmake
[0.744s] -- Up-to-date: /home/an/an_ws/install/rtf_lds_driver/share/rtf_lds_driver/package.xml
[0.754s] Invoked command in '/home/an/an_ws/build/rtf_lds_driver' returned '0': CMAKE_PREFIX_PATH=${CMAKE_PREFIX_PATH}:/home/an/ros2_ws/install/self_driving:/opt/ros/humble /usr/bin/cmake --install /home/an/an_ws/build/rtf_lds_driver
