[0.420s] DEBUG:colcon:Command line arguments: ['/usr/bin/colcon', 'build']
[0.420s] DEBUG:colcon:Parsed command line arguments: Namespace(log_base=None, log_level=None, verb_name='build', build_base='build', install_base='install', merge_install=False, symlink_install=False, test_result_base=None, continue_on_error=False, executor='parallel', parallel_workers=4, event_handlers=None, ignore_user_meta=False, metas=['./colcon.meta'], base_paths=['.'], packages_ignore=None, packages_ignore_regex=None, paths=None, packages_up_to=None, packages_up_to_regex=None, packages_above=None, packages_above_and_dependencies=None, packages_above_depth=None, packages_select_by_dep=None, packages_skip_by_dep=None, packages_skip_up_to=None, packages_select_build_failed=False, packages_skip_build_finished=False, packages_select_test_failures=False, packages_skip_test_passed=False, packages_select=None, packages_skip=None, packages_select_regex=None, packages_skip_regex=None, packages_start=None, packages_end=None, allow_overriding=[], cmake_args=None, cmake_target=None, cmake_target_skip_unavailable=False, cmake_clean_cache=False, cmake_clean_first=False, cmake_force_configure=False, ament_cmake_args=None, catkin_cmake_args=None, catkin_skip_building_tests=False, verb_parser=<colcon_defaults.argument_parser.defaults.DefaultArgumentsDecorator object at 0xffffbad17700>, verb_extension=<colcon_core.verb.build.BuildVerb object at 0xffffbac5c2b0>, main=<bound method BuildVerb.main of <colcon_core.verb.build.BuildVerb object at 0xffffbac5c2b0>>)
[1.088s] Level 1:colcon.colcon_core.package_discovery:discover_packages(colcon_meta) check parameters
[1.089s] Level 1:colcon.colcon_core.package_discovery:discover_packages(recursive) check parameters
[1.089s] Level 1:colcon.colcon_core.package_discovery:discover_packages(ignore) check parameters
[1.089s] Level 1:colcon.colcon_core.package_discovery:discover_packages(path) check parameters
[1.089s] Level 1:colcon.colcon_core.package_discovery:discover_packages(colcon_meta) discover
[1.089s] Level 1:colcon.colcon_core.package_discovery:discover_packages(recursive) discover
[1.089s] INFO:colcon.colcon_core.package_discovery:Crawling recursively for packages in '/home/an/an_ws'
[1.090s] Level 1:colcon.colcon_core.package_identification:_identify(.) by extensions ['ignore', 'ignore_ament_install']
[1.091s] Level 1:colcon.colcon_core.package_identification:_identify(.) by extension 'ignore'
[1.091s] Level 1:colcon.colcon_core.package_identification:_identify(.) by extension 'ignore_ament_install'
[1.091s] Level 1:colcon.colcon_core.package_identification:_identify(.) by extensions ['colcon_pkg']
[1.091s] Level 1:colcon.colcon_core.package_identification:_identify(.) by extension 'colcon_pkg'
[1.092s] Level 1:colcon.colcon_core.package_identification:_identify(.) by extensions ['colcon_meta']
[1.092s] Level 1:colcon.colcon_core.package_identification:_identify(.) by extension 'colcon_meta'
[1.092s] Level 1:colcon.colcon_core.package_identification:_identify(.) by extensions ['ros']
[1.092s] Level 1:colcon.colcon_core.package_identification:_identify(.) by extension 'ros'
[1.135s] Level 1:colcon.colcon_core.package_identification:_identify(.) by extensions ['cmake', 'python']
[1.136s] Level 1:colcon.colcon_core.package_identification:_identify(.) by extension 'cmake'
[1.136s] Level 1:colcon.colcon_core.package_identification:_identify(.) by extension 'python'
[1.136s] Level 1:colcon.colcon_core.package_identification:_identify(.) by extensions ['python_setup_py']
[1.136s] Level 1:colcon.colcon_core.package_identification:_identify(.) by extension 'python_setup_py'
[1.137s] Level 1:colcon.colcon_core.package_identification:_identify(build) by extensions ['ignore', 'ignore_ament_install']
[1.137s] Level 1:colcon.colcon_core.package_identification:_identify(build) by extension 'ignore'
[1.137s] Level 1:colcon.colcon_core.package_identification:_identify(build) ignored
[1.138s] Level 1:colcon.colcon_core.package_identification:_identify(install) by extensions ['ignore', 'ignore_ament_install']
[1.138s] Level 1:colcon.colcon_core.package_identification:_identify(install) by extension 'ignore'
[1.138s] Level 1:colcon.colcon_core.package_identification:_identify(install) ignored
[1.139s] Level 1:colcon.colcon_core.package_identification:_identify(log) by extensions ['ignore', 'ignore_ament_install']
[1.139s] Level 1:colcon.colcon_core.package_identification:_identify(log) by extension 'ignore'
[1.140s] Level 1:colcon.colcon_core.package_identification:_identify(log) ignored
[1.140s] Level 1:colcon.colcon_core.package_identification:_identify(src) by extensions ['ignore', 'ignore_ament_install']
[1.140s] Level 1:colcon.colcon_core.package_identification:_identify(src) by extension 'ignore'
[1.140s] Level 1:colcon.colcon_core.package_identification:_identify(src) by extension 'ignore_ament_install'
[1.141s] Level 1:colcon.colcon_core.package_identification:_identify(src) by extensions ['colcon_pkg']
[1.141s] Level 1:colcon.colcon_core.package_identification:_identify(src) by extension 'colcon_pkg'
[1.141s] Level 1:colcon.colcon_core.package_identification:_identify(src) by extensions ['colcon_meta']
[1.141s] Level 1:colcon.colcon_core.package_identification:_identify(src) by extension 'colcon_meta'
[1.141s] Level 1:colcon.colcon_core.package_identification:_identify(src) by extensions ['ros']
[1.141s] Level 1:colcon.colcon_core.package_identification:_identify(src) by extension 'ros'
[1.142s] Level 1:colcon.colcon_core.package_identification:_identify(src) by extensions ['cmake', 'python']
[1.142s] Level 1:colcon.colcon_core.package_identification:_identify(src) by extension 'cmake'
[1.142s] Level 1:colcon.colcon_core.package_identification:_identify(src) by extension 'python'
[1.142s] Level 1:colcon.colcon_core.package_identification:_identify(src) by extensions ['python_setup_py']
[1.142s] Level 1:colcon.colcon_core.package_identification:_identify(src) by extension 'python_setup_py'
[1.143s] Level 1:colcon.colcon_core.package_identification:_identify(src/diffdrive_esp32) by extensions ['ignore', 'ignore_ament_install']
[1.143s] Level 1:colcon.colcon_core.package_identification:_identify(src/diffdrive_esp32) by extension 'ignore'
[1.143s] Level 1:colcon.colcon_core.package_identification:_identify(src/diffdrive_esp32) by extension 'ignore_ament_install'
[1.143s] Level 1:colcon.colcon_core.package_identification:_identify(src/diffdrive_esp32) by extensions ['colcon_pkg']
[1.143s] Level 1:colcon.colcon_core.package_identification:_identify(src/diffdrive_esp32) by extension 'colcon_pkg'
[1.144s] Level 1:colcon.colcon_core.package_identification:_identify(src/diffdrive_esp32) by extensions ['colcon_meta']
[1.144s] Level 1:colcon.colcon_core.package_identification:_identify(src/diffdrive_esp32) by extension 'colcon_meta'
[1.144s] Level 1:colcon.colcon_core.package_identification:_identify(src/diffdrive_esp32) by extensions ['ros']
[1.144s] Level 1:colcon.colcon_core.package_identification:_identify(src/diffdrive_esp32) by extension 'ros'
[1.160s] DEBUG:colcon.colcon_core.package_identification:Package 'src/diffdrive_esp32' with type 'ros.ament_cmake' and name 'diffdrive_esp32'
[1.160s] Level 1:colcon.colcon_core.package_identification:_identify(src/mpu6050) by extensions ['ignore', 'ignore_ament_install']
[1.161s] Level 1:colcon.colcon_core.package_identification:_identify(src/mpu6050) by extension 'ignore'
[1.161s] Level 1:colcon.colcon_core.package_identification:_identify(src/mpu6050) by extension 'ignore_ament_install'
[1.161s] Level 1:colcon.colcon_core.package_identification:_identify(src/mpu6050) by extensions ['colcon_pkg']
[1.161s] Level 1:colcon.colcon_core.package_identification:_identify(src/mpu6050) by extension 'colcon_pkg'
[1.162s] Level 1:colcon.colcon_core.package_identification:_identify(src/mpu6050) by extensions ['colcon_meta']
[1.162s] Level 1:colcon.colcon_core.package_identification:_identify(src/mpu6050) by extension 'colcon_meta'
[1.162s] Level 1:colcon.colcon_core.package_identification:_identify(src/mpu6050) by extensions ['ros']
[1.162s] Level 1:colcon.colcon_core.package_identification:_identify(src/mpu6050) by extension 'ros'
[1.165s] DEBUG:colcon.colcon_core.package_identification:Package 'src/mpu6050' with type 'ros.ament_cmake' and name 'mpu6050'
[1.166s] Level 1:colcon.colcon_core.package_identification:_identify(src/rtf_lds_lidar-master) by extensions ['ignore', 'ignore_ament_install']
[1.166s] Level 1:colcon.colcon_core.package_identification:_identify(src/rtf_lds_lidar-master) by extension 'ignore'
[1.166s] Level 1:colcon.colcon_core.package_identification:_identify(src/rtf_lds_lidar-master) by extension 'ignore_ament_install'
[1.166s] Level 1:colcon.colcon_core.package_identification:_identify(src/rtf_lds_lidar-master) by extensions ['colcon_pkg']
[1.167s] Level 1:colcon.colcon_core.package_identification:_identify(src/rtf_lds_lidar-master) by extension 'colcon_pkg'
[1.167s] Level 1:colcon.colcon_core.package_identification:_identify(src/rtf_lds_lidar-master) by extensions ['colcon_meta']
[1.167s] Level 1:colcon.colcon_core.package_identification:_identify(src/rtf_lds_lidar-master) by extension 'colcon_meta'
[1.167s] Level 1:colcon.colcon_core.package_identification:_identify(src/rtf_lds_lidar-master) by extensions ['ros']
[1.167s] Level 1:colcon.colcon_core.package_identification:_identify(src/rtf_lds_lidar-master) by extension 'ros'
[1.170s] DEBUG:colcon.colcon_core.package_identification:Package 'src/rtf_lds_lidar-master' with type 'ros.ament_cmake' and name 'rtf_lds_driver'
[1.171s] Level 1:colcon.colcon_core.package_identification:_identify(src/turtlebot3_controller) by extensions ['ignore', 'ignore_ament_install']
[1.171s] Level 1:colcon.colcon_core.package_identification:_identify(src/turtlebot3_controller) by extension 'ignore'
[1.171s] Level 1:colcon.colcon_core.package_identification:_identify(src/turtlebot3_controller) by extension 'ignore_ament_install'
[1.172s] Level 1:colcon.colcon_core.package_identification:_identify(src/turtlebot3_controller) by extensions ['colcon_pkg']
[1.172s] Level 1:colcon.colcon_core.package_identification:_identify(src/turtlebot3_controller) by extension 'colcon_pkg'
[1.172s] Level 1:colcon.colcon_core.package_identification:_identify(src/turtlebot3_controller) by extensions ['colcon_meta']
[1.172s] Level 1:colcon.colcon_core.package_identification:_identify(src/turtlebot3_controller) by extension 'colcon_meta'
[1.172s] Level 1:colcon.colcon_core.package_identification:_identify(src/turtlebot3_controller) by extensions ['ros']
[1.172s] Level 1:colcon.colcon_core.package_identification:_identify(src/turtlebot3_controller) by extension 'ros'
[1.176s] DEBUG:colcon.colcon_core.package_identification:Package 'src/turtlebot3_controller' with type 'ros.ament_cmake' and name 'turtlebot3_controller'
[1.177s] Level 1:colcon.colcon_core.package_identification:_identify(src/turtlebot3_description) by extensions ['ignore', 'ignore_ament_install']
[1.177s] Level 1:colcon.colcon_core.package_identification:_identify(src/turtlebot3_description) by extension 'ignore'
[1.178s] Level 1:colcon.colcon_core.package_identification:_identify(src/turtlebot3_description) by extension 'ignore_ament_install'
[1.178s] Level 1:colcon.colcon_core.package_identification:_identify(src/turtlebot3_description) by extensions ['colcon_pkg']
[1.178s] Level 1:colcon.colcon_core.package_identification:_identify(src/turtlebot3_description) by extension 'colcon_pkg'
[1.178s] Level 1:colcon.colcon_core.package_identification:_identify(src/turtlebot3_description) by extensions ['colcon_meta']
[1.178s] Level 1:colcon.colcon_core.package_identification:_identify(src/turtlebot3_description) by extension 'colcon_meta'
[1.178s] Level 1:colcon.colcon_core.package_identification:_identify(src/turtlebot3_description) by extensions ['ros']
[1.179s] Level 1:colcon.colcon_core.package_identification:_identify(src/turtlebot3_description) by extension 'ros'
[1.180s] DEBUG:colcon.colcon_core.package_identification:Package 'src/turtlebot3_description' with type 'ros.ament_cmake' and name 'turtlebot3_description'
[1.181s] Level 1:colcon.colcon_core.package_discovery:discover_packages(recursive) using defaults
[1.181s] Level 1:colcon.colcon_core.package_discovery:discover_packages(ignore) discover
[1.181s] Level 1:colcon.colcon_core.package_discovery:discover_packages(ignore) using defaults
[1.181s] Level 1:colcon.colcon_core.package_discovery:discover_packages(path) discover
[1.181s] Level 1:colcon.colcon_core.package_discovery:discover_packages(path) using defaults
[1.260s] Level 1:colcon.colcon_core.package_discovery:discover_packages(prefix_path) check parameters
[1.260s] Level 1:colcon.colcon_core.package_discovery:discover_packages(prefix_path) discover
[1.268s] DEBUG:colcon.colcon_installed_package_information.package_discovery:Found 0 installed packages in /home/an/bao_ws/install
[1.270s] DEBUG:colcon.colcon_installed_package_information.package_discovery:Found 1 installed packages in /home/an/ros2_ws/install
[1.273s] DEBUG:colcon.colcon_installed_package_information.package_discovery:Found 5 installed packages in /home/an/an_ws/install
[1.280s] DEBUG:colcon.colcon_installed_package_information.package_discovery:Found 229 installed packages in /opt/ros/humble
[1.286s] Level 1:colcon.colcon_core.package_discovery:discover_packages(prefix_path) using defaults
[1.453s] Level 5:colcon.colcon_core.verb:set package 'diffdrive_esp32' build argument 'cmake_args' from command line to 'None'
[1.453s] Level 5:colcon.colcon_core.verb:set package 'diffdrive_esp32' build argument 'cmake_target' from command line to 'None'
[1.453s] Level 5:colcon.colcon_core.verb:set package 'diffdrive_esp32' build argument 'cmake_target_skip_unavailable' from command line to 'False'
[1.453s] Level 5:colcon.colcon_core.verb:set package 'diffdrive_esp32' build argument 'cmake_clean_cache' from command line to 'False'
[1.453s] Level 5:colcon.colcon_core.verb:set package 'diffdrive_esp32' build argument 'cmake_clean_first' from command line to 'False'
[1.453s] Level 5:colcon.colcon_core.verb:set package 'diffdrive_esp32' build argument 'cmake_force_configure' from command line to 'False'
[1.453s] Level 5:colcon.colcon_core.verb:set package 'diffdrive_esp32' build argument 'ament_cmake_args' from command line to 'None'
[1.454s] Level 5:colcon.colcon_core.verb:set package 'diffdrive_esp32' build argument 'catkin_cmake_args' from command line to 'None'
[1.454s] Level 5:colcon.colcon_core.verb:set package 'diffdrive_esp32' build argument 'catkin_skip_building_tests' from command line to 'False'
[1.454s] DEBUG:colcon.colcon_core.verb:Building package 'diffdrive_esp32' with the following arguments: {'ament_cmake_args': None, 'build_base': '/home/an/an_ws/build/diffdrive_esp32', 'catkin_cmake_args': None, 'catkin_skip_building_tests': False, 'cmake_args': None, 'cmake_clean_cache': False, 'cmake_clean_first': False, 'cmake_force_configure': False, 'cmake_target': None, 'cmake_target_skip_unavailable': False, 'install_base': '/home/an/an_ws/install/diffdrive_esp32', 'merge_install': False, 'path': '/home/an/an_ws/src/diffdrive_esp32', 'symlink_install': False, 'test_result_base': None}
[1.455s] Level 5:colcon.colcon_core.verb:set package 'mpu6050' build argument 'cmake_args' from command line to 'None'
[1.455s] Level 5:colcon.colcon_core.verb:set package 'mpu6050' build argument 'cmake_target' from command line to 'None'
[1.455s] Level 5:colcon.colcon_core.verb:set package 'mpu6050' build argument 'cmake_target_skip_unavailable' from command line to 'False'
[1.456s] Level 5:colcon.colcon_core.verb:set package 'mpu6050' build argument 'cmake_clean_cache' from command line to 'False'
[1.456s] Level 5:colcon.colcon_core.verb:set package 'mpu6050' build argument 'cmake_clean_first' from command line to 'False'
[1.456s] Level 5:colcon.colcon_core.verb:set package 'mpu6050' build argument 'cmake_force_configure' from command line to 'False'
[1.456s] Level 5:colcon.colcon_core.verb:set package 'mpu6050' build argument 'ament_cmake_args' from command line to 'None'
[1.456s] Level 5:colcon.colcon_core.verb:set package 'mpu6050' build argument 'catkin_cmake_args' from command line to 'None'
[1.456s] Level 5:colcon.colcon_core.verb:set package 'mpu6050' build argument 'catkin_skip_building_tests' from command line to 'False'
[1.456s] DEBUG:colcon.colcon_core.verb:Building package 'mpu6050' with the following arguments: {'ament_cmake_args': None, 'build_base': '/home/an/an_ws/build/mpu6050', 'catkin_cmake_args': None, 'catkin_skip_building_tests': False, 'cmake_args': None, 'cmake_clean_cache': False, 'cmake_clean_first': False, 'cmake_force_configure': False, 'cmake_target': None, 'cmake_target_skip_unavailable': False, 'install_base': '/home/an/an_ws/install/mpu6050', 'merge_install': False, 'path': '/home/an/an_ws/src/mpu6050', 'symlink_install': False, 'test_result_base': None}
[1.458s] Level 5:colcon.colcon_core.verb:set package 'rtf_lds_driver' build argument 'cmake_args' from command line to 'None'
[1.458s] Level 5:colcon.colcon_core.verb:set package 'rtf_lds_driver' build argument 'cmake_target' from command line to 'None'
[1.458s] Level 5:colcon.colcon_core.verb:set package 'rtf_lds_driver' build argument 'cmake_target_skip_unavailable' from command line to 'False'
[1.458s] Level 5:colcon.colcon_core.verb:set package 'rtf_lds_driver' build argument 'cmake_clean_cache' from command line to 'False'
[1.458s] Level 5:colcon.colcon_core.verb:set package 'rtf_lds_driver' build argument 'cmake_clean_first' from command line to 'False'
[1.458s] Level 5:colcon.colcon_core.verb:set package 'rtf_lds_driver' build argument 'cmake_force_configure' from command line to 'False'
[1.458s] Level 5:colcon.colcon_core.verb:set package 'rtf_lds_driver' build argument 'ament_cmake_args' from command line to 'None'
[1.458s] Level 5:colcon.colcon_core.verb:set package 'rtf_lds_driver' build argument 'catkin_cmake_args' from command line to 'None'
[1.458s] Level 5:colcon.colcon_core.verb:set package 'rtf_lds_driver' build argument 'catkin_skip_building_tests' from command line to 'False'
[1.459s] DEBUG:colcon.colcon_core.verb:Building package 'rtf_lds_driver' with the following arguments: {'ament_cmake_args': None, 'build_base': '/home/an/an_ws/build/rtf_lds_driver', 'catkin_cmake_args': None, 'catkin_skip_building_tests': False, 'cmake_args': None, 'cmake_clean_cache': False, 'cmake_clean_first': False, 'cmake_force_configure': False, 'cmake_target': None, 'cmake_target_skip_unavailable': False, 'install_base': '/home/an/an_ws/install/rtf_lds_driver', 'merge_install': False, 'path': '/home/an/an_ws/src/rtf_lds_lidar-master', 'symlink_install': False, 'test_result_base': None}
[1.460s] Level 5:colcon.colcon_core.verb:set package 'turtlebot3_controller' build argument 'cmake_args' from command line to 'None'
[1.460s] Level 5:colcon.colcon_core.verb:set package 'turtlebot3_controller' build argument 'cmake_target' from command line to 'None'
[1.460s] Level 5:colcon.colcon_core.verb:set package 'turtlebot3_controller' build argument 'cmake_target_skip_unavailable' from command line to 'False'
[1.460s] Level 5:colcon.colcon_core.verb:set package 'turtlebot3_controller' build argument 'cmake_clean_cache' from command line to 'False'
[1.460s] Level 5:colcon.colcon_core.verb:set package 'turtlebot3_controller' build argument 'cmake_clean_first' from command line to 'False'
[1.460s] Level 5:colcon.colcon_core.verb:set package 'turtlebot3_controller' build argument 'cmake_force_configure' from command line to 'False'
[1.460s] Level 5:colcon.colcon_core.verb:set package 'turtlebot3_controller' build argument 'ament_cmake_args' from command line to 'None'
[1.461s] Level 5:colcon.colcon_core.verb:set package 'turtlebot3_controller' build argument 'catkin_cmake_args' from command line to 'None'
[1.461s] Level 5:colcon.colcon_core.verb:set package 'turtlebot3_controller' build argument 'catkin_skip_building_tests' from command line to 'False'
[1.461s] DEBUG:colcon.colcon_core.verb:Building package 'turtlebot3_controller' with the following arguments: {'ament_cmake_args': None, 'build_base': '/home/an/an_ws/build/turtlebot3_controller', 'catkin_cmake_args': None, 'catkin_skip_building_tests': False, 'cmake_args': None, 'cmake_clean_cache': False, 'cmake_clean_first': False, 'cmake_force_configure': False, 'cmake_target': None, 'cmake_target_skip_unavailable': False, 'install_base': '/home/an/an_ws/install/turtlebot3_controller', 'merge_install': False, 'path': '/home/an/an_ws/src/turtlebot3_controller', 'symlink_install': False, 'test_result_base': None}
[1.462s] Level 5:colcon.colcon_core.verb:set package 'turtlebot3_description' build argument 'cmake_args' from command line to 'None'
[1.462s] Level 5:colcon.colcon_core.verb:set package 'turtlebot3_description' build argument 'cmake_target' from command line to 'None'
[1.462s] Level 5:colcon.colcon_core.verb:set package 'turtlebot3_description' build argument 'cmake_target_skip_unavailable' from command line to 'False'
[1.463s] Level 5:colcon.colcon_core.verb:set package 'turtlebot3_description' build argument 'cmake_clean_cache' from command line to 'False'
[1.463s] Level 5:colcon.colcon_core.verb:set package 'turtlebot3_description' build argument 'cmake_clean_first' from command line to 'False'
[1.463s] Level 5:colcon.colcon_core.verb:set package 'turtlebot3_description' build argument 'cmake_force_configure' from command line to 'False'
[1.463s] Level 5:colcon.colcon_core.verb:set package 'turtlebot3_description' build argument 'ament_cmake_args' from command line to 'None'
[1.463s] Level 5:colcon.colcon_core.verb:set package 'turtlebot3_description' build argument 'catkin_cmake_args' from command line to 'None'
[1.463s] Level 5:colcon.colcon_core.verb:set package 'turtlebot3_description' build argument 'catkin_skip_building_tests' from command line to 'False'
[1.463s] DEBUG:colcon.colcon_core.verb:Building package 'turtlebot3_description' with the following arguments: {'ament_cmake_args': None, 'build_base': '/home/an/an_ws/build/turtlebot3_description', 'catkin_cmake_args': None, 'catkin_skip_building_tests': False, 'cmake_args': None, 'cmake_clean_cache': False, 'cmake_clean_first': False, 'cmake_force_configure': False, 'cmake_target': None, 'cmake_target_skip_unavailable': False, 'install_base': '/home/an/an_ws/install/turtlebot3_description', 'merge_install': False, 'path': '/home/an/an_ws/src/turtlebot3_description', 'symlink_install': False, 'test_result_base': None}
[1.464s] INFO:colcon.colcon_core.executor:Executing jobs using 'parallel' executor
[1.467s] DEBUG:colcon.colcon_parallel_executor.executor.parallel:run_until_complete
[1.467s] INFO:colcon.colcon_ros.task.ament_cmake.build:Building ROS package in '/home/an/an_ws/src/diffdrive_esp32' with build type 'ament_cmake'
[1.468s] INFO:colcon.colcon_cmake.task.cmake.build:Building CMake package in '/home/an/an_ws/src/diffdrive_esp32'
[1.476s] INFO:colcon.colcon_core.plugin_system:Skipping extension 'colcon_core.shell.bat': Not used on non-Windows systems
[1.478s] INFO:colcon.colcon_core.shell:Skip shell extension 'powershell' for command environment: Not usable outside of PowerShell
[1.478s] DEBUG:colcon.colcon_core.shell:Skip shell extension 'dsv' for command environment
[1.499s] INFO:colcon.colcon_ros.task.ament_cmake.build:Building ROS package in '/home/an/an_ws/src/mpu6050' with build type 'ament_cmake'
[1.500s] INFO:colcon.colcon_cmake.task.cmake.build:Building CMake package in '/home/an/an_ws/src/mpu6050'
[1.501s] INFO:colcon.colcon_core.shell:Skip shell extension 'powershell' for command environment: Not usable outside of PowerShell
[1.501s] DEBUG:colcon.colcon_core.shell:Skip shell extension 'dsv' for command environment
[1.523s] INFO:colcon.colcon_ros.task.ament_cmake.build:Building ROS package in '/home/an/an_ws/src/rtf_lds_lidar-master' with build type 'ament_cmake'
[1.523s] INFO:colcon.colcon_cmake.task.cmake.build:Building CMake package in '/home/an/an_ws/src/rtf_lds_lidar-master'
[1.524s] INFO:colcon.colcon_core.shell:Skip shell extension 'powershell' for command environment: Not usable outside of PowerShell
[1.525s] DEBUG:colcon.colcon_core.shell:Skip shell extension 'dsv' for command environment
[1.546s] INFO:colcon.colcon_ros.task.ament_cmake.build:Building ROS package in '/home/an/an_ws/src/turtlebot3_controller' with build type 'ament_cmake'
[1.547s] INFO:colcon.colcon_cmake.task.cmake.build:Building CMake package in '/home/an/an_ws/src/turtlebot3_controller'
[1.548s] INFO:colcon.colcon_core.shell:Skip shell extension 'powershell' for command environment: Not usable outside of PowerShell
[1.548s] DEBUG:colcon.colcon_core.shell:Skip shell extension 'dsv' for command environment
[1.588s] DEBUG:colcon.colcon_core.event_handler.log_command:Invoking command in '/home/an/an_ws/build/diffdrive_esp32': CMAKE_PREFIX_PATH=${CMAKE_PREFIX_PATH}:/home/an/ros2_ws/install/self_driving:/opt/ros/humble /usr/bin/cmake --build /home/an/an_ws/build/diffdrive_esp32 -- -j4 -l4
[1.614s] DEBUG:colcon.colcon_core.event_handler.log_command:Invoking command in '/home/an/an_ws/build/mpu6050': CMAKE_PREFIX_PATH=${CMAKE_PREFIX_PATH}:/home/an/ros2_ws/install/self_driving:/opt/ros/humble /usr/bin/cmake --build /home/an/an_ws/build/mpu6050 -- -j4 -l4
[1.627s] DEBUG:colcon.colcon_core.event_handler.log_command:Invoking command in '/home/an/an_ws/build/rtf_lds_driver': CMAKE_PREFIX_PATH=${CMAKE_PREFIX_PATH}:/home/an/ros2_ws/install/self_driving:/opt/ros/humble /usr/bin/cmake --build /home/an/an_ws/build/rtf_lds_driver -- -j4 -l4
[1.672s] DEBUG:colcon.colcon_core.event_handler.log_command:Invoking command in '/home/an/an_ws/build/turtlebot3_controller': CMAKE_PREFIX_PATH=${CMAKE_PREFIX_PATH}:/home/an/ros2_ws/install/self_driving:/opt/ros/humble /usr/bin/cmake --build /home/an/an_ws/build/turtlebot3_controller -- -j4 -l4
[1.979s] DEBUG:colcon.colcon_core.event_handler.log_command:Invoked command in '/home/an/an_ws/build/diffdrive_esp32' returned '0': CMAKE_PREFIX_PATH=${CMAKE_PREFIX_PATH}:/home/an/ros2_ws/install/self_driving:/opt/ros/humble /usr/bin/cmake --build /home/an/an_ws/build/diffdrive_esp32 -- -j4 -l4
[2.048s] DEBUG:colcon.colcon_core.event_handler.log_command:Invoked command in '/home/an/an_ws/build/rtf_lds_driver' returned '0': CMAKE_PREFIX_PATH=${CMAKE_PREFIX_PATH}:/home/an/ros2_ws/install/self_driving:/opt/ros/humble /usr/bin/cmake --build /home/an/an_ws/build/rtf_lds_driver -- -j4 -l4
[2.053s] DEBUG:colcon.colcon_core.event_handler.log_command:Invoked command in '/home/an/an_ws/build/mpu6050' returned '0': CMAKE_PREFIX_PATH=${CMAKE_PREFIX_PATH}:/home/an/ros2_ws/install/self_driving:/opt/ros/humble /usr/bin/cmake --build /home/an/an_ws/build/mpu6050 -- -j4 -l4
[2.061s] DEBUG:colcon.colcon_core.event_handler.log_command:Invoked command in '/home/an/an_ws/build/turtlebot3_controller' returned '0': CMAKE_PREFIX_PATH=${CMAKE_PREFIX_PATH}:/home/an/ros2_ws/install/self_driving:/opt/ros/humble /usr/bin/cmake --build /home/an/an_ws/build/turtlebot3_controller -- -j4 -l4
[2.170s] DEBUG:colcon.colcon_core.event_handler.log_command:Invoking command in '/home/an/an_ws/build/diffdrive_esp32': CMAKE_PREFIX_PATH=${CMAKE_PREFIX_PATH}:/home/an/ros2_ws/install/self_driving:/opt/ros/humble /usr/bin/cmake --install /home/an/an_ws/build/diffdrive_esp32
[2.180s] DEBUG:colcon.colcon_core.event_handler.log_command:Invoking command in '/home/an/an_ws/build/rtf_lds_driver': CMAKE_PREFIX_PATH=${CMAKE_PREFIX_PATH}:/home/an/ros2_ws/install/self_driving:/opt/ros/humble /usr/bin/cmake --install /home/an/an_ws/build/rtf_lds_driver
[2.193s] DEBUG:colcon.colcon_core.event_handler.log_command:Invoking command in '/home/an/an_ws/build/turtlebot3_controller': CMAKE_PREFIX_PATH=${CMAKE_PREFIX_PATH}:/home/an/ros2_ws/install/self_driving:/opt/ros/humble /usr/bin/cmake --install /home/an/an_ws/build/turtlebot3_controller
[2.246s] Level 1:colcon.colcon_core.environment:create_environment_scripts_only(rtf_lds_driver)
[2.278s] DEBUG:colcon.colcon_core.event_handler.log_command:Invoked command in '/home/an/an_ws/build/rtf_lds_driver' returned '0': CMAKE_PREFIX_PATH=${CMAKE_PREFIX_PATH}:/home/an/ros2_ws/install/self_driving:/opt/ros/humble /usr/bin/cmake --install /home/an/an_ws/build/rtf_lds_driver
[2.284s] Level 1:colcon.colcon_core.environment:checking '/home/an/an_ws/install/rtf_lds_driver' for CMake module files
[2.293s] Level 1:colcon.colcon_core.environment:checking '/home/an/an_ws/install/rtf_lds_driver' for CMake config files
[2.298s] Level 1:colcon.colcon_core.shell:create_environment_hook('rtf_lds_driver', 'cmake_prefix_path')
[2.299s] INFO:colcon.colcon_core.shell:Creating environment hook '/home/an/an_ws/install/rtf_lds_driver/share/rtf_lds_driver/hook/cmake_prefix_path.ps1'
[2.302s] INFO:colcon.colcon_core.shell:Creating environment descriptor '/home/an/an_ws/install/rtf_lds_driver/share/rtf_lds_driver/hook/cmake_prefix_path.dsv'
[2.304s] INFO:colcon.colcon_core.shell:Creating environment hook '/home/an/an_ws/install/rtf_lds_driver/share/rtf_lds_driver/hook/cmake_prefix_path.sh'
[2.308s] Level 1:colcon.colcon_core.environment:checking '/home/an/an_ws/install/rtf_lds_driver/lib'
[2.309s] Level 1:colcon.colcon_core.environment:checking '/home/an/an_ws/install/rtf_lds_driver/bin'
[2.309s] Level 1:colcon.colcon_core.environment:checking '/home/an/an_ws/install/rtf_lds_driver/lib/pkgconfig/rtf_lds_driver.pc'
[2.310s] Level 1:colcon.colcon_core.environment:checking '/home/an/an_ws/install/rtf_lds_driver/lib/python3.10/site-packages'
[2.311s] Level 1:colcon.colcon_core.environment:checking '/home/an/an_ws/install/rtf_lds_driver/bin'
[2.312s] INFO:colcon.colcon_core.shell:Creating package script '/home/an/an_ws/install/rtf_lds_driver/share/rtf_lds_driver/package.ps1'
[2.315s] INFO:colcon.colcon_core.shell:Creating package descriptor '/home/an/an_ws/install/rtf_lds_driver/share/rtf_lds_driver/package.dsv'
[2.318s] INFO:colcon.colcon_core.shell:Creating package script '/home/an/an_ws/install/rtf_lds_driver/share/rtf_lds_driver/package.sh'
[2.321s] INFO:colcon.colcon_core.shell:Creating package script '/home/an/an_ws/install/rtf_lds_driver/share/rtf_lds_driver/package.bash'
[2.324s] INFO:colcon.colcon_core.shell:Creating package script '/home/an/an_ws/install/rtf_lds_driver/share/rtf_lds_driver/package.zsh'
[2.327s] Level 1:colcon.colcon_core.environment:create_file_with_runtime_dependencies(/home/an/an_ws/install/rtf_lds_driver/share/colcon-core/packages/rtf_lds_driver)
[2.336s] Level 1:colcon.colcon_core.environment:create_environment_scripts_only(turtlebot3_controller)
[2.337s] Level 1:colcon.colcon_core.environment:checking '/home/an/an_ws/install/turtlebot3_controller' for CMake module files
[2.338s] DEBUG:colcon.colcon_core.event_handler.log_command:Invoked command in '/home/an/an_ws/build/turtlebot3_controller' returned '0': CMAKE_PREFIX_PATH=${CMAKE_PREFIX_PATH}:/home/an/ros2_ws/install/self_driving:/opt/ros/humble /usr/bin/cmake --install /home/an/an_ws/build/turtlebot3_controller
[2.341s] Level 1:colcon.colcon_core.environment:checking '/home/an/an_ws/install/turtlebot3_controller' for CMake config files
[2.343s] Level 1:colcon.colcon_core.shell:create_environment_hook('turtlebot3_controller', 'cmake_prefix_path')
[2.345s] INFO:colcon.colcon_core.shell:Creating environment hook '/home/an/an_ws/install/turtlebot3_controller/share/turtlebot3_controller/hook/cmake_prefix_path.ps1'
[2.347s] INFO:colcon.colcon_core.shell:Creating environment descriptor '/home/an/an_ws/install/turtlebot3_controller/share/turtlebot3_controller/hook/cmake_prefix_path.dsv'
[2.349s] INFO:colcon.colcon_core.shell:Creating environment hook '/home/an/an_ws/install/turtlebot3_controller/share/turtlebot3_controller/hook/cmake_prefix_path.sh'
[2.353s] Level 1:colcon.colcon_core.environment:checking '/home/an/an_ws/install/turtlebot3_controller/lib'
[2.353s] Level 1:colcon.colcon_core.environment:checking '/home/an/an_ws/install/turtlebot3_controller/bin'
[2.354s] Level 1:colcon.colcon_core.environment:checking '/home/an/an_ws/install/turtlebot3_controller/lib/pkgconfig/turtlebot3_controller.pc'
[2.355s] Level 1:colcon.colcon_core.environment:checking '/home/an/an_ws/install/turtlebot3_controller/lib/python3.10/site-packages'
[2.356s] Level 1:colcon.colcon_core.environment:checking '/home/an/an_ws/install/turtlebot3_controller/bin'
[2.357s] INFO:colcon.colcon_core.shell:Creating package script '/home/an/an_ws/install/turtlebot3_controller/share/turtlebot3_controller/package.ps1'
[2.359s] INFO:colcon.colcon_core.shell:Creating package descriptor '/home/an/an_ws/install/turtlebot3_controller/share/turtlebot3_controller/package.dsv'
[2.362s] INFO:colcon.colcon_core.shell:Creating package script '/home/an/an_ws/install/turtlebot3_controller/share/turtlebot3_controller/package.sh'
[2.364s] INFO:colcon.colcon_core.shell:Creating package script '/home/an/an_ws/install/turtlebot3_controller/share/turtlebot3_controller/package.bash'
[2.366s] INFO:colcon.colcon_core.shell:Creating package script '/home/an/an_ws/install/turtlebot3_controller/share/turtlebot3_controller/package.zsh'
[2.368s] Level 1:colcon.colcon_core.environment:create_file_with_runtime_dependencies(/home/an/an_ws/install/turtlebot3_controller/share/colcon-core/packages/turtlebot3_controller)
[2.381s] Level 1:colcon.colcon_core.environment:create_environment_scripts_only(diffdrive_esp32)
[2.381s] DEBUG:colcon.colcon_core.event_handler.log_command:Invoking command in '/home/an/an_ws/build/mpu6050': CMAKE_PREFIX_PATH=${CMAKE_PREFIX_PATH}:/home/an/ros2_ws/install/self_driving:/opt/ros/humble /usr/bin/cmake --install /home/an/an_ws/build/mpu6050
[2.383s] Level 1:colcon.colcon_core.environment:checking '/home/an/an_ws/install/diffdrive_esp32' for CMake module files
[2.386s] DEBUG:colcon.colcon_core.event_handler.log_command:Invoked command in '/home/an/an_ws/build/diffdrive_esp32' returned '0': CMAKE_PREFIX_PATH=${CMAKE_PREFIX_PATH}:/home/an/ros2_ws/install/self_driving:/opt/ros/humble /usr/bin/cmake --install /home/an/an_ws/build/diffdrive_esp32
[2.388s] Level 1:colcon.colcon_core.environment:checking '/home/an/an_ws/install/diffdrive_esp32' for CMake config files
[2.392s] Level 1:colcon.colcon_core.shell:create_environment_hook('diffdrive_esp32', 'cmake_prefix_path')
[2.393s] INFO:colcon.colcon_core.shell:Creating environment hook '/home/an/an_ws/install/diffdrive_esp32/share/diffdrive_esp32/hook/cmake_prefix_path.ps1'
[2.396s] INFO:colcon.colcon_core.shell:Creating environment descriptor '/home/an/an_ws/install/diffdrive_esp32/share/diffdrive_esp32/hook/cmake_prefix_path.dsv'
[2.399s] INFO:colcon.colcon_core.shell:Creating environment hook '/home/an/an_ws/install/diffdrive_esp32/share/diffdrive_esp32/hook/cmake_prefix_path.sh'
[2.403s] Level 1:colcon.colcon_core.environment:checking '/home/an/an_ws/install/diffdrive_esp32/lib'
[2.403s] Level 1:colcon.colcon_core.shell:create_environment_hook('diffdrive_esp32', 'ld_library_path_lib')
[2.404s] INFO:colcon.colcon_core.shell:Creating environment hook '/home/an/an_ws/install/diffdrive_esp32/share/diffdrive_esp32/hook/ld_library_path_lib.ps1'
[2.407s] INFO:colcon.colcon_core.shell:Creating environment descriptor '/home/an/an_ws/install/diffdrive_esp32/share/diffdrive_esp32/hook/ld_library_path_lib.dsv'
[2.409s] INFO:colcon.colcon_core.shell:Creating environment hook '/home/an/an_ws/install/diffdrive_esp32/share/diffdrive_esp32/hook/ld_library_path_lib.sh'
[2.412s] Level 1:colcon.colcon_core.environment:checking '/home/an/an_ws/install/diffdrive_esp32/bin'
[2.412s] Level 1:colcon.colcon_core.environment:checking '/home/an/an_ws/install/diffdrive_esp32/lib/pkgconfig/diffdrive_esp32.pc'
[2.413s] Level 1:colcon.colcon_core.environment:checking '/home/an/an_ws/install/diffdrive_esp32/lib/python3.10/site-packages'
[2.414s] Level 1:colcon.colcon_core.environment:checking '/home/an/an_ws/install/diffdrive_esp32/bin'
[2.416s] INFO:colcon.colcon_core.shell:Creating package script '/home/an/an_ws/install/diffdrive_esp32/share/diffdrive_esp32/package.ps1'
[2.418s] INFO:colcon.colcon_core.shell:Creating package descriptor '/home/an/an_ws/install/diffdrive_esp32/share/diffdrive_esp32/package.dsv'
[2.421s] INFO:colcon.colcon_core.shell:Creating package script '/home/an/an_ws/install/diffdrive_esp32/share/diffdrive_esp32/package.sh'
[2.423s] INFO:colcon.colcon_core.shell:Creating package script '/home/an/an_ws/install/diffdrive_esp32/share/diffdrive_esp32/package.bash'
[2.425s] INFO:colcon.colcon_core.shell:Creating package script '/home/an/an_ws/install/diffdrive_esp32/share/diffdrive_esp32/package.zsh'
[2.427s] Level 1:colcon.colcon_core.environment:create_file_with_runtime_dependencies(/home/an/an_ws/install/diffdrive_esp32/share/colcon-core/packages/diffdrive_esp32)
[2.446s] Level 1:colcon.colcon_core.environment:create_environment_scripts_only(mpu6050)
[2.448s] Level 1:colcon.colcon_core.environment:checking '/home/an/an_ws/install/mpu6050' for CMake module files
[2.464s] Level 1:colcon.colcon_core.environment:checking '/home/an/an_ws/install/mpu6050' for CMake config files
[2.474s] DEBUG:colcon.colcon_core.event_handler.log_command:Invoked command in '/home/an/an_ws/build/mpu6050' returned '0': CMAKE_PREFIX_PATH=${CMAKE_PREFIX_PATH}:/home/an/ros2_ws/install/self_driving:/opt/ros/humble /usr/bin/cmake --install /home/an/an_ws/build/mpu6050
[2.476s] Level 1:colcon.colcon_core.shell:create_environment_hook('mpu6050', 'cmake_prefix_path')
[2.477s] INFO:colcon.colcon_core.shell:Creating environment hook '/home/an/an_ws/install/mpu6050/share/mpu6050/hook/cmake_prefix_path.ps1'
[2.479s] INFO:colcon.colcon_core.shell:Creating environment descriptor '/home/an/an_ws/install/mpu6050/share/mpu6050/hook/cmake_prefix_path.dsv'
[2.481s] INFO:colcon.colcon_core.shell:Creating environment hook '/home/an/an_ws/install/mpu6050/share/mpu6050/hook/cmake_prefix_path.sh'
[2.486s] Level 1:colcon.colcon_core.environment:checking '/home/an/an_ws/install/mpu6050/lib'
[2.486s] Level 1:colcon.colcon_core.shell:create_environment_hook('mpu6050', 'ld_library_path_lib')
[2.487s] INFO:colcon.colcon_core.shell:Creating environment hook '/home/an/an_ws/install/mpu6050/share/mpu6050/hook/ld_library_path_lib.ps1'
[2.489s] INFO:colcon.colcon_core.shell:Creating environment descriptor '/home/an/an_ws/install/mpu6050/share/mpu6050/hook/ld_library_path_lib.dsv'
[2.491s] INFO:colcon.colcon_core.shell:Creating environment hook '/home/an/an_ws/install/mpu6050/share/mpu6050/hook/ld_library_path_lib.sh'
[2.494s] Level 1:colcon.colcon_core.environment:checking '/home/an/an_ws/install/mpu6050/bin'
[2.494s] Level 1:colcon.colcon_core.environment:checking '/home/an/an_ws/install/mpu6050/lib/pkgconfig/mpu6050.pc'
[2.495s] Level 1:colcon.colcon_core.environment:checking '/home/an/an_ws/install/mpu6050/lib/python3.10/site-packages'
[2.496s] Level 1:colcon.colcon_core.environment:checking '/home/an/an_ws/install/mpu6050/bin'
[2.498s] INFO:colcon.colcon_core.shell:Creating package script '/home/an/an_ws/install/mpu6050/share/mpu6050/package.ps1'
[2.501s] INFO:colcon.colcon_core.shell:Creating package descriptor '/home/an/an_ws/install/mpu6050/share/mpu6050/package.dsv'
[2.503s] INFO:colcon.colcon_core.shell:Creating package script '/home/an/an_ws/install/mpu6050/share/mpu6050/package.sh'
[2.506s] INFO:colcon.colcon_core.shell:Creating package script '/home/an/an_ws/install/mpu6050/share/mpu6050/package.bash'
[2.507s] INFO:colcon.colcon_core.shell:Creating package script '/home/an/an_ws/install/mpu6050/share/mpu6050/package.zsh'
[2.509s] Level 1:colcon.colcon_core.environment:create_file_with_runtime_dependencies(/home/an/an_ws/install/mpu6050/share/colcon-core/packages/mpu6050)
[2.518s] Level 1:colcon.colcon_core.environment:create_environment_scripts_only(rtf_lds_driver)
[2.519s] Level 1:colcon.colcon_core.environment:checking '/home/an/an_ws/install/rtf_lds_driver' for CMake module files
[2.522s] Level 1:colcon.colcon_core.environment:checking '/home/an/an_ws/install/rtf_lds_driver' for CMake config files
[2.525s] Level 1:colcon.colcon_core.shell:create_environment_hook('rtf_lds_driver', 'cmake_prefix_path')
[2.526s] INFO:colcon.colcon_core.shell:Creating environment hook '/home/an/an_ws/install/rtf_lds_driver/share/rtf_lds_driver/hook/cmake_prefix_path.ps1'
[2.528s] INFO:colcon.colcon_core.shell:Creating environment descriptor '/home/an/an_ws/install/rtf_lds_driver/share/rtf_lds_driver/hook/cmake_prefix_path.dsv'
[2.532s] INFO:colcon.colcon_core.shell:Creating environment hook '/home/an/an_ws/install/rtf_lds_driver/share/rtf_lds_driver/hook/cmake_prefix_path.sh'
[2.535s] Level 1:colcon.colcon_core.environment:checking '/home/an/an_ws/install/rtf_lds_driver/lib'
[2.536s] Level 1:colcon.colcon_core.environment:checking '/home/an/an_ws/install/rtf_lds_driver/bin'
[2.536s] Level 1:colcon.colcon_core.environment:checking '/home/an/an_ws/install/rtf_lds_driver/lib/pkgconfig/rtf_lds_driver.pc'
[2.538s] Level 1:colcon.colcon_core.environment:checking '/home/an/an_ws/install/rtf_lds_driver/lib/python3.10/site-packages'
[2.539s] Level 1:colcon.colcon_core.environment:checking '/home/an/an_ws/install/rtf_lds_driver/bin'
[2.540s] INFO:colcon.colcon_core.shell:Creating package script '/home/an/an_ws/install/rtf_lds_driver/share/rtf_lds_driver/package.ps1'
[2.544s] INFO:colcon.colcon_core.shell:Creating package descriptor '/home/an/an_ws/install/rtf_lds_driver/share/rtf_lds_driver/package.dsv'
[2.547s] INFO:colcon.colcon_core.shell:Creating package script '/home/an/an_ws/install/rtf_lds_driver/share/rtf_lds_driver/package.sh'
[2.550s] INFO:colcon.colcon_core.shell:Creating package script '/home/an/an_ws/install/rtf_lds_driver/share/rtf_lds_driver/package.bash'
[2.553s] INFO:colcon.colcon_core.shell:Creating package script '/home/an/an_ws/install/rtf_lds_driver/share/rtf_lds_driver/package.zsh'
[2.555s] Level 1:colcon.colcon_core.environment:create_file_with_runtime_dependencies(/home/an/an_ws/install/rtf_lds_driver/share/colcon-core/packages/rtf_lds_driver)
[2.557s] Level 1:colcon.colcon_core.environment:create_environment_scripts_only(turtlebot3_controller)
[2.558s] Level 1:colcon.colcon_core.environment:checking '/home/an/an_ws/install/turtlebot3_controller' for CMake module files
[2.563s] Level 1:colcon.colcon_core.environment:checking '/home/an/an_ws/install/turtlebot3_controller' for CMake config files
[2.565s] Level 1:colcon.colcon_core.shell:create_environment_hook('turtlebot3_controller', 'cmake_prefix_path')
[2.566s] INFO:colcon.colcon_core.shell:Creating environment hook '/home/an/an_ws/install/turtlebot3_controller/share/turtlebot3_controller/hook/cmake_prefix_path.ps1'
[2.568s] INFO:colcon.colcon_core.shell:Creating environment descriptor '/home/an/an_ws/install/turtlebot3_controller/share/turtlebot3_controller/hook/cmake_prefix_path.dsv'
[2.570s] INFO:colcon.colcon_core.shell:Creating environment hook '/home/an/an_ws/install/turtlebot3_controller/share/turtlebot3_controller/hook/cmake_prefix_path.sh'
[2.574s] Level 1:colcon.colcon_core.environment:checking '/home/an/an_ws/install/turtlebot3_controller/lib'
[2.575s] Level 1:colcon.colcon_core.environment:checking '/home/an/an_ws/install/turtlebot3_controller/bin'
[2.575s] Level 1:colcon.colcon_core.environment:checking '/home/an/an_ws/install/turtlebot3_controller/lib/pkgconfig/turtlebot3_controller.pc'
[2.576s] Level 1:colcon.colcon_core.environment:checking '/home/an/an_ws/install/turtlebot3_controller/lib/python3.10/site-packages'
[2.577s] Level 1:colcon.colcon_core.environment:checking '/home/an/an_ws/install/turtlebot3_controller/bin'
[2.578s] INFO:colcon.colcon_core.shell:Creating package script '/home/an/an_ws/install/turtlebot3_controller/share/turtlebot3_controller/package.ps1'
[2.581s] INFO:colcon.colcon_core.shell:Creating package descriptor '/home/an/an_ws/install/turtlebot3_controller/share/turtlebot3_controller/package.dsv'
[2.583s] INFO:colcon.colcon_core.shell:Creating package script '/home/an/an_ws/install/turtlebot3_controller/share/turtlebot3_controller/package.sh'
[2.586s] INFO:colcon.colcon_core.shell:Creating package script '/home/an/an_ws/install/turtlebot3_controller/share/turtlebot3_controller/package.bash'
[2.588s] INFO:colcon.colcon_core.shell:Creating package script '/home/an/an_ws/install/turtlebot3_controller/share/turtlebot3_controller/package.zsh'
[2.590s] Level 1:colcon.colcon_core.environment:create_file_with_runtime_dependencies(/home/an/an_ws/install/turtlebot3_controller/share/colcon-core/packages/turtlebot3_controller)
[2.594s] INFO:colcon.colcon_ros.task.ament_cmake.build:Building ROS package in '/home/an/an_ws/src/turtlebot3_description' with build type 'ament_cmake'
[2.594s] INFO:colcon.colcon_cmake.task.cmake.build:Building CMake package in '/home/an/an_ws/src/turtlebot3_description'
[2.595s] INFO:colcon.colcon_core.shell:Skip shell extension 'powershell' for command environment: Not usable outside of PowerShell
[2.596s] DEBUG:colcon.colcon_core.shell:Skip shell extension 'dsv' for command environment
[2.621s] Level 1:colcon.colcon_core.environment:create_environment_scripts_only(diffdrive_esp32)
[2.622s] Level 1:colcon.colcon_core.environment:checking '/home/an/an_ws/install/diffdrive_esp32' for CMake module files
[2.626s] Level 1:colcon.colcon_core.environment:checking '/home/an/an_ws/install/diffdrive_esp32' for CMake config files
[2.628s] Level 1:colcon.colcon_core.shell:create_environment_hook('diffdrive_esp32', 'cmake_prefix_path')
[2.629s] INFO:colcon.colcon_core.shell:Creating environment hook '/home/an/an_ws/install/diffdrive_esp32/share/diffdrive_esp32/hook/cmake_prefix_path.ps1'
[2.632s] INFO:colcon.colcon_core.shell:Creating environment descriptor '/home/an/an_ws/install/diffdrive_esp32/share/diffdrive_esp32/hook/cmake_prefix_path.dsv'
[2.634s] INFO:colcon.colcon_core.shell:Creating environment hook '/home/an/an_ws/install/diffdrive_esp32/share/diffdrive_esp32/hook/cmake_prefix_path.sh'
[2.637s] Level 1:colcon.colcon_core.environment:checking '/home/an/an_ws/install/diffdrive_esp32/lib'
[2.638s] Level 1:colcon.colcon_core.shell:create_environment_hook('diffdrive_esp32', 'ld_library_path_lib')
[2.639s] INFO:colcon.colcon_core.shell:Creating environment hook '/home/an/an_ws/install/diffdrive_esp32/share/diffdrive_esp32/hook/ld_library_path_lib.ps1'
[2.642s] INFO:colcon.colcon_core.shell:Creating environment descriptor '/home/an/an_ws/install/diffdrive_esp32/share/diffdrive_esp32/hook/ld_library_path_lib.dsv'
[2.644s] INFO:colcon.colcon_core.shell:Creating environment hook '/home/an/an_ws/install/diffdrive_esp32/share/diffdrive_esp32/hook/ld_library_path_lib.sh'
[2.646s] Level 1:colcon.colcon_core.environment:checking '/home/an/an_ws/install/diffdrive_esp32/bin'
[2.646s] Level 1:colcon.colcon_core.environment:checking '/home/an/an_ws/install/diffdrive_esp32/lib/pkgconfig/diffdrive_esp32.pc'
[2.647s] Level 1:colcon.colcon_core.environment:checking '/home/an/an_ws/install/diffdrive_esp32/lib/python3.10/site-packages'
[2.648s] Level 1:colcon.colcon_core.environment:checking '/home/an/an_ws/install/diffdrive_esp32/bin'
[2.650s] INFO:colcon.colcon_core.shell:Creating package script '/home/an/an_ws/install/diffdrive_esp32/share/diffdrive_esp32/package.ps1'
[2.652s] INFO:colcon.colcon_core.shell:Creating package descriptor '/home/an/an_ws/install/diffdrive_esp32/share/diffdrive_esp32/package.dsv'
[2.655s] INFO:colcon.colcon_core.shell:Creating package script '/home/an/an_ws/install/diffdrive_esp32/share/diffdrive_esp32/package.sh'
[2.657s] INFO:colcon.colcon_core.shell:Creating package script '/home/an/an_ws/install/diffdrive_esp32/share/diffdrive_esp32/package.bash'
[2.660s] INFO:colcon.colcon_core.shell:Creating package script '/home/an/an_ws/install/diffdrive_esp32/share/diffdrive_esp32/package.zsh'
[2.662s] Level 1:colcon.colcon_core.environment:create_file_with_runtime_dependencies(/home/an/an_ws/install/diffdrive_esp32/share/colcon-core/packages/diffdrive_esp32)
[2.680s] DEBUG:colcon.colcon_core.event_handler.log_command:Invoking command in '/home/an/an_ws/build/turtlebot3_description': CMAKE_PREFIX_PATH=${CMAKE_PREFIX_PATH}:/home/an/ros2_ws/install/self_driving:/opt/ros/humble /usr/bin/cmake --build /home/an/an_ws/build/turtlebot3_description -- -j4 -l4
[2.700s] Level 1:colcon.colcon_core.environment:create_environment_scripts_only(mpu6050)
[2.701s] Level 1:colcon.colcon_core.environment:checking '/home/an/an_ws/install/mpu6050' for CMake module files
[2.704s] Level 1:colcon.colcon_core.environment:checking '/home/an/an_ws/install/mpu6050' for CMake config files
[2.707s] Level 1:colcon.colcon_core.shell:create_environment_hook('mpu6050', 'cmake_prefix_path')
[2.708s] INFO:colcon.colcon_core.shell:Creating environment hook '/home/an/an_ws/install/mpu6050/share/mpu6050/hook/cmake_prefix_path.ps1'
[2.710s] INFO:colcon.colcon_core.shell:Creating environment descriptor '/home/an/an_ws/install/mpu6050/share/mpu6050/hook/cmake_prefix_path.dsv'
[2.712s] INFO:colcon.colcon_core.shell:Creating environment hook '/home/an/an_ws/install/mpu6050/share/mpu6050/hook/cmake_prefix_path.sh'
[2.715s] Level 1:colcon.colcon_core.environment:checking '/home/an/an_ws/install/mpu6050/lib'
[2.715s] Level 1:colcon.colcon_core.shell:create_environment_hook('mpu6050', 'ld_library_path_lib')
[2.716s] INFO:colcon.colcon_core.shell:Creating environment hook '/home/an/an_ws/install/mpu6050/share/mpu6050/hook/ld_library_path_lib.ps1'
[2.718s] INFO:colcon.colcon_core.shell:Creating environment descriptor '/home/an/an_ws/install/mpu6050/share/mpu6050/hook/ld_library_path_lib.dsv'
[2.720s] INFO:colcon.colcon_core.shell:Creating environment hook '/home/an/an_ws/install/mpu6050/share/mpu6050/hook/ld_library_path_lib.sh'
[2.722s] Level 1:colcon.colcon_core.environment:checking '/home/an/an_ws/install/mpu6050/bin'
[2.722s] Level 1:colcon.colcon_core.environment:checking '/home/an/an_ws/install/mpu6050/lib/pkgconfig/mpu6050.pc'
[2.723s] Level 1:colcon.colcon_core.environment:checking '/home/an/an_ws/install/mpu6050/lib/python3.10/site-packages'
[2.724s] Level 1:colcon.colcon_core.environment:checking '/home/an/an_ws/install/mpu6050/bin'
[2.726s] INFO:colcon.colcon_core.shell:Creating package script '/home/an/an_ws/install/mpu6050/share/mpu6050/package.ps1'
[2.729s] INFO:colcon.colcon_core.shell:Creating package descriptor '/home/an/an_ws/install/mpu6050/share/mpu6050/package.dsv'
[2.732s] INFO:colcon.colcon_core.shell:Creating package script '/home/an/an_ws/install/mpu6050/share/mpu6050/package.sh'
[2.734s] INFO:colcon.colcon_core.shell:Creating package script '/home/an/an_ws/install/mpu6050/share/mpu6050/package.bash'
[2.737s] INFO:colcon.colcon_core.shell:Creating package script '/home/an/an_ws/install/mpu6050/share/mpu6050/package.zsh'
[2.739s] Level 1:colcon.colcon_core.environment:create_file_with_runtime_dependencies(/home/an/an_ws/install/mpu6050/share/colcon-core/packages/mpu6050)
[2.821s] DEBUG:colcon.colcon_core.event_handler.log_command:Invoked command in '/home/an/an_ws/build/turtlebot3_description' returned '0': CMAKE_PREFIX_PATH=${CMAKE_PREFIX_PATH}:/home/an/ros2_ws/install/self_driving:/opt/ros/humble /usr/bin/cmake --build /home/an/an_ws/build/turtlebot3_description -- -j4 -l4
[2.944s] DEBUG:colcon.colcon_core.event_handler.log_command:Invoking command in '/home/an/an_ws/build/turtlebot3_description': CMAKE_PREFIX_PATH=${CMAKE_PREFIX_PATH}:/home/an/ros2_ws/install/self_driving:/opt/ros/humble /usr/bin/cmake --install /home/an/an_ws/build/turtlebot3_description
[2.994s] Level 1:colcon.colcon_core.environment:create_environment_scripts_only(turtlebot3_description)
[2.995s] Level 1:colcon.colcon_core.environment:checking '/home/an/an_ws/install/turtlebot3_description' for CMake module files
[3.000s] DEBUG:colcon.colcon_core.event_handler.log_command:Invoked command in '/home/an/an_ws/build/turtlebot3_description' returned '0': CMAKE_PREFIX_PATH=${CMAKE_PREFIX_PATH}:/home/an/ros2_ws/install/self_driving:/opt/ros/humble /usr/bin/cmake --install /home/an/an_ws/build/turtlebot3_description
[3.001s] Level 1:colcon.colcon_core.environment:checking '/home/an/an_ws/install/turtlebot3_description' for CMake config files
[3.004s] Level 1:colcon.colcon_core.shell:create_environment_hook('turtlebot3_description', 'cmake_prefix_path')
[3.005s] INFO:colcon.colcon_core.shell:Creating environment hook '/home/an/an_ws/install/turtlebot3_description/share/turtlebot3_description/hook/cmake_prefix_path.ps1'
[3.007s] INFO:colcon.colcon_core.shell:Creating environment descriptor '/home/an/an_ws/install/turtlebot3_description/share/turtlebot3_description/hook/cmake_prefix_path.dsv'
[3.009s] INFO:colcon.colcon_core.shell:Creating environment hook '/home/an/an_ws/install/turtlebot3_description/share/turtlebot3_description/hook/cmake_prefix_path.sh'
[3.012s] Level 1:colcon.colcon_core.environment:checking '/home/an/an_ws/install/turtlebot3_description/bin'
[3.012s] Level 1:colcon.colcon_core.environment:checking '/home/an/an_ws/install/turtlebot3_description/lib/pkgconfig/turtlebot3_description.pc'
[3.013s] Level 1:colcon.colcon_core.environment:checking '/home/an/an_ws/install/turtlebot3_description/lib/python3.10/site-packages'
[3.014s] Level 1:colcon.colcon_core.environment:checking '/home/an/an_ws/install/turtlebot3_description/bin'
[3.015s] INFO:colcon.colcon_core.shell:Creating package script '/home/an/an_ws/install/turtlebot3_description/share/turtlebot3_description/package.ps1'
[3.017s] INFO:colcon.colcon_core.shell:Creating package descriptor '/home/an/an_ws/install/turtlebot3_description/share/turtlebot3_description/package.dsv'
[3.019s] INFO:colcon.colcon_core.shell:Creating package script '/home/an/an_ws/install/turtlebot3_description/share/turtlebot3_description/package.sh'
[3.021s] INFO:colcon.colcon_core.shell:Creating package script '/home/an/an_ws/install/turtlebot3_description/share/turtlebot3_description/package.bash'
[3.023s] INFO:colcon.colcon_core.shell:Creating package script '/home/an/an_ws/install/turtlebot3_description/share/turtlebot3_description/package.zsh'
[3.025s] Level 1:colcon.colcon_core.environment:create_file_with_runtime_dependencies(/home/an/an_ws/install/turtlebot3_description/share/colcon-core/packages/turtlebot3_description)
[3.135s] Level 1:colcon.colcon_core.environment:create_environment_scripts_only(turtlebot3_description)
[3.136s] Level 1:colcon.colcon_core.environment:checking '/home/an/an_ws/install/turtlebot3_description' for CMake module files
[3.140s] Level 1:colcon.colcon_core.environment:checking '/home/an/an_ws/install/turtlebot3_description' for CMake config files
[3.144s] Level 1:colcon.colcon_core.shell:create_environment_hook('turtlebot3_description', 'cmake_prefix_path')
[3.145s] INFO:colcon.colcon_core.shell:Creating environment hook '/home/an/an_ws/install/turtlebot3_description/share/turtlebot3_description/hook/cmake_prefix_path.ps1'
[3.147s] INFO:colcon.colcon_core.shell:Creating environment descriptor '/home/an/an_ws/install/turtlebot3_description/share/turtlebot3_description/hook/cmake_prefix_path.dsv'
[3.149s] INFO:colcon.colcon_core.shell:Creating environment hook '/home/an/an_ws/install/turtlebot3_description/share/turtlebot3_description/hook/cmake_prefix_path.sh'
[3.152s] Level 1:colcon.colcon_core.environment:checking '/home/an/an_ws/install/turtlebot3_description/bin'
[3.152s] Level 1:colcon.colcon_core.environment:checking '/home/an/an_ws/install/turtlebot3_description/lib/pkgconfig/turtlebot3_description.pc'
[3.153s] Level 1:colcon.colcon_core.environment:checking '/home/an/an_ws/install/turtlebot3_description/lib/python3.10/site-packages'
[3.154s] Level 1:colcon.colcon_core.environment:checking '/home/an/an_ws/install/turtlebot3_description/bin'
[3.155s] INFO:colcon.colcon_core.shell:Creating package script '/home/an/an_ws/install/turtlebot3_description/share/turtlebot3_description/package.ps1'
[3.157s] INFO:colcon.colcon_core.shell:Creating package descriptor '/home/an/an_ws/install/turtlebot3_description/share/turtlebot3_description/package.dsv'
[3.159s] INFO:colcon.colcon_core.shell:Creating package script '/home/an/an_ws/install/turtlebot3_description/share/turtlebot3_description/package.sh'
[3.162s] INFO:colcon.colcon_core.shell:Creating package script '/home/an/an_ws/install/turtlebot3_description/share/turtlebot3_description/package.bash'
[3.163s] INFO:colcon.colcon_core.shell:Creating package script '/home/an/an_ws/install/turtlebot3_description/share/turtlebot3_description/package.zsh'
[3.165s] Level 1:colcon.colcon_core.environment:create_file_with_runtime_dependencies(/home/an/an_ws/install/turtlebot3_description/share/colcon-core/packages/turtlebot3_description)
[3.167s] DEBUG:colcon.colcon_parallel_executor.executor.parallel:closing loop
[3.168s] DEBUG:colcon.colcon_parallel_executor.executor.parallel:loop closed
[3.168s] DEBUG:colcon.colcon_parallel_executor.executor.parallel:run_until_complete finished with '0'
[3.169s] DEBUG:colcon.colcon_core.event_reactor:joining thread
[3.191s] INFO:colcon.colcon_core.plugin_system:Skipping extension 'colcon_notification.desktop_notification.notify_send': Could not find 'notify-send'
[3.192s] INFO:colcon.colcon_core.plugin_system:Skipping extension 'colcon_notification.desktop_notification.terminal_notifier': Not used on non-Darwin systems
[3.192s] INFO:colcon.colcon_core.plugin_system:Skipping extension 'colcon_notification.desktop_notification.win32': Not used on non-Windows systems
[3.192s] INFO:colcon.colcon_notification.desktop_notification:Sending desktop notification using 'notify2'
[3.195s] DEBUG:colcon.colcon_notification.desktop_notification.notify2:Failed to initialize notify2: org.freedesktop.DBus.Error.ServiceUnknown: The name org.freedesktop.Notifications was not provided by any .service files
[3.195s] DEBUG:colcon.colcon_core.event_reactor:joined thread
[3.196s] INFO:colcon.colcon_core.shell:Creating prefix script '/home/an/an_ws/install/local_setup.ps1'
[3.200s] INFO:colcon.colcon_core.shell:Creating prefix util module '/home/an/an_ws/install/_local_setup_util_ps1.py'
[3.206s] INFO:colcon.colcon_core.shell:Creating prefix chain script '/home/an/an_ws/install/setup.ps1'
[3.213s] INFO:colcon.colcon_core.shell:Creating prefix script '/home/an/an_ws/install/local_setup.sh'
[3.215s] INFO:colcon.colcon_core.shell:Creating prefix util module '/home/an/an_ws/install/_local_setup_util_sh.py'
[3.217s] INFO:colcon.colcon_core.shell:Creating prefix chain script '/home/an/an_ws/install/setup.sh'
[3.223s] INFO:colcon.colcon_core.shell:Creating prefix script '/home/an/an_ws/install/local_setup.bash'
[3.225s] INFO:colcon.colcon_core.shell:Creating prefix chain script '/home/an/an_ws/install/setup.bash'
[3.231s] INFO:colcon.colcon_core.shell:Creating prefix script '/home/an/an_ws/install/local_setup.zsh'
[3.233s] INFO:colcon.colcon_core.shell:Creating prefix chain script '/home/an/an_ws/install/setup.zsh'
