[0.138s] Invoking command in '/home/an/an_ws/build/turtlebot3_controller': CMAKE_PREFIX_PATH=${CMAKE_PREFIX_PATH}:/home/an/ros2_ws/install/self_driving:/opt/ros/humble /usr/bin/cmake --build /home/an/an_ws/build/turtlebot3_controller -- -j4 -l4
[0.436s] [35m[1mConsolidate compiler generated dependencies of target odom_publisher[0m
[0.591s] [100%] Built target odom_publisher
[0.697s] Invoked command in '/home/an/an_ws/build/turtlebot3_controller' returned '0': CMAKE_PREFIX_PATH=${CMAKE_PREFIX_PATH}:/home/an/ros2_ws/install/self_driving:/opt/ros/humble /usr/bin/cmake --build /home/an/an_ws/build/turtlebot3_controller -- -j4 -l4
[1.060s] Invoking command in '/home/an/an_ws/build/turtlebot3_controller': CMAKE_PREFIX_PATH=${CMAKE_PREFIX_PATH}:/home/an/ros2_ws/install/self_driving:/opt/ros/humble /usr/bin/cmake --install /home/an/an_ws/build/turtlebot3_controller
[1.117s] -- Install configuration: ""
[1.118s] -- Up-to-date: /home/an/an_ws/install/turtlebot3_controller/include/include
[1.122s] -- Up-to-date: /home/an/an_ws/install/turtlebot3_controller/include/include/turtlebot3_controller
[1.124s] -- Up-to-date: /home/an/an_ws/install/turtlebot3_controller/include/include/turtlebot3_controller/odom_publisher.hpp
[1.140s] -- Up-to-date: /home/an/an_ws/install/turtlebot3_controller/lib/turtlebot3_controller/odom_publisher
[1.141s] -- Up-to-date: /home/an/an_ws/install/turtlebot3_controller/share/turtlebot3_controller/config
[1.144s] -- Up-to-date: /home/an/an_ws/install/turtlebot3_controller/share/turtlebot3_controller/config/gazebo_ros2_ctl_use_sim.yaml
[1.145s] -- Up-to-date: /home/an/an_ws/install/turtlebot3_controller/share/turtlebot3_controller/config/ekf_old.yaml
[1.149s] -- Up-to-date: /home/an/an_ws/install/turtlebot3_controller/share/turtlebot3_controller/config/controller.yaml
[1.150s] -- Installing: /home/an/an_ws/install/turtlebot3_controller/share/turtlebot3_controller/config/ekf.yaml
[1.150s] -- Up-to-date: /home/an/an_ws/install/turtlebot3_controller/share/turtlebot3_controller/launch
[1.150s] -- Up-to-date: /home/an/an_ws/install/turtlebot3_controller/share/turtlebot3_controller/launch/diff_drive_controller.launch.py
[1.159s] -- Installing: /home/an/an_ws/install/turtlebot3_controller/share/turtlebot3_controller/launch/launch_robot_controller.launch.py
[1.160s] -- Up-to-date: /home/an/an_ws/install/turtlebot3_controller/share/turtlebot3_controller/launch/tb3_bringup.launch.py
[1.160s] -- Up-to-date: /home/an/an_ws/install/turtlebot3_controller/share/turtlebot3_controller/launch/test.py
[1.161s] -- Up-to-date: /home/an/an_ws/install/turtlebot3_controller/share/ament_index/resource_index/package_run_dependencies/turtlebot3_controller
[1.162s] -- Up-to-date: /home/an/an_ws/install/turtlebot3_controller/share/ament_index/resource_index/parent_prefix_path/turtlebot3_controller
[1.162s] -- Up-to-date: /home/an/an_ws/install/turtlebot3_controller/share/turtlebot3_controller/environment/ament_prefix_path.sh
[1.165s] -- Up-to-date: /home/an/an_ws/install/turtlebot3_controller/share/turtlebot3_controller/environment/ament_prefix_path.dsv
[1.166s] -- Up-to-date: /home/an/an_ws/install/turtlebot3_controller/share/turtlebot3_controller/environment/path.sh
[1.167s] -- Up-to-date: /home/an/an_ws/install/turtlebot3_controller/share/turtlebot3_controller/environment/path.dsv
[1.167s] -- Up-to-date: /home/an/an_ws/install/turtlebot3_controller/share/turtlebot3_controller/local_setup.bash
[1.168s] -- Up-to-date: /home/an/an_ws/install/turtlebot3_controller/share/turtlebot3_controller/local_setup.sh
[1.169s] -- Up-to-date: /home/an/an_ws/install/turtlebot3_controller/share/turtlebot3_controller/local_setup.zsh
[1.169s] -- Up-to-date: /home/an/an_ws/install/turtlebot3_controller/share/turtlebot3_controller/local_setup.dsv
[1.170s] -- Installing: /home/an/an_ws/install/turtlebot3_controller/share/turtlebot3_controller/package.dsv
[1.170s] -- Up-to-date: /home/an/an_ws/install/turtlebot3_controller/share/ament_index/resource_index/packages/turtlebot3_controller
[1.171s] -- Up-to-date: /home/an/an_ws/install/turtlebot3_controller/share/turtlebot3_controller/cmake/turtlebot3_controllerConfig.cmake
[1.172s] -- Up-to-date: /home/an/an_ws/install/turtlebot3_controller/share/turtlebot3_controller/cmake/turtlebot3_controllerConfig-version.cmake
[1.173s] -- Up-to-date: /home/an/an_ws/install/turtlebot3_controller/share/turtlebot3_controller/package.xml
[1.278s] Invoked command in '/home/an/an_ws/build/turtlebot3_controller' returned '0': CMAKE_PREFIX_PATH=${CMAKE_PREFIX_PATH}:/home/an/ros2_ws/install/self_driving:/opt/ros/humble /usr/bin/cmake --install /home/an/an_ws/build/turtlebot3_controller
