[0.788s] DEBUG:colcon:Command line arguments: ['/usr/bin/colcon', 'list', '-p', '--base-paths', '/home/an/an_ws']
[0.789s] DEBUG:colcon:Parsed command line arguments: Namespace(log_base=None, log_level=None, verb_name='list', build_base='build', ignore_user_meta=False, metas=['./colcon.meta'], base_paths=['/home/an/an_ws'], packages_ignore=None, packages_ignore_regex=None, paths=None, packages_up_to=None, packages_up_to_regex=None, packages_above=None, packages_above_and_dependencies=None, packages_above_depth=None, packages_select_by_dep=None, packages_skip_by_dep=None, packages_skip_up_to=None, packages_select_build_failed=False, packages_skip_build_finished=False, packages_select_test_failures=False, packages_skip_test_passed=False, packages_select=None, packages_skip=None, packages_select_regex=None, packages_skip_regex=None, packages_start=None, packages_end=None, allow_overriding=[], topological_order=False, names_only=False, paths_only=True, topological_graph=False, topological_graph_dot=False, topological_graph_density=False, topological_graph_legend=False, topological_graph_dot_cluster=False, topological_graph_dot_include_skipped=False, verb_parser=<colcon_defaults.argument_parser.defaults.DefaultArgumentsDecorator object at 0xffffb5350160>, verb_extension=<colcon_package_information.verb.list.ListVerb object at 0xffffb5508760>, main=<bound method ListVerb.main of <colcon_package_information.verb.list.ListVerb object at 0xffffb5508760>>)
[2.533s] Level 1:colcon.colcon_core.package_discovery:discover_packages(colcon_meta) check parameters
[2.534s] Level 1:colcon.colcon_core.package_discovery:discover_packages(recursive) check parameters
[2.535s] Level 1:colcon.colcon_core.package_discovery:discover_packages(ignore) check parameters
[2.535s] Level 1:colcon.colcon_core.package_discovery:discover_packages(path) check parameters
[2.535s] Level 1:colcon.colcon_core.package_discovery:discover_packages(recursive) discover
[2.536s] INFO:colcon.colcon_core.package_discovery:Crawling recursively for packages in '/home/an/an_ws'
[2.536s] Level 1:colcon.colcon_core.package_identification:_identify(/home/an/an_ws) by extensions ['ignore', 'ignore_ament_install']
[2.549s] Level 1:colcon.colcon_core.package_identification:_identify(/home/an/an_ws) by extension 'ignore'
[2.549s] Level 1:colcon.colcon_core.package_identification:_identify(/home/an/an_ws) by extension 'ignore_ament_install'
[2.550s] Level 1:colcon.colcon_core.package_identification:_identify(/home/an/an_ws) by extensions ['colcon_pkg']
[2.550s] Level 1:colcon.colcon_core.package_identification:_identify(/home/an/an_ws) by extension 'colcon_pkg'
[2.551s] Level 1:colcon.colcon_core.package_identification:_identify(/home/an/an_ws) by extensions ['colcon_meta']
[2.551s] Level 1:colcon.colcon_core.package_identification:_identify(/home/an/an_ws) by extension 'colcon_meta'
[2.552s] Level 1:colcon.colcon_core.package_identification:_identify(/home/an/an_ws) by extensions ['ros']
[2.552s] Level 1:colcon.colcon_core.package_identification:_identify(/home/an/an_ws) by extension 'ros'
[2.627s] Level 1:colcon.colcon_core.package_identification:_identify(/home/an/an_ws) by extensions ['cmake', 'python']
[2.627s] Level 1:colcon.colcon_core.package_identification:_identify(/home/an/an_ws) by extension 'cmake'
[2.628s] Level 1:colcon.colcon_core.package_identification:_identify(/home/an/an_ws) by extension 'python'
[2.628s] Level 1:colcon.colcon_core.package_identification:_identify(/home/an/an_ws) by extensions ['python_setup_py']
[2.628s] Level 1:colcon.colcon_core.package_identification:_identify(/home/an/an_ws) by extension 'python_setup_py'
[2.634s] Level 1:colcon.colcon_core.package_identification:_identify(/home/an/an_ws/build) by extensions ['ignore', 'ignore_ament_install']
[2.635s] Level 1:colcon.colcon_core.package_identification:_identify(/home/an/an_ws/build) by extension 'ignore'
[2.635s] Level 1:colcon.colcon_core.package_identification:_identify(/home/an/an_ws/build) ignored
[2.636s] Level 1:colcon.colcon_core.package_identification:_identify(/home/an/an_ws/install) by extensions ['ignore', 'ignore_ament_install']
[2.637s] Level 1:colcon.colcon_core.package_identification:_identify(/home/an/an_ws/install) by extension 'ignore'
[2.638s] Level 1:colcon.colcon_core.package_identification:_identify(/home/an/an_ws/install) ignored
[2.639s] Level 1:colcon.colcon_core.package_identification:_identify(/home/an/an_ws/log) by extensions ['ignore', 'ignore_ament_install']
[2.640s] Level 1:colcon.colcon_core.package_identification:_identify(/home/an/an_ws/log) by extension 'ignore'
[2.640s] Level 1:colcon.colcon_core.package_identification:_identify(/home/an/an_ws/log) ignored
[2.641s] Level 1:colcon.colcon_core.package_identification:_identify(/home/an/an_ws/src) by extensions ['ignore', 'ignore_ament_install']
[2.654s] Level 1:colcon.colcon_core.package_identification:_identify(/home/an/an_ws/src) by extension 'ignore'
[2.654s] Level 1:colcon.colcon_core.package_identification:_identify(/home/an/an_ws/src) by extension 'ignore_ament_install'
[2.655s] Level 1:colcon.colcon_core.package_identification:_identify(/home/an/an_ws/src) by extensions ['colcon_pkg']
[2.655s] Level 1:colcon.colcon_core.package_identification:_identify(/home/an/an_ws/src) by extension 'colcon_pkg'
[2.656s] Level 1:colcon.colcon_core.package_identification:_identify(/home/an/an_ws/src) by extensions ['colcon_meta']
[2.656s] Level 1:colcon.colcon_core.package_identification:_identify(/home/an/an_ws/src) by extension 'colcon_meta'
[2.657s] Level 1:colcon.colcon_core.package_identification:_identify(/home/an/an_ws/src) by extensions ['ros']
[2.657s] Level 1:colcon.colcon_core.package_identification:_identify(/home/an/an_ws/src) by extension 'ros'
[2.665s] Level 1:colcon.colcon_core.package_identification:_identify(/home/an/an_ws/src) by extensions ['cmake', 'python']
[2.666s] Level 1:colcon.colcon_core.package_identification:_identify(/home/an/an_ws/src) by extension 'cmake'
[2.666s] Level 1:colcon.colcon_core.package_identification:_identify(/home/an/an_ws/src) by extension 'python'
[2.667s] Level 1:colcon.colcon_core.package_identification:_identify(/home/an/an_ws/src) by extensions ['python_setup_py']
[2.667s] Level 1:colcon.colcon_core.package_identification:_identify(/home/an/an_ws/src) by extension 'python_setup_py'
[2.668s] Level 1:colcon.colcon_core.package_identification:_identify(/home/an/an_ws/src/diffdrive_esp32) by extensions ['ignore', 'ignore_ament_install']
[2.669s] Level 1:colcon.colcon_core.package_identification:_identify(/home/an/an_ws/src/diffdrive_esp32) by extension 'ignore'
[2.670s] Level 1:colcon.colcon_core.package_identification:_identify(/home/an/an_ws/src/diffdrive_esp32) by extension 'ignore_ament_install'
[2.670s] Level 1:colcon.colcon_core.package_identification:_identify(/home/an/an_ws/src/diffdrive_esp32) by extensions ['colcon_pkg']
[2.671s] Level 1:colcon.colcon_core.package_identification:_identify(/home/an/an_ws/src/diffdrive_esp32) by extension 'colcon_pkg'
[2.671s] Level 1:colcon.colcon_core.package_identification:_identify(/home/an/an_ws/src/diffdrive_esp32) by extensions ['colcon_meta']
[2.671s] Level 1:colcon.colcon_core.package_identification:_identify(/home/an/an_ws/src/diffdrive_esp32) by extension 'colcon_meta'
[2.672s] Level 1:colcon.colcon_core.package_identification:_identify(/home/an/an_ws/src/diffdrive_esp32) by extensions ['ros']
[2.672s] Level 1:colcon.colcon_core.package_identification:_identify(/home/an/an_ws/src/diffdrive_esp32) by extension 'ros'
[2.718s] DEBUG:colcon.colcon_core.package_identification:Package '/home/an/an_ws/src/diffdrive_esp32' with type 'ros.ament_cmake' and name 'diffdrive_esp32'
[2.719s] Level 1:colcon.colcon_core.package_identification:_identify(/home/an/an_ws/src/mpu6050) by extensions ['ignore', 'ignore_ament_install']
[2.721s] Level 1:colcon.colcon_core.package_identification:_identify(/home/an/an_ws/src/mpu6050) by extension 'ignore'
[2.721s] Level 1:colcon.colcon_core.package_identification:_identify(/home/an/an_ws/src/mpu6050) by extension 'ignore_ament_install'
[2.722s] Level 1:colcon.colcon_core.package_identification:_identify(/home/an/an_ws/src/mpu6050) by extensions ['colcon_pkg']
[2.722s] Level 1:colcon.colcon_core.package_identification:_identify(/home/an/an_ws/src/mpu6050) by extension 'colcon_pkg'
[2.723s] Level 1:colcon.colcon_core.package_identification:_identify(/home/an/an_ws/src/mpu6050) by extensions ['colcon_meta']
[2.723s] Level 1:colcon.colcon_core.package_identification:_identify(/home/an/an_ws/src/mpu6050) by extension 'colcon_meta'
[2.724s] Level 1:colcon.colcon_core.package_identification:_identify(/home/an/an_ws/src/mpu6050) by extensions ['ros']
[2.724s] Level 1:colcon.colcon_core.package_identification:_identify(/home/an/an_ws/src/mpu6050) by extension 'ros'
[2.735s] DEBUG:colcon.colcon_core.package_identification:Package '/home/an/an_ws/src/mpu6050' with type 'ros.ament_cmake' and name 'mpu6050'
[2.736s] Level 1:colcon.colcon_core.package_identification:_identify(/home/an/an_ws/src/rtf_lds_lidar-master) by extensions ['ignore', 'ignore_ament_install']
[2.737s] Level 1:colcon.colcon_core.package_identification:_identify(/home/an/an_ws/src/rtf_lds_lidar-master) by extension 'ignore'
[2.738s] Level 1:colcon.colcon_core.package_identification:_identify(/home/an/an_ws/src/rtf_lds_lidar-master) by extension 'ignore_ament_install'
[2.739s] Level 1:colcon.colcon_core.package_identification:_identify(/home/an/an_ws/src/rtf_lds_lidar-master) by extensions ['colcon_pkg']
[2.740s] Level 1:colcon.colcon_core.package_identification:_identify(/home/an/an_ws/src/rtf_lds_lidar-master) by extension 'colcon_pkg'
[2.741s] Level 1:colcon.colcon_core.package_identification:_identify(/home/an/an_ws/src/rtf_lds_lidar-master) by extensions ['colcon_meta']
[2.745s] Level 1:colcon.colcon_core.package_identification:_identify(/home/an/an_ws/src/rtf_lds_lidar-master) by extension 'colcon_meta'
[2.752s] Level 1:colcon.colcon_core.package_identification:_identify(/home/an/an_ws/src/rtf_lds_lidar-master) by extensions ['ros']
[2.752s] Level 1:colcon.colcon_core.package_identification:_identify(/home/an/an_ws/src/rtf_lds_lidar-master) by extension 'ros'
[2.758s] DEBUG:colcon.colcon_core.package_identification:Package '/home/an/an_ws/src/rtf_lds_lidar-master' with type 'ros.ament_cmake' and name 'rtf_lds_driver'
[2.759s] Level 1:colcon.colcon_core.package_identification:_identify(/home/an/an_ws/src/turtlebot3_controller) by extensions ['ignore', 'ignore_ament_install']
[2.760s] Level 1:colcon.colcon_core.package_identification:_identify(/home/an/an_ws/src/turtlebot3_controller) by extension 'ignore'
[2.760s] Level 1:colcon.colcon_core.package_identification:_identify(/home/an/an_ws/src/turtlebot3_controller) by extension 'ignore_ament_install'
[2.761s] Level 1:colcon.colcon_core.package_identification:_identify(/home/an/an_ws/src/turtlebot3_controller) by extensions ['colcon_pkg']
[2.761s] Level 1:colcon.colcon_core.package_identification:_identify(/home/an/an_ws/src/turtlebot3_controller) by extension 'colcon_pkg'
[2.762s] Level 1:colcon.colcon_core.package_identification:_identify(/home/an/an_ws/src/turtlebot3_controller) by extensions ['colcon_meta']
[2.763s] Level 1:colcon.colcon_core.package_identification:_identify(/home/an/an_ws/src/turtlebot3_controller) by extension 'colcon_meta'
[2.763s] Level 1:colcon.colcon_core.package_identification:_identify(/home/an/an_ws/src/turtlebot3_controller) by extensions ['ros']
[2.764s] Level 1:colcon.colcon_core.package_identification:_identify(/home/an/an_ws/src/turtlebot3_controller) by extension 'ros'
[2.771s] DEBUG:colcon.colcon_core.package_identification:Package '/home/an/an_ws/src/turtlebot3_controller' with type 'ros.ament_cmake' and name 'turtlebot3_controller'
[2.772s] Level 1:colcon.colcon_core.package_identification:_identify(/home/an/an_ws/src/turtlebot3_description) by extensions ['ignore', 'ignore_ament_install']
[2.772s] Level 1:colcon.colcon_core.package_identification:_identify(/home/an/an_ws/src/turtlebot3_description) by extension 'ignore'
[2.773s] Level 1:colcon.colcon_core.package_identification:_identify(/home/an/an_ws/src/turtlebot3_description) by extension 'ignore_ament_install'
[2.774s] Level 1:colcon.colcon_core.package_identification:_identify(/home/an/an_ws/src/turtlebot3_description) by extensions ['colcon_pkg']
[2.774s] Level 1:colcon.colcon_core.package_identification:_identify(/home/an/an_ws/src/turtlebot3_description) by extension 'colcon_pkg'
[2.775s] Level 1:colcon.colcon_core.package_identification:_identify(/home/an/an_ws/src/turtlebot3_description) by extensions ['colcon_meta']
[2.775s] Level 1:colcon.colcon_core.package_identification:_identify(/home/an/an_ws/src/turtlebot3_description) by extension 'colcon_meta'
[2.776s] Level 1:colcon.colcon_core.package_identification:_identify(/home/an/an_ws/src/turtlebot3_description) by extensions ['ros']
[2.776s] Level 1:colcon.colcon_core.package_identification:_identify(/home/an/an_ws/src/turtlebot3_description) by extension 'ros'
[2.779s] DEBUG:colcon.colcon_core.package_identification:Package '/home/an/an_ws/src/turtlebot3_description' with type 'ros.ament_cmake' and name 'turtlebot3_description'
[2.779s] Level 1:colcon.colcon_core.package_discovery:discover_packages(recursive) using defaults
