[0.140s] Invoking command in '/home/an/an_ws/build/mpu6050': CMAKE_PREFIX_PATH=${CMAKE_PREFIX_PATH}:/home/an/ros2_ws/install/self_driving:/opt/ros/humble /usr/bin/cmake --build /home/an/an_ws/build/mpu6050 -- -j4 -l4
[0.571s] [  8%] [32mBuilding CXX object CMakeFiles/test_mpu6050.dir/src/mpu6050_lib.cpp.o[0m
[0.578s] [ 16%] [32mBuilding CXX object CMakeFiles/mpu6050_hardware_interface.dir/src/mpu6050_hardware_interface.cpp.o[0m
[0.603s] [ 25%] [32mBuilding CXX object CMakeFiles/mpu6050_covariances.dir/src/mpu6050_lib.cpp.o[0m
[0.609s] [ 33%] [32mBuilding CXX object CMakeFiles/mpu6050_offsets.dir/src/mpu6050_lib.cpp.o[0m
[3.959s] [ 41%] [32mBuilding CXX object CMakeFiles/test_mpu6050.dir/src/test_mpu6050.cpp.o[0m
[3.962s] [ 50%] [32mBuilding CXX object CMakeFiles/mpu6050_offsets.dir/src/mpu6050_offsets.cpp.o[0m
[4.080s] [ 58%] [32mBuilding CXX object CMakeFiles/mpu6050_covariances.dir/src/mpu6050_covariances.cpp.o[0m
[6.377s] [ 66%] [32m[1mLinking CXX executable mpu6050_offsets[0m
[6.416s] [ 75%] [32m[1mLinking CXX executable test_mpu6050[0m
[6.659s] [ 83%] [32m[1mLinking CXX executable mpu6050_covariances[0m
[6.911s] [ 83%] Built target test_mpu6050
[6.912s] [ 83%] Built target mpu6050_offsets
[6.958s] [ 91%] [32mBuilding CXX object CMakeFiles/mpu6050_hardware_interface.dir/src/mpu6050_lib.cpp.o[0m
[7.068s] [ 91%] Built target mpu6050_covariances
[17.266s] [100%] [32m[1mLinking CXX shared library libmpu6050_hardware_interface.so[0m
[18.431s] [100%] Built target mpu6050_hardware_interface
[18.472s] Invoked command in '/home/an/an_ws/build/mpu6050' returned '0': CMAKE_PREFIX_PATH=${CMAKE_PREFIX_PATH}:/home/an/ros2_ws/install/self_driving:/opt/ros/humble /usr/bin/cmake --build /home/an/an_ws/build/mpu6050 -- -j4 -l4
[18.710s] Invoking command in '/home/an/an_ws/build/mpu6050': CMAKE_PREFIX_PATH=${CMAKE_PREFIX_PATH}:/home/an/ros2_ws/install/self_driving:/opt/ros/humble /usr/bin/cmake --install /home/an/an_ws/build/mpu6050
[18.743s] -- Install configuration: ""
[18.743s] -- Up-to-date: /home/an/an_ws/install/mpu6050/share/mpu6050/mpu6050_hardware.xml
[18.744s] -- Up-to-date: /home/an/an_ws/install/mpu6050/include/mpu6050_hardware_interface
[18.744s] -- Up-to-date: /home/an/an_ws/install/mpu6050/include/mpu6050_hardware_interface/mpu6050
[18.744s] -- Installing: /home/an/an_ws/install/mpu6050/include/mpu6050_hardware_interface/mpu6050/mpu6050_lib.h
[18.745s] -- Up-to-date: /home/an/an_ws/install/mpu6050/include/mpu6050_hardware_interface/mpu6050/mpu6050_hardware_interface.hpp
[18.749s] -- Installing: /home/an/an_ws/install/mpu6050/lib/libmpu6050_hardware_interface.so
[18.758s] -- Set runtime path of "/home/an/an_ws/install/mpu6050/lib/libmpu6050_hardware_interface.so" to ""
[18.758s] -- Up-to-date: /home/an/an_ws/install/mpu6050/share/mpu6050/environment/library_path.sh
[18.759s] -- Up-to-date: /home/an/an_ws/install/mpu6050/share/mpu6050/environment/library_path.dsv
[18.760s] -- Installing: /home/an/an_ws/install/mpu6050/lib/mpu6050/mpu6050_offsets
[18.762s] -- Installing: /home/an/an_ws/install/mpu6050/lib/mpu6050/mpu6050_covariances
[18.768s] -- Installing: /home/an/an_ws/install/mpu6050/lib/mpu6050/test_mpu6050
[18.770s] -- Up-to-date: /home/an/an_ws/install/mpu6050/share/ament_index/resource_index/package_run_dependencies/mpu6050
[18.771s] -- Up-to-date: /home/an/an_ws/install/mpu6050/share/ament_index/resource_index/parent_prefix_path/mpu6050
[18.772s] -- Up-to-date: /home/an/an_ws/install/mpu6050/share/mpu6050/environment/ament_prefix_path.sh
[18.772s] -- Up-to-date: /home/an/an_ws/install/mpu6050/share/mpu6050/environment/ament_prefix_path.dsv
[18.773s] -- Up-to-date: /home/an/an_ws/install/mpu6050/share/mpu6050/environment/path.sh
[18.773s] -- Up-to-date: /home/an/an_ws/install/mpu6050/share/mpu6050/environment/path.dsv
[18.774s] -- Up-to-date: /home/an/an_ws/install/mpu6050/share/mpu6050/local_setup.bash
[18.774s] -- Up-to-date: /home/an/an_ws/install/mpu6050/share/mpu6050/local_setup.sh
[18.775s] -- Up-to-date: /home/an/an_ws/install/mpu6050/share/mpu6050/local_setup.zsh
[18.775s] -- Up-to-date: /home/an/an_ws/install/mpu6050/share/mpu6050/local_setup.dsv
[18.776s] -- Installing: /home/an/an_ws/install/mpu6050/share/mpu6050/package.dsv
[18.777s] -- Up-to-date: /home/an/an_ws/install/mpu6050/share/ament_index/resource_index/packages/mpu6050
[18.778s] -- Up-to-date: /home/an/an_ws/install/mpu6050/share/ament_index/resource_index/hardware_interface__pluginlib__plugin/mpu6050
[18.783s] -- Up-to-date: /home/an/an_ws/install/mpu6050/share/mpu6050/cmake/export_mpu6050_hardware_interfaceExport.cmake
[18.783s] -- Up-to-date: /home/an/an_ws/install/mpu6050/share/mpu6050/cmake/export_mpu6050_hardware_interfaceExport-noconfig.cmake
[18.784s] -- Up-to-date: /home/an/an_ws/install/mpu6050/share/mpu6050/cmake/ament_cmake_export_libraries-extras.cmake
[18.784s] -- Up-to-date: /home/an/an_ws/install/mpu6050/share/mpu6050/cmake/ament_cmake_export_targets-extras.cmake
[18.785s] -- Up-to-date: /home/an/an_ws/install/mpu6050/share/mpu6050/cmake/ament_cmake_export_dependencies-extras.cmake
[18.785s] -- Up-to-date: /home/an/an_ws/install/mpu6050/share/mpu6050/cmake/mpu6050Config.cmake
[18.786s] -- Up-to-date: /home/an/an_ws/install/mpu6050/share/mpu6050/cmake/mpu6050Config-version.cmake
[18.786s] -- Up-to-date: /home/an/an_ws/install/mpu6050/share/mpu6050/package.xml
[18.793s] Invoked command in '/home/an/an_ws/build/mpu6050' returned '0': CMAKE_PREFIX_PATH=${CMAKE_PREFIX_PATH}:/home/an/ros2_ws/install/self_driving:/opt/ros/humble /usr/bin/cmake --install /home/an/an_ws/build/mpu6050
