-- The C compiler identification is GNU 11.4.0
-- The CXX compiler identification is GNU 11.4.0
-- Detecting C compiler ABI info
-- Detecting C compiler ABI info - done
-- Check for working C compiler: /usr/bin/cc - skipped
-- Detecting C compile features
-- Detecting C compile features - done
-- Detecting CXX compiler ABI info
-- Detecting CXX compiler ABI info - done
-- Check for working CXX compiler: /usr/bin/c++ - skipped
-- Detecting CXX compile features
-- Detecting CXX compile features - done
-- Found ament_cmake: 1.3.8 (/opt/ros/humble/share/ament_cmake/cmake)
-- Found Python3: /usr/bin/python3 (found version "3.10.12") found components: Interpreter 
-- Found rclcpp: 16.0.8 (/opt/ros/humble/share/rclcpp/cmake)
-- Found rosidl_generator_c: 3.1.5 (/opt/ros/humble/share/rosidl_generator_c/cmake)
-- Found rosidl_adapter: 3.1.5 (/opt/ros/humble/share/rosidl_adapter/cmake)
-- Found rosidl_generator_cpp: 3.1.5 (/opt/ros/humble/share/rosidl_generator_cpp/cmake)
-- Using all available rosidl_typesupport_c: rosidl_typesupport_fastrtps_c;rosidl_typesupport_introspection_c
-- Using all available rosidl_typesupport_cpp: rosidl_typesupport_fastrtps_cpp;rosidl_typesupport_introspection_cpp
-- Found rmw_implementation_cmake: 6.1.1 (/opt/ros/humble/share/rmw_implementation_cmake/cmake)
-- Found rmw_fastrtps_cpp: 6.2.6 (/opt/ros/humble/share/rmw_fastrtps_cpp/cmake)
-- Found OpenSSL: /usr/lib/aarch64-linux-gnu/libcrypto.so (found version "3.0.2")  
-- Found FastRTPS: /opt/ros/humble/include  
-- Using RMW implementation 'rmw_fastrtps_cpp' as default
-- Looking for pthread.h
-- Looking for pthread.h - found
-- Performing Test CMAKE_HAVE_LIBC_PTHREAD
-- Performing Test CMAKE_HAVE_LIBC_PTHREAD - Success
-- Found Threads: TRUE  
-- Found geometry_msgs: 4.2.3 (/opt/ros/humble/share/geometry_msgs/cmake)
-- Found sensor_msgs: 4.2.3 (/opt/ros/humble/share/sensor_msgs/cmake)
-- Found nav_msgs: 4.2.3 (/opt/ros/humble/share/nav_msgs/cmake)
-- Found tf2_ros: 0.25.6 (/opt/ros/humble/share/tf2_ros/cmake)
-- Found ament_lint_auto: 0.12.10 (/opt/ros/humble/share/ament_lint_auto/cmake)
-- Added test 'cppcheck' to perform static code analysis on C / C++ code
-- Configured cppcheck include dirs: /home/an/an_ws/src/turtlebot3_controller/include
-- Configured cppcheck exclude dirs and/or files: 
-- Added test 'flake8' to check Python code syntax and style conventions
-- Added test 'lint_cmake' to check CMake code style
-- Added test 'pep257' to check Python code against some of the docstring style conventions in PEP 257
-- Added test 'uncrustify' to check C / C++ code style
-- Configured uncrustify additional arguments: 
-- Added test 'xmllint' to check XML markup files
-- Configuring done
-- Generating done
-- Build files have been written to: /home/an/an_ws/build/turtlebot3_controller
[ 50%] [32mBuilding CXX object CMakeFiles/odom_publisher.dir/src/odom_publisher.cpp.o[0m
[100%] [32m[1mLinking CXX executable odom_publisher[0m
[100%] Built target odom_publisher
-- Install configuration: ""
-- Installing: /home/an/an_ws/install/turtlebot3_controller/include/include
-- Installing: /home/an/an_ws/install/turtlebot3_controller/include/include/turtlebot3_controller
-- Installing: /home/an/an_ws/install/turtlebot3_controller/include/include/turtlebot3_controller/odom_publisher.hpp
-- Installing: /home/an/an_ws/install/turtlebot3_controller/lib/turtlebot3_controller/odom_publisher
-- Set runtime path of "/home/an/an_ws/install/turtlebot3_controller/lib/turtlebot3_controller/odom_publisher" to ""
-- Installing: /home/an/an_ws/install/turtlebot3_controller/share/turtlebot3_controller/config
-- Installing: /home/an/an_ws/install/turtlebot3_controller/share/turtlebot3_controller/config/gazebo_ros2_ctl_use_sim.yaml
-- Installing: /home/an/an_ws/install/turtlebot3_controller/share/turtlebot3_controller/config/ekf_old.yaml
-- Installing: /home/an/an_ws/install/turtlebot3_controller/share/turtlebot3_controller/config/controller.yaml
-- Installing: /home/an/an_ws/install/turtlebot3_controller/share/turtlebot3_controller/config/ekf.yaml
-- Installing: /home/an/an_ws/install/turtlebot3_controller/share/turtlebot3_controller/launch
-- Installing: /home/an/an_ws/install/turtlebot3_controller/share/turtlebot3_controller/launch/diff_drive_controller.launch.py
-- Installing: /home/an/an_ws/install/turtlebot3_controller/share/turtlebot3_controller/launch/launch_robot_controller.launch.py
-- Installing: /home/an/an_ws/install/turtlebot3_controller/share/turtlebot3_controller/launch/tb3_bringup.launch.py
-- Installing: /home/an/an_ws/install/turtlebot3_controller/share/turtlebot3_controller/launch/test.py
-- Installing: /home/an/an_ws/install/turtlebot3_controller/share/ament_index/resource_index/package_run_dependencies/turtlebot3_controller
-- Installing: /home/an/an_ws/install/turtlebot3_controller/share/ament_index/resource_index/parent_prefix_path/turtlebot3_controller
-- Installing: /home/an/an_ws/install/turtlebot3_controller/share/turtlebot3_controller/environment/ament_prefix_path.sh
-- Installing: /home/an/an_ws/install/turtlebot3_controller/share/turtlebot3_controller/environment/ament_prefix_path.dsv
-- Installing: /home/an/an_ws/install/turtlebot3_controller/share/turtlebot3_controller/environment/path.sh
-- Installing: /home/an/an_ws/install/turtlebot3_controller/share/turtlebot3_controller/environment/path.dsv
-- Installing: /home/an/an_ws/install/turtlebot3_controller/share/turtlebot3_controller/local_setup.bash
-- Installing: /home/an/an_ws/install/turtlebot3_controller/share/turtlebot3_controller/local_setup.sh
-- Installing: /home/an/an_ws/install/turtlebot3_controller/share/turtlebot3_controller/local_setup.zsh
-- Installing: /home/an/an_ws/install/turtlebot3_controller/share/turtlebot3_controller/local_setup.dsv
-- Installing: /home/an/an_ws/install/turtlebot3_controller/share/turtlebot3_controller/package.dsv
-- Installing: /home/an/an_ws/install/turtlebot3_controller/share/ament_index/resource_index/packages/turtlebot3_controller
-- Installing: /home/an/an_ws/install/turtlebot3_controller/share/turtlebot3_controller/cmake/turtlebot3_controllerConfig.cmake
-- Installing: /home/an/an_ws/install/turtlebot3_controller/share/turtlebot3_controller/cmake/turtlebot3_controllerConfig-version.cmake
-- Installing: /home/an/an_ws/install/turtlebot3_controller/share/turtlebot3_controller/package.xml
