[0.141s] Invoking command in '/home/an/an_ws/build/turtlebot3_controller': CMAKE_PREFIX_PATH=${CMAKE_PREFIX_PATH}:/home/an/ros2_ws/install/self_driving:/opt/ros/humble /usr/bin/cmake /home/an/an_ws/src/turtlebot3_controller -DCMAKE_INSTALL_PREFIX=/home/an/an_ws/install/turtlebot3_controller
[0.931s] -- The C compiler identification is GNU 11.4.0
[1.293s] -- The CXX compiler identification is GNU 11.4.0
[1.384s] -- Detecting C compiler ABI info
[1.880s] -- Detecting C compiler ABI info - done
[1.914s] -- Check for working C compiler: /usr/bin/cc - skipped
[1.916s] -- Detecting C compile features
[1.919s] -- Detecting C compile features - done
[1.938s] -- Detecting CXX compiler ABI info
[2.523s] -- Detecting CXX compiler ABI info - done
[2.587s] -- Check for working CXX compiler: /usr/bin/c++ - skipped
[2.588s] -- Detecting CXX compile features
[2.599s] -- Detecting CXX compile features - done
[2.641s] -- Found ament_cmake: 1.3.8 (/opt/ros/humble/share/ament_cmake/cmake)
[3.979s] -- Found Python3: /usr/bin/python3 (found version "3.10.12") found components: Interpreter 
[4.760s] -- Found rclcpp: 16.0.8 (/opt/ros/humble/share/rclcpp/cmake)
[5.230s] -- Found rosidl_generator_c: 3.1.5 (/opt/ros/humble/share/rosidl_generator_c/cmake)
[5.280s] -- Found rosidl_adapter: 3.1.5 (/opt/ros/humble/share/rosidl_adapter/cmake)
[5.345s] -- Found rosidl_generator_cpp: 3.1.5 (/opt/ros/humble/share/rosidl_generator_cpp/cmake)
[5.445s] -- Using all available rosidl_typesupport_c: rosidl_typesupport_fastrtps_c;rosidl_typesupport_introspection_c
[5.605s] -- Using all available rosidl_typesupport_cpp: rosidl_typesupport_fastrtps_cpp;rosidl_typesupport_introspection_cpp
[6.232s] -- Found rmw_implementation_cmake: 6.1.1 (/opt/ros/humble/share/rmw_implementation_cmake/cmake)
[6.273s] -- Found rmw_fastrtps_cpp: 6.2.6 (/opt/ros/humble/share/rmw_fastrtps_cpp/cmake)
[7.191s] -- Found OpenSSL: /usr/lib/aarch64-linux-gnu/libcrypto.so (found version "3.0.2")  
[7.388s] -- Found FastRTPS: /opt/ros/humble/include  
[7.819s] -- Using RMW implementation 'rmw_fastrtps_cpp' as default
[7.905s] -- Looking for pthread.h
[8.480s] -- Looking for pthread.h - found
[8.483s] -- Performing Test CMAKE_HAVE_LIBC_PTHREAD
[9.005s] -- Performing Test CMAKE_HAVE_LIBC_PTHREAD - Success
[9.009s] -- Found Threads: TRUE  
[10.030s] -- Found geometry_msgs: 4.2.3 (/opt/ros/humble/share/geometry_msgs/cmake)
[10.239s] -- Found sensor_msgs: 4.2.3 (/opt/ros/humble/share/sensor_msgs/cmake)
[10.614s] -- Found nav_msgs: 4.2.3 (/opt/ros/humble/share/nav_msgs/cmake)
[11.097s] -- Found tf2_ros: 0.25.6 (/opt/ros/humble/share/tf2_ros/cmake)
[13.574s] -- Found ament_lint_auto: 0.12.10 (/opt/ros/humble/share/ament_lint_auto/cmake)
[14.204s] -- Added test 'cppcheck' to perform static code analysis on C / C++ code
[14.206s] -- Configured cppcheck include dirs: /home/an/an_ws/src/turtlebot3_controller/include
[14.207s] -- Configured cppcheck exclude dirs and/or files: 
[14.213s] -- Added test 'flake8' to check Python code syntax and style conventions
[14.221s] -- Added test 'lint_cmake' to check CMake code style
[14.227s] -- Added test 'pep257' to check Python code against some of the docstring style conventions in PEP 257
[14.242s] -- Added test 'uncrustify' to check C / C++ code style
[14.243s] -- Configured uncrustify additional arguments: 
[14.250s] -- Added test 'xmllint' to check XML markup files
[14.263s] -- Configuring done
[14.354s] -- Generating done
[14.366s] -- Build files have been written to: /home/an/an_ws/build/turtlebot3_controller
[14.426s] Invoked command in '/home/an/an_ws/build/turtlebot3_controller' returned '0': CMAKE_PREFIX_PATH=${CMAKE_PREFIX_PATH}:/home/an/ros2_ws/install/self_driving:/opt/ros/humble /usr/bin/cmake /home/an/an_ws/src/turtlebot3_controller -DCMAKE_INSTALL_PREFIX=/home/an/an_ws/install/turtlebot3_controller
[14.428s] Invoking command in '/home/an/an_ws/build/turtlebot3_controller': CMAKE_PREFIX_PATH=${CMAKE_PREFIX_PATH}:/home/an/ros2_ws/install/self_driving:/opt/ros/humble /usr/bin/cmake --build /home/an/an_ws/build/turtlebot3_controller -- -j4 -l4
[14.764s] [ 50%] [32mBuilding CXX object CMakeFiles/odom_publisher.dir/src/odom_publisher.cpp.o[0m
[83.907s] [100%] [32m[1mLinking CXX executable odom_publisher[0m
[86.452s] [100%] Built target odom_publisher
[86.498s] Invoked command in '/home/an/an_ws/build/turtlebot3_controller' returned '0': CMAKE_PREFIX_PATH=${CMAKE_PREFIX_PATH}:/home/an/ros2_ws/install/self_driving:/opt/ros/humble /usr/bin/cmake --build /home/an/an_ws/build/turtlebot3_controller -- -j4 -l4
[86.629s] Invoking command in '/home/an/an_ws/build/turtlebot3_controller': CMAKE_PREFIX_PATH=${CMAKE_PREFIX_PATH}:/home/an/ros2_ws/install/self_driving:/opt/ros/humble /usr/bin/cmake --install /home/an/an_ws/build/turtlebot3_controller
[86.660s] -- Install configuration: ""
[86.661s] -- Installing: /home/an/an_ws/install/turtlebot3_controller/include/include
[86.661s] -- Installing: /home/an/an_ws/install/turtlebot3_controller/include/include/turtlebot3_controller
[86.662s] -- Installing: /home/an/an_ws/install/turtlebot3_controller/include/include/turtlebot3_controller/odom_publisher.hpp
[86.664s] -- Installing: /home/an/an_ws/install/turtlebot3_controller/lib/turtlebot3_controller/odom_publisher
[86.693s] -- Set runtime path of "/home/an/an_ws/install/turtlebot3_controller/lib/turtlebot3_controller/odom_publisher" to ""
[86.694s] -- Installing: /home/an/an_ws/install/turtlebot3_controller/share/turtlebot3_controller/config
[86.694s] -- Installing: /home/an/an_ws/install/turtlebot3_controller/share/turtlebot3_controller/config/gazebo_ros2_ctl_use_sim.yaml
[86.698s] -- Installing: /home/an/an_ws/install/turtlebot3_controller/share/turtlebot3_controller/config/ekf_old.yaml
[86.699s] -- Installing: /home/an/an_ws/install/turtlebot3_controller/share/turtlebot3_controller/config/controller.yaml
[86.701s] -- Installing: /home/an/an_ws/install/turtlebot3_controller/share/turtlebot3_controller/config/ekf.yaml
[86.703s] -- Installing: /home/an/an_ws/install/turtlebot3_controller/share/turtlebot3_controller/launch
[86.703s] -- Installing: /home/an/an_ws/install/turtlebot3_controller/share/turtlebot3_controller/launch/diff_drive_controller.launch.py
[86.705s] -- Installing: /home/an/an_ws/install/turtlebot3_controller/share/turtlebot3_controller/launch/launch_robot_controller.launch.py
[86.707s] -- Installing: /home/an/an_ws/install/turtlebot3_controller/share/turtlebot3_controller/launch/tb3_bringup.launch.py
[86.709s] -- Installing: /home/an/an_ws/install/turtlebot3_controller/share/turtlebot3_controller/launch/test.py
[86.711s] -- Installing: /home/an/an_ws/install/turtlebot3_controller/share/ament_index/resource_index/package_run_dependencies/turtlebot3_controller
[86.714s] -- Installing: /home/an/an_ws/install/turtlebot3_controller/share/ament_index/resource_index/parent_prefix_path/turtlebot3_controller
[86.716s] -- Installing: /home/an/an_ws/install/turtlebot3_controller/share/turtlebot3_controller/environment/ament_prefix_path.sh
[86.717s] -- Installing: /home/an/an_ws/install/turtlebot3_controller/share/turtlebot3_controller/environment/ament_prefix_path.dsv
[86.719s] -- Installing: /home/an/an_ws/install/turtlebot3_controller/share/turtlebot3_controller/environment/path.sh
[86.720s] -- Installing: /home/an/an_ws/install/turtlebot3_controller/share/turtlebot3_controller/environment/path.dsv
[86.722s] -- Installing: /home/an/an_ws/install/turtlebot3_controller/share/turtlebot3_controller/local_setup.bash
[86.725s] -- Installing: /home/an/an_ws/install/turtlebot3_controller/share/turtlebot3_controller/local_setup.sh
[86.726s] -- Installing: /home/an/an_ws/install/turtlebot3_controller/share/turtlebot3_controller/local_setup.zsh
[86.728s] -- Installing: /home/an/an_ws/install/turtlebot3_controller/share/turtlebot3_controller/local_setup.dsv
[86.730s] -- Installing: /home/an/an_ws/install/turtlebot3_controller/share/turtlebot3_controller/package.dsv
[86.733s] -- Installing: /home/an/an_ws/install/turtlebot3_controller/share/ament_index/resource_index/packages/turtlebot3_controller
[86.734s] -- Installing: /home/an/an_ws/install/turtlebot3_controller/share/turtlebot3_controller/cmake/turtlebot3_controllerConfig.cmake
[86.736s] -- Installing: /home/an/an_ws/install/turtlebot3_controller/share/turtlebot3_controller/cmake/turtlebot3_controllerConfig-version.cmake
[86.738s] -- Installing: /home/an/an_ws/install/turtlebot3_controller/share/turtlebot3_controller/package.xml
[86.747s] Invoked command in '/home/an/an_ws/build/turtlebot3_controller' returned '0': CMAKE_PREFIX_PATH=${CMAKE_PREFIX_PATH}:/home/an/ros2_ws/install/self_driving:/opt/ros/humble /usr/bin/cmake --install /home/an/an_ws/build/turtlebot3_controller
